2024-01-18 11:05:54.357 INFO  [main][org.springframework.boot.StartupInfoLogger:55] - Starting BscRobotAppication using Java 1.8.0_201 on PC-20190222MJLK with PID 18020 (D:\Project\TelegramRobot\BscRobot\target\classes started by Administrator in D:\Project\TelegramRobot)
2024-01-18 11:05:54.396 INFO  [main][org.springframework.boot.SpringApplication:646] - The following 1 profile is active: "default"
2024-01-18 11:05:55.694 INFO  [main][org.springframework.boot.web.embedded.tomcat.TomcatWebServer:108] - Tomcat initialized with port(s): 80 (http)
2024-01-18 11:05:55.712 INFO  [main][org.apache.juli.logging.DirectJDKLog:173] - Initializing ProtocolHandler ["http-nio-80"]
2024-01-18 11:05:55.714 INFO  [main][org.apache.juli.logging.DirectJDKLog:173] - Starting service [Tomcat]
2024-01-18 11:05:55.715 INFO  [main][org.apache.juli.logging.DirectJDKLog:173] - Starting Servlet engine: [Apache Tomcat/9.0.60]
2024-01-18 11:05:55.880 INFO  [main][org.apache.juli.logging.DirectJDKLog:173] - Initializing Spring embedded WebApplicationContext
2024-01-18 11:05:55.880 INFO  [main][org.springframework.boot.web.servlet.context.ServletWebServerApplicationContext:290] - Root WebApplicationContext: initialization completed in 1421 ms
2024-01-18 11:05:56.037 INFO  [main][com.alibaba.druid.spring.boot.autoconfigure.DruidDataSourceAutoConfigure:56] - Init DruidDataSource
2024-01-18 11:05:56.156 INFO  [main][com.alibaba.druid.pool.DruidDataSource:1003] - {dataSource-1} inited
2024-01-18 11:05:57.163 INFO  [main][org.apache.juli.logging.DirectJDKLog:173] - Starting ProtocolHandler ["http-nio-80"]
2024-01-18 11:05:57.181 INFO  [main][org.springframework.boot.web.embedded.tomcat.TomcatWebServer:220] - Tomcat started on port(s): 80 (http) with context path ''
2024-01-18 11:05:57.194 INFO  [main][org.springframework.boot.StartupInfoLogger:61] - Started BscRobotAppication in 3.352 seconds (JVM running for 13.396)
2024-01-18 11:07:36.246 INFO  [SpringApplicationShutdownHook][com.alibaba.druid.pool.DruidDataSource:1965] - {dataSource-1} closing ...
2024-01-18 11:07:36.247 INFO  [SpringApplicationShutdownHook][com.alibaba.druid.pool.DruidDataSource:2037] - {dataSource-1} closed
2024-01-18 11:29:27.117 INFO  [main][org.springframework.boot.StartupInfoLogger:55] - Starting BscRobotAppication using Java 1.8.0_201 on PC-20190222MJLK with PID 8424 (D:\Project\TelegramRobot\BscRobot\target\classes started by Administrator in D:\Project\TelegramRobot)
2024-01-18 11:29:27.130 INFO  [main][org.springframework.boot.SpringApplication:646] - The following 1 profile is active: "default"
2024-01-18 11:29:28.418 INFO  [main][org.springframework.boot.web.embedded.tomcat.TomcatWebServer:108] - Tomcat initialized with port(s): 80 (http)
2024-01-18 11:29:28.427 INFO  [main][org.apache.juli.logging.DirectJDKLog:173] - Initializing ProtocolHandler ["http-nio-80"]
2024-01-18 11:29:28.427 INFO  [main][org.apache.juli.logging.DirectJDKLog:173] - Starting service [Tomcat]
2024-01-18 11:29:28.427 INFO  [main][org.apache.juli.logging.DirectJDKLog:173] - Starting Servlet engine: [Apache Tomcat/9.0.60]
2024-01-18 11:29:28.576 INFO  [main][org.apache.juli.logging.DirectJDKLog:173] - Initializing Spring embedded WebApplicationContext
2024-01-18 11:29:28.576 INFO  [main][org.springframework.boot.web.servlet.context.ServletWebServerApplicationContext:290] - Root WebApplicationContext: initialization completed in 1375 ms
2024-01-18 11:29:28.647 INFO  [main][com.alibaba.druid.spring.boot.autoconfigure.DruidDataSourceAutoConfigure:56] - Init DruidDataSource
2024-01-18 11:29:28.741 INFO  [main][com.alibaba.druid.pool.DruidDataSource:1003] - {dataSource-1} inited
2024-01-18 11:29:29.238 INFO  [main][org.apache.juli.logging.DirectJDKLog:173] - Starting ProtocolHandler ["http-nio-80"]
2024-01-18 11:29:29.256 INFO  [main][org.springframework.boot.web.embedded.tomcat.TomcatWebServer:220] - Tomcat started on port(s): 80 (http) with context path ''
2024-01-18 11:29:29.267 INFO  [main][org.springframework.boot.StartupInfoLogger:61] - Started BscRobotAppication in 2.71 seconds (JVM running for 7.472)
2024-01-18 11:30:16.459 INFO  [SpringApplicationShutdownHook][com.alibaba.druid.pool.DruidDataSource:1965] - {dataSource-1} closing ...
2024-01-18 11:30:16.461 INFO  [SpringApplicationShutdownHook][com.alibaba.druid.pool.DruidDataSource:2037] - {dataSource-1} closed
2024-01-18 11:30:26.142 INFO  [main][org.springframework.boot.StartupInfoLogger:55] - Starting BscRobotAppication using Java 1.8.0_201 on PC-20190222MJLK with PID 16124 (D:\Project\TelegramRobot\BscRobot\target\classes started by Administrator in D:\Project\TelegramRobot)
2024-01-18 11:30:26.152 INFO  [main][org.springframework.boot.SpringApplication:646] - The following 1 profile is active: "default"
2024-01-18 11:30:27.180 INFO  [main][org.springframework.boot.web.embedded.tomcat.TomcatWebServer:108] - Tomcat initialized with port(s): 80 (http)
2024-01-18 11:30:27.188 INFO  [main][org.apache.juli.logging.DirectJDKLog:173] - Initializing ProtocolHandler ["http-nio-80"]
2024-01-18 11:30:27.189 INFO  [main][org.apache.juli.logging.DirectJDKLog:173] - Starting service [Tomcat]
2024-01-18 11:30:27.189 INFO  [main][org.apache.juli.logging.DirectJDKLog:173] - Starting Servlet engine: [Apache Tomcat/9.0.60]
2024-01-18 11:30:27.344 INFO  [main][org.apache.juli.logging.DirectJDKLog:173] - Initializing Spring embedded WebApplicationContext
2024-01-18 11:30:27.344 INFO  [main][org.springframework.boot.web.servlet.context.ServletWebServerApplicationContext:290] - Root WebApplicationContext: initialization completed in 1155 ms
2024-01-18 11:30:27.417 INFO  [main][com.alibaba.druid.spring.boot.autoconfigure.DruidDataSourceAutoConfigure:56] - Init DruidDataSource
2024-01-18 11:30:27.515 INFO  [main][com.alibaba.druid.pool.DruidDataSource:1003] - {dataSource-1} inited
2024-01-18 11:30:28.007 INFO  [main][org.apache.juli.logging.DirectJDKLog:173] - Starting ProtocolHandler ["http-nio-80"]
2024-01-18 11:30:28.025 INFO  [main][org.springframework.boot.web.embedded.tomcat.TomcatWebServer:220] - Tomcat started on port(s): 80 (http) with context path ''
2024-01-18 11:30:28.035 INFO  [main][org.springframework.boot.StartupInfoLogger:61] - Started BscRobotAppication in 2.195 seconds (JVM running for 6.554)
2024-01-18 11:33:32.515 INFO  [SpringApplicationShutdownHook][com.alibaba.druid.pool.DruidDataSource:1965] - {dataSource-1} closing ...
2024-01-18 11:33:32.517 INFO  [SpringApplicationShutdownHook][com.alibaba.druid.pool.DruidDataSource:2037] - {dataSource-1} closed
2024-01-18 11:33:42.466 INFO  [main][org.springframework.boot.StartupInfoLogger:55] - Starting BscRobotAppication using Java 1.8.0_201 on PC-20190222MJLK with PID 9344 (D:\Project\TelegramRobot\BscRobot\target\classes started by Administrator in D:\Project\TelegramRobot)
2024-01-18 11:33:42.475 INFO  [main][org.springframework.boot.SpringApplication:646] - The following 1 profile is active: "default"
2024-01-18 11:33:43.460 INFO  [main][org.springframework.boot.web.embedded.tomcat.TomcatWebServer:108] - Tomcat initialized with port(s): 80 (http)
2024-01-18 11:33:43.468 INFO  [main][org.apache.juli.logging.DirectJDKLog:173] - Initializing ProtocolHandler ["http-nio-80"]
2024-01-18 11:33:43.468 INFO  [main][org.apache.juli.logging.DirectJDKLog:173] - Starting service [Tomcat]
2024-01-18 11:33:43.469 INFO  [main][org.apache.juli.logging.DirectJDKLog:173] - Starting Servlet engine: [Apache Tomcat/9.0.60]
2024-01-18 11:33:43.614 INFO  [main][org.apache.juli.logging.DirectJDKLog:173] - Initializing Spring embedded WebApplicationContext
2024-01-18 11:33:43.615 INFO  [main][org.springframework.boot.web.servlet.context.ServletWebServerApplicationContext:290] - Root WebApplicationContext: initialization completed in 1102 ms
2024-01-18 11:33:43.686 INFO  [main][com.alibaba.druid.spring.boot.autoconfigure.DruidDataSourceAutoConfigure:56] - Init DruidDataSource
2024-01-18 11:33:43.783 INFO  [main][com.alibaba.druid.pool.DruidDataSource:1003] - {dataSource-1} inited
2024-01-18 11:33:44.272 INFO  [main][org.apache.juli.logging.DirectJDKLog:173] - Starting ProtocolHandler ["http-nio-80"]
2024-01-18 11:33:44.289 INFO  [main][org.springframework.boot.web.embedded.tomcat.TomcatWebServer:220] - Tomcat started on port(s): 80 (http) with context path ''
2024-01-18 11:33:44.300 INFO  [main][org.springframework.boot.StartupInfoLogger:61] - Started BscRobotAppication in 2.136 seconds (JVM running for 6.995)
2024-01-18 11:39:34.351 INFO  [SpringApplicationShutdownHook][com.alibaba.druid.pool.DruidDataSource:1965] - {dataSource-1} closing ...
2024-01-18 11:39:34.361 INFO  [SpringApplicationShutdownHook][com.alibaba.druid.pool.DruidDataSource:2037] - {dataSource-1} closed
2024-01-18 11:49:02.310 INFO  [main][org.springframework.boot.StartupInfoLogger:55] - Starting BscRobotAppication using Java 1.8.0_201 on PC-20190222MJLK with PID 13932 (D:\Project\TelegramRobot\BscRobot\target\classes started by Administrator in D:\Project\TelegramRobot)
2024-01-18 11:49:02.319 INFO  [main][org.springframework.boot.SpringApplication:646] - The following 1 profile is active: "default"
2024-01-18 11:49:03.349 INFO  [main][org.springframework.boot.web.embedded.tomcat.TomcatWebServer:108] - Tomcat initialized with port(s): 80 (http)
2024-01-18 11:49:03.357 INFO  [main][org.apache.juli.logging.DirectJDKLog:173] - Initializing ProtocolHandler ["http-nio-80"]
2024-01-18 11:49:03.358 INFO  [main][org.apache.juli.logging.DirectJDKLog:173] - Starting service [Tomcat]
2024-01-18 11:49:03.358 INFO  [main][org.apache.juli.logging.DirectJDKLog:173] - Starting Servlet engine: [Apache Tomcat/9.0.60]
2024-01-18 11:49:03.519 INFO  [main][org.apache.juli.logging.DirectJDKLog:173] - Initializing Spring embedded WebApplicationContext
2024-01-18 11:49:03.519 INFO  [main][org.springframework.boot.web.servlet.context.ServletWebServerApplicationContext:290] - Root WebApplicationContext: initialization completed in 1161 ms
2024-01-18 11:49:03.592 INFO  [main][com.alibaba.druid.spring.boot.autoconfigure.DruidDataSourceAutoConfigure:56] - Init DruidDataSource
2024-01-18 11:49:03.701 INFO  [main][com.alibaba.druid.pool.DruidDataSource:1003] - {dataSource-1} inited
2024-01-18 11:49:04.258 INFO  [main][org.apache.juli.logging.DirectJDKLog:173] - Starting ProtocolHandler ["http-nio-80"]
2024-01-18 11:49:04.276 INFO  [main][org.springframework.boot.web.embedded.tomcat.TomcatWebServer:220] - Tomcat started on port(s): 80 (http) with context path ''
2024-01-18 11:49:04.287 INFO  [main][org.springframework.boot.StartupInfoLogger:61] - Started BscRobotAppication in 2.283 seconds (JVM running for 7.878)
2024-01-18 11:49:46.163 ERROR [jason665522_bot Telegram Executor][org.telegram.telegrambots.updatesreceivers.DefaultBotSession$HandlerThread:322] - null
java.lang.NullPointerException: null
	at com.yy.bscRobot.robot.MyBot.onUpdateReceived(MyBot.java:31) ~[classes/:?]
	at java.util.ArrayList.forEach(ArrayList.java:1257) ~[?:1.8.0_201]
	at org.telegram.telegrambots.meta.generics.LongPollingBot.onUpdatesReceived(LongPollingBot.java:27) ~[telegrambots-meta-6.0.1.jar:?]
	at org.telegram.telegrambots.updatesreceivers.DefaultBotSession$HandlerThread.run(DefaultBotSession.java:317) ~[telegrambots-6.0.1.jar:?]
2024-01-18 11:51:04.446 INFO  [SpringApplicationShutdownHook][com.alibaba.druid.pool.DruidDataSource:1965] - {dataSource-1} closing ...
2024-01-18 11:51:04.448 INFO  [SpringApplicationShutdownHook][com.alibaba.druid.pool.DruidDataSource:2037] - {dataSource-1} closed
2024-01-18 11:54:35.632 INFO  [main][org.springframework.boot.StartupInfoLogger:55] - Starting BscRobotAppication using Java 1.8.0_201 on PC-20190222MJLK with PID 18192 (D:\Project\TelegramRobot\BscRobot\target\classes started by Administrator in D:\Project\TelegramRobot)
2024-01-18 11:54:35.641 INFO  [main][org.springframework.boot.SpringApplication:646] - The following 1 profile is active: "default"
2024-01-18 11:54:36.672 INFO  [main][org.springframework.boot.web.embedded.tomcat.TomcatWebServer:108] - Tomcat initialized with port(s): 80 (http)
2024-01-18 11:54:36.681 INFO  [main][org.apache.juli.logging.DirectJDKLog:173] - Initializing ProtocolHandler ["http-nio-80"]
2024-01-18 11:54:36.682 INFO  [main][org.apache.juli.logging.DirectJDKLog:173] - Starting service [Tomcat]
2024-01-18 11:54:36.682 INFO  [main][org.apache.juli.logging.DirectJDKLog:173] - Starting Servlet engine: [Apache Tomcat/9.0.60]
2024-01-18 11:54:36.828 INFO  [main][org.apache.juli.logging.DirectJDKLog:173] - Initializing Spring embedded WebApplicationContext
2024-01-18 11:54:36.829 INFO  [main][org.springframework.boot.web.servlet.context.ServletWebServerApplicationContext:290] - Root WebApplicationContext: initialization completed in 1150 ms
2024-01-18 11:54:36.901 INFO  [main][com.alibaba.druid.spring.boot.autoconfigure.DruidDataSourceAutoConfigure:56] - Init DruidDataSource
2024-01-18 11:54:37.009 INFO  [main][com.alibaba.druid.pool.DruidDataSource:1003] - {dataSource-1} inited
2024-01-18 11:54:37.592 INFO  [main][org.apache.juli.logging.DirectJDKLog:173] - Starting ProtocolHandler ["http-nio-80"]
2024-01-18 11:54:37.614 INFO  [main][org.springframework.boot.web.embedded.tomcat.TomcatWebServer:220] - Tomcat started on port(s): 80 (http) with context path ''
2024-01-18 11:54:37.626 INFO  [main][org.springframework.boot.StartupInfoLogger:61] - Started BscRobotAppication in 2.299 seconds (JVM running for 6.964)
2024-01-18 11:54:53.243 ERROR [jason665522_bot Telegram Executor][org.telegram.telegrambots.updatesreceivers.DefaultBotSession$HandlerThread:322] - null
java.lang.NullPointerException: null
	at com.yy.bscRobot.robot.MyBot.onUpdateReceived(MyBot.java:31) ~[classes/:?]
	at java.util.ArrayList.forEach(ArrayList.java:1257) ~[?:1.8.0_201]
	at org.telegram.telegrambots.meta.generics.LongPollingBot.onUpdatesReceived(LongPollingBot.java:27) ~[telegrambots-meta-6.0.1.jar:?]
	at org.telegram.telegrambots.updatesreceivers.DefaultBotSession$HandlerThread.run(DefaultBotSession.java:317) ~[telegrambots-6.0.1.jar:?]
2024-01-18 11:54:57.614 ERROR [jason665522_bot Telegram Executor][org.telegram.telegrambots.updatesreceivers.DefaultBotSession$HandlerThread:322] - null
java.lang.NullPointerException: null
	at com.yy.bscRobot.robot.MyBot.onUpdateReceived(MyBot.java:37) ~[classes/:?]
	at java.util.ArrayList.forEach(ArrayList.java:1257) ~[?:1.8.0_201]
	at org.telegram.telegrambots.meta.generics.LongPollingBot.onUpdatesReceived(LongPollingBot.java:27) ~[telegrambots-meta-6.0.1.jar:?]
	at org.telegram.telegrambots.updatesreceivers.DefaultBotSession$HandlerThread.run(DefaultBotSession.java:317) ~[telegrambots-6.0.1.jar:?]
2024-01-18 11:55:26.119 INFO  [SpringApplicationShutdownHook][com.alibaba.druid.pool.DruidDataSource:1965] - {dataSource-1} closing ...
2024-01-18 11:55:26.120 INFO  [SpringApplicationShutdownHook][com.alibaba.druid.pool.DruidDataSource:2037] - {dataSource-1} closed
2024-01-18 11:55:36.704 INFO  [main][org.springframework.boot.StartupInfoLogger:55] - Starting BscRobotAppication using Java 1.8.0_201 on PC-20190222MJLK with PID 12152 (D:\Project\TelegramRobot\BscRobot\target\classes started by Administrator in D:\Project\TelegramRobot)
2024-01-18 11:55:36.713 INFO  [main][org.springframework.boot.SpringApplication:646] - The following 1 profile is active: "default"
2024-01-18 11:55:38.040 INFO  [main][org.springframework.boot.web.embedded.tomcat.TomcatWebServer:108] - Tomcat initialized with port(s): 80 (http)
2024-01-18 11:55:38.051 INFO  [main][org.apache.juli.logging.DirectJDKLog:173] - Initializing ProtocolHandler ["http-nio-80"]
2024-01-18 11:55:38.052 INFO  [main][org.apache.juli.logging.DirectJDKLog:173] - Starting service [Tomcat]
2024-01-18 11:55:38.052 INFO  [main][org.apache.juli.logging.DirectJDKLog:173] - Starting Servlet engine: [Apache Tomcat/9.0.60]
2024-01-18 11:55:38.272 INFO  [main][org.apache.juli.logging.DirectJDKLog:173] - Initializing Spring embedded WebApplicationContext
2024-01-18 11:55:38.272 INFO  [main][org.springframework.boot.web.servlet.context.ServletWebServerApplicationContext:290] - Root WebApplicationContext: initialization completed in 1515 ms
2024-01-18 11:55:38.366 INFO  [main][com.alibaba.druid.spring.boot.autoconfigure.DruidDataSourceAutoConfigure:56] - Init DruidDataSource
2024-01-18 11:55:38.525 INFO  [main][com.alibaba.druid.pool.DruidDataSource:1003] - {dataSource-1} inited
2024-01-18 11:55:39.371 INFO  [main][org.apache.juli.logging.DirectJDKLog:173] - Starting ProtocolHandler ["http-nio-80"]
2024-01-18 11:55:39.401 INFO  [main][org.springframework.boot.web.embedded.tomcat.TomcatWebServer:220] - Tomcat started on port(s): 80 (http) with context path ''
2024-01-18 11:55:39.418 INFO  [main][org.springframework.boot.StartupInfoLogger:61] - Started BscRobotAppication in 3.054 seconds (JVM running for 8.57)
2024-01-18 11:56:10.723 ERROR [jason665522_bot Telegram Executor][org.telegram.telegrambots.updatesreceivers.DefaultBotSession$HandlerThread:322] - null
java.lang.NullPointerException: null
	at com.yy.bscRobot.robot.MyBot.onUpdateReceived(MyBot.java:31) ~[classes/:?]
	at java.util.ArrayList.forEach(ArrayList.java:1257) ~[?:1.8.0_201]
	at org.telegram.telegrambots.meta.generics.LongPollingBot.onUpdatesReceived(LongPollingBot.java:27) ~[telegrambots-meta-6.0.1.jar:?]
	at org.telegram.telegrambots.updatesreceivers.DefaultBotSession$HandlerThread.run(DefaultBotSession.java:317) ~[telegrambots-6.0.1.jar:?]
2024-01-18 11:56:43.055 INFO  [SpringApplicationShutdownHook][com.alibaba.druid.pool.DruidDataSource:1965] - {dataSource-1} closing ...
2024-01-18 11:56:43.058 INFO  [SpringApplicationShutdownHook][com.alibaba.druid.pool.DruidDataSource:2037] - {dataSource-1} closed
2024-01-18 11:57:23.747 INFO  [main][org.springframework.boot.StartupInfoLogger:55] - Starting BscRobotAppication using Java 1.8.0_201 on PC-20190222MJLK with PID 16956 (D:\Project\TelegramRobot\BscRobot\target\classes started by Administrator in D:\Project\TelegramRobot)
2024-01-18 11:57:23.762 INFO  [main][org.springframework.boot.SpringApplication:646] - The following 1 profile is active: "default"
2024-01-18 11:57:25.506 INFO  [main][org.springframework.boot.web.embedded.tomcat.TomcatWebServer:108] - Tomcat initialized with port(s): 80 (http)
2024-01-18 11:57:25.524 INFO  [main][org.apache.juli.logging.DirectJDKLog:173] - Initializing ProtocolHandler ["http-nio-80"]
2024-01-18 11:57:25.526 INFO  [main][org.apache.juli.logging.DirectJDKLog:173] - Starting service [Tomcat]
2024-01-18 11:57:25.527 INFO  [main][org.apache.juli.logging.DirectJDKLog:173] - Starting Servlet engine: [Apache Tomcat/9.0.60]
2024-01-18 11:57:26.128 INFO  [main][org.apache.juli.logging.DirectJDKLog:173] - Initializing Spring embedded WebApplicationContext
2024-01-18 11:57:26.129 INFO  [main][org.springframework.boot.web.servlet.context.ServletWebServerApplicationContext:290] - Root WebApplicationContext: initialization completed in 2310 ms
2024-01-18 11:57:26.318 INFO  [main][com.alibaba.druid.spring.boot.autoconfigure.DruidDataSourceAutoConfigure:56] - Init DruidDataSource
2024-01-18 11:57:26.641 INFO  [main][com.alibaba.druid.pool.DruidDataSource:1003] - {dataSource-1} inited
2024-01-18 11:57:27.588 INFO  [main][org.apache.juli.logging.DirectJDKLog:173] - Starting ProtocolHandler ["http-nio-80"]
2024-01-18 11:57:27.616 INFO  [main][org.springframework.boot.web.embedded.tomcat.TomcatWebServer:220] - Tomcat started on port(s): 80 (http) with context path ''
2024-01-18 11:57:27.634 INFO  [main][org.springframework.boot.StartupInfoLogger:61] - Started BscRobotAppication in 4.314 seconds (JVM running for 11.432)
2024-01-18 11:58:10.972 ERROR [jason665522_bot Telegram Executor][org.telegram.telegrambots.updatesreceivers.DefaultBotSession$HandlerThread:322] - null
java.lang.NullPointerException: null
	at com.yy.bscRobot.robot.MyBot.onUpdateReceived(MyBot.java:59) ~[classes/:?]
	at java.util.ArrayList.forEach(ArrayList.java:1257) ~[?:1.8.0_201]
	at org.telegram.telegrambots.meta.generics.LongPollingBot.onUpdatesReceived(LongPollingBot.java:27) ~[telegrambots-meta-6.0.1.jar:?]
	at org.telegram.telegrambots.updatesreceivers.DefaultBotSession$HandlerThread.run(DefaultBotSession.java:317) ~[telegrambots-6.0.1.jar:?]
2024-01-18 11:58:26.867 INFO  [SpringApplicationShutdownHook][com.alibaba.druid.pool.DruidDataSource:1965] - {dataSource-1} closing ...
2024-01-18 11:58:26.870 INFO  [SpringApplicationShutdownHook][com.alibaba.druid.pool.DruidDataSource:2037] - {dataSource-1} closed
2024-01-18 11:58:44.450 INFO  [main][org.springframework.boot.StartupInfoLogger:55] - Starting BscRobotAppication using Java 1.8.0_201 on PC-20190222MJLK with PID 18212 (D:\Project\TelegramRobot\BscRobot\target\classes started by Administrator in D:\Project\TelegramRobot)
2024-01-18 11:58:44.463 INFO  [main][org.springframework.boot.SpringApplication:646] - The following 1 profile is active: "default"
2024-01-18 11:58:45.872 INFO  [main][org.springframework.boot.web.embedded.tomcat.TomcatWebServer:108] - Tomcat initialized with port(s): 80 (http)
2024-01-18 11:58:45.885 INFO  [main][org.apache.juli.logging.DirectJDKLog:173] - Initializing ProtocolHandler ["http-nio-80"]
2024-01-18 11:58:45.885 INFO  [main][org.apache.juli.logging.DirectJDKLog:173] - Starting service [Tomcat]
2024-01-18 11:58:45.886 INFO  [main][org.apache.juli.logging.DirectJDKLog:173] - Starting Servlet engine: [Apache Tomcat/9.0.60]
2024-01-18 11:58:46.093 INFO  [main][org.apache.juli.logging.DirectJDKLog:173] - Initializing Spring embedded WebApplicationContext
2024-01-18 11:58:46.094 INFO  [main][org.springframework.boot.web.servlet.context.ServletWebServerApplicationContext:290] - Root WebApplicationContext: initialization completed in 1569 ms
2024-01-18 11:58:46.187 INFO  [main][com.alibaba.druid.spring.boot.autoconfigure.DruidDataSourceAutoConfigure:56] - Init DruidDataSource
2024-01-18 11:58:46.316 INFO  [main][com.alibaba.druid.pool.DruidDataSource:1003] - {dataSource-1} inited
2024-01-18 11:58:47.132 INFO  [main][org.apache.juli.logging.DirectJDKLog:173] - Starting ProtocolHandler ["http-nio-80"]
2024-01-18 11:58:47.165 INFO  [main][org.springframework.boot.web.embedded.tomcat.TomcatWebServer:220] - Tomcat started on port(s): 80 (http) with context path ''
2024-01-18 11:58:47.183 INFO  [main][org.springframework.boot.StartupInfoLogger:61] - Started BscRobotAppication in 3.122 seconds (JVM running for 10.358)
2024-01-18 12:03:26.557 ERROR [jason665522_bot Telegram Executor][org.telegram.telegrambots.updatesreceivers.DefaultBotSession$HandlerThread:322] - null
java.lang.NullPointerException: null
	at com.yy.bscRobot.robot.MyBot.onUpdateReceived(MyBot.java:59) ~[classes/:?]
	at java.util.ArrayList.forEach(ArrayList.java:1257) ~[?:1.8.0_201]
	at org.telegram.telegrambots.meta.generics.LongPollingBot.onUpdatesReceived(LongPollingBot.java:27) ~[telegrambots-meta-6.0.1.jar:?]
	at org.telegram.telegrambots.updatesreceivers.DefaultBotSession$HandlerThread.run(DefaultBotSession.java:317) ~[telegrambots-6.0.1.jar:?]
2024-01-18 16:15:36.939 INFO  [main][org.springframework.boot.StartupInfoLogger:55] - Starting BscRobotAppication using Java 1.8.0_201 on PC-20190222MJLK with PID 15008 (D:\Project\TelegramRobot\BscRobot\target\classes started by Administrator in D:\Project\TelegramRobot)
2024-01-18 16:15:36.958 INFO  [main][org.springframework.boot.SpringApplication:646] - The following 1 profile is active: "default"
2024-01-18 16:15:38.476 INFO  [main][org.springframework.boot.web.embedded.tomcat.TomcatWebServer:108] - Tomcat initialized with port(s): 80 (http)
2024-01-18 16:15:38.493 INFO  [main][org.apache.juli.logging.DirectJDKLog:173] - Initializing ProtocolHandler ["http-nio-80"]
2024-01-18 16:15:38.495 INFO  [main][org.apache.juli.logging.DirectJDKLog:173] - Starting service [Tomcat]
2024-01-18 16:15:38.495 INFO  [main][org.apache.juli.logging.DirectJDKLog:173] - Starting Servlet engine: [Apache Tomcat/9.0.60]
2024-01-18 16:15:38.656 INFO  [main][org.apache.juli.logging.DirectJDKLog:173] - Initializing Spring embedded WebApplicationContext
2024-01-18 16:15:38.657 INFO  [main][org.springframework.boot.web.servlet.context.ServletWebServerApplicationContext:290] - Root WebApplicationContext: initialization completed in 1640 ms
2024-01-18 16:15:38.779 INFO  [main][com.alibaba.druid.spring.boot.autoconfigure.DruidDataSourceAutoConfigure:56] - Init DruidDataSource
2024-01-18 16:15:38.944 INFO  [main][com.alibaba.druid.pool.DruidDataSource:1003] - {dataSource-1} inited
2024-01-18 16:15:39.860 INFO  [main][org.apache.juli.logging.DirectJDKLog:173] - Starting ProtocolHandler ["http-nio-80"]
2024-01-18 16:15:39.881 INFO  [main][org.springframework.boot.web.embedded.tomcat.TomcatWebServer:220] - Tomcat started on port(s): 80 (http) with context path ''
2024-01-18 16:15:39.893 INFO  [main][org.springframework.boot.StartupInfoLogger:61] - Started BscRobotAppication in 3.379 seconds (JVM running for 12.258)
2024-01-18 18:45:19.759 ERROR [jason665522_bot Telegram Executor][org.telegram.telegrambots.updatesreceivers.DefaultBotSession$HandlerThread:322] - null
java.lang.NullPointerException: null
	at com.yy.bscRobot.robot.MyBot.onUpdateReceived(MyBot.java:59) ~[classes/:?]
	at java.util.ArrayList.forEach(ArrayList.java:1257) ~[?:1.8.0_201]
	at org.telegram.telegrambots.meta.generics.LongPollingBot.onUpdatesReceived(LongPollingBot.java:27) ~[telegrambots-meta-6.0.1.jar:?]
	at org.telegram.telegrambots.updatesreceivers.DefaultBotSession$HandlerThread.run(DefaultBotSession.java:317) ~[telegrambots-6.0.1.jar:?]
2024-01-18 18:53:13.502 ERROR [jason665522_bot Telegram Connection][org.telegram.telegrambots.updatesreceivers.DefaultBotSession$ReaderThread:268] - Software caused connection abort: recv failed
java.net.SocketException: Software caused connection abort: recv failed
	at java.net.SocketInputStream.socketRead0(Native Method) ~[?:1.8.0_201]
	at java.net.SocketInputStream.socketRead(SocketInputStream.java:116) ~[?:1.8.0_201]
	at java.net.SocketInputStream.read(SocketInputStream.java:171) ~[?:1.8.0_201]
	at java.net.SocketInputStream.read(SocketInputStream.java:141) ~[?:1.8.0_201]
	at sun.security.ssl.InputRecord.readFully(InputRecord.java:465) ~[?:1.8.0_201]
	at sun.security.ssl.InputRecord.read(InputRecord.java:503) ~[?:1.8.0_201]
	at sun.security.ssl.SSLSocketImpl.readRecord(SSLSocketImpl.java:975) ~[?:1.8.0_201]
	at sun.security.ssl.SSLSocketImpl.readDataRecord(SSLSocketImpl.java:933) ~[?:1.8.0_201]
	at sun.security.ssl.AppInputStream.read(AppInputStream.java:105) ~[?:1.8.0_201]
	at org.apache.http.impl.io.SessionInputBufferImpl.streamRead(SessionInputBufferImpl.java:137) ~[httpcore-4.4.15.jar:4.4.15]
	at org.apache.http.impl.io.SessionInputBufferImpl.fillBuffer(SessionInputBufferImpl.java:153) ~[httpcore-4.4.15.jar:4.4.15]
	at org.apache.http.impl.io.SessionInputBufferImpl.readLine(SessionInputBufferImpl.java:280) ~[httpcore-4.4.15.jar:4.4.15]
	at org.apache.http.impl.conn.DefaultHttpResponseParser.parseHead(DefaultHttpResponseParser.java:140) ~[httpclient-4.4.jar:4.4]
	at org.apache.http.impl.conn.DefaultHttpResponseParser.parseHead(DefaultHttpResponseParser.java:57) ~[httpclient-4.4.jar:4.4]
	at org.apache.http.impl.io.AbstractMessageParser.parse(AbstractMessageParser.java:259) ~[httpcore-4.4.15.jar:4.4.15]
	at org.apache.http.impl.DefaultBHttpClientConnection.receiveResponseHeader(DefaultBHttpClientConnection.java:163) ~[httpcore-4.4.15.jar:4.4.15]
	at org.apache.http.impl.conn.CPoolProxy.receiveResponseHeader(CPoolProxy.java:167) ~[httpclient-4.4.jar:4.4]
	at org.apache.http.protocol.HttpRequestExecutor.doReceiveResponse(HttpRequestExecutor.java:273) ~[httpcore-4.4.15.jar:4.4.15]
	at org.apache.http.protocol.HttpRequestExecutor.execute(HttpRequestExecutor.java:125) ~[httpcore-4.4.15.jar:4.4.15]
	at org.apache.http.impl.execchain.MainClientExec.execute(MainClientExec.java:271) ~[httpclient-4.4.jar:4.4]
	at org.apache.http.impl.execchain.ProtocolExec.execute(ProtocolExec.java:184) ~[httpclient-4.4.jar:4.4]
	at org.apache.http.impl.execchain.RetryExec.execute(RetryExec.java:88) ~[httpclient-4.4.jar:4.4]
	at org.apache.http.impl.execchain.RedirectExec.execute(RedirectExec.java:110) ~[httpclient-4.4.jar:4.4]
	at org.apache.http.impl.client.InternalHttpClient.doExecute(InternalHttpClient.java:184) ~[httpclient-4.4.jar:4.4]
	at org.apache.http.impl.client.CloseableHttpClient.execute(CloseableHttpClient.java:82) ~[httpclient-4.4.jar:4.4]
	at org.telegram.telegrambots.updatesreceivers.DefaultBotSession$ReaderThread.getUpdatesFromServer(DefaultBotSession.java:250) ~[telegrambots-6.0.1.jar:?]
	at org.telegram.telegrambots.updatesreceivers.DefaultBotSession$ReaderThread.run(DefaultBotSession.java:189) ~[telegrambots-6.0.1.jar:?]
2024-01-18 20:41:24.537 INFO  [main][org.springframework.boot.StartupInfoLogger:55] - Starting BscRobotAppication using Java 1.8.0_201 on PC-20190222MJLK with PID 8236 (D:\Project\TelegramRobot\BscRobot\target\classes started by Administrator in D:\Project\TelegramRobot)
2024-01-18 20:41:24.547 INFO  [main][org.springframework.boot.SpringApplication:646] - The following 1 profile is active: "default"
2024-01-18 20:47:17.564 ERROR [jason665522_bot Telegram Connection][org.telegram.telegrambots.updatesreceivers.DefaultBotSession$ReaderThread:212] - api.telegram.org:443 failed to respond
org.apache.http.NoHttpResponseException: api.telegram.org:443 failed to respond
	at org.apache.http.impl.conn.DefaultHttpResponseParser.parseHead(DefaultHttpResponseParser.java:143) ~[httpclient-4.4.jar:4.4]
	at org.apache.http.impl.conn.DefaultHttpResponseParser.parseHead(DefaultHttpResponseParser.java:57) ~[httpclient-4.4.jar:4.4]
	at org.apache.http.impl.io.AbstractMessageParser.parse(AbstractMessageParser.java:259) ~[httpcore-4.4.15.jar:4.4.15]
	at org.apache.http.impl.DefaultBHttpClientConnection.receiveResponseHeader(DefaultBHttpClientConnection.java:163) ~[httpcore-4.4.15.jar:4.4.15]
	at org.apache.http.impl.conn.CPoolProxy.receiveResponseHeader(CPoolProxy.java:167) ~[httpclient-4.4.jar:4.4]
	at org.apache.http.protocol.HttpRequestExecutor.doReceiveResponse(HttpRequestExecutor.java:273) ~[httpcore-4.4.15.jar:4.4.15]
	at org.apache.http.protocol.HttpRequestExecutor.execute(HttpRequestExecutor.java:125) ~[httpcore-4.4.15.jar:4.4.15]
	at org.apache.http.impl.execchain.MainClientExec.execute(MainClientExec.java:271) ~[httpclient-4.4.jar:4.4]
	at org.apache.http.impl.execchain.ProtocolExec.execute(ProtocolExec.java:184) ~[httpclient-4.4.jar:4.4]
	at org.apache.http.impl.execchain.RetryExec.execute(RetryExec.java:88) ~[httpclient-4.4.jar:4.4]
	at org.apache.http.impl.execchain.RedirectExec.execute(RedirectExec.java:110) ~[httpclient-4.4.jar:4.4]
	at org.apache.http.impl.client.InternalHttpClient.doExecute(InternalHttpClient.java:184) ~[httpclient-4.4.jar:4.4]
	at org.apache.http.impl.client.CloseableHttpClient.execute(CloseableHttpClient.java:82) ~[httpclient-4.4.jar:4.4]
	at org.telegram.telegrambots.updatesreceivers.DefaultBotSession$ReaderThread.getUpdatesFromServer(DefaultBotSession.java:250) ~[telegrambots-6.0.1.jar:?]
	at org.telegram.telegrambots.updatesreceivers.DefaultBotSession$ReaderThread.run(DefaultBotSession.java:189) ~[telegrambots-6.0.1.jar:?]
2024-01-18 20:47:18.431 INFO  [main][org.springframework.boot.web.embedded.tomcat.TomcatWebServer:108] - Tomcat initialized with port(s): 80 (http)
2024-01-18 20:47:18.693 INFO  [main][org.springframework.boot.web.servlet.context.ServletWebServerApplicationContext:290] - Root WebApplicationContext: initialization completed in 354097 ms
2024-01-18 20:47:30.180 INFO  [main][org.springframework.boot.StartupInfoLogger:55] - Starting BscRobotAppication using Java 1.8.0_201 on PC-20190222MJLK with PID 14384 (D:\Project\TelegramRobot\BscRobot\target\classes started by Administrator in D:\Project\TelegramRobot)
2024-01-18 20:47:30.189 INFO  [main][org.springframework.boot.SpringApplication:646] - The following 1 profile is active: "default"
2024-01-18 20:47:44.403 INFO  [main][org.springframework.boot.web.embedded.tomcat.TomcatWebServer:108] - Tomcat initialized with port(s): 80 (http)
2024-01-18 20:47:44.412 INFO  [main][org.apache.juli.logging.DirectJDKLog:173] - Initializing ProtocolHandler ["http-nio-80"]
2024-01-18 20:47:44.412 INFO  [main][org.apache.juli.logging.DirectJDKLog:173] - Starting service [Tomcat]
2024-01-18 20:47:44.413 INFO  [main][org.apache.juli.logging.DirectJDKLog:173] - Starting Servlet engine: [Apache Tomcat/9.0.60]
2024-01-18 20:47:44.576 INFO  [main][org.apache.juli.logging.DirectJDKLog:173] - Initializing Spring embedded WebApplicationContext
2024-01-18 20:47:44.577 INFO  [main][org.springframework.boot.web.servlet.context.ServletWebServerApplicationContext:290] - Root WebApplicationContext: initialization completed in 14349 ms
2024-01-18 20:47:44.689 INFO  [main][com.alibaba.druid.spring.boot.autoconfigure.DruidDataSourceAutoConfigure:56] - Init DruidDataSource
2024-01-18 20:47:44.877 INFO  [main][com.alibaba.druid.pool.DruidDataSource:1003] - {dataSource-1} inited
2024-01-18 20:47:45.603 INFO  [main][org.apache.juli.logging.DirectJDKLog:173] - Starting ProtocolHandler ["http-nio-80"]
2024-01-18 20:47:45.621 INFO  [main][org.springframework.boot.web.embedded.tomcat.TomcatWebServer:220] - Tomcat started on port(s): 80 (http) with context path ''
2024-01-18 20:47:45.636 INFO  [main][org.springframework.boot.StartupInfoLogger:61] - Started BscRobotAppication in 15.769 seconds (JVM running for 20.082)
2024-01-18 20:50:54.106 ERROR [jason665522_bot Telegram Executor][org.telegram.telegrambots.updatesreceivers.DefaultBotSession$HandlerThread:322] - null
java.lang.NullPointerException: null
	at com.yy.bscRobot.robot.MyBot.onUpdateReceived(MyBot.java:59) ~[classes/:?]
	at java.util.ArrayList.forEach(ArrayList.java:1257) ~[?:1.8.0_201]
	at org.telegram.telegrambots.meta.generics.LongPollingBot.onUpdatesReceived(LongPollingBot.java:27) ~[telegrambots-meta-6.0.1.jar:?]
	at org.telegram.telegrambots.updatesreceivers.DefaultBotSession$HandlerThread.run(DefaultBotSession.java:317) ~[telegrambots-6.0.1.jar:?]
2024-01-18 20:50:55.018 INFO  [SpringApplicationShutdownHook][com.alibaba.druid.pool.DruidDataSource:1965] - {dataSource-1} closing ...
2024-01-18 20:50:55.020 INFO  [SpringApplicationShutdownHook][com.alibaba.druid.pool.DruidDataSource:2037] - {dataSource-1} closed
2024-01-18 20:51:44.808 INFO  [main][org.springframework.boot.StartupInfoLogger:55] - Starting BscRobotAppication using Java 1.8.0_201 on PC-20190222MJLK with PID 13888 (D:\Project\TelegramRobot\BscRobot\target\classes started by Administrator in D:\Project\TelegramRobot)
2024-01-18 20:51:44.817 INFO  [main][org.springframework.boot.SpringApplication:646] - The following 1 profile is active: "default"
2024-01-18 20:51:45.899 INFO  [main][org.springframework.boot.web.embedded.tomcat.TomcatWebServer:108] - Tomcat initialized with port(s): 80 (http)
2024-01-18 20:51:45.908 INFO  [main][org.apache.juli.logging.DirectJDKLog:173] - Initializing ProtocolHandler ["http-nio-80"]
2024-01-18 20:51:45.908 INFO  [main][org.apache.juli.logging.DirectJDKLog:173] - Starting service [Tomcat]
2024-01-18 20:51:45.909 INFO  [main][org.apache.juli.logging.DirectJDKLog:173] - Starting Servlet engine: [Apache Tomcat/9.0.60]
2024-01-18 20:51:46.066 INFO  [main][org.apache.juli.logging.DirectJDKLog:173] - Initializing Spring embedded WebApplicationContext
2024-01-18 20:51:46.067 INFO  [main][org.springframework.boot.web.servlet.context.ServletWebServerApplicationContext:290] - Root WebApplicationContext: initialization completed in 1208 ms
2024-01-18 20:51:46.144 INFO  [main][com.alibaba.druid.spring.boot.autoconfigure.DruidDataSourceAutoConfigure:56] - Init DruidDataSource
2024-01-18 20:51:46.247 INFO  [main][com.alibaba.druid.pool.DruidDataSource:1003] - {dataSource-1} inited
2024-01-18 20:51:46.791 INFO  [main][org.apache.juli.logging.DirectJDKLog:173] - Starting ProtocolHandler ["http-nio-80"]
2024-01-18 20:51:46.810 INFO  [main][org.springframework.boot.web.embedded.tomcat.TomcatWebServer:220] - Tomcat started on port(s): 80 (http) with context path ''
2024-01-18 20:51:46.823 INFO  [main][org.springframework.boot.StartupInfoLogger:61] - Started BscRobotAppication in 2.347 seconds (JVM running for 7.355)
2024-01-18 20:54:19.256 ERROR [jason665522_bot Telegram Executor][org.telegram.telegrambots.updatesreceivers.DefaultBotSession$HandlerThread:322] - null
java.lang.NullPointerException: null
	at com.yy.bscRobot.robot.MyBot.onUpdateReceived(MyBot.java:53) ~[classes/:?]
	at java.util.ArrayList.forEach(ArrayList.java:1257) ~[?:1.8.0_201]
	at org.telegram.telegrambots.meta.generics.LongPollingBot.onUpdatesReceived(LongPollingBot.java:27) ~[telegrambots-meta-6.0.1.jar:?]
	at org.telegram.telegrambots.updatesreceivers.DefaultBotSession$HandlerThread.run(DefaultBotSession.java:317) ~[telegrambots-6.0.1.jar:?]
2024-01-18 20:54:20.032 INFO  [SpringApplicationShutdownHook][com.alibaba.druid.pool.DruidDataSource:1965] - {dataSource-1} closing ...
2024-01-18 20:54:20.034 INFO  [SpringApplicationShutdownHook][com.alibaba.druid.pool.DruidDataSource:2037] - {dataSource-1} closed
2024-01-18 20:54:57.795 INFO  [main][org.springframework.boot.StartupInfoLogger:55] - Starting BscRobotAppication using Java 1.8.0_201 on PC-20190222MJLK with PID 11568 (D:\Project\TelegramRobot\BscRobot\target\classes started by Administrator in D:\Project\TelegramRobot)
2024-01-18 20:54:57.803 INFO  [main][org.springframework.boot.SpringApplication:646] - The following 1 profile is active: "default"
2024-01-18 20:54:58.807 INFO  [main][org.springframework.boot.web.embedded.tomcat.TomcatWebServer:108] - Tomcat initialized with port(s): 80 (http)
2024-01-18 20:54:58.816 INFO  [main][org.apache.juli.logging.DirectJDKLog:173] - Initializing ProtocolHandler ["http-nio-80"]
2024-01-18 20:54:58.816 INFO  [main][org.apache.juli.logging.DirectJDKLog:173] - Starting service [Tomcat]
2024-01-18 20:54:58.816 INFO  [main][org.apache.juli.logging.DirectJDKLog:173] - Starting Servlet engine: [Apache Tomcat/9.0.60]
2024-01-18 20:55:21.861 ERROR [jason665522_bot Telegram Executor][org.telegram.telegrambots.updatesreceivers.DefaultBotSession$HandlerThread:322] - null
java.lang.NullPointerException: null
	at com.yy.bscRobot.robot.MyBot.onUpdateReceived(MyBot.java:53) ~[classes/:?]
	at java.util.ArrayList.forEach(ArrayList.java:1257) ~[?:1.8.0_201]
	at org.telegram.telegrambots.meta.generics.LongPollingBot.onUpdatesReceived(LongPollingBot.java:27) ~[telegrambots-meta-6.0.1.jar:?]
	at org.telegram.telegrambots.updatesreceivers.DefaultBotSession$HandlerThread.run(DefaultBotSession.java:317) ~[telegrambots-6.0.1.jar:?]
2024-01-18 20:55:21.909 INFO  [main][org.apache.juli.logging.DirectJDKLog:173] - Initializing Spring embedded WebApplicationContext
2024-01-18 20:55:21.909 INFO  [main][org.springframework.boot.web.servlet.context.ServletWebServerApplicationContext:290] - Root WebApplicationContext: initialization completed in 24066 ms
2024-01-18 20:55:21.996 INFO  [main][com.alibaba.druid.spring.boot.autoconfigure.DruidDataSourceAutoConfigure:56] - Init DruidDataSource
2024-01-18 20:55:22.167 INFO  [main][com.alibaba.druid.pool.DruidDataSource:1003] - {dataSource-1} inited
2024-01-18 20:55:22.702 INFO  [main][org.apache.juli.logging.DirectJDKLog:173] - Starting ProtocolHandler ["http-nio-80"]
2024-01-18 20:55:22.721 INFO  [main][org.springframework.boot.web.embedded.tomcat.TomcatWebServer:220] - Tomcat started on port(s): 80 (http) with context path ''
2024-01-18 20:55:22.734 INFO  [main][org.springframework.boot.StartupInfoLogger:61] - Started BscRobotAppication in 25.242 seconds (JVM running for 29.874)
2024-01-18 20:56:16.815 INFO  [SpringApplicationShutdownHook][com.alibaba.druid.pool.DruidDataSource:1965] - {dataSource-1} closing ...
2024-01-18 20:56:16.818 INFO  [SpringApplicationShutdownHook][com.alibaba.druid.pool.DruidDataSource:2037] - {dataSource-1} closed
2024-01-18 21:24:54.512 INFO  [main][org.springframework.boot.StartupInfoLogger:55] - Starting BscRobotAppication using Java 1.8.0_201 on PC-20190222MJLK with PID 9140 (D:\Project\TelegramRobot\BscRobot\target\classes started by Administrator in D:\Project\TelegramRobot)
2024-01-18 21:24:54.521 INFO  [main][org.springframework.boot.SpringApplication:646] - The following 1 profile is active: "default"
2024-01-18 21:24:55.485 INFO  [main][org.springframework.boot.web.embedded.tomcat.TomcatWebServer:108] - Tomcat initialized with port(s): 80 (http)
2024-01-18 21:24:55.495 INFO  [main][org.apache.juli.logging.DirectJDKLog:173] - Initializing ProtocolHandler ["http-nio-80"]
2024-01-18 21:24:55.495 INFO  [main][org.apache.juli.logging.DirectJDKLog:173] - Starting service [Tomcat]
2024-01-18 21:24:55.496 INFO  [main][org.apache.juli.logging.DirectJDKLog:173] - Starting Servlet engine: [Apache Tomcat/9.0.60]
2024-01-18 21:24:55.670 INFO  [main][org.apache.juli.logging.DirectJDKLog:173] - Initializing Spring embedded WebApplicationContext
2024-01-18 21:24:55.670 INFO  [main][org.springframework.boot.web.servlet.context.ServletWebServerApplicationContext:290] - Root WebApplicationContext: initialization completed in 1112 ms
2024-01-18 21:24:55.745 INFO  [main][com.alibaba.druid.spring.boot.autoconfigure.DruidDataSourceAutoConfigure:56] - Init DruidDataSource
2024-01-18 21:24:55.839 INFO  [main][com.alibaba.druid.pool.DruidDataSource:1003] - {dataSource-1} inited
2024-01-18 21:24:56.326 INFO  [main][org.apache.juli.logging.DirectJDKLog:173] - Starting ProtocolHandler ["http-nio-80"]
2024-01-18 21:24:56.344 INFO  [main][org.springframework.boot.web.embedded.tomcat.TomcatWebServer:220] - Tomcat started on port(s): 80 (http) with context path ''
2024-01-18 21:24:56.356 INFO  [main][org.springframework.boot.StartupInfoLogger:61] - Started BscRobotAppication in 2.148 seconds (JVM running for 7.803)
2024-01-18 21:26:10.876 ERROR [jason665522_bot Telegram Executor][org.telegram.telegrambots.updatesreceivers.DefaultBotSession$HandlerThread:322] - null
java.lang.NullPointerException: null
	at com.yy.bscRobot.robot.MyBot.onUpdateReceived(MyBot.java:75) ~[classes/:?]
	at java.util.ArrayList.forEach(ArrayList.java:1257) ~[?:1.8.0_201]
	at org.telegram.telegrambots.meta.generics.LongPollingBot.onUpdatesReceived(LongPollingBot.java:27) ~[telegrambots-meta-6.0.1.jar:?]
	at org.telegram.telegrambots.updatesreceivers.DefaultBotSession$HandlerThread.run(DefaultBotSession.java:317) ~[telegrambots-6.0.1.jar:?]
2024-01-18 21:26:11.675 INFO  [SpringApplicationShutdownHook][com.alibaba.druid.pool.DruidDataSource:1965] - {dataSource-1} closing ...
2024-01-18 21:26:11.694 INFO  [SpringApplicationShutdownHook][com.alibaba.druid.pool.DruidDataSource:2037] - {dataSource-1} closed
2024-01-18 21:44:21.897 INFO  [main][org.springframework.boot.StartupInfoLogger:55] - Starting BscRobotAppication using Java 1.8.0_201 on PC-20190222MJLK with PID 9344 (D:\Project\TelegramRobot\BscRobot\target\classes started by Administrator in D:\Project\TelegramRobot)
2024-01-18 21:44:21.915 INFO  [main][org.springframework.boot.SpringApplication:646] - The following 1 profile is active: "default"
2024-01-18 21:44:23.517 INFO  [main][org.springframework.boot.web.embedded.tomcat.TomcatWebServer:108] - Tomcat initialized with port(s): 80 (http)
2024-01-18 21:44:23.532 INFO  [main][org.apache.juli.logging.DirectJDKLog:173] - Initializing ProtocolHandler ["http-nio-80"]
2024-01-18 21:44:23.532 INFO  [main][org.apache.juli.logging.DirectJDKLog:173] - Starting service [Tomcat]
2024-01-18 21:44:23.533 INFO  [main][org.apache.juli.logging.DirectJDKLog:173] - Starting Servlet engine: [Apache Tomcat/9.0.60]
2024-01-18 21:44:23.802 INFO  [main][org.apache.juli.logging.DirectJDKLog:173] - Initializing Spring embedded WebApplicationContext
2024-01-18 21:44:23.802 INFO  [main][org.springframework.boot.web.servlet.context.ServletWebServerApplicationContext:290] - Root WebApplicationContext: initialization completed in 1827 ms
2024-01-18 21:44:23.930 INFO  [main][com.alibaba.druid.spring.boot.autoconfigure.DruidDataSourceAutoConfigure:56] - Init DruidDataSource
2024-01-18 21:44:24.095 INFO  [main][com.alibaba.druid.pool.DruidDataSource:1003] - {dataSource-1} inited
2024-01-18 21:44:25.009 INFO  [main][org.apache.juli.logging.DirectJDKLog:173] - Starting ProtocolHandler ["http-nio-80"]
2024-01-18 21:44:25.039 INFO  [main][org.springframework.boot.web.embedded.tomcat.TomcatWebServer:220] - Tomcat started on port(s): 80 (http) with context path ''
2024-01-18 21:44:25.059 INFO  [main][org.springframework.boot.StartupInfoLogger:61] - Started BscRobotAppication in 3.574 seconds (JVM running for 11.606)
2024-01-18 21:44:51.678 INFO  [SpringApplicationShutdownHook][com.alibaba.druid.pool.DruidDataSource:1965] - {dataSource-1} closing ...
2024-01-18 21:44:51.682 INFO  [SpringApplicationShutdownHook][com.alibaba.druid.pool.DruidDataSource:2037] - {dataSource-1} closed
2024-01-18 21:45:42.384 INFO  [main][org.springframework.boot.StartupInfoLogger:55] - Starting BscRobotAppication using Java 1.8.0_201 on PC-20190222MJLK with PID 16836 (D:\Project\TelegramRobot\BscRobot\target\classes started by Administrator in D:\Project\TelegramRobot)
2024-01-18 21:45:42.397 INFO  [main][org.springframework.boot.SpringApplication:646] - The following 1 profile is active: "default"
2024-01-18 21:45:44.102 INFO  [main][org.springframework.boot.web.embedded.tomcat.TomcatWebServer:108] - Tomcat initialized with port(s): 80 (http)
2024-01-18 21:45:44.117 INFO  [main][org.apache.juli.logging.DirectJDKLog:173] - Initializing ProtocolHandler ["http-nio-80"]
2024-01-18 21:45:44.119 INFO  [main][org.apache.juli.logging.DirectJDKLog:173] - Starting service [Tomcat]
2024-01-18 21:45:44.119 INFO  [main][org.apache.juli.logging.DirectJDKLog:173] - Starting Servlet engine: [Apache Tomcat/9.0.60]
2024-01-18 21:45:44.401 INFO  [main][org.apache.juli.logging.DirectJDKLog:173] - Initializing Spring embedded WebApplicationContext
2024-01-18 21:45:44.402 INFO  [main][org.springframework.boot.web.servlet.context.ServletWebServerApplicationContext:290] - Root WebApplicationContext: initialization completed in 1943 ms
2024-01-18 21:45:44.534 INFO  [main][com.alibaba.druid.spring.boot.autoconfigure.DruidDataSourceAutoConfigure:56] - Init DruidDataSource
2024-01-18 21:45:44.717 INFO  [main][com.alibaba.druid.pool.DruidDataSource:1003] - {dataSource-1} inited
2024-01-18 21:45:45.698 INFO  [main][org.apache.juli.logging.DirectJDKLog:173] - Starting ProtocolHandler ["http-nio-80"]
2024-01-18 21:45:45.732 INFO  [main][org.springframework.boot.web.embedded.tomcat.TomcatWebServer:220] - Tomcat started on port(s): 80 (http) with context path ''
2024-01-18 21:45:45.754 INFO  [main][org.springframework.boot.StartupInfoLogger:61] - Started BscRobotAppication in 3.822 seconds (JVM running for 11.697)
