2024-01-28 14:48:58.879 INFO  [main][org.springframework.boot.StartupInfoLogger:55] - Starting BscRobotAppication using Java 1.8.0_201 on PC-20190222MJLK with PID 14508 (D:\Project\TelegramRobot\BscRobot\target\classes started by Administrator in D:\Project\TelegramRobot)
2024-01-28 14:48:58.973 INFO  [main][org.springframework.boot.SpringApplication:646] - The following 1 profile is active: "default"
2024-01-28 14:49:02.354 INFO  [main][org.springframework.boot.web.embedded.tomcat.TomcatWebServer:108] - Tomcat initialized with port(s): 80 (http)
2024-01-28 14:49:02.416 INFO  [main][org.apache.juli.logging.DirectJDKLog:173] - Initializing ProtocolHandler ["http-nio-80"]
2024-01-28 14:49:02.418 INFO  [main][org.apache.juli.logging.DirectJDKLog:173] - Starting service [Tomcat]
2024-01-28 14:49:02.420 INFO  [main][org.apache.juli.logging.DirectJDKLog:173] - Starting Servlet engine: [Apache Tomcat/9.0.60]
2024-01-28 14:49:02.922 INFO  [main][org.apache.juli.logging.DirectJDKLog:173] - Initializing Spring embedded WebApplicationContext
2024-01-28 14:49:02.923 INFO  [main][org.springframework.boot.web.servlet.context.ServletWebServerApplicationContext:290] - Root WebApplicationContext: initialization completed in 3809 ms
2024-01-28 14:49:03.175 INFO  [main][com.alibaba.druid.spring.boot.autoconfigure.DruidDataSourceAutoConfigure:56] - Init DruidDataSource
2024-01-28 14:49:03.470 INFO  [main][com.alibaba.druid.pool.DruidDataSource:1003] - {dataSource-1} inited
2024-01-28 14:49:05.063 INFO  [main][org.apache.juli.logging.DirectJDKLog:173] - Starting ProtocolHandler ["http-nio-80"]
2024-01-28 14:49:05.107 INFO  [main][org.springframework.boot.web.embedded.tomcat.TomcatWebServer:220] - Tomcat started on port(s): 80 (http) with context path ''
2024-01-28 14:49:05.133 INFO  [main][org.springframework.boot.StartupInfoLogger:61] - Started BscRobotAppication in 7.157 seconds (JVM running for 20.319)
2024-01-28 14:49:23.130 INFO  [jason665522_bot Telegram Executor][com.yy.bscRobot.service.Web3Service:57] - 当前web3的版本信息是：56
2024-01-28 14:49:23.477 INFO  [jason665522_bot Telegram Executor][com.yy.bscRobot.service.Web3Service:57] - 当前web3的版本信息是：56
2024-01-28 14:49:23.650 INFO  [jason665522_bot Telegram Executor][com.yy.bscRobot.service.Web3Service:57] - 当前web3的版本信息是：56
2024-01-28 14:49:23.823 INFO  [jason665522_bot Telegram Executor][com.yy.bscRobot.service.Web3Service:57] - 当前web3的版本信息是：56
2024-01-28 14:49:23.990 INFO  [jason665522_bot Telegram Executor][com.yy.bscRobot.service.Web3Service:57] - 当前web3的版本信息是：56
2024-01-28 14:49:24.160 INFO  [jason665522_bot Telegram Executor][com.yy.bscRobot.service.Web3Service:57] - 当前web3的版本信息是：56
2024-01-28 14:49:24.330 INFO  [jason665522_bot Telegram Executor][com.yy.bscRobot.service.Web3Service:57] - 当前web3的版本信息是：56
2024-01-28 14:49:24.550 INFO  [jason665522_bot Telegram Executor][com.yy.bscRobot.service.Web3Service:57] - 当前web3的版本信息是：56
2024-01-28 14:49:24.648 INFO  [jason665522_bot Telegram Executor][com.yy.bscRobot.service.Web3Service:72] - 地址0x85e3fda60c5b1786b7daf6242c507df8994aebd7的BNB余额为7039293000000000
2024-01-28 14:49:24.731 INFO  [jason665522_bot Telegram Executor][com.yy.bscRobot.service.Web3Service:57] - 当前web3的版本信息是：56
2024-01-28 14:49:24.815 INFO  [jason665522_bot Telegram Executor][com.yy.bscRobot.service.Web3Service:72] - 地址0xec7b41b306c222b4bbe1aca2f6fbd08e6be04af1的BNB余额为7345552000000000
2024-01-28 14:49:24.898 INFO  [jason665522_bot Telegram Executor][com.yy.bscRobot.service.Web3Service:57] - 当前web3的版本信息是：56
2024-01-28 14:49:24.982 INFO  [jason665522_bot Telegram Executor][com.yy.bscRobot.service.Web3Service:72] - 地址0xf9c856699d9c13d99c1ec9a56ccf4126b5255185的BNB余额为47000000000000
2024-01-28 14:49:25.065 INFO  [jason665522_bot Telegram Executor][com.yy.bscRobot.service.Web3Service:57] - 当前web3的版本信息是：56
2024-01-28 14:49:25.149 INFO  [jason665522_bot Telegram Executor][com.yy.bscRobot.service.Web3Service:72] - 地址0xa079aae4ff24e746dbda1cb80135dc6830b27d31的BNB余额为12000000000000000
2024-01-28 14:49:25.231 INFO  [jason665522_bot Telegram Executor][com.yy.bscRobot.service.Web3Service:57] - 当前web3的版本信息是：56
2024-01-28 14:49:25.320 INFO  [jason665522_bot Telegram Executor][com.yy.bscRobot.service.Web3Service:72] - 地址0x143cb8db26cd6764432314a8be86baef252d86fd的BNB余额为0
2024-01-28 14:49:25.406 INFO  [jason665522_bot Telegram Executor][com.yy.bscRobot.service.Web3Service:57] - 当前web3的版本信息是：56
2024-01-28 14:49:25.496 INFO  [jason665522_bot Telegram Executor][com.yy.bscRobot.service.Web3Service:72] - 地址0x180cf4f7ae97fbf95182cf712943885a7663a08f的BNB余额为0
2024-01-28 14:49:25.577 INFO  [jason665522_bot Telegram Executor][com.yy.bscRobot.service.Web3Service:57] - 当前web3的版本信息是：56
2024-01-28 14:49:25.661 INFO  [jason665522_bot Telegram Executor][com.yy.bscRobot.service.Web3Service:72] - 地址0x9f049e403447f812f2372a0a8a669c293709bd8a的BNB余额为0
2024-01-28 14:49:25.743 INFO  [jason665522_bot Telegram Executor][com.yy.bscRobot.service.Web3Service:57] - 当前web3的版本信息是：56
2024-01-28 14:49:25.839 INFO  [jason665522_bot Telegram Executor][com.yy.bscRobot.service.Web3Service:72] - 地址0xf4b2cc9f5636202fb490d3a3c74dab6a5c8a6481的BNB余额为0
2024-01-28 14:49:25.922 INFO  [jason665522_bot Telegram Executor][com.yy.bscRobot.service.Web3Service:57] - 当前web3的版本信息是：56
2024-01-28 14:49:26.012 INFO  [jason665522_bot Telegram Executor][com.yy.bscRobot.service.Web3Service:72] - 地址0x03bea65683ae3dff53da442c695ddd48f57d5065的BNB余额为0
2024-01-28 14:49:26.094 INFO  [jason665522_bot Telegram Executor][com.yy.bscRobot.service.Web3Service:57] - 当前web3的版本信息是：56
2024-01-28 14:49:26.179 INFO  [jason665522_bot Telegram Executor][com.yy.bscRobot.service.Web3Service:72] - 地址0x4824ae479865ee16fb5f998250f403406c8098d5的BNB余额为0
2024-01-28 20:00:10.837 INFO  [main][org.springframework.boot.StartupInfoLogger:55] - Starting BscRobotAppication using Java 1.8.0_201 on PC-20190222MJLK with PID 14828 (D:\Project\TelegramRobot\BscRobot\target\classes started by Administrator in D:\Project\TelegramRobot)
2024-01-28 20:00:10.851 INFO  [main][org.springframework.boot.SpringApplication:646] - The following 1 profile is active: "default"
2024-01-28 20:00:12.631 INFO  [main][org.springframework.boot.web.embedded.tomcat.TomcatWebServer:108] - Tomcat initialized with port(s): 80 (http)
2024-01-28 20:00:12.646 INFO  [main][org.apache.juli.logging.DirectJDKLog:173] - Initializing ProtocolHandler ["http-nio-80"]
2024-01-28 20:00:12.647 INFO  [main][org.apache.juli.logging.DirectJDKLog:173] - Starting service [Tomcat]
2024-01-28 20:00:12.647 INFO  [main][org.apache.juli.logging.DirectJDKLog:173] - Starting Servlet engine: [Apache Tomcat/9.0.60]
2024-01-28 20:00:12.926 INFO  [main][org.apache.juli.logging.DirectJDKLog:173] - Initializing Spring embedded WebApplicationContext
2024-01-28 20:00:12.926 INFO  [main][org.springframework.boot.web.servlet.context.ServletWebServerApplicationContext:290] - Root WebApplicationContext: initialization completed in 2009 ms
2024-01-28 20:00:13.057 INFO  [main][com.alibaba.druid.spring.boot.autoconfigure.DruidDataSourceAutoConfigure:56] - Init DruidDataSource
2024-01-28 20:00:13.236 INFO  [main][com.alibaba.druid.pool.DruidDataSource:1003] - {dataSource-1} inited
2024-01-28 20:00:14.146 INFO  [main][org.apache.juli.logging.DirectJDKLog:173] - Starting ProtocolHandler ["http-nio-80"]
2024-01-28 20:00:14.180 INFO  [main][org.springframework.boot.web.embedded.tomcat.TomcatWebServer:220] - Tomcat started on port(s): 80 (http) with context path ''
2024-01-28 20:00:14.200 INFO  [main][org.springframework.boot.StartupInfoLogger:61] - Started BscRobotAppication in 3.828 seconds (JVM running for 12.164)
2024-01-28 20:00:56.629 INFO  [jason665522_bot Telegram Executor][com.yy.bscRobot.service.Web3Service:57] - 当前web3的版本信息是：56
2024-01-28 20:00:56.943 INFO  [jason665522_bot Telegram Executor][com.yy.bscRobot.service.Web3Service:57] - 当前web3的版本信息是：56
2024-01-28 20:00:57.133 INFO  [jason665522_bot Telegram Executor][com.yy.bscRobot.service.Web3Service:57] - 当前web3的版本信息是：56
2024-01-28 20:00:57.323 INFO  [jason665522_bot Telegram Executor][com.yy.bscRobot.service.Web3Service:57] - 当前web3的版本信息是：56
2024-01-28 20:00:57.497 INFO  [jason665522_bot Telegram Executor][com.yy.bscRobot.service.Web3Service:57] - 当前web3的版本信息是：56
2024-01-28 20:00:57.677 INFO  [jason665522_bot Telegram Executor][com.yy.bscRobot.service.Web3Service:57] - 当前web3的版本信息是：56
2024-01-28 20:00:57.860 INFO  [jason665522_bot Telegram Executor][com.yy.bscRobot.service.Web3Service:57] - 当前web3的版本信息是：56
2024-01-28 20:00:58.103 INFO  [jason665522_bot Telegram Executor][com.yy.bscRobot.service.Web3Service:57] - 当前web3的版本信息是：56
2024-01-28 20:00:58.195 INFO  [jason665522_bot Telegram Executor][com.yy.bscRobot.service.Web3Service:72] - 地址0x85e3fda60c5b1786b7daf6242c507df8994aebd7的BNB余额为7039293000000000
2024-01-28 20:00:58.284 INFO  [jason665522_bot Telegram Executor][com.yy.bscRobot.service.Web3Service:57] - 当前web3的版本信息是：56
2024-01-28 20:00:58.398 INFO  [jason665522_bot Telegram Executor][com.yy.bscRobot.service.Web3Service:72] - 地址0xec7b41b306c222b4bbe1aca2f6fbd08e6be04af1的BNB余额为7345552000000000
2024-01-28 20:00:58.552 INFO  [jason665522_bot Telegram Executor][com.yy.bscRobot.service.Web3Service:57] - 当前web3的版本信息是：56
2024-01-28 20:00:58.647 INFO  [jason665522_bot Telegram Executor][com.yy.bscRobot.service.Web3Service:72] - 地址0xf9c856699d9c13d99c1ec9a56ccf4126b5255185的BNB余额为47000000000000
2024-01-28 20:00:58.735 INFO  [jason665522_bot Telegram Executor][com.yy.bscRobot.service.Web3Service:57] - 当前web3的版本信息是：56
2024-01-28 20:00:58.824 INFO  [jason665522_bot Telegram Executor][com.yy.bscRobot.service.Web3Service:72] - 地址0xa079aae4ff24e746dbda1cb80135dc6830b27d31的BNB余额为12000000000000000
2024-01-28 20:00:58.914 INFO  [jason665522_bot Telegram Executor][com.yy.bscRobot.service.Web3Service:57] - 当前web3的版本信息是：56
2024-01-28 20:00:59.002 INFO  [jason665522_bot Telegram Executor][com.yy.bscRobot.service.Web3Service:72] - 地址0x143cb8db26cd6764432314a8be86baef252d86fd的BNB余额为0
2024-01-28 20:00:59.100 INFO  [jason665522_bot Telegram Executor][com.yy.bscRobot.service.Web3Service:57] - 当前web3的版本信息是：56
2024-01-28 20:00:59.208 INFO  [jason665522_bot Telegram Executor][com.yy.bscRobot.service.Web3Service:72] - 地址0x180cf4f7ae97fbf95182cf712943885a7663a08f的BNB余额为0
2024-01-28 20:00:59.296 INFO  [jason665522_bot Telegram Executor][com.yy.bscRobot.service.Web3Service:57] - 当前web3的版本信息是：56
2024-01-28 20:00:59.381 INFO  [jason665522_bot Telegram Executor][com.yy.bscRobot.service.Web3Service:72] - 地址0x9f049e403447f812f2372a0a8a669c293709bd8a的BNB余额为0
2024-01-28 20:00:59.466 INFO  [jason665522_bot Telegram Executor][com.yy.bscRobot.service.Web3Service:57] - 当前web3的版本信息是：56
2024-01-28 20:00:59.559 INFO  [jason665522_bot Telegram Executor][com.yy.bscRobot.service.Web3Service:72] - 地址0xf4b2cc9f5636202fb490d3a3c74dab6a5c8a6481的BNB余额为0
2024-01-28 20:00:59.643 INFO  [jason665522_bot Telegram Executor][com.yy.bscRobot.service.Web3Service:57] - 当前web3的版本信息是：56
2024-01-28 20:00:59.741 INFO  [jason665522_bot Telegram Executor][com.yy.bscRobot.service.Web3Service:72] - 地址0x03bea65683ae3dff53da442c695ddd48f57d5065的BNB余额为0
2024-01-28 20:00:59.840 INFO  [jason665522_bot Telegram Executor][com.yy.bscRobot.service.Web3Service:57] - 当前web3的版本信息是：56
2024-01-28 20:00:59.937 INFO  [jason665522_bot Telegram Executor][com.yy.bscRobot.service.Web3Service:72] - 地址0x4824ae479865ee16fb5f998250f403406c8098d5的BNB余额为0
2024-01-28 20:01:12.433 INFO  [jason665522_bot Telegram Executor][com.yy.bscRobot.service.Web3Service:57] - 当前web3的版本信息是：56
2024-01-28 20:01:12.610 INFO  [jason665522_bot Telegram Executor][com.yy.bscRobot.service.Web3Service:57] - 当前web3的版本信息是：56
2024-01-28 20:01:12.794 INFO  [jason665522_bot Telegram Executor][com.yy.bscRobot.service.Web3Service:57] - 当前web3的版本信息是：56
2024-01-28 20:01:12.978 INFO  [jason665522_bot Telegram Executor][com.yy.bscRobot.service.Web3Service:57] - 当前web3的版本信息是：56
2024-01-28 20:01:13.071 ERROR [jason665522_bot Telegram Executor][org.telegram.telegrambots.updatesreceivers.DefaultBotSession$HandlerThread:322] - Non-terminating decimal expansion; no exact representable decimal result.
java.lang.ArithmeticException: Non-terminating decimal expansion; no exact representable decimal result.
	at java.math.BigDecimal.divide(BigDecimal.java:1693) ~[?:1.8.0_201]
	at com.yy.bscRobot.service.BuyAndSellService.sellToken(BuyAndSellService.java:46) ~[classes/:?]
	at com.yy.bscRobot.robot.MessageHandler.sellToken(MessageHandler.java:200) ~[classes/:?]
	at com.yy.bscRobot.robot.MyBot.executeSendMessage(MyBot.java:321) ~[classes/:?]
	at com.yy.bscRobot.robot.MyBot.onUpdateReceived(MyBot.java:67) ~[classes/:?]
	at java.util.ArrayList.forEach(ArrayList.java:1257) ~[?:1.8.0_201]
	at org.telegram.telegrambots.meta.generics.LongPollingBot.onUpdatesReceived(LongPollingBot.java:27) ~[telegrambots-meta-6.0.1.jar:?]
	at org.telegram.telegrambots.updatesreceivers.DefaultBotSession$HandlerThread.run(DefaultBotSession.java:317) ~[telegrambots-6.0.1.jar:?]
2024-01-28 20:01:28.715 INFO  [SpringApplicationShutdownHook][com.alibaba.druid.pool.DruidDataSource:1965] - {dataSource-1} closing ...
2024-01-28 20:01:28.737 INFO  [SpringApplicationShutdownHook][com.alibaba.druid.pool.DruidDataSource:2037] - {dataSource-1} closed
2024-01-28 20:01:55.530 INFO  [main][org.springframework.boot.StartupInfoLogger:55] - Starting BscRobotAppication using Java 1.8.0_201 on PC-20190222MJLK with PID 12272 (D:\Project\TelegramRobot\BscRobot\target\classes started by Administrator in D:\Project\TelegramRobot)
2024-01-28 20:01:55.553 INFO  [main][org.springframework.boot.SpringApplication:646] - The following 1 profile is active: "default"
2024-01-28 20:01:58.188 INFO  [main][org.springframework.boot.web.embedded.tomcat.TomcatWebServer:108] - Tomcat initialized with port(s): 80 (http)
2024-01-28 20:01:58.209 INFO  [main][org.apache.juli.logging.DirectJDKLog:173] - Initializing ProtocolHandler ["http-nio-80"]
2024-01-28 20:01:58.210 INFO  [main][org.apache.juli.logging.DirectJDKLog:173] - Starting service [Tomcat]
2024-01-28 20:01:58.211 INFO  [main][org.apache.juli.logging.DirectJDKLog:173] - Starting Servlet engine: [Apache Tomcat/9.0.60]
2024-01-28 20:01:58.588 INFO  [main][org.apache.juli.logging.DirectJDKLog:173] - Initializing Spring embedded WebApplicationContext
2024-01-28 20:01:58.589 INFO  [main][org.springframework.boot.web.servlet.context.ServletWebServerApplicationContext:290] - Root WebApplicationContext: initialization completed in 2930 ms
2024-01-28 20:01:58.763 INFO  [main][com.alibaba.druid.spring.boot.autoconfigure.DruidDataSourceAutoConfigure:56] - Init DruidDataSource
2024-01-28 20:01:59.030 INFO  [main][com.alibaba.druid.pool.DruidDataSource:1003] - {dataSource-1} inited
2024-01-28 20:02:00.549 INFO  [main][org.apache.juli.logging.DirectJDKLog:173] - Starting ProtocolHandler ["http-nio-80"]
2024-01-28 20:02:00.612 INFO  [main][org.springframework.boot.web.embedded.tomcat.TomcatWebServer:220] - Tomcat started on port(s): 80 (http) with context path ''
2024-01-28 20:02:00.645 INFO  [main][org.springframework.boot.StartupInfoLogger:61] - Started BscRobotAppication in 5.851 seconds (JVM running for 15.784)
2024-01-28 20:02:16.025 INFO  [jason665522_bot Telegram Executor][com.yy.bscRobot.service.Web3Service:57] - 当前web3的版本信息是：56
2024-01-28 20:02:16.351 INFO  [jason665522_bot Telegram Executor][com.yy.bscRobot.service.Web3Service:57] - 当前web3的版本信息是：56
2024-01-28 20:02:16.526 INFO  [jason665522_bot Telegram Executor][com.yy.bscRobot.service.Web3Service:57] - 当前web3的版本信息是：56
2024-01-28 20:02:16.701 INFO  [jason665522_bot Telegram Executor][com.yy.bscRobot.service.Web3Service:57] - 当前web3的版本信息是：56
2024-01-28 20:02:16.873 INFO  [jason665522_bot Telegram Executor][com.yy.bscRobot.service.Web3Service:57] - 当前web3的版本信息是：56
2024-01-28 20:02:17.044 INFO  [jason665522_bot Telegram Executor][com.yy.bscRobot.service.Web3Service:57] - 当前web3的版本信息是：56
2024-01-28 20:02:17.213 INFO  [jason665522_bot Telegram Executor][com.yy.bscRobot.service.Web3Service:57] - 当前web3的版本信息是：56
2024-01-28 20:02:17.433 INFO  [jason665522_bot Telegram Executor][com.yy.bscRobot.service.Web3Service:57] - 当前web3的版本信息是：56
2024-01-28 20:02:17.525 INFO  [jason665522_bot Telegram Executor][com.yy.bscRobot.service.Web3Service:72] - 地址0x85e3fda60c5b1786b7daf6242c507df8994aebd7的BNB余额为7039293000000000
2024-01-28 20:02:17.607 INFO  [jason665522_bot Telegram Executor][com.yy.bscRobot.service.Web3Service:57] - 当前web3的版本信息是：56
2024-01-28 20:02:17.692 INFO  [jason665522_bot Telegram Executor][com.yy.bscRobot.service.Web3Service:72] - 地址0xec7b41b306c222b4bbe1aca2f6fbd08e6be04af1的BNB余额为7345552000000000
2024-01-28 20:02:17.778 INFO  [jason665522_bot Telegram Executor][com.yy.bscRobot.service.Web3Service:57] - 当前web3的版本信息是：56
2024-01-28 20:02:17.861 INFO  [jason665522_bot Telegram Executor][com.yy.bscRobot.service.Web3Service:72] - 地址0xf9c856699d9c13d99c1ec9a56ccf4126b5255185的BNB余额为47000000000000
2024-01-28 20:02:17.956 INFO  [jason665522_bot Telegram Executor][com.yy.bscRobot.service.Web3Service:57] - 当前web3的版本信息是：56
2024-01-28 20:02:18.045 INFO  [jason665522_bot Telegram Executor][com.yy.bscRobot.service.Web3Service:72] - 地址0xa079aae4ff24e746dbda1cb80135dc6830b27d31的BNB余额为12000000000000000
2024-01-28 20:02:18.129 INFO  [jason665522_bot Telegram Executor][com.yy.bscRobot.service.Web3Service:57] - 当前web3的版本信息是：56
2024-01-28 20:02:18.212 INFO  [jason665522_bot Telegram Executor][com.yy.bscRobot.service.Web3Service:72] - 地址0x143cb8db26cd6764432314a8be86baef252d86fd的BNB余额为0
2024-01-28 20:02:18.294 INFO  [jason665522_bot Telegram Executor][com.yy.bscRobot.service.Web3Service:57] - 当前web3的版本信息是：56
2024-01-28 20:02:18.378 INFO  [jason665522_bot Telegram Executor][com.yy.bscRobot.service.Web3Service:72] - 地址0x180cf4f7ae97fbf95182cf712943885a7663a08f的BNB余额为0
2024-01-28 20:02:18.465 INFO  [jason665522_bot Telegram Executor][com.yy.bscRobot.service.Web3Service:57] - 当前web3的版本信息是：56
2024-01-28 20:02:18.548 INFO  [jason665522_bot Telegram Executor][com.yy.bscRobot.service.Web3Service:72] - 地址0x9f049e403447f812f2372a0a8a669c293709bd8a的BNB余额为0
2024-01-28 20:02:18.629 INFO  [jason665522_bot Telegram Executor][com.yy.bscRobot.service.Web3Service:57] - 当前web3的版本信息是：56
2024-01-28 20:02:18.716 INFO  [jason665522_bot Telegram Executor][com.yy.bscRobot.service.Web3Service:72] - 地址0xf4b2cc9f5636202fb490d3a3c74dab6a5c8a6481的BNB余额为0
2024-01-28 20:02:18.800 INFO  [jason665522_bot Telegram Executor][com.yy.bscRobot.service.Web3Service:57] - 当前web3的版本信息是：56
2024-01-28 20:02:18.887 INFO  [jason665522_bot Telegram Executor][com.yy.bscRobot.service.Web3Service:72] - 地址0x03bea65683ae3dff53da442c695ddd48f57d5065的BNB余额为0
2024-01-28 20:02:18.970 INFO  [jason665522_bot Telegram Executor][com.yy.bscRobot.service.Web3Service:57] - 当前web3的版本信息是：56
2024-01-28 20:02:19.056 INFO  [jason665522_bot Telegram Executor][com.yy.bscRobot.service.Web3Service:72] - 地址0x4824ae479865ee16fb5f998250f403406c8098d5的BNB余额为0
2024-01-28 20:02:26.050 INFO  [jason665522_bot Telegram Executor][com.yy.bscRobot.service.Web3Service:57] - 当前web3的版本信息是：56
2024-01-28 20:02:26.218 INFO  [jason665522_bot Telegram Executor][com.yy.bscRobot.service.Web3Service:57] - 当前web3的版本信息是：56
2024-01-28 20:02:26.384 INFO  [jason665522_bot Telegram Executor][com.yy.bscRobot.service.Web3Service:57] - 当前web3的版本信息是：56
2024-01-28 20:02:26.557 INFO  [jason665522_bot Telegram Executor][com.yy.bscRobot.service.Web3Service:57] - 当前web3的版本信息是：56
2024-01-28 20:02:26.724 INFO  [jason665522_bot Telegram Executor][com.yy.bscRobot.service.Web3Service:57] - 当前web3的版本信息是：56
2024-01-28 20:02:26.900 INFO  [jason665522_bot Telegram Executor][com.yy.bscRobot.service.Web3Service:57] - 当前web3的版本信息是：56
2024-01-28 20:02:27.077 INFO  [jason665522_bot Telegram Executor][com.yy.bscRobot.service.Web3Service:57] - 当前web3的版本信息是：56
2024-01-28 20:05:59.819 INFO  [SpringApplicationShutdownHook][com.alibaba.druid.pool.DruidDataSource:1965] - {dataSource-1} closing ...
2024-01-28 20:05:59.840 INFO  [SpringApplicationShutdownHook][com.alibaba.druid.pool.DruidDataSource:2037] - {dataSource-1} closed
2024-01-28 20:06:27.745 INFO  [main][org.springframework.boot.StartupInfoLogger:55] - Starting BscRobotAppication using Java 1.8.0_201 on PC-20190222MJLK with PID 4512 (D:\Project\TelegramRobot\BscRobot\target\classes started by Administrator in D:\Project\TelegramRobot)
2024-01-28 20:06:27.794 INFO  [main][org.springframework.boot.SpringApplication:646] - The following 1 profile is active: "default"
2024-01-28 20:06:32.218 INFO  [main][org.springframework.boot.web.embedded.tomcat.TomcatWebServer:108] - Tomcat initialized with port(s): 80 (http)
2024-01-28 20:06:32.255 INFO  [main][org.apache.juli.logging.DirectJDKLog:173] - Initializing ProtocolHandler ["http-nio-80"]
2024-01-28 20:06:32.256 INFO  [main][org.apache.juli.logging.DirectJDKLog:173] - Starting service [Tomcat]
2024-01-28 20:06:32.257 INFO  [main][org.apache.juli.logging.DirectJDKLog:173] - Starting Servlet engine: [Apache Tomcat/9.0.60]
2024-01-28 20:06:32.725 INFO  [main][org.apache.juli.logging.DirectJDKLog:173] - Initializing Spring embedded WebApplicationContext
2024-01-28 20:06:32.726 INFO  [main][org.springframework.boot.web.servlet.context.ServletWebServerApplicationContext:290] - Root WebApplicationContext: initialization completed in 4793 ms
2024-01-28 20:06:32.925 INFO  [main][com.alibaba.druid.spring.boot.autoconfigure.DruidDataSourceAutoConfigure:56] - Init DruidDataSource
2024-01-28 20:06:33.190 INFO  [main][com.alibaba.druid.pool.DruidDataSource:1003] - {dataSource-1} inited
2024-01-28 20:06:34.466 INFO  [main][org.apache.juli.logging.DirectJDKLog:173] - Starting ProtocolHandler ["http-nio-80"]
2024-01-28 20:06:34.507 INFO  [main][org.springframework.boot.web.embedded.tomcat.TomcatWebServer:220] - Tomcat started on port(s): 80 (http) with context path ''
2024-01-28 20:06:34.540 INFO  [main][org.springframework.boot.StartupInfoLogger:61] - Started BscRobotAppication in 7.703 seconds (JVM running for 17.913)
2024-01-28 20:06:58.687 INFO  [jason665522_bot Telegram Executor][com.yy.bscRobot.service.Web3Service:57] - 当前web3的版本信息是：56
2024-01-28 20:06:59.026 INFO  [jason665522_bot Telegram Executor][com.yy.bscRobot.service.Web3Service:57] - 当前web3的版本信息是：56
2024-01-28 20:06:59.207 INFO  [jason665522_bot Telegram Executor][com.yy.bscRobot.service.Web3Service:57] - 当前web3的版本信息是：56
2024-01-28 20:06:59.385 INFO  [jason665522_bot Telegram Executor][com.yy.bscRobot.service.Web3Service:57] - 当前web3的版本信息是：56
2024-01-28 20:06:59.564 INFO  [jason665522_bot Telegram Executor][com.yy.bscRobot.service.Web3Service:57] - 当前web3的版本信息是：56
2024-01-28 20:06:59.750 INFO  [jason665522_bot Telegram Executor][com.yy.bscRobot.service.Web3Service:57] - 当前web3的版本信息是：56
2024-01-28 20:06:59.928 INFO  [jason665522_bot Telegram Executor][com.yy.bscRobot.service.Web3Service:57] - 当前web3的版本信息是：56
2024-01-28 20:07:00.164 INFO  [jason665522_bot Telegram Executor][com.yy.bscRobot.service.Web3Service:57] - 当前web3的版本信息是：56
2024-01-28 20:07:00.255 INFO  [jason665522_bot Telegram Executor][com.yy.bscRobot.service.Web3Service:72] - 地址0x85e3fda60c5b1786b7daf6242c507df8994aebd7的BNB余额为6969612000000000
2024-01-28 20:07:00.342 INFO  [jason665522_bot Telegram Executor][com.yy.bscRobot.service.Web3Service:57] - 当前web3的版本信息是：56
2024-01-28 20:07:00.432 INFO  [jason665522_bot Telegram Executor][com.yy.bscRobot.service.Web3Service:72] - 地址0xec7b41b306c222b4bbe1aca2f6fbd08e6be04af1的BNB余额为7345552000000000
2024-01-28 20:07:00.522 INFO  [jason665522_bot Telegram Executor][com.yy.bscRobot.service.Web3Service:57] - 当前web3的版本信息是：56
2024-01-28 20:07:00.615 INFO  [jason665522_bot Telegram Executor][com.yy.bscRobot.service.Web3Service:72] - 地址0xf9c856699d9c13d99c1ec9a56ccf4126b5255185的BNB余额为47000000000000
2024-01-28 20:07:00.702 INFO  [jason665522_bot Telegram Executor][com.yy.bscRobot.service.Web3Service:57] - 当前web3的版本信息是：56
2024-01-28 20:07:00.798 INFO  [jason665522_bot Telegram Executor][com.yy.bscRobot.service.Web3Service:72] - 地址0xa079aae4ff24e746dbda1cb80135dc6830b27d31的BNB余额为12000000000000000
2024-01-28 20:07:00.887 INFO  [jason665522_bot Telegram Executor][com.yy.bscRobot.service.Web3Service:57] - 当前web3的版本信息是：56
2024-01-28 20:07:00.977 INFO  [jason665522_bot Telegram Executor][com.yy.bscRobot.service.Web3Service:72] - 地址0x143cb8db26cd6764432314a8be86baef252d86fd的BNB余额为0
2024-01-28 20:07:01.064 INFO  [jason665522_bot Telegram Executor][com.yy.bscRobot.service.Web3Service:57] - 当前web3的版本信息是：56
2024-01-28 20:07:01.154 INFO  [jason665522_bot Telegram Executor][com.yy.bscRobot.service.Web3Service:72] - 地址0x180cf4f7ae97fbf95182cf712943885a7663a08f的BNB余额为0
2024-01-28 20:07:01.244 INFO  [jason665522_bot Telegram Executor][com.yy.bscRobot.service.Web3Service:57] - 当前web3的版本信息是：56
2024-01-28 20:07:01.335 INFO  [jason665522_bot Telegram Executor][com.yy.bscRobot.service.Web3Service:72] - 地址0x9f049e403447f812f2372a0a8a669c293709bd8a的BNB余额为0
2024-01-28 20:07:01.422 INFO  [jason665522_bot Telegram Executor][com.yy.bscRobot.service.Web3Service:57] - 当前web3的版本信息是：56
2024-01-28 20:07:01.514 INFO  [jason665522_bot Telegram Executor][com.yy.bscRobot.service.Web3Service:72] - 地址0xf4b2cc9f5636202fb490d3a3c74dab6a5c8a6481的BNB余额为0
2024-01-28 20:07:01.601 INFO  [jason665522_bot Telegram Executor][com.yy.bscRobot.service.Web3Service:57] - 当前web3的版本信息是：56
2024-01-28 20:07:01.692 INFO  [jason665522_bot Telegram Executor][com.yy.bscRobot.service.Web3Service:72] - 地址0x03bea65683ae3dff53da442c695ddd48f57d5065的BNB余额为0
2024-01-28 20:07:01.780 INFO  [jason665522_bot Telegram Executor][com.yy.bscRobot.service.Web3Service:57] - 当前web3的版本信息是：56
2024-01-28 20:07:02.115 INFO  [jason665522_bot Telegram Executor][com.yy.bscRobot.service.Web3Service:72] - 地址0x4824ae479865ee16fb5f998250f403406c8098d5的BNB余额为0
2024-01-28 20:07:14.654 INFO  [jason665522_bot Telegram Executor][com.yy.bscRobot.service.Web3Service:57] - 当前web3的版本信息是：56
2024-01-28 20:07:14.830 INFO  [jason665522_bot Telegram Executor][com.yy.bscRobot.service.Web3Service:57] - 当前web3的版本信息是：56
2024-01-28 20:07:15.012 INFO  [jason665522_bot Telegram Executor][com.yy.bscRobot.service.Web3Service:57] - 当前web3的版本信息是：56
2024-01-28 20:07:15.193 INFO  [jason665522_bot Telegram Executor][com.yy.bscRobot.service.Web3Service:57] - 当前web3的版本信息是：56
2024-01-28 20:07:15.380 INFO  [jason665522_bot Telegram Executor][com.yy.bscRobot.service.Web3Service:57] - 当前web3的版本信息是：56
2024-01-28 20:07:15.557 INFO  [jason665522_bot Telegram Executor][com.yy.bscRobot.service.Web3Service:57] - 当前web3的版本信息是：56
2024-01-28 20:07:15.736 INFO  [jason665522_bot Telegram Executor][com.yy.bscRobot.service.Web3Service:57] - 当前web3的版本信息是：56
2024-01-28 20:07:41.294 INFO  [SpringApplicationShutdownHook][com.alibaba.druid.pool.DruidDataSource:1965] - {dataSource-1} closing ...
2024-01-28 20:07:41.328 INFO  [SpringApplicationShutdownHook][com.alibaba.druid.pool.DruidDataSource:2037] - {dataSource-1} closed
2024-01-28 20:08:10.406 INFO  [main][org.springframework.boot.StartupInfoLogger:55] - Starting BscRobotAppication using Java 1.8.0_201 on PC-20190222MJLK with PID 7224 (D:\Project\TelegramRobot\BscRobot\target\classes started by Administrator in D:\Project\TelegramRobot)
2024-01-28 20:08:10.422 INFO  [main][org.springframework.boot.SpringApplication:646] - The following 1 profile is active: "default"
2024-01-28 20:08:12.450 INFO  [main][org.springframework.boot.web.embedded.tomcat.TomcatWebServer:108] - Tomcat initialized with port(s): 80 (http)
2024-01-28 20:08:12.470 INFO  [main][org.apache.juli.logging.DirectJDKLog:173] - Initializing ProtocolHandler ["http-nio-80"]
2024-01-28 20:08:12.471 INFO  [main][org.apache.juli.logging.DirectJDKLog:173] - Starting service [Tomcat]
2024-01-28 20:08:12.472 INFO  [main][org.apache.juli.logging.DirectJDKLog:173] - Starting Servlet engine: [Apache Tomcat/9.0.60]
2024-01-28 20:08:12.799 INFO  [main][org.apache.juli.logging.DirectJDKLog:173] - Initializing Spring embedded WebApplicationContext
2024-01-28 20:08:12.799 INFO  [main][org.springframework.boot.web.servlet.context.ServletWebServerApplicationContext:290] - Root WebApplicationContext: initialization completed in 2302 ms
2024-01-28 20:08:12.949 INFO  [main][com.alibaba.druid.spring.boot.autoconfigure.DruidDataSourceAutoConfigure:56] - Init DruidDataSource
2024-01-28 20:08:13.156 INFO  [main][com.alibaba.druid.pool.DruidDataSource:1003] - {dataSource-1} inited
2024-01-28 20:08:14.160 INFO  [main][org.apache.juli.logging.DirectJDKLog:173] - Starting ProtocolHandler ["http-nio-80"]
2024-01-28 20:08:14.195 INFO  [main][org.springframework.boot.web.embedded.tomcat.TomcatWebServer:220] - Tomcat started on port(s): 80 (http) with context path ''
2024-01-28 20:08:14.219 INFO  [main][org.springframework.boot.StartupInfoLogger:61] - Started BscRobotAppication in 4.353 seconds (JVM running for 11.583)
2024-01-28 20:08:52.371 INFO  [jason665522_bot Telegram Executor][com.yy.bscRobot.service.Web3Service:57] - 当前web3的版本信息是：56
2024-01-28 20:08:52.693 INFO  [jason665522_bot Telegram Executor][com.yy.bscRobot.service.Web3Service:57] - 当前web3的版本信息是：56
2024-01-28 20:08:52.873 INFO  [jason665522_bot Telegram Executor][com.yy.bscRobot.service.Web3Service:57] - 当前web3的版本信息是：56
2024-01-28 20:08:53.059 INFO  [jason665522_bot Telegram Executor][com.yy.bscRobot.service.Web3Service:57] - 当前web3的版本信息是：56
2024-01-28 20:08:53.237 INFO  [jason665522_bot Telegram Executor][com.yy.bscRobot.service.Web3Service:57] - 当前web3的版本信息是：56
2024-01-28 20:08:53.422 INFO  [jason665522_bot Telegram Executor][com.yy.bscRobot.service.Web3Service:57] - 当前web3的版本信息是：56
2024-01-28 20:08:53.614 INFO  [jason665522_bot Telegram Executor][com.yy.bscRobot.service.Web3Service:57] - 当前web3的版本信息是：56
2024-01-28 20:08:53.856 INFO  [jason665522_bot Telegram Executor][com.yy.bscRobot.service.Web3Service:57] - 当前web3的版本信息是：56
2024-01-28 20:08:53.950 INFO  [jason665522_bot Telegram Executor][com.yy.bscRobot.service.Web3Service:72] - 地址0x85e3fda60c5b1786b7daf6242c507df8994aebd7的BNB余额为6898386000000000
2024-01-28 20:08:54.040 INFO  [jason665522_bot Telegram Executor][com.yy.bscRobot.service.Web3Service:57] - 当前web3的版本信息是：56
2024-01-28 20:08:54.131 INFO  [jason665522_bot Telegram Executor][com.yy.bscRobot.service.Web3Service:72] - 地址0xec7b41b306c222b4bbe1aca2f6fbd08e6be04af1的BNB余额为7345552000000000
2024-01-28 20:08:54.218 INFO  [jason665522_bot Telegram Executor][com.yy.bscRobot.service.Web3Service:57] - 当前web3的版本信息是：56
2024-01-28 20:08:54.308 INFO  [jason665522_bot Telegram Executor][com.yy.bscRobot.service.Web3Service:72] - 地址0xf9c856699d9c13d99c1ec9a56ccf4126b5255185的BNB余额为47000000000000
2024-01-28 20:08:54.396 INFO  [jason665522_bot Telegram Executor][com.yy.bscRobot.service.Web3Service:57] - 当前web3的版本信息是：56
2024-01-28 20:08:54.490 INFO  [jason665522_bot Telegram Executor][com.yy.bscRobot.service.Web3Service:72] - 地址0xa079aae4ff24e746dbda1cb80135dc6830b27d31的BNB余额为12000000000000000
2024-01-28 20:08:54.576 INFO  [jason665522_bot Telegram Executor][com.yy.bscRobot.service.Web3Service:57] - 当前web3的版本信息是：56
2024-01-28 20:08:54.670 INFO  [jason665522_bot Telegram Executor][com.yy.bscRobot.service.Web3Service:72] - 地址0x143cb8db26cd6764432314a8be86baef252d86fd的BNB余额为0
2024-01-28 20:08:54.765 INFO  [jason665522_bot Telegram Executor][com.yy.bscRobot.service.Web3Service:57] - 当前web3的版本信息是：56
2024-01-28 20:08:54.859 INFO  [jason665522_bot Telegram Executor][com.yy.bscRobot.service.Web3Service:72] - 地址0x180cf4f7ae97fbf95182cf712943885a7663a08f的BNB余额为0
2024-01-28 20:08:54.947 INFO  [jason665522_bot Telegram Executor][com.yy.bscRobot.service.Web3Service:57] - 当前web3的版本信息是：56
2024-01-28 20:08:55.036 INFO  [jason665522_bot Telegram Executor][com.yy.bscRobot.service.Web3Service:72] - 地址0x9f049e403447f812f2372a0a8a669c293709bd8a的BNB余额为0
2024-01-28 20:08:55.123 INFO  [jason665522_bot Telegram Executor][com.yy.bscRobot.service.Web3Service:57] - 当前web3的版本信息是：56
2024-01-28 20:08:55.212 INFO  [jason665522_bot Telegram Executor][com.yy.bscRobot.service.Web3Service:72] - 地址0xf4b2cc9f5636202fb490d3a3c74dab6a5c8a6481的BNB余额为0
2024-01-28 20:08:55.299 INFO  [jason665522_bot Telegram Executor][com.yy.bscRobot.service.Web3Service:57] - 当前web3的版本信息是：56
2024-01-28 20:08:55.388 INFO  [jason665522_bot Telegram Executor][com.yy.bscRobot.service.Web3Service:72] - 地址0x03bea65683ae3dff53da442c695ddd48f57d5065的BNB余额为0
2024-01-28 20:08:55.505 INFO  [jason665522_bot Telegram Executor][com.yy.bscRobot.service.Web3Service:57] - 当前web3的版本信息是：56
2024-01-28 20:08:55.605 INFO  [jason665522_bot Telegram Executor][com.yy.bscRobot.service.Web3Service:72] - 地址0x4824ae479865ee16fb5f998250f403406c8098d5的BNB余额为0
2024-01-28 20:09:02.988 INFO  [jason665522_bot Telegram Executor][com.yy.bscRobot.service.Web3Service:57] - 当前web3的版本信息是：56
2024-01-28 20:09:03.172 INFO  [jason665522_bot Telegram Executor][com.yy.bscRobot.service.Web3Service:57] - 当前web3的版本信息是：56
2024-01-28 20:09:03.585 INFO  [jason665522_bot Telegram Executor][com.yy.bscRobot.service.Web3Service:57] - 当前web3的版本信息是：56
2024-01-28 20:09:03.774 INFO  [jason665522_bot Telegram Executor][com.yy.bscRobot.service.Web3Service:57] - 当前web3的版本信息是：56
2024-01-28 20:09:03.952 INFO  [jason665522_bot Telegram Executor][com.yy.bscRobot.service.Web3Service:57] - 当前web3的版本信息是：56
2024-01-28 20:09:04.136 INFO  [jason665522_bot Telegram Executor][com.yy.bscRobot.service.Web3Service:57] - 当前web3的版本信息是：56
2024-01-28 20:09:04.318 INFO  [jason665522_bot Telegram Executor][com.yy.bscRobot.service.Web3Service:57] - 当前web3的版本信息是：56
2024-01-28 20:09:55.841 INFO  [SpringApplicationShutdownHook][com.alibaba.druid.pool.DruidDataSource:1965] - {dataSource-1} closing ...
2024-01-28 20:09:55.859 INFO  [SpringApplicationShutdownHook][com.alibaba.druid.pool.DruidDataSource:2037] - {dataSource-1} closed
2024-01-28 20:46:52.884 INFO  [main][org.springframework.boot.StartupInfoLogger:55] - Starting BscRobotAppication using Java 1.8.0_201 on PC-20190222MJLK with PID 14344 (D:\Project\TelegramRobot\BscRobot\target\classes started by Administrator in D:\Project\TelegramRobot)
2024-01-28 20:46:52.913 INFO  [main][org.springframework.boot.SpringApplication:646] - The following 1 profile is active: "default"
2024-01-28 20:46:55.889 INFO  [main][org.springframework.boot.web.embedded.tomcat.TomcatWebServer:108] - Tomcat initialized with port(s): 80 (http)
2024-01-28 20:46:55.916 INFO  [main][org.apache.juli.logging.DirectJDKLog:173] - Initializing ProtocolHandler ["http-nio-80"]
2024-01-28 20:46:55.917 INFO  [main][org.apache.juli.logging.DirectJDKLog:173] - Starting service [Tomcat]
2024-01-28 20:46:55.917 INFO  [main][org.apache.juli.logging.DirectJDKLog:173] - Starting Servlet engine: [Apache Tomcat/9.0.60]
2024-01-28 20:46:56.324 INFO  [main][org.apache.juli.logging.DirectJDKLog:173] - Initializing Spring embedded WebApplicationContext
2024-01-28 20:46:56.324 INFO  [main][org.springframework.boot.web.servlet.context.ServletWebServerApplicationContext:290] - Root WebApplicationContext: initialization completed in 3292 ms
2024-01-28 20:46:56.552 INFO  [main][com.alibaba.druid.spring.boot.autoconfigure.DruidDataSourceAutoConfigure:56] - Init DruidDataSource
2024-01-28 20:46:56.832 INFO  [main][com.alibaba.druid.pool.DruidDataSource:1003] - {dataSource-1} inited
2024-01-28 20:46:58.117 INFO  [main][org.apache.juli.logging.DirectJDKLog:173] - Starting ProtocolHandler ["http-nio-80"]
2024-01-28 20:46:58.154 INFO  [main][org.springframework.boot.web.embedded.tomcat.TomcatWebServer:220] - Tomcat started on port(s): 80 (http) with context path ''
2024-01-28 20:46:58.177 INFO  [main][org.springframework.boot.StartupInfoLogger:61] - Started BscRobotAppication in 6.074 seconds (JVM running for 14.986)
2024-01-28 20:47:29.955 INFO  [jason665522_bot Telegram Executor][com.yy.bscRobot.service.Web3Service:54] - 当前web3的版本信息是：56
2024-01-28 20:47:30.282 INFO  [jason665522_bot Telegram Executor][com.yy.bscRobot.service.Web3Service:54] - 当前web3的版本信息是：56
2024-01-28 20:47:30.451 INFO  [jason665522_bot Telegram Executor][com.yy.bscRobot.service.Web3Service:54] - 当前web3的版本信息是：56
2024-01-28 20:47:30.629 INFO  [jason665522_bot Telegram Executor][com.yy.bscRobot.service.Web3Service:54] - 当前web3的版本信息是：56
2024-01-28 20:47:30.805 INFO  [jason665522_bot Telegram Executor][com.yy.bscRobot.service.Web3Service:54] - 当前web3的版本信息是：56
2024-01-28 20:47:30.984 INFO  [jason665522_bot Telegram Executor][com.yy.bscRobot.service.Web3Service:54] - 当前web3的版本信息是：56
2024-01-28 20:47:31.161 INFO  [jason665522_bot Telegram Executor][com.yy.bscRobot.service.Web3Service:54] - 当前web3的版本信息是：56
2024-01-28 20:47:31.398 INFO  [jason665522_bot Telegram Executor][com.yy.bscRobot.service.Web3Service:54] - 当前web3的版本信息是：56
2024-01-28 20:47:31.487 INFO  [jason665522_bot Telegram Executor][com.yy.bscRobot.service.Web3Service:69] - 地址0x85e3fda60c5b1786b7daf6242c507df8994aebd7的BNB余额为6739827000000000
2024-01-28 20:47:31.571 INFO  [jason665522_bot Telegram Executor][com.yy.bscRobot.service.Web3Service:54] - 当前web3的版本信息是：56
2024-01-28 20:47:31.655 INFO  [jason665522_bot Telegram Executor][com.yy.bscRobot.service.Web3Service:69] - 地址0xec7b41b306c222b4bbe1aca2f6fbd08e6be04af1的BNB余额为7345552000000000
2024-01-28 20:47:31.739 INFO  [jason665522_bot Telegram Executor][com.yy.bscRobot.service.Web3Service:54] - 当前web3的版本信息是：56
2024-01-28 20:47:31.827 INFO  [jason665522_bot Telegram Executor][com.yy.bscRobot.service.Web3Service:69] - 地址0xf9c856699d9c13d99c1ec9a56ccf4126b5255185的BNB余额为47000000000000
2024-01-28 20:47:31.911 INFO  [jason665522_bot Telegram Executor][com.yy.bscRobot.service.Web3Service:54] - 当前web3的版本信息是：56
2024-01-28 20:47:31.996 INFO  [jason665522_bot Telegram Executor][com.yy.bscRobot.service.Web3Service:69] - 地址0xa079aae4ff24e746dbda1cb80135dc6830b27d31的BNB余额为12000000000000000
2024-01-28 20:47:32.080 INFO  [jason665522_bot Telegram Executor][com.yy.bscRobot.service.Web3Service:54] - 当前web3的版本信息是：56
2024-01-28 20:47:32.171 INFO  [jason665522_bot Telegram Executor][com.yy.bscRobot.service.Web3Service:69] - 地址0x143cb8db26cd6764432314a8be86baef252d86fd的BNB余额为0
2024-01-28 20:47:32.256 INFO  [jason665522_bot Telegram Executor][com.yy.bscRobot.service.Web3Service:54] - 当前web3的版本信息是：56
2024-01-28 20:47:32.345 INFO  [jason665522_bot Telegram Executor][com.yy.bscRobot.service.Web3Service:69] - 地址0x180cf4f7ae97fbf95182cf712943885a7663a08f的BNB余额为0
2024-01-28 20:47:32.429 INFO  [jason665522_bot Telegram Executor][com.yy.bscRobot.service.Web3Service:54] - 当前web3的版本信息是：56
2024-01-28 20:47:32.514 INFO  [jason665522_bot Telegram Executor][com.yy.bscRobot.service.Web3Service:69] - 地址0x9f049e403447f812f2372a0a8a669c293709bd8a的BNB余额为0
2024-01-28 20:47:32.602 INFO  [jason665522_bot Telegram Executor][com.yy.bscRobot.service.Web3Service:54] - 当前web3的版本信息是：56
2024-01-28 20:47:32.689 INFO  [jason665522_bot Telegram Executor][com.yy.bscRobot.service.Web3Service:69] - 地址0xf4b2cc9f5636202fb490d3a3c74dab6a5c8a6481的BNB余额为0
2024-01-28 20:47:32.774 INFO  [jason665522_bot Telegram Executor][com.yy.bscRobot.service.Web3Service:54] - 当前web3的版本信息是：56
2024-01-28 20:47:32.858 INFO  [jason665522_bot Telegram Executor][com.yy.bscRobot.service.Web3Service:69] - 地址0x03bea65683ae3dff53da442c695ddd48f57d5065的BNB余额为0
2024-01-28 20:47:32.941 INFO  [jason665522_bot Telegram Executor][com.yy.bscRobot.service.Web3Service:54] - 当前web3的版本信息是：56
2024-01-28 20:47:33.028 INFO  [jason665522_bot Telegram Executor][com.yy.bscRobot.service.Web3Service:69] - 地址0x4824ae479865ee16fb5f998250f403406c8098d5的BNB余额为0
2024-01-28 20:47:39.687 INFO  [jason665522_bot Telegram Executor][com.yy.bscRobot.service.Web3Service:54] - 当前web3的版本信息是：56
2024-01-28 20:47:39.869 INFO  [jason665522_bot Telegram Executor][com.yy.bscRobot.service.Web3Service:54] - 当前web3的版本信息是：56
2024-01-28 20:47:40.051 INFO  [jason665522_bot Telegram Executor][com.yy.bscRobot.service.Web3Service:54] - 当前web3的版本信息是：56
2024-01-28 20:47:40.222 INFO  [jason665522_bot Telegram Executor][com.yy.bscRobot.service.Web3Service:54] - 当前web3的版本信息是：56
2024-01-28 20:47:40.404 INFO  [jason665522_bot Telegram Executor][com.yy.bscRobot.service.Web3Service:54] - 当前web3的版本信息是：56
2024-01-28 20:47:40.578 INFO  [jason665522_bot Telegram Executor][com.yy.bscRobot.service.Web3Service:54] - 当前web3的版本信息是：56
2024-01-28 20:47:48.238 INFO  [jason665522_bot Telegram Executor][com.yy.bscRobot.service.Web3Service:54] - 当前web3的版本信息是：56
2024-01-28 20:47:48.410 INFO  [jason665522_bot Telegram Executor][com.yy.bscRobot.service.Web3Service:54] - 当前web3的版本信息是：56
2024-01-28 20:48:24.193 INFO  [SpringApplicationShutdownHook][com.alibaba.druid.pool.DruidDataSource:1965] - {dataSource-1} closing ...
2024-01-28 20:48:24.204 INFO  [SpringApplicationShutdownHook][com.alibaba.druid.pool.DruidDataSource:2037] - {dataSource-1} closed
2024-01-28 20:53:57.583 INFO  [main][org.springframework.boot.StartupInfoLogger:55] - Starting BscRobotAppication using Java 1.8.0_201 on PC-20190222MJLK with PID 12300 (D:\Project\TelegramRobot\BscRobot\target\classes started by Administrator in D:\Project\TelegramRobot)
2024-01-28 20:53:57.595 INFO  [main][org.springframework.boot.SpringApplication:646] - The following 1 profile is active: "default"
2024-01-28 20:53:59.156 INFO  [main][org.springframework.boot.web.embedded.tomcat.TomcatWebServer:108] - Tomcat initialized with port(s): 80 (http)
2024-01-28 20:53:59.170 INFO  [main][org.apache.juli.logging.DirectJDKLog:173] - Initializing ProtocolHandler ["http-nio-80"]
2024-01-28 20:53:59.171 INFO  [main][org.apache.juli.logging.DirectJDKLog:173] - Starting service [Tomcat]
2024-01-28 20:53:59.172 INFO  [main][org.apache.juli.logging.DirectJDKLog:173] - Starting Servlet engine: [Apache Tomcat/9.0.60]
2024-01-28 20:53:59.419 INFO  [main][org.apache.juli.logging.DirectJDKLog:173] - Initializing Spring embedded WebApplicationContext
2024-01-28 20:53:59.419 INFO  [main][org.springframework.boot.web.servlet.context.ServletWebServerApplicationContext:290] - Root WebApplicationContext: initialization completed in 1764 ms
2024-01-28 20:53:59.573 INFO  [main][com.alibaba.druid.spring.boot.autoconfigure.DruidDataSourceAutoConfigure:56] - Init DruidDataSource
2024-01-28 20:53:59.760 INFO  [main][com.alibaba.druid.pool.DruidDataSource:1003] - {dataSource-1} inited
2024-01-28 20:54:00.902 INFO  [main][org.apache.juli.logging.DirectJDKLog:173] - Starting ProtocolHandler ["http-nio-80"]
2024-01-28 20:54:00.955 INFO  [main][org.springframework.boot.web.embedded.tomcat.TomcatWebServer:220] - Tomcat started on port(s): 80 (http) with context path ''
2024-01-28 20:54:00.988 INFO  [main][org.springframework.boot.StartupInfoLogger:61] - Started BscRobotAppication in 3.84 seconds (JVM running for 10.971)
2024-01-28 20:54:23.589 INFO  [jason665522_bot Telegram Executor][com.yy.bscRobot.service.Web3Service:54] - 当前web3的版本信息是：56
2024-01-28 20:54:23.926 INFO  [jason665522_bot Telegram Executor][com.yy.bscRobot.service.Web3Service:54] - 当前web3的版本信息是：56
2024-01-28 20:54:24.101 INFO  [jason665522_bot Telegram Executor][com.yy.bscRobot.service.Web3Service:54] - 当前web3的版本信息是：56
2024-01-28 20:54:24.292 INFO  [jason665522_bot Telegram Executor][com.yy.bscRobot.service.Web3Service:54] - 当前web3的版本信息是：56
2024-01-28 20:54:24.467 INFO  [jason665522_bot Telegram Executor][com.yy.bscRobot.service.Web3Service:54] - 当前web3的版本信息是：56
2024-01-28 20:54:24.642 INFO  [jason665522_bot Telegram Executor][com.yy.bscRobot.service.Web3Service:54] - 当前web3的版本信息是：56
2024-01-28 20:54:24.817 INFO  [jason665522_bot Telegram Executor][com.yy.bscRobot.service.Web3Service:54] - 当前web3的版本信息是：56
2024-01-28 20:54:25.049 INFO  [jason665522_bot Telegram Executor][com.yy.bscRobot.service.Web3Service:54] - 当前web3的版本信息是：56
2024-01-28 20:54:25.142 INFO  [jason665522_bot Telegram Executor][com.yy.bscRobot.service.Web3Service:69] - 地址0x85e3fda60c5b1786b7daf6242c507df8994aebd7的BNB余额为6601245000000000
2024-01-28 20:54:25.229 INFO  [jason665522_bot Telegram Executor][com.yy.bscRobot.service.Web3Service:54] - 当前web3的版本信息是：56
2024-01-28 20:54:25.319 INFO  [jason665522_bot Telegram Executor][com.yy.bscRobot.service.Web3Service:69] - 地址0xec7b41b306c222b4bbe1aca2f6fbd08e6be04af1的BNB余额为7345552000000000
2024-01-28 20:54:25.405 INFO  [jason665522_bot Telegram Executor][com.yy.bscRobot.service.Web3Service:54] - 当前web3的版本信息是：56
2024-01-28 20:54:25.493 INFO  [jason665522_bot Telegram Executor][com.yy.bscRobot.service.Web3Service:69] - 地址0xf9c856699d9c13d99c1ec9a56ccf4126b5255185的BNB余额为47000000000000
2024-01-28 20:54:25.577 INFO  [jason665522_bot Telegram Executor][com.yy.bscRobot.service.Web3Service:54] - 当前web3的版本信息是：56
2024-01-28 20:54:25.664 INFO  [jason665522_bot Telegram Executor][com.yy.bscRobot.service.Web3Service:69] - 地址0xa079aae4ff24e746dbda1cb80135dc6830b27d31的BNB余额为12000000000000000
2024-01-28 20:54:25.753 INFO  [jason665522_bot Telegram Executor][com.yy.bscRobot.service.Web3Service:54] - 当前web3的版本信息是：56
2024-01-28 20:54:25.840 INFO  [jason665522_bot Telegram Executor][com.yy.bscRobot.service.Web3Service:69] - 地址0x143cb8db26cd6764432314a8be86baef252d86fd的BNB余额为0
2024-01-28 20:54:25.925 INFO  [jason665522_bot Telegram Executor][com.yy.bscRobot.service.Web3Service:54] - 当前web3的版本信息是：56
2024-01-28 20:54:26.014 INFO  [jason665522_bot Telegram Executor][com.yy.bscRobot.service.Web3Service:69] - 地址0x180cf4f7ae97fbf95182cf712943885a7663a08f的BNB余额为0
2024-01-28 20:54:26.098 INFO  [jason665522_bot Telegram Executor][com.yy.bscRobot.service.Web3Service:54] - 当前web3的版本信息是：56
2024-01-28 20:54:26.185 INFO  [jason665522_bot Telegram Executor][com.yy.bscRobot.service.Web3Service:69] - 地址0x9f049e403447f812f2372a0a8a669c293709bd8a的BNB余额为0
2024-01-28 20:54:26.269 INFO  [jason665522_bot Telegram Executor][com.yy.bscRobot.service.Web3Service:54] - 当前web3的版本信息是：56
2024-01-28 20:54:26.357 INFO  [jason665522_bot Telegram Executor][com.yy.bscRobot.service.Web3Service:69] - 地址0xf4b2cc9f5636202fb490d3a3c74dab6a5c8a6481的BNB余额为0
2024-01-28 20:54:26.442 INFO  [jason665522_bot Telegram Executor][com.yy.bscRobot.service.Web3Service:54] - 当前web3的版本信息是：56
2024-01-28 20:54:26.526 INFO  [jason665522_bot Telegram Executor][com.yy.bscRobot.service.Web3Service:69] - 地址0x03bea65683ae3dff53da442c695ddd48f57d5065的BNB余额为0
2024-01-28 20:54:26.612 INFO  [jason665522_bot Telegram Executor][com.yy.bscRobot.service.Web3Service:54] - 当前web3的版本信息是：56
2024-01-28 20:54:26.706 INFO  [jason665522_bot Telegram Executor][com.yy.bscRobot.service.Web3Service:69] - 地址0x4824ae479865ee16fb5f998250f403406c8098d5的BNB余额为0
2024-01-28 20:54:31.546 INFO  [jason665522_bot Telegram Executor][com.yy.bscRobot.service.Web3Service:54] - 当前web3的版本信息是：56
2024-01-28 20:54:31.721 INFO  [jason665522_bot Telegram Executor][com.yy.bscRobot.service.Web3Service:54] - 当前web3的版本信息是：56
2024-01-28 20:54:31.896 INFO  [jason665522_bot Telegram Executor][com.yy.bscRobot.service.Web3Service:54] - 当前web3的版本信息是：56
2024-01-28 20:54:32.085 INFO  [jason665522_bot Telegram Executor][com.yy.bscRobot.service.Web3Service:54] - 当前web3的版本信息是：56
2024-01-28 20:54:32.266 INFO  [jason665522_bot Telegram Executor][com.yy.bscRobot.service.Web3Service:54] - 当前web3的版本信息是：56
2024-01-28 20:54:32.440 INFO  [jason665522_bot Telegram Executor][com.yy.bscRobot.service.Web3Service:54] - 当前web3的版本信息是：56
2024-01-28 20:54:32.623 INFO  [jason665522_bot Telegram Executor][com.yy.bscRobot.service.Web3Service:54] - 当前web3的版本信息是：56
2024-01-28 20:54:41.223 INFO  [jason665522_bot Telegram Executor][com.yy.bscRobot.service.Web3Service:54] - 当前web3的版本信息是：56
2024-01-28 20:54:41.543 INFO  [jason665522_bot Telegram Executor][com.yy.bscRobot.service.Web3Service:54] - 当前web3的版本信息是：56
2024-01-28 21:01:31.582 INFO  [jason665522_bot Telegram Executor][com.yy.bscRobot.service.Web3Service:54] - 当前web3的版本信息是：56
2024-01-28 21:01:31.757 INFO  [jason665522_bot Telegram Executor][com.yy.bscRobot.service.Web3Service:54] - 当前web3的版本信息是：56
2024-01-28 21:01:31.932 INFO  [jason665522_bot Telegram Executor][com.yy.bscRobot.service.Web3Service:54] - 当前web3的版本信息是：56
2024-01-28 21:01:32.107 INFO  [jason665522_bot Telegram Executor][com.yy.bscRobot.service.Web3Service:54] - 当前web3的版本信息是：56
2024-01-28 21:01:32.278 INFO  [jason665522_bot Telegram Executor][com.yy.bscRobot.service.Web3Service:54] - 当前web3的版本信息是：56
2024-01-28 21:01:32.451 INFO  [jason665522_bot Telegram Executor][com.yy.bscRobot.service.Web3Service:54] - 当前web3的版本信息是：56
2024-01-28 21:01:32.620 INFO  [jason665522_bot Telegram Executor][com.yy.bscRobot.service.Web3Service:54] - 当前web3的版本信息是：56
2024-01-28 21:01:32.791 INFO  [jason665522_bot Telegram Executor][com.yy.bscRobot.service.Web3Service:54] - 当前web3的版本信息是：56
2024-01-28 21:01:32.962 INFO  [jason665522_bot Telegram Executor][com.yy.bscRobot.service.Web3Service:54] - 当前web3的版本信息是：56
2024-01-28 21:01:33.230 INFO  [jason665522_bot Telegram Executor][com.yy.bscRobot.service.Web3Service:54] - 当前web3的版本信息是：56
2024-01-28 21:01:33.406 INFO  [jason665522_bot Telegram Executor][com.yy.bscRobot.service.Web3Service:54] - 当前web3的版本信息是：56
2024-01-28 21:02:29.266 INFO  [SpringApplicationShutdownHook][com.alibaba.druid.pool.DruidDataSource:1965] - {dataSource-1} closing ...
2024-01-28 21:02:29.272 INFO  [SpringApplicationShutdownHook][com.alibaba.druid.pool.DruidDataSource:2037] - {dataSource-1} closed
2024-01-28 21:03:47.675 INFO  [main][org.springframework.boot.StartupInfoLogger:55] - Starting BscRobotAppication using Java 1.8.0_201 on PC-20190222MJLK with PID 15108 (D:\Project\TelegramRobot\BscRobot\target\classes started by Administrator in D:\Project\TelegramRobot)
2024-01-28 21:03:47.693 INFO  [main][org.springframework.boot.SpringApplication:646] - The following 1 profile is active: "default"
2024-01-28 21:03:49.979 INFO  [main][org.springframework.boot.web.embedded.tomcat.TomcatWebServer:108] - Tomcat initialized with port(s): 80 (http)
2024-01-28 21:03:49.997 INFO  [main][org.apache.juli.logging.DirectJDKLog:173] - Initializing ProtocolHandler ["http-nio-80"]
2024-01-28 21:03:49.998 INFO  [main][org.apache.juli.logging.DirectJDKLog:173] - Starting service [Tomcat]
2024-01-28 21:03:49.999 INFO  [main][org.apache.juli.logging.DirectJDKLog:173] - Starting Servlet engine: [Apache Tomcat/9.0.60]
2024-01-28 21:03:50.282 INFO  [main][org.apache.juli.logging.DirectJDKLog:173] - Initializing Spring embedded WebApplicationContext
2024-01-28 21:03:50.283 INFO  [main][org.springframework.boot.web.servlet.context.ServletWebServerApplicationContext:290] - Root WebApplicationContext: initialization completed in 2496 ms
2024-01-28 21:03:50.428 INFO  [main][com.alibaba.druid.spring.boot.autoconfigure.DruidDataSourceAutoConfigure:56] - Init DruidDataSource
2024-01-28 21:03:50.628 INFO  [main][com.alibaba.druid.pool.DruidDataSource:1003] - {dataSource-1} inited
2024-01-28 21:03:51.684 INFO  [main][org.apache.juli.logging.DirectJDKLog:173] - Starting ProtocolHandler ["http-nio-80"]
2024-01-28 21:03:51.720 INFO  [main][org.springframework.boot.web.embedded.tomcat.TomcatWebServer:220] - Tomcat started on port(s): 80 (http) with context path ''
2024-01-28 21:03:51.745 INFO  [main][org.springframework.boot.StartupInfoLogger:61] - Started BscRobotAppication in 4.663 seconds (JVM running for 12.971)
2024-01-28 21:04:09.480 INFO  [jason665522_bot Telegram Executor][com.yy.bscRobot.service.Web3Service:54] - 当前web3的版本信息是：56
2024-01-28 21:04:09.809 INFO  [jason665522_bot Telegram Executor][com.yy.bscRobot.service.Web3Service:54] - 当前web3的版本信息是：56
2024-01-28 21:04:09.990 INFO  [jason665522_bot Telegram Executor][com.yy.bscRobot.service.Web3Service:54] - 当前web3的版本信息是：56
2024-01-28 21:04:10.169 INFO  [jason665522_bot Telegram Executor][com.yy.bscRobot.service.Web3Service:54] - 当前web3的版本信息是：56
2024-01-28 21:04:10.351 INFO  [jason665522_bot Telegram Executor][com.yy.bscRobot.service.Web3Service:54] - 当前web3的版本信息是：56
2024-01-28 21:04:10.528 INFO  [jason665522_bot Telegram Executor][com.yy.bscRobot.service.Web3Service:54] - 当前web3的版本信息是：56
2024-01-28 21:04:10.705 INFO  [jason665522_bot Telegram Executor][com.yy.bscRobot.service.Web3Service:54] - 当前web3的版本信息是：56
2024-01-28 21:04:10.931 INFO  [jason665522_bot Telegram Executor][com.yy.bscRobot.service.Web3Service:54] - 当前web3的版本信息是：56
2024-01-28 21:04:11.023 INFO  [jason665522_bot Telegram Executor][com.yy.bscRobot.service.Web3Service:69] - 地址0x85e3fda60c5b1786b7daf6242c507df8994aebd7的BNB余额为6243081571454971
2024-01-28 21:04:11.108 INFO  [jason665522_bot Telegram Executor][com.yy.bscRobot.service.Web3Service:54] - 当前web3的版本信息是：56
2024-01-28 21:04:11.195 INFO  [jason665522_bot Telegram Executor][com.yy.bscRobot.service.Web3Service:69] - 地址0xec7b41b306c222b4bbe1aca2f6fbd08e6be04af1的BNB余额为7345552000000000
2024-01-28 21:04:11.281 INFO  [jason665522_bot Telegram Executor][com.yy.bscRobot.service.Web3Service:54] - 当前web3的版本信息是：56
2024-01-28 21:04:11.369 INFO  [jason665522_bot Telegram Executor][com.yy.bscRobot.service.Web3Service:69] - 地址0xf9c856699d9c13d99c1ec9a56ccf4126b5255185的BNB余额为47000000000000
2024-01-28 21:04:11.457 INFO  [jason665522_bot Telegram Executor][com.yy.bscRobot.service.Web3Service:54] - 当前web3的版本信息是：56
2024-01-28 21:04:11.547 INFO  [jason665522_bot Telegram Executor][com.yy.bscRobot.service.Web3Service:69] - 地址0xa079aae4ff24e746dbda1cb80135dc6830b27d31的BNB余额为12000000000000000
2024-01-28 21:04:11.633 INFO  [jason665522_bot Telegram Executor][com.yy.bscRobot.service.Web3Service:54] - 当前web3的版本信息是：56
2024-01-28 21:04:11.724 INFO  [jason665522_bot Telegram Executor][com.yy.bscRobot.service.Web3Service:69] - 地址0x143cb8db26cd6764432314a8be86baef252d86fd的BNB余额为0
2024-01-28 21:04:11.810 INFO  [jason665522_bot Telegram Executor][com.yy.bscRobot.service.Web3Service:54] - 当前web3的版本信息是：56
2024-01-28 21:04:11.901 INFO  [jason665522_bot Telegram Executor][com.yy.bscRobot.service.Web3Service:69] - 地址0x180cf4f7ae97fbf95182cf712943885a7663a08f的BNB余额为0
2024-01-28 21:04:11.988 INFO  [jason665522_bot Telegram Executor][com.yy.bscRobot.service.Web3Service:54] - 当前web3的版本信息是：56
2024-01-28 21:04:12.074 INFO  [jason665522_bot Telegram Executor][com.yy.bscRobot.service.Web3Service:69] - 地址0x9f049e403447f812f2372a0a8a669c293709bd8a的BNB余额为0
2024-01-28 21:04:12.161 INFO  [jason665522_bot Telegram Executor][com.yy.bscRobot.service.Web3Service:54] - 当前web3的版本信息是：56
2024-01-28 21:04:12.247 INFO  [jason665522_bot Telegram Executor][com.yy.bscRobot.service.Web3Service:69] - 地址0xf4b2cc9f5636202fb490d3a3c74dab6a5c8a6481的BNB余额为0
2024-01-28 21:04:12.335 INFO  [jason665522_bot Telegram Executor][com.yy.bscRobot.service.Web3Service:54] - 当前web3的版本信息是：56
2024-01-28 21:04:12.422 INFO  [jason665522_bot Telegram Executor][com.yy.bscRobot.service.Web3Service:69] - 地址0x03bea65683ae3dff53da442c695ddd48f57d5065的BNB余额为0
2024-01-28 21:04:12.510 INFO  [jason665522_bot Telegram Executor][com.yy.bscRobot.service.Web3Service:54] - 当前web3的版本信息是：56
2024-01-28 21:04:12.598 INFO  [jason665522_bot Telegram Executor][com.yy.bscRobot.service.Web3Service:69] - 地址0x4824ae479865ee16fb5f998250f403406c8098d5的BNB余额为0
2024-01-28 21:04:25.670 INFO  [jason665522_bot Telegram Executor][com.yy.bscRobot.service.Web3Service:54] - 当前web3的版本信息是：56
2024-01-28 21:04:25.846 INFO  [jason665522_bot Telegram Executor][com.yy.bscRobot.service.Web3Service:54] - 当前web3的版本信息是：56
2024-01-28 21:04:26.037 INFO  [jason665522_bot Telegram Executor][com.yy.bscRobot.service.Web3Service:54] - 当前web3的版本信息是：56
2024-01-28 21:04:26.214 INFO  [jason665522_bot Telegram Executor][com.yy.bscRobot.service.Web3Service:54] - 当前web3的版本信息是：56
2024-01-28 21:04:26.390 INFO  [jason665522_bot Telegram Executor][com.yy.bscRobot.service.Web3Service:54] - 当前web3的版本信息是：56
2024-01-28 21:04:26.565 INFO  [jason665522_bot Telegram Executor][com.yy.bscRobot.service.Web3Service:54] - 当前web3的版本信息是：56
2024-01-28 21:04:26.746 INFO  [jason665522_bot Telegram Executor][com.yy.bscRobot.service.Web3Service:54] - 当前web3的版本信息是：56
2024-01-28 21:04:26.924 INFO  [jason665522_bot Telegram Executor][com.yy.bscRobot.service.Web3Service:54] - 当前web3的版本信息是：56
2024-01-28 21:04:27.018 INFO  [jason665522_bot Telegram Executor][com.yy.bscRobot.service.Web3Service:54] - 当前web3的版本信息是：56
2024-01-28 21:05:06.136 INFO  [jason665522_bot Telegram Executor][com.yy.bscRobot.service.Web3Service:54] - 当前web3的版本信息是：56
2024-01-28 21:05:06.310 INFO  [jason665522_bot Telegram Executor][com.yy.bscRobot.service.Web3Service:54] - 当前web3的版本信息是：56
2024-01-28 21:05:06.483 INFO  [jason665522_bot Telegram Executor][com.yy.bscRobot.service.Web3Service:54] - 当前web3的版本信息是：56
2024-01-28 21:05:06.659 INFO  [jason665522_bot Telegram Executor][com.yy.bscRobot.service.Web3Service:54] - 当前web3的版本信息是：56
2024-01-28 21:05:06.834 INFO  [jason665522_bot Telegram Executor][com.yy.bscRobot.service.Web3Service:54] - 当前web3的版本信息是：56
2024-01-28 21:05:07.008 INFO  [jason665522_bot Telegram Executor][com.yy.bscRobot.service.Web3Service:54] - 当前web3的版本信息是：56
2024-01-28 21:05:07.182 INFO  [jason665522_bot Telegram Executor][com.yy.bscRobot.service.Web3Service:54] - 当前web3的版本信息是：56
2024-01-28 21:05:07.360 INFO  [jason665522_bot Telegram Executor][com.yy.bscRobot.service.Web3Service:54] - 当前web3的版本信息是：56
2024-01-28 21:05:07.449 INFO  [jason665522_bot Telegram Executor][com.yy.bscRobot.service.Web3Service:54] - 当前web3的版本信息是：56
2024-01-28 21:05:07.722 INFO  [jason665522_bot Telegram Executor][com.yy.bscRobot.service.Web3Service:54] - 当前web3的版本信息是：56
2024-01-28 21:05:07.811 INFO  [jason665522_bot Telegram Executor][com.yy.bscRobot.service.Web3Service:54] - 当前web3的版本信息是：56
2024-01-28 21:05:55.944 INFO  [SpringApplicationShutdownHook][com.alibaba.druid.pool.DruidDataSource:1965] - {dataSource-1} closing ...
2024-01-28 21:05:55.963 INFO  [SpringApplicationShutdownHook][com.alibaba.druid.pool.DruidDataSource:2037] - {dataSource-1} closed
2024-01-28 22:37:23.688 INFO  [main][org.springframework.boot.StartupInfoLogger:55] - Starting BscRobotAppication using Java 1.8.0_201 on PC-20190222MJLK with PID 6396 (D:\Project\TelegramRobot\BscRobot\target\classes started by Administrator in D:\Project\TelegramRobot)
2024-01-28 22:37:23.712 INFO  [main][org.springframework.boot.SpringApplication:646] - The following 1 profile is active: "default"
2024-01-28 22:37:27.260 INFO  [main][org.springframework.boot.web.embedded.tomcat.TomcatWebServer:108] - Tomcat initialized with port(s): 80 (http)
2024-01-28 22:37:27.290 INFO  [main][org.apache.juli.logging.DirectJDKLog:173] - Initializing ProtocolHandler ["http-nio-80"]
2024-01-28 22:37:27.291 INFO  [main][org.apache.juli.logging.DirectJDKLog:173] - Starting service [Tomcat]
2024-01-28 22:37:27.292 INFO  [main][org.apache.juli.logging.DirectJDKLog:173] - Starting Servlet engine: [Apache Tomcat/9.0.60]
2024-01-28 22:37:27.821 INFO  [main][org.apache.juli.logging.DirectJDKLog:173] - Initializing Spring embedded WebApplicationContext
2024-01-28 22:37:27.822 INFO  [main][org.springframework.boot.web.servlet.context.ServletWebServerApplicationContext:290] - Root WebApplicationContext: initialization completed in 3986 ms
2024-01-28 22:37:28.137 INFO  [main][com.alibaba.druid.spring.boot.autoconfigure.DruidDataSourceAutoConfigure:56] - Init DruidDataSource
2024-01-28 22:37:28.533 INFO  [main][com.alibaba.druid.pool.DruidDataSource:1003] - {dataSource-1} inited
2024-01-28 22:37:29.991 INFO  [main][org.apache.juli.logging.DirectJDKLog:173] - Starting ProtocolHandler ["http-nio-80"]
2024-01-28 22:37:30.056 INFO  [main][org.springframework.boot.web.embedded.tomcat.TomcatWebServer:220] - Tomcat started on port(s): 80 (http) with context path ''
2024-01-28 22:37:30.081 INFO  [main][org.springframework.boot.StartupInfoLogger:61] - Started BscRobotAppication in 7.056 seconds (JVM running for 15.843)
2024-01-28 22:37:56.694 INFO  [jason665522_bot Telegram Executor][com.yy.bscRobot.service.Web3Service:54] - 当前web3的版本信息是：56
2024-01-28 22:37:57.053 INFO  [jason665522_bot Telegram Executor][com.yy.bscRobot.service.Web3Service:54] - 当前web3的版本信息是：56
2024-01-28 22:37:57.306 INFO  [jason665522_bot Telegram Executor][com.yy.bscRobot.service.Web3Service:54] - 当前web3的版本信息是：56
2024-01-28 22:37:57.569 INFO  [jason665522_bot Telegram Executor][com.yy.bscRobot.service.Web3Service:54] - 当前web3的版本信息是：56
2024-01-28 22:37:57.803 INFO  [jason665522_bot Telegram Executor][com.yy.bscRobot.service.Web3Service:54] - 当前web3的版本信息是：56
2024-01-28 22:37:58.056 INFO  [jason665522_bot Telegram Executor][com.yy.bscRobot.service.Web3Service:54] - 当前web3的版本信息是：56
2024-01-28 22:37:58.279 INFO  [jason665522_bot Telegram Executor][com.yy.bscRobot.service.Web3Service:54] - 当前web3的版本信息是：56
2024-01-28 22:37:58.564 INFO  [jason665522_bot Telegram Executor][com.yy.bscRobot.service.Web3Service:54] - 当前web3的版本信息是：56
2024-01-28 22:37:58.667 INFO  [jason665522_bot Telegram Executor][com.yy.bscRobot.service.Web3Service:69] - 地址0x85e3fda60c5b1786b7daf6242c507df8994aebd7的BNB余额为5628027609084272
2024-01-28 22:37:58.798 INFO  [jason665522_bot Telegram Executor][com.yy.bscRobot.service.Web3Service:54] - 当前web3的版本信息是：56
2024-01-28 22:37:58.924 INFO  [jason665522_bot Telegram Executor][com.yy.bscRobot.service.Web3Service:69] - 地址0xec7b41b306c222b4bbe1aca2f6fbd08e6be04af1的BNB余额为7345552000000000
2024-01-28 22:37:59.022 INFO  [jason665522_bot Telegram Executor][com.yy.bscRobot.service.Web3Service:54] - 当前web3的版本信息是：56
2024-01-28 22:37:59.129 INFO  [jason665522_bot Telegram Executor][com.yy.bscRobot.service.Web3Service:69] - 地址0xf9c856699d9c13d99c1ec9a56ccf4126b5255185的BNB余额为47000000000000
2024-01-28 22:37:59.231 INFO  [jason665522_bot Telegram Executor][com.yy.bscRobot.service.Web3Service:54] - 当前web3的版本信息是：56
2024-01-28 22:37:59.358 INFO  [jason665522_bot Telegram Executor][com.yy.bscRobot.service.Web3Service:69] - 地址0xa079aae4ff24e746dbda1cb80135dc6830b27d31的BNB余额为12000000000000000
2024-01-28 22:37:59.472 INFO  [jason665522_bot Telegram Executor][com.yy.bscRobot.service.Web3Service:54] - 当前web3的版本信息是：56
2024-01-28 22:37:59.594 INFO  [jason665522_bot Telegram Executor][com.yy.bscRobot.service.Web3Service:69] - 地址0x143cb8db26cd6764432314a8be86baef252d86fd的BNB余额为0
2024-01-28 22:37:59.719 INFO  [jason665522_bot Telegram Executor][com.yy.bscRobot.service.Web3Service:54] - 当前web3的版本信息是：56
2024-01-28 22:37:59.859 INFO  [jason665522_bot Telegram Executor][com.yy.bscRobot.service.Web3Service:69] - 地址0x180cf4f7ae97fbf95182cf712943885a7663a08f的BNB余额为0
2024-01-28 22:37:59.971 INFO  [jason665522_bot Telegram Executor][com.yy.bscRobot.service.Web3Service:54] - 当前web3的版本信息是：56
2024-01-28 22:38:00.086 INFO  [jason665522_bot Telegram Executor][com.yy.bscRobot.service.Web3Service:69] - 地址0x9f049e403447f812f2372a0a8a669c293709bd8a的BNB余额为0
2024-01-28 22:38:00.185 INFO  [jason665522_bot Telegram Executor][com.yy.bscRobot.service.Web3Service:54] - 当前web3的版本信息是：56
2024-01-28 22:38:00.291 INFO  [jason665522_bot Telegram Executor][com.yy.bscRobot.service.Web3Service:69] - 地址0xf4b2cc9f5636202fb490d3a3c74dab6a5c8a6481的BNB余额为0
2024-01-28 22:38:00.437 INFO  [jason665522_bot Telegram Executor][com.yy.bscRobot.service.Web3Service:54] - 当前web3的版本信息是：56
2024-01-28 22:38:00.550 INFO  [jason665522_bot Telegram Executor][com.yy.bscRobot.service.Web3Service:69] - 地址0x03bea65683ae3dff53da442c695ddd48f57d5065的BNB余额为0
2024-01-28 22:38:00.660 INFO  [jason665522_bot Telegram Executor][com.yy.bscRobot.service.Web3Service:54] - 当前web3的版本信息是：56
2024-01-28 22:38:00.794 INFO  [jason665522_bot Telegram Executor][com.yy.bscRobot.service.Web3Service:69] - 地址0x4824ae479865ee16fb5f998250f403406c8098d5的BNB余额为0
2024-01-28 22:38:30.858 INFO  [jason665522_bot Telegram Executor][com.yy.bscRobot.service.Web3Service:54] - 当前web3的版本信息是：56
2024-01-28 22:38:31.069 INFO  [jason665522_bot Telegram Executor][com.yy.bscRobot.service.Web3Service:54] - 当前web3的版本信息是：56
2024-01-28 22:38:31.293 INFO  [jason665522_bot Telegram Executor][com.yy.bscRobot.service.Web3Service:54] - 当前web3的版本信息是：56
2024-01-28 22:38:31.525 INFO  [jason665522_bot Telegram Executor][com.yy.bscRobot.service.Web3Service:54] - 当前web3的版本信息是：56
2024-01-28 22:38:31.747 INFO  [jason665522_bot Telegram Executor][com.yy.bscRobot.service.Web3Service:54] - 当前web3的版本信息是：56
2024-01-28 22:38:31.994 INFO  [jason665522_bot Telegram Executor][com.yy.bscRobot.service.Web3Service:54] - 当前web3的版本信息是：56
2024-01-28 22:38:32.208 INFO  [jason665522_bot Telegram Executor][com.yy.bscRobot.service.Web3Service:54] - 当前web3的版本信息是：56
2024-01-28 22:38:32.427 INFO  [jason665522_bot Telegram Executor][com.yy.bscRobot.service.Web3Service:54] - 当前web3的版本信息是：56
2024-01-28 22:38:32.527 INFO  [jason665522_bot Telegram Executor][com.yy.bscRobot.service.Web3Service:54] - 当前web3的版本信息是：56
2024-01-28 22:38:32.905 INFO  [jason665522_bot Telegram Executor][com.yy.bscRobot.service.Web3Service:54] - 当前web3的版本信息是：56
2024-01-28 22:38:33.057 INFO  [jason665522_bot Telegram Executor][com.yy.bscRobot.service.Web3Service:54] - 当前web3的版本信息是：56
2024-01-28 22:38:33.277 ERROR [jason665522_bot Telegram Executor][org.telegram.telegrambots.updatesreceivers.DefaultBotSession$HandlerThread:322] - text is marked non-null but is null
java.lang.NullPointerException: text is marked non-null but is null
	at org.telegram.telegrambots.meta.api.methods.send.SendMessage$SendMessageBuilder.text(SendMessage.java:40) ~[telegrambots-meta-6.0.1.jar:?]
	at com.yy.bscRobot.robot.MyBot.executeSendMessage(MyBot.java:325) ~[classes/:?]
	at com.yy.bscRobot.robot.MyBot.onUpdateReceived(MyBot.java:67) ~[classes/:?]
	at java.util.ArrayList.forEach(ArrayList.java:1257) ~[?:1.8.0_201]
	at org.telegram.telegrambots.meta.generics.LongPollingBot.onUpdatesReceived(LongPollingBot.java:27) ~[telegrambots-meta-6.0.1.jar:?]
	at org.telegram.telegrambots.updatesreceivers.DefaultBotSession$HandlerThread.run(DefaultBotSession.java:317) ~[telegrambots-6.0.1.jar:?]
2024-01-28 22:39:47.371 INFO  [SpringApplicationShutdownHook][com.alibaba.druid.pool.DruidDataSource:1965] - {dataSource-1} closing ...
2024-01-28 22:39:47.387 INFO  [SpringApplicationShutdownHook][com.alibaba.druid.pool.DruidDataSource:2037] - {dataSource-1} closed
2024-01-28 22:42:06.111 INFO  [main][org.springframework.boot.StartupInfoLogger:55] - Starting BscRobotAppication using Java 1.8.0_201 on PC-20190222MJLK with PID 8308 (D:\Project\TelegramRobot\BscRobot\target\classes started by Administrator in D:\Project\TelegramRobot)
2024-01-28 22:42:06.135 INFO  [main][org.springframework.boot.SpringApplication:646] - The following 1 profile is active: "default"
2024-01-28 22:42:09.183 INFO  [main][org.springframework.boot.web.embedded.tomcat.TomcatWebServer:108] - Tomcat initialized with port(s): 80 (http)
2024-01-28 22:42:09.208 INFO  [main][org.apache.juli.logging.DirectJDKLog:173] - Initializing ProtocolHandler ["http-nio-80"]
2024-01-28 22:42:09.209 INFO  [main][org.apache.juli.logging.DirectJDKLog:173] - Starting service [Tomcat]
2024-01-28 22:42:09.210 INFO  [main][org.apache.juli.logging.DirectJDKLog:173] - Starting Servlet engine: [Apache Tomcat/9.0.60]
2024-01-28 22:42:09.611 INFO  [main][org.apache.juli.logging.DirectJDKLog:173] - Initializing Spring embedded WebApplicationContext
2024-01-28 22:42:09.611 INFO  [main][org.springframework.boot.web.servlet.context.ServletWebServerApplicationContext:290] - Root WebApplicationContext: initialization completed in 3362 ms
2024-01-28 22:42:09.803 INFO  [main][com.alibaba.druid.spring.boot.autoconfigure.DruidDataSourceAutoConfigure:56] - Init DruidDataSource
2024-01-28 22:42:10.047 INFO  [main][com.alibaba.druid.pool.DruidDataSource:1003] - {dataSource-1} inited
2024-01-28 22:42:11.235 INFO  [main][org.apache.juli.logging.DirectJDKLog:173] - Starting ProtocolHandler ["http-nio-80"]
2024-01-28 22:42:11.280 INFO  [main][org.springframework.boot.web.embedded.tomcat.TomcatWebServer:220] - Tomcat started on port(s): 80 (http) with context path ''
2024-01-28 22:42:11.305 INFO  [main][org.springframework.boot.StartupInfoLogger:61] - Started BscRobotAppication in 5.956 seconds (JVM running for 15.392)
2024-01-28 22:42:24.006 INFO  [SpringApplicationShutdownHook][com.alibaba.druid.pool.DruidDataSource:1965] - {dataSource-1} closing ...
2024-01-28 22:42:24.008 INFO  [SpringApplicationShutdownHook][com.alibaba.druid.pool.DruidDataSource:2037] - {dataSource-1} closed
2024-01-28 22:44:16.536 INFO  [main][org.springframework.boot.StartupInfoLogger:55] - Starting BscRobotAppication using Java 1.8.0_201 on PC-20190222MJLK with PID 10312 (D:\Project\TelegramRobot\BscRobot\target\classes started by Administrator in D:\Project\TelegramRobot)
2024-01-28 22:44:16.555 INFO  [main][org.springframework.boot.SpringApplication:646] - The following 1 profile is active: "default"
2024-01-28 22:44:19.194 INFO  [main][org.springframework.boot.web.embedded.tomcat.TomcatWebServer:108] - Tomcat initialized with port(s): 80 (http)
2024-01-28 22:44:19.213 INFO  [main][org.apache.juli.logging.DirectJDKLog:173] - Initializing ProtocolHandler ["http-nio-80"]
2024-01-28 22:44:19.214 INFO  [main][org.apache.juli.logging.DirectJDKLog:173] - Starting service [Tomcat]
2024-01-28 22:44:19.215 INFO  [main][org.apache.juli.logging.DirectJDKLog:173] - Starting Servlet engine: [Apache Tomcat/9.0.60]
2024-01-28 22:44:19.593 INFO  [main][org.apache.juli.logging.DirectJDKLog:173] - Initializing Spring embedded WebApplicationContext
2024-01-28 22:44:19.594 INFO  [main][org.springframework.boot.web.servlet.context.ServletWebServerApplicationContext:290] - Root WebApplicationContext: initialization completed in 2943 ms
2024-01-28 22:44:19.807 INFO  [main][com.alibaba.druid.spring.boot.autoconfigure.DruidDataSourceAutoConfigure:56] - Init DruidDataSource
2024-01-28 22:44:20.064 INFO  [main][com.alibaba.druid.pool.DruidDataSource:1003] - {dataSource-1} inited
2024-01-28 22:44:21.334 INFO  [main][org.apache.juli.logging.DirectJDKLog:173] - Starting ProtocolHandler ["http-nio-80"]
2024-01-28 22:44:21.384 INFO  [main][org.springframework.boot.web.embedded.tomcat.TomcatWebServer:220] - Tomcat started on port(s): 80 (http) with context path ''
2024-01-28 22:44:21.418 INFO  [main][org.springframework.boot.StartupInfoLogger:61] - Started BscRobotAppication in 5.485 seconds (JVM running for 14.616)
2024-01-28 22:44:38.241 INFO  [jason665522_bot Telegram Executor][com.yy.bscRobot.service.Web3Service:54] - 当前web3的版本信息是：56
2024-01-28 22:44:38.604 INFO  [jason665522_bot Telegram Executor][com.yy.bscRobot.service.Web3Service:54] - 当前web3的版本信息是：56
2024-01-28 22:44:38.816 INFO  [jason665522_bot Telegram Executor][com.yy.bscRobot.service.Web3Service:54] - 当前web3的版本信息是：56
2024-01-28 22:44:39.032 INFO  [jason665522_bot Telegram Executor][com.yy.bscRobot.service.Web3Service:54] - 当前web3的版本信息是：56
2024-01-28 22:44:39.232 INFO  [jason665522_bot Telegram Executor][com.yy.bscRobot.service.Web3Service:54] - 当前web3的版本信息是：56
2024-01-28 22:44:39.452 INFO  [jason665522_bot Telegram Executor][com.yy.bscRobot.service.Web3Service:54] - 当前web3的版本信息是：56
2024-01-28 22:44:39.660 INFO  [jason665522_bot Telegram Executor][com.yy.bscRobot.service.Web3Service:54] - 当前web3的版本信息是：56
2024-01-28 22:44:39.941 INFO  [jason665522_bot Telegram Executor][com.yy.bscRobot.service.Web3Service:54] - 当前web3的版本信息是：56
2024-01-28 22:44:40.044 INFO  [jason665522_bot Telegram Executor][com.yy.bscRobot.service.Web3Service:69] - 地址0x85e3fda60c5b1786b7daf6242c507df8994aebd7的BNB余额为5489445609084272
2024-01-28 22:44:40.158 INFO  [jason665522_bot Telegram Executor][com.yy.bscRobot.service.Web3Service:54] - 当前web3的版本信息是：56
2024-01-28 22:44:40.268 INFO  [jason665522_bot Telegram Executor][com.yy.bscRobot.service.Web3Service:69] - 地址0xec7b41b306c222b4bbe1aca2f6fbd08e6be04af1的BNB余额为7345552000000000
2024-01-28 22:44:40.364 INFO  [jason665522_bot Telegram Executor][com.yy.bscRobot.service.Web3Service:54] - 当前web3的版本信息是：56
2024-01-28 22:44:40.468 INFO  [jason665522_bot Telegram Executor][com.yy.bscRobot.service.Web3Service:69] - 地址0xf9c856699d9c13d99c1ec9a56ccf4126b5255185的BNB余额为47000000000000
2024-01-28 22:44:40.569 INFO  [jason665522_bot Telegram Executor][com.yy.bscRobot.service.Web3Service:54] - 当前web3的版本信息是：56
2024-01-28 22:44:40.675 INFO  [jason665522_bot Telegram Executor][com.yy.bscRobot.service.Web3Service:69] - 地址0xa079aae4ff24e746dbda1cb80135dc6830b27d31的BNB余额为12000000000000000
2024-01-28 22:44:40.779 INFO  [jason665522_bot Telegram Executor][com.yy.bscRobot.service.Web3Service:54] - 当前web3的版本信息是：56
2024-01-28 22:44:40.881 INFO  [jason665522_bot Telegram Executor][com.yy.bscRobot.service.Web3Service:69] - 地址0x143cb8db26cd6764432314a8be86baef252d86fd的BNB余额为0
2024-01-28 22:44:40.981 INFO  [jason665522_bot Telegram Executor][com.yy.bscRobot.service.Web3Service:54] - 当前web3的版本信息是：56
2024-01-28 22:44:41.088 INFO  [jason665522_bot Telegram Executor][com.yy.bscRobot.service.Web3Service:69] - 地址0x180cf4f7ae97fbf95182cf712943885a7663a08f的BNB余额为0
2024-01-28 22:44:41.192 INFO  [jason665522_bot Telegram Executor][com.yy.bscRobot.service.Web3Service:54] - 当前web3的版本信息是：56
2024-01-28 22:44:41.308 INFO  [jason665522_bot Telegram Executor][com.yy.bscRobot.service.Web3Service:69] - 地址0x9f049e403447f812f2372a0a8a669c293709bd8a的BNB余额为0
2024-01-28 22:44:41.410 INFO  [jason665522_bot Telegram Executor][com.yy.bscRobot.service.Web3Service:54] - 当前web3的版本信息是：56
2024-01-28 22:44:41.514 INFO  [jason665522_bot Telegram Executor][com.yy.bscRobot.service.Web3Service:69] - 地址0xf4b2cc9f5636202fb490d3a3c74dab6a5c8a6481的BNB余额为0
2024-01-28 22:44:41.621 INFO  [jason665522_bot Telegram Executor][com.yy.bscRobot.service.Web3Service:54] - 当前web3的版本信息是：56
2024-01-28 22:44:41.775 INFO  [jason665522_bot Telegram Executor][com.yy.bscRobot.service.Web3Service:69] - 地址0x03bea65683ae3dff53da442c695ddd48f57d5065的BNB余额为0
2024-01-28 22:44:41.891 INFO  [jason665522_bot Telegram Executor][com.yy.bscRobot.service.Web3Service:54] - 当前web3的版本信息是：56
2024-01-28 22:44:41.992 INFO  [jason665522_bot Telegram Executor][com.yy.bscRobot.service.Web3Service:69] - 地址0x4824ae479865ee16fb5f998250f403406c8098d5的BNB余额为0
2024-01-28 22:45:09.271 INFO  [jason665522_bot Telegram Executor][com.yy.bscRobot.service.Web3Service:54] - 当前web3的版本信息是：56
2024-01-28 22:45:09.494 INFO  [jason665522_bot Telegram Executor][com.yy.bscRobot.service.Web3Service:54] - 当前web3的版本信息是：56
2024-01-28 22:45:09.704 INFO  [jason665522_bot Telegram Executor][com.yy.bscRobot.service.Web3Service:54] - 当前web3的版本信息是：56
2024-01-28 22:45:09.949 INFO  [jason665522_bot Telegram Executor][com.yy.bscRobot.service.Web3Service:54] - 当前web3的版本信息是：56
2024-01-28 22:45:10.159 INFO  [jason665522_bot Telegram Executor][com.yy.bscRobot.service.Web3Service:54] - 当前web3的版本信息是：56
2024-01-28 22:45:10.364 INFO  [jason665522_bot Telegram Executor][com.yy.bscRobot.service.Web3Service:54] - 当前web3的版本信息是：56
2024-01-28 22:45:10.584 INFO  [jason665522_bot Telegram Executor][com.yy.bscRobot.service.Web3Service:54] - 当前web3的版本信息是：56
2024-01-28 22:45:10.801 INFO  [jason665522_bot Telegram Executor][com.yy.bscRobot.service.Web3Service:54] - 当前web3的版本信息是：56
2024-01-28 22:45:10.910 INFO  [jason665522_bot Telegram Executor][com.yy.bscRobot.service.Web3Service:54] - 当前web3的版本信息是：56
2024-01-28 22:47:10.084 INFO  [jason665522_bot Telegram Executor][com.yy.bscRobot.service.Web3Service:54] - 当前web3的版本信息是：56
2024-01-28 22:47:10.276 INFO  [jason665522_bot Telegram Executor][com.yy.bscRobot.service.Web3Service:54] - 当前web3的版本信息是：56
2024-01-28 22:47:10.464 INFO  [jason665522_bot Telegram Executor][com.yy.bscRobot.service.Web3Service:54] - 当前web3的版本信息是：56
2024-01-28 22:47:10.658 INFO  [jason665522_bot Telegram Executor][com.yy.bscRobot.service.Web3Service:54] - 当前web3的版本信息是：56
2024-01-28 22:47:10.850 INFO  [jason665522_bot Telegram Executor][com.yy.bscRobot.service.Web3Service:54] - 当前web3的版本信息是：56
2024-01-28 22:47:11.050 INFO  [jason665522_bot Telegram Executor][com.yy.bscRobot.service.Web3Service:54] - 当前web3的版本信息是：56
2024-01-28 22:47:11.244 INFO  [jason665522_bot Telegram Executor][com.yy.bscRobot.service.Web3Service:54] - 当前web3的版本信息是：56
2024-01-28 22:47:11.431 INFO  [jason665522_bot Telegram Executor][com.yy.bscRobot.service.Web3Service:54] - 当前web3的版本信息是：56
2024-01-28 22:47:11.536 INFO  [jason665522_bot Telegram Executor][com.yy.bscRobot.service.Web3Service:54] - 当前web3的版本信息是：56
2024-01-28 22:47:11.849 INFO  [jason665522_bot Telegram Executor][com.yy.bscRobot.service.Web3Service:54] - 当前web3的版本信息是：56
2024-01-28 22:47:11.943 INFO  [jason665522_bot Telegram Executor][com.yy.bscRobot.service.Web3Service:54] - 当前web3的版本信息是：56
2024-01-28 22:47:12.184 ERROR [jason665522_bot Telegram Executor][org.telegram.telegrambots.updatesreceivers.DefaultBotSession$HandlerThread:322] - text is marked non-null but is null
java.lang.NullPointerException: text is marked non-null but is null
	at org.telegram.telegrambots.meta.api.methods.send.SendMessage$SendMessageBuilder.text(SendMessage.java:40) ~[telegrambots-meta-6.0.1.jar:?]
	at com.yy.bscRobot.robot.MyBot.executeSendMessage(MyBot.java:340) ~[classes/:?]
	at com.yy.bscRobot.robot.MyBot.onUpdateReceived(MyBot.java:67) ~[classes/:?]
	at java.util.ArrayList.forEach(ArrayList.java:1257) ~[?:1.8.0_201]
	at org.telegram.telegrambots.meta.generics.LongPollingBot.onUpdatesReceived(LongPollingBot.java:27) ~[telegrambots-meta-6.0.1.jar:?]
	at org.telegram.telegrambots.updatesreceivers.DefaultBotSession$HandlerThread.run(DefaultBotSession.java:317) ~[telegrambots-6.0.1.jar:?]
2024-01-28 22:50:09.593 INFO  [jason665522_bot Telegram Executor][com.yy.bscRobot.service.Web3Service:54] - 当前web3的版本信息是：56
2024-01-28 22:50:09.787 INFO  [jason665522_bot Telegram Executor][com.yy.bscRobot.service.Web3Service:54] - 当前web3的版本信息是：56
2024-01-28 22:50:10.035 INFO  [jason665522_bot Telegram Executor][com.yy.bscRobot.service.Web3Service:54] - 当前web3的版本信息是：56
2024-01-28 22:50:10.246 INFO  [jason665522_bot Telegram Executor][com.yy.bscRobot.service.Web3Service:54] - 当前web3的版本信息是：56
2024-01-28 22:50:10.444 INFO  [jason665522_bot Telegram Executor][com.yy.bscRobot.service.Web3Service:54] - 当前web3的版本信息是：56
2024-01-28 22:50:10.654 INFO  [jason665522_bot Telegram Executor][com.yy.bscRobot.service.Web3Service:54] - 当前web3的版本信息是：56
2024-01-28 22:50:10.866 INFO  [jason665522_bot Telegram Executor][com.yy.bscRobot.service.Web3Service:54] - 当前web3的版本信息是：56
2024-01-28 22:50:11.053 INFO  [jason665522_bot Telegram Executor][com.yy.bscRobot.service.Web3Service:54] - 当前web3的版本信息是：56
2024-01-28 22:50:11.152 INFO  [jason665522_bot Telegram Executor][com.yy.bscRobot.service.Web3Service:54] - 当前web3的版本信息是：56
2024-01-28 22:50:52.846 INFO  [jason665522_bot Telegram Executor][com.yy.bscRobot.service.Web3Service:54] - 当前web3的版本信息是：56
2024-01-28 22:50:53.040 INFO  [jason665522_bot Telegram Executor][com.yy.bscRobot.service.Web3Service:54] - 当前web3的版本信息是：56
2024-01-28 22:50:53.266 INFO  [jason665522_bot Telegram Executor][com.yy.bscRobot.service.Web3Service:54] - 当前web3的版本信息是：56
2024-01-28 22:50:53.462 INFO  [jason665522_bot Telegram Executor][com.yy.bscRobot.service.Web3Service:54] - 当前web3的版本信息是：56
2024-01-28 22:50:53.664 INFO  [jason665522_bot Telegram Executor][com.yy.bscRobot.service.Web3Service:54] - 当前web3的版本信息是：56
2024-01-28 22:50:53.852 INFO  [jason665522_bot Telegram Executor][com.yy.bscRobot.service.Web3Service:54] - 当前web3的版本信息是：56
2024-01-28 22:50:54.072 INFO  [jason665522_bot Telegram Executor][com.yy.bscRobot.service.Web3Service:54] - 当前web3的版本信息是：56
2024-01-28 22:50:54.263 INFO  [jason665522_bot Telegram Executor][com.yy.bscRobot.service.Web3Service:54] - 当前web3的版本信息是：56
2024-01-28 22:50:54.360 INFO  [jason665522_bot Telegram Executor][com.yy.bscRobot.service.Web3Service:54] - 当前web3的版本信息是：56
2024-01-28 22:51:09.267 INFO  [jason665522_bot Telegram Executor][com.yy.bscRobot.service.Web3Service:54] - 当前web3的版本信息是：56
2024-01-28 22:51:09.468 INFO  [jason665522_bot Telegram Executor][com.yy.bscRobot.service.Web3Service:54] - 当前web3的版本信息是：56
2024-01-28 22:51:09.680 INFO  [jason665522_bot Telegram Executor][com.yy.bscRobot.service.Web3Service:54] - 当前web3的版本信息是：56
2024-01-28 22:51:09.865 INFO  [jason665522_bot Telegram Executor][com.yy.bscRobot.service.Web3Service:54] - 当前web3的版本信息是：56
2024-01-28 22:51:10.049 INFO  [jason665522_bot Telegram Executor][com.yy.bscRobot.service.Web3Service:54] - 当前web3的版本信息是：56
2024-01-28 22:51:10.253 INFO  [jason665522_bot Telegram Executor][com.yy.bscRobot.service.Web3Service:54] - 当前web3的版本信息是：56
2024-01-28 22:51:10.454 INFO  [jason665522_bot Telegram Executor][com.yy.bscRobot.service.Web3Service:54] - 当前web3的版本信息是：56
2024-01-28 22:51:10.663 INFO  [jason665522_bot Telegram Executor][com.yy.bscRobot.service.Web3Service:54] - 当前web3的版本信息是：56
2024-01-28 22:51:10.760 INFO  [jason665522_bot Telegram Executor][com.yy.bscRobot.service.Web3Service:54] - 当前web3的版本信息是：56
2024-01-28 22:52:18.001 INFO  [jason665522_bot Telegram Executor][com.yy.bscRobot.service.Web3Service:54] - 当前web3的版本信息是：56
2024-01-28 22:52:18.208 INFO  [jason665522_bot Telegram Executor][com.yy.bscRobot.service.Web3Service:54] - 当前web3的版本信息是：56
2024-01-28 22:52:18.413 INFO  [jason665522_bot Telegram Executor][com.yy.bscRobot.service.Web3Service:54] - 当前web3的版本信息是：56
2024-01-28 22:52:18.618 INFO  [jason665522_bot Telegram Executor][com.yy.bscRobot.service.Web3Service:54] - 当前web3的版本信息是：56
2024-01-28 22:52:18.819 INFO  [jason665522_bot Telegram Executor][com.yy.bscRobot.service.Web3Service:54] - 当前web3的版本信息是：56
2024-01-28 22:52:19.017 INFO  [jason665522_bot Telegram Executor][com.yy.bscRobot.service.Web3Service:54] - 当前web3的版本信息是：56
2024-01-28 22:52:19.201 INFO  [jason665522_bot Telegram Executor][com.yy.bscRobot.service.Web3Service:54] - 当前web3的版本信息是：56
2024-01-28 22:52:19.392 INFO  [jason665522_bot Telegram Executor][com.yy.bscRobot.service.Web3Service:54] - 当前web3的版本信息是：56
2024-01-28 22:52:19.485 INFO  [jason665522_bot Telegram Executor][com.yy.bscRobot.service.Web3Service:54] - 当前web3的版本信息是：56
2024-01-28 22:54:00.233 INFO  [SpringApplicationShutdownHook][com.alibaba.druid.pool.DruidDataSource:1965] - {dataSource-1} closing ...
2024-01-28 22:54:00.243 INFO  [SpringApplicationShutdownHook][com.alibaba.druid.pool.DruidDataSource:2037] - {dataSource-1} closed
2024-01-28 22:56:28.464 INFO  [main][org.springframework.boot.StartupInfoLogger:55] - Starting BscRobotAppication using Java 1.8.0_201 on PC-20190222MJLK with PID 14368 (D:\Project\TelegramRobot\BscRobot\target\classes started by Administrator in D:\Project\TelegramRobot)
2024-01-28 22:56:28.492 INFO  [main][org.springframework.boot.SpringApplication:646] - The following 1 profile is active: "default"
2024-01-28 22:56:29.267 ERROR [jason665522_bot Telegram Executor][org.telegram.telegrambots.updatesreceivers.DefaultBotSession$HandlerThread:322] - null
java.lang.NullPointerException: null
	at com.yy.bscRobot.utils.SpringContextUtils.getBean(SpringContextUtils.java:19) ~[classes/:?]
	at com.yy.bscRobot.robot.MyBot.onUpdateReceived(MyBot.java:53) ~[classes/:?]
	at java.util.ArrayList.forEach(ArrayList.java:1257) ~[?:1.8.0_201]
	at org.telegram.telegrambots.meta.generics.LongPollingBot.onUpdatesReceived(LongPollingBot.java:27) ~[telegrambots-meta-6.0.1.jar:?]
	at org.telegram.telegrambots.updatesreceivers.DefaultBotSession$HandlerThread.run(DefaultBotSession.java:317) ~[telegrambots-6.0.1.jar:?]
2024-01-28 22:56:31.057 INFO  [main][org.springframework.boot.web.embedded.tomcat.TomcatWebServer:108] - Tomcat initialized with port(s): 80 (http)
2024-01-28 22:56:31.075 INFO  [main][org.apache.juli.logging.DirectJDKLog:173] - Initializing ProtocolHandler ["http-nio-80"]
2024-01-28 22:56:31.076 INFO  [main][org.apache.juli.logging.DirectJDKLog:173] - Starting service [Tomcat]
2024-01-28 22:56:31.076 INFO  [main][org.apache.juli.logging.DirectJDKLog:173] - Starting Servlet engine: [Apache Tomcat/9.0.60]
2024-01-28 22:56:31.377 INFO  [main][org.apache.juli.logging.DirectJDKLog:173] - Initializing Spring embedded WebApplicationContext
2024-01-28 22:56:31.378 INFO  [main][org.springframework.boot.web.servlet.context.ServletWebServerApplicationContext:290] - Root WebApplicationContext: initialization completed in 2776 ms
2024-01-28 22:56:31.535 INFO  [main][com.alibaba.druid.spring.boot.autoconfigure.DruidDataSourceAutoConfigure:56] - Init DruidDataSource
2024-01-28 22:56:31.764 INFO  [main][com.alibaba.druid.pool.DruidDataSource:1003] - {dataSource-1} inited
2024-01-28 22:56:32.835 INFO  [main][org.apache.juli.logging.DirectJDKLog:173] - Starting ProtocolHandler ["http-nio-80"]
2024-01-28 22:56:32.886 INFO  [main][org.springframework.boot.web.embedded.tomcat.TomcatWebServer:220] - Tomcat started on port(s): 80 (http) with context path ''
2024-01-28 22:56:32.918 INFO  [main][org.springframework.boot.StartupInfoLogger:61] - Started BscRobotAppication in 5.2 seconds (JVM running for 13.74)
2024-01-28 22:57:07.155 INFO  [jason665522_bot Telegram Executor][com.yy.bscRobot.service.Web3Service:54] - 当前web3的版本信息是：56
2024-01-28 22:57:07.500 INFO  [jason665522_bot Telegram Executor][com.yy.bscRobot.service.Web3Service:54] - 当前web3的版本信息是：56
2024-01-28 22:57:07.696 INFO  [jason665522_bot Telegram Executor][com.yy.bscRobot.service.Web3Service:54] - 当前web3的版本信息是：56
2024-01-28 22:57:07.921 INFO  [jason665522_bot Telegram Executor][com.yy.bscRobot.service.Web3Service:54] - 当前web3的版本信息是：56
2024-01-28 22:57:08.140 INFO  [jason665522_bot Telegram Executor][com.yy.bscRobot.service.Web3Service:54] - 当前web3的版本信息是：56
2024-01-28 22:57:08.365 INFO  [jason665522_bot Telegram Executor][com.yy.bscRobot.service.Web3Service:54] - 当前web3的版本信息是：56
2024-01-28 22:57:08.567 INFO  [jason665522_bot Telegram Executor][com.yy.bscRobot.service.Web3Service:54] - 当前web3的版本信息是：56
2024-01-28 22:57:08.863 INFO  [jason665522_bot Telegram Executor][com.yy.bscRobot.service.Web3Service:54] - 当前web3的版本信息是：56
2024-01-28 22:57:08.972 INFO  [jason665522_bot Telegram Executor][com.yy.bscRobot.service.Web3Service:69] - 地址0x85e3fda60c5b1786b7daf6242c507df8994aebd7的BNB余额为4503079939205411
2024-01-28 22:57:09.071 INFO  [jason665522_bot Telegram Executor][com.yy.bscRobot.service.Web3Service:54] - 当前web3的版本信息是：56
2024-01-28 22:57:09.196 INFO  [jason665522_bot Telegram Executor][com.yy.bscRobot.service.Web3Service:69] - 地址0xec7b41b306c222b4bbe1aca2f6fbd08e6be04af1的BNB余额为7345552000000000
2024-01-28 22:57:09.296 INFO  [jason665522_bot Telegram Executor][com.yy.bscRobot.service.Web3Service:54] - 当前web3的版本信息是：56
2024-01-28 22:57:09.398 INFO  [jason665522_bot Telegram Executor][com.yy.bscRobot.service.Web3Service:69] - 地址0xf9c856699d9c13d99c1ec9a56ccf4126b5255185的BNB余额为47000000000000
2024-01-28 22:57:09.503 INFO  [jason665522_bot Telegram Executor][com.yy.bscRobot.service.Web3Service:54] - 当前web3的版本信息是：56
2024-01-28 22:57:09.617 INFO  [jason665522_bot Telegram Executor][com.yy.bscRobot.service.Web3Service:69] - 地址0xa079aae4ff24e746dbda1cb80135dc6830b27d31的BNB余额为12000000000000000
2024-01-28 22:57:09.721 INFO  [jason665522_bot Telegram Executor][com.yy.bscRobot.service.Web3Service:54] - 当前web3的版本信息是：56
2024-01-28 22:57:09.822 INFO  [jason665522_bot Telegram Executor][com.yy.bscRobot.service.Web3Service:69] - 地址0x143cb8db26cd6764432314a8be86baef252d86fd的BNB余额为0
2024-01-28 22:57:09.928 INFO  [jason665522_bot Telegram Executor][com.yy.bscRobot.service.Web3Service:54] - 当前web3的版本信息是：56
2024-01-28 22:57:10.026 INFO  [jason665522_bot Telegram Executor][com.yy.bscRobot.service.Web3Service:69] - 地址0x180cf4f7ae97fbf95182cf712943885a7663a08f的BNB余额为0
2024-01-28 22:57:10.135 INFO  [jason665522_bot Telegram Executor][com.yy.bscRobot.service.Web3Service:54] - 当前web3的版本信息是：56
2024-01-28 22:57:10.244 INFO  [jason665522_bot Telegram Executor][com.yy.bscRobot.service.Web3Service:69] - 地址0x9f049e403447f812f2372a0a8a669c293709bd8a的BNB余额为0
2024-01-28 22:57:10.338 INFO  [jason665522_bot Telegram Executor][com.yy.bscRobot.service.Web3Service:54] - 当前web3的版本信息是：56
2024-01-28 22:57:10.443 INFO  [jason665522_bot Telegram Executor][com.yy.bscRobot.service.Web3Service:69] - 地址0xf4b2cc9f5636202fb490d3a3c74dab6a5c8a6481的BNB余额为0
2024-01-28 22:57:10.540 INFO  [jason665522_bot Telegram Executor][com.yy.bscRobot.service.Web3Service:54] - 当前web3的版本信息是：56
2024-01-28 22:57:10.650 INFO  [jason665522_bot Telegram Executor][com.yy.bscRobot.service.Web3Service:69] - 地址0x03bea65683ae3dff53da442c695ddd48f57d5065的BNB余额为0
2024-01-28 22:57:10.750 INFO  [jason665522_bot Telegram Executor][com.yy.bscRobot.service.Web3Service:54] - 当前web3的版本信息是：56
2024-01-28 22:57:10.848 INFO  [jason665522_bot Telegram Executor][com.yy.bscRobot.service.Web3Service:69] - 地址0x4824ae479865ee16fb5f998250f403406c8098d5的BNB余额为0
2024-01-28 22:57:37.070 INFO  [jason665522_bot Telegram Executor][com.yy.bscRobot.service.Web3Service:54] - 当前web3的版本信息是：56
2024-01-28 22:57:37.271 INFO  [jason665522_bot Telegram Executor][com.yy.bscRobot.service.Web3Service:54] - 当前web3的版本信息是：56
2024-01-28 22:57:37.470 INFO  [jason665522_bot Telegram Executor][com.yy.bscRobot.service.Web3Service:54] - 当前web3的版本信息是：56
2024-01-28 22:57:37.673 INFO  [jason665522_bot Telegram Executor][com.yy.bscRobot.service.Web3Service:54] - 当前web3的版本信息是：56
2024-01-28 22:57:37.876 INFO  [jason665522_bot Telegram Executor][com.yy.bscRobot.service.Web3Service:54] - 当前web3的版本信息是：56
2024-01-28 22:57:38.079 INFO  [jason665522_bot Telegram Executor][com.yy.bscRobot.service.Web3Service:54] - 当前web3的版本信息是：56
2024-01-28 22:57:38.304 INFO  [jason665522_bot Telegram Executor][com.yy.bscRobot.service.Web3Service:54] - 当前web3的版本信息是：56
2024-01-28 22:57:58.377 INFO  [jason665522_bot Telegram Executor][com.yy.bscRobot.service.Web3Service:54] - 当前web3的版本信息是：56
2024-01-28 22:57:58.490 INFO  [jason665522_bot Telegram Executor][com.yy.bscRobot.service.Web3Service:54] - 当前web3的版本信息是：56
2024-01-28 22:57:58.879 INFO  [jason665522_bot Telegram Executor][com.yy.bscRobot.service.Web3Service:54] - 当前web3的版本信息是：56
2024-01-28 22:57:58.985 INFO  [jason665522_bot Telegram Executor][com.yy.bscRobot.service.Web3Service:54] - 当前web3的版本信息是：56
2024-01-28 22:59:30.965 INFO  [SpringApplicationShutdownHook][com.alibaba.druid.pool.DruidDataSource:1965] - {dataSource-1} closing ...
2024-01-28 22:59:30.977 INFO  [SpringApplicationShutdownHook][com.alibaba.druid.pool.DruidDataSource:2037] - {dataSource-1} closed
2024-01-28 23:00:01.038 INFO  [main][org.springframework.boot.StartupInfoLogger:55] - Starting BscRobotAppication using Java 1.8.0_201 on PC-20190222MJLK with PID 13968 (D:\Project\TelegramRobot\BscRobot\target\classes started by Administrator in D:\Project\TelegramRobot)
2024-01-28 23:00:01.057 INFO  [main][org.springframework.boot.SpringApplication:646] - The following 1 profile is active: "default"
2024-01-28 23:00:03.888 INFO  [main][org.springframework.boot.web.embedded.tomcat.TomcatWebServer:108] - Tomcat initialized with port(s): 80 (http)
2024-01-28 23:00:03.912 INFO  [main][org.apache.juli.logging.DirectJDKLog:173] - Initializing ProtocolHandler ["http-nio-80"]
2024-01-28 23:00:03.913 INFO  [main][org.apache.juli.logging.DirectJDKLog:173] - Starting service [Tomcat]
2024-01-28 23:00:03.914 INFO  [main][org.apache.juli.logging.DirectJDKLog:173] - Starting Servlet engine: [Apache Tomcat/9.0.60]
2024-01-28 23:00:04.363 INFO  [main][org.apache.juli.logging.DirectJDKLog:173] - Initializing Spring embedded WebApplicationContext
2024-01-28 23:00:04.364 INFO  [main][org.springframework.boot.web.servlet.context.ServletWebServerApplicationContext:290] - Root WebApplicationContext: initialization completed in 3231 ms
2024-01-28 23:00:04.578 INFO  [main][com.alibaba.druid.spring.boot.autoconfigure.DruidDataSourceAutoConfigure:56] - Init DruidDataSource
2024-01-28 23:00:04.890 INFO  [main][com.alibaba.druid.pool.DruidDataSource:1003] - {dataSource-1} inited
2024-01-28 23:00:06.440 INFO  [main][org.apache.juli.logging.DirectJDKLog:173] - Starting ProtocolHandler ["http-nio-80"]
2024-01-28 23:00:06.487 INFO  [main][org.springframework.boot.web.embedded.tomcat.TomcatWebServer:220] - Tomcat started on port(s): 80 (http) with context path ''
2024-01-28 23:00:06.516 INFO  [main][org.springframework.boot.StartupInfoLogger:61] - Started BscRobotAppication in 6.04 seconds (JVM running for 14.981)
2024-01-28 23:00:31.642 INFO  [jason665522_bot Telegram Executor][com.yy.bscRobot.service.Web3Service:54] - 当前web3的版本信息是：56
2024-01-28 23:00:32.010 INFO  [jason665522_bot Telegram Executor][com.yy.bscRobot.service.Web3Service:54] - 当前web3的版本信息是：56
2024-01-28 23:00:32.223 INFO  [jason665522_bot Telegram Executor][com.yy.bscRobot.service.Web3Service:54] - 当前web3的版本信息是：56
2024-01-28 23:00:32.480 INFO  [jason665522_bot Telegram Executor][com.yy.bscRobot.service.Web3Service:54] - 当前web3的版本信息是：56
2024-01-28 23:00:32.696 INFO  [jason665522_bot Telegram Executor][com.yy.bscRobot.service.Web3Service:54] - 当前web3的版本信息是：56
2024-01-28 23:00:32.908 INFO  [jason665522_bot Telegram Executor][com.yy.bscRobot.service.Web3Service:54] - 当前web3的版本信息是：56
2024-01-28 23:00:33.118 INFO  [jason665522_bot Telegram Executor][com.yy.bscRobot.service.Web3Service:54] - 当前web3的版本信息是：56
2024-01-28 23:00:33.399 INFO  [jason665522_bot Telegram Executor][com.yy.bscRobot.service.Web3Service:54] - 当前web3的版本信息是：56
2024-01-28 23:00:33.502 INFO  [jason665522_bot Telegram Executor][com.yy.bscRobot.service.Web3Service:69] - 地址0x85e3fda60c5b1786b7daf6242c507df8994aebd7的BNB余额为4503079939205411
2024-01-28 23:00:33.601 INFO  [jason665522_bot Telegram Executor][com.yy.bscRobot.service.Web3Service:54] - 当前web3的版本信息是：56
2024-01-28 23:00:33.700 INFO  [jason665522_bot Telegram Executor][com.yy.bscRobot.service.Web3Service:69] - 地址0xec7b41b306c222b4bbe1aca2f6fbd08e6be04af1的BNB余额为7108327000000000
2024-01-28 23:00:33.799 INFO  [jason665522_bot Telegram Executor][com.yy.bscRobot.service.Web3Service:54] - 当前web3的版本信息是：56
2024-01-28 23:00:33.895 INFO  [jason665522_bot Telegram Executor][com.yy.bscRobot.service.Web3Service:69] - 地址0xf9c856699d9c13d99c1ec9a56ccf4126b5255185的BNB余额为47000000000000
2024-01-28 23:00:34.007 INFO  [jason665522_bot Telegram Executor][com.yy.bscRobot.service.Web3Service:54] - 当前web3的版本信息是：56
2024-01-28 23:00:34.110 INFO  [jason665522_bot Telegram Executor][com.yy.bscRobot.service.Web3Service:69] - 地址0xa079aae4ff24e746dbda1cb80135dc6830b27d31的BNB余额为12000000000000000
2024-01-28 23:00:34.213 INFO  [jason665522_bot Telegram Executor][com.yy.bscRobot.service.Web3Service:54] - 当前web3的版本信息是：56
2024-01-28 23:00:34.318 INFO  [jason665522_bot Telegram Executor][com.yy.bscRobot.service.Web3Service:69] - 地址0x143cb8db26cd6764432314a8be86baef252d86fd的BNB余额为0
2024-01-28 23:00:34.426 INFO  [jason665522_bot Telegram Executor][com.yy.bscRobot.service.Web3Service:54] - 当前web3的版本信息是：56
2024-01-28 23:00:34.542 INFO  [jason665522_bot Telegram Executor][com.yy.bscRobot.service.Web3Service:69] - 地址0x180cf4f7ae97fbf95182cf712943885a7663a08f的BNB余额为0
2024-01-28 23:00:34.637 INFO  [jason665522_bot Telegram Executor][com.yy.bscRobot.service.Web3Service:54] - 当前web3的版本信息是：56
2024-01-28 23:00:34.744 INFO  [jason665522_bot Telegram Executor][com.yy.bscRobot.service.Web3Service:69] - 地址0x9f049e403447f812f2372a0a8a669c293709bd8a的BNB余额为0
2024-01-28 23:00:34.842 INFO  [jason665522_bot Telegram Executor][com.yy.bscRobot.service.Web3Service:54] - 当前web3的版本信息是：56
2024-01-28 23:00:34.946 INFO  [jason665522_bot Telegram Executor][com.yy.bscRobot.service.Web3Service:69] - 地址0xf4b2cc9f5636202fb490d3a3c74dab6a5c8a6481的BNB余额为0
2024-01-28 23:00:35.050 INFO  [jason665522_bot Telegram Executor][com.yy.bscRobot.service.Web3Service:54] - 当前web3的版本信息是：56
2024-01-28 23:00:35.158 INFO  [jason665522_bot Telegram Executor][com.yy.bscRobot.service.Web3Service:69] - 地址0x03bea65683ae3dff53da442c695ddd48f57d5065的BNB余额为0
2024-01-28 23:00:35.256 INFO  [jason665522_bot Telegram Executor][com.yy.bscRobot.service.Web3Service:54] - 当前web3的版本信息是：56
2024-01-28 23:00:35.360 INFO  [jason665522_bot Telegram Executor][com.yy.bscRobot.service.Web3Service:69] - 地址0x4824ae479865ee16fb5f998250f403406c8098d5的BNB余额为0
2024-01-28 23:01:30.531 INFO  [jason665522_bot Telegram Executor][com.yy.bscRobot.service.Web3Service:54] - 当前web3的版本信息是：56
2024-01-28 23:01:30.732 INFO  [jason665522_bot Telegram Executor][com.yy.bscRobot.service.Web3Service:54] - 当前web3的版本信息是：56
2024-01-28 23:01:30.924 INFO  [jason665522_bot Telegram Executor][com.yy.bscRobot.service.Web3Service:54] - 当前web3的版本信息是：56
2024-01-28 23:01:31.126 INFO  [jason665522_bot Telegram Executor][com.yy.bscRobot.service.Web3Service:54] - 当前web3的版本信息是：56
2024-01-28 23:01:31.330 INFO  [jason665522_bot Telegram Executor][com.yy.bscRobot.service.Web3Service:54] - 当前web3的版本信息是：56
2024-01-28 23:01:31.550 INFO  [jason665522_bot Telegram Executor][com.yy.bscRobot.service.Web3Service:54] - 当前web3的版本信息是：56
2024-01-28 23:01:31.752 INFO  [jason665522_bot Telegram Executor][com.yy.bscRobot.service.Web3Service:54] - 当前web3的版本信息是：56
2024-01-28 23:01:31.975 INFO  [jason665522_bot Telegram Executor][com.yy.bscRobot.service.Web3Service:54] - 当前web3的版本信息是：56
2024-01-28 23:01:32.102 INFO  [jason665522_bot Telegram Executor][com.yy.bscRobot.service.Web3Service:54] - 当前web3的版本信息是：56
2024-01-28 23:01:32.463 INFO  [jason665522_bot Telegram Executor][com.yy.bscRobot.service.Web3Service:54] - 当前web3的版本信息是：56
2024-01-28 23:01:32.560 INFO  [jason665522_bot Telegram Executor][com.yy.bscRobot.service.Web3Service:54] - 当前web3的版本信息是：56
2024-01-28 23:02:04.505 INFO  [SpringApplicationShutdownHook][com.alibaba.druid.pool.DruidDataSource:1965] - {dataSource-1} closing ...
2024-01-28 23:02:04.517 INFO  [SpringApplicationShutdownHook][com.alibaba.druid.pool.DruidDataSource:2037] - {dataSource-1} closed
