2024-01-24 12:00:19.985 INFO  [main][org.springframework.boot.StartupInfoLogger:55] - Starting BscRobotAppication using Java 1.8.0_201 on PC-20190222MJLK with PID 13976 (D:\Project\TelegramRobot\BscRobot\target\classes started by Administrator in D:\Project\TelegramRobot)
2024-01-24 12:00:20.050 INFO  [main][org.springframework.boot.SpringApplication:646] - The following 1 profile is active: "default"
2024-01-24 12:00:21.722 INFO  [main][org.springframework.boot.web.embedded.tomcat.TomcatWebServer:108] - Tomcat initialized with port(s): 80 (http)
2024-01-24 12:00:21.737 INFO  [main][org.apache.juli.logging.DirectJDKLog:173] - Initializing ProtocolHandler ["http-nio-80"]
2024-01-24 12:00:21.738 INFO  [main][org.apache.juli.logging.DirectJDKLog:173] - Starting service [Tomcat]
2024-01-24 12:00:21.738 INFO  [main][org.apache.juli.logging.DirectJDKLog:173] - Starting Servlet engine: [Apache Tomcat/9.0.60]
2024-01-24 12:00:21.896 INFO  [main][org.apache.juli.logging.DirectJDKLog:173] - Initializing Spring embedded WebApplicationContext
2024-01-24 12:00:21.897 INFO  [main][org.springframework.boot.web.servlet.context.ServletWebServerApplicationContext:290] - Root WebApplicationContext: initialization completed in 1776 ms
2024-01-24 12:00:22.007 INFO  [main][com.alibaba.druid.spring.boot.autoconfigure.DruidDataSourceAutoConfigure:56] - Init DruidDataSource
2024-01-24 12:00:22.138 INFO  [main][com.alibaba.druid.pool.DruidDataSource:1003] - {dataSource-1} inited
2024-01-24 12:00:22.905 INFO  [main][org.apache.juli.logging.DirectJDKLog:173] - Starting ProtocolHandler ["http-nio-80"]
2024-01-24 12:00:22.926 INFO  [main][org.springframework.boot.web.embedded.tomcat.TomcatWebServer:220] - Tomcat started on port(s): 80 (http) with context path ''
2024-01-24 12:00:22.937 INFO  [main][org.springframework.boot.StartupInfoLogger:61] - Started BscRobotAppication in 3.392 seconds (JVM running for 11.911)
2024-01-24 15:29:16.798 INFO  [SpringApplicationShutdownHook][com.alibaba.druid.pool.DruidDataSource:1965] - {dataSource-1} closing ...
2024-01-24 15:29:16.799 INFO  [SpringApplicationShutdownHook][com.alibaba.druid.pool.DruidDataSource:2037] - {dataSource-1} closed
2024-01-24 19:17:26.136 INFO  [main][org.springframework.boot.StartupInfoLogger:55] - Starting BscRobotAppication using Java 1.8.0_201 on PC-20190222MJLK with PID 7440 (D:\Project\TelegramRobot\BscRobot\target\classes started by Administrator in D:\Project\TelegramRobot)
2024-01-24 19:17:26.203 INFO  [main][org.springframework.boot.SpringApplication:646] - The following 1 profile is active: "default"
2024-01-24 19:17:29.015 INFO  [main][org.springframework.boot.web.embedded.tomcat.TomcatWebServer:108] - Tomcat initialized with port(s): 80 (http)
2024-01-24 19:17:29.140 INFO  [main][org.apache.juli.logging.DirectJDKLog:173] - Initializing ProtocolHandler ["http-nio-80"]
2024-01-24 19:17:29.141 INFO  [main][org.apache.juli.logging.DirectJDKLog:173] - Starting service [Tomcat]
2024-01-24 19:17:29.141 INFO  [main][org.apache.juli.logging.DirectJDKLog:173] - Starting Servlet engine: [Apache Tomcat/9.0.60]
2024-01-24 19:17:29.460 INFO  [main][org.apache.juli.logging.DirectJDKLog:173] - Initializing Spring embedded WebApplicationContext
2024-01-24 19:17:29.461 INFO  [main][org.springframework.boot.web.servlet.context.ServletWebServerApplicationContext:290] - Root WebApplicationContext: initialization completed in 3159 ms
2024-01-24 19:17:29.689 INFO  [main][com.alibaba.druid.spring.boot.autoconfigure.DruidDataSourceAutoConfigure:56] - Init DruidDataSource
2024-01-24 19:17:29.950 INFO  [main][com.alibaba.druid.pool.DruidDataSource:1003] - {dataSource-1} inited
2024-01-24 19:17:32.730 INFO  [main][org.apache.juli.logging.DirectJDKLog:173] - Starting ProtocolHandler ["http-nio-80"]
2024-01-24 19:17:32.827 INFO  [main][org.springframework.boot.web.embedded.tomcat.TomcatWebServer:220] - Tomcat started on port(s): 80 (http) with context path ''
2024-01-24 19:17:32.837 INFO  [main][org.springframework.boot.StartupInfoLogger:61] - Started BscRobotAppication in 7.675 seconds (JVM running for 20.431)
2024-01-24 19:18:10.810 INFO  [jason665522_bot Telegram Executor][com.yy.bscRobot.service.Web3Service:47] - 当前web3的版本信息是：56
2024-01-24 19:18:10.903 INFO  [jason665522_bot Telegram Executor][com.yy.bscRobot.service.Web3Service:62] - 地址0x85e3fda60c5b1786b7daf6242c507df8994aebd7的BNB余额为0
2024-01-24 19:18:10.988 INFO  [jason665522_bot Telegram Executor][com.yy.bscRobot.service.Web3Service:47] - 当前web3的版本信息是：56
2024-01-24 19:18:11.077 INFO  [jason665522_bot Telegram Executor][com.yy.bscRobot.service.Web3Service:62] - 地址0xec7b41b306c222b4bbe1aca2f6fbd08e6be04af1的BNB余额为7811000000000000
2024-01-24 19:18:11.163 INFO  [jason665522_bot Telegram Executor][com.yy.bscRobot.service.Web3Service:47] - 当前web3的版本信息是：56
2024-01-24 19:18:11.260 INFO  [jason665522_bot Telegram Executor][com.yy.bscRobot.service.Web3Service:62] - 地址0xf9c856699d9c13d99c1ec9a56ccf4126b5255185的BNB余额为47000000000000
2024-01-24 19:18:11.356 INFO  [jason665522_bot Telegram Executor][com.yy.bscRobot.service.Web3Service:47] - 当前web3的版本信息是：56
2024-01-24 19:18:11.445 INFO  [jason665522_bot Telegram Executor][com.yy.bscRobot.service.Web3Service:62] - 地址0xa079aae4ff24e746dbda1cb80135dc6830b27d31的BNB余额为12000000000000000
2024-01-24 19:18:11.529 INFO  [jason665522_bot Telegram Executor][com.yy.bscRobot.service.Web3Service:47] - 当前web3的版本信息是：56
2024-01-24 19:18:11.616 INFO  [jason665522_bot Telegram Executor][com.yy.bscRobot.service.Web3Service:62] - 地址0x143cb8db26cd6764432314a8be86baef252d86fd的BNB余额为0
2024-01-24 19:18:11.701 INFO  [jason665522_bot Telegram Executor][com.yy.bscRobot.service.Web3Service:47] - 当前web3的版本信息是：56
2024-01-24 19:18:11.791 INFO  [jason665522_bot Telegram Executor][com.yy.bscRobot.service.Web3Service:62] - 地址0x180cf4f7ae97fbf95182cf712943885a7663a08f的BNB余额为0
2024-01-24 19:18:11.878 INFO  [jason665522_bot Telegram Executor][com.yy.bscRobot.service.Web3Service:47] - 当前web3的版本信息是：56
2024-01-24 19:18:11.964 INFO  [jason665522_bot Telegram Executor][com.yy.bscRobot.service.Web3Service:62] - 地址0x9f049e403447f812f2372a0a8a669c293709bd8a的BNB余额为0
2024-01-24 19:18:12.049 INFO  [jason665522_bot Telegram Executor][com.yy.bscRobot.service.Web3Service:47] - 当前web3的版本信息是：56
2024-01-24 19:18:12.137 INFO  [jason665522_bot Telegram Executor][com.yy.bscRobot.service.Web3Service:62] - 地址0xf4b2cc9f5636202fb490d3a3c74dab6a5c8a6481的BNB余额为0
2024-01-24 19:18:12.222 INFO  [jason665522_bot Telegram Executor][com.yy.bscRobot.service.Web3Service:47] - 当前web3的版本信息是：56
2024-01-24 19:18:12.329 INFO  [jason665522_bot Telegram Executor][com.yy.bscRobot.service.Web3Service:62] - 地址0x03bea65683ae3dff53da442c695ddd48f57d5065的BNB余额为0
2024-01-24 19:18:12.418 INFO  [jason665522_bot Telegram Executor][com.yy.bscRobot.service.Web3Service:47] - 当前web3的版本信息是：56
2024-01-24 19:18:12.506 INFO  [jason665522_bot Telegram Executor][com.yy.bscRobot.service.Web3Service:62] - 地址0x4824ae479865ee16fb5f998250f403406c8098d5的BNB余额为0
2024-01-24 19:18:28.513 INFO  [SpringApplicationShutdownHook][com.alibaba.druid.pool.DruidDataSource:1965] - {dataSource-1} closing ...
2024-01-24 19:18:28.532 INFO  [SpringApplicationShutdownHook][com.alibaba.druid.pool.DruidDataSource:2037] - {dataSource-1} closed
2024-01-24 19:20:29.389 INFO  [main][org.springframework.boot.StartupInfoLogger:55] - Starting BscRobotAppication using Java 1.8.0_201 on PC-20190222MJLK with PID 7296 (D:\Project\TelegramRobot\BscRobot\target\classes started by Administrator in D:\Project\TelegramRobot)
2024-01-24 19:20:29.397 INFO  [main][org.springframework.boot.SpringApplication:646] - The following 1 profile is active: "default"
2024-01-24 19:20:30.407 INFO  [main][org.springframework.boot.web.embedded.tomcat.TomcatWebServer:108] - Tomcat initialized with port(s): 80 (http)
2024-01-24 19:20:30.415 INFO  [main][org.apache.juli.logging.DirectJDKLog:173] - Initializing ProtocolHandler ["http-nio-80"]
2024-01-24 19:20:30.416 INFO  [main][org.apache.juli.logging.DirectJDKLog:173] - Starting service [Tomcat]
2024-01-24 19:20:30.416 INFO  [main][org.apache.juli.logging.DirectJDKLog:173] - Starting Servlet engine: [Apache Tomcat/9.0.60]
2024-01-24 19:20:30.559 INFO  [main][org.apache.juli.logging.DirectJDKLog:173] - Initializing Spring embedded WebApplicationContext
2024-01-24 19:20:30.559 INFO  [main][org.springframework.boot.web.servlet.context.ServletWebServerApplicationContext:290] - Root WebApplicationContext: initialization completed in 1120 ms
2024-01-24 19:20:30.639 INFO  [main][com.alibaba.druid.spring.boot.autoconfigure.DruidDataSourceAutoConfigure:56] - Init DruidDataSource
2024-01-24 19:20:30.737 INFO  [main][com.alibaba.druid.pool.DruidDataSource:1003] - {dataSource-1} inited
2024-01-24 19:20:31.238 INFO  [main][org.apache.juli.logging.DirectJDKLog:173] - Starting ProtocolHandler ["http-nio-80"]
2024-01-24 19:20:31.255 INFO  [main][org.springframework.boot.web.embedded.tomcat.TomcatWebServer:220] - Tomcat started on port(s): 80 (http) with context path ''
2024-01-24 19:20:31.267 INFO  [main][org.springframework.boot.StartupInfoLogger:61] - Started BscRobotAppication in 2.19 seconds (JVM running for 6.462)
2024-01-24 19:20:38.442 INFO  [SpringApplicationShutdownHook][com.alibaba.druid.pool.DruidDataSource:1965] - {dataSource-1} closing ...
2024-01-24 19:20:38.553 INFO  [SpringApplicationShutdownHook][com.alibaba.druid.pool.DruidDataSource:2037] - {dataSource-1} closed
2024-01-24 19:21:21.919 INFO  [main][org.springframework.boot.StartupInfoLogger:55] - Starting BscRobotAppication using Java 1.8.0_201 on PC-20190222MJLK with PID 6512 (D:\Project\TelegramRobot\BscRobot\target\classes started by Administrator in D:\Project\TelegramRobot)
2024-01-24 19:21:21.929 INFO  [main][org.springframework.boot.SpringApplication:646] - The following 1 profile is active: "default"
2024-01-24 19:21:22.938 INFO  [main][org.springframework.boot.web.embedded.tomcat.TomcatWebServer:108] - Tomcat initialized with port(s): 80 (http)
2024-01-24 19:21:22.946 INFO  [main][org.apache.juli.logging.DirectJDKLog:173] - Initializing ProtocolHandler ["http-nio-80"]
2024-01-24 19:21:22.946 INFO  [main][org.apache.juli.logging.DirectJDKLog:173] - Starting service [Tomcat]
2024-01-24 19:21:22.947 INFO  [main][org.apache.juli.logging.DirectJDKLog:173] - Starting Servlet engine: [Apache Tomcat/9.0.60]
2024-01-24 19:21:23.086 INFO  [main][org.apache.juli.logging.DirectJDKLog:173] - Initializing Spring embedded WebApplicationContext
2024-01-24 19:21:23.087 INFO  [main][org.springframework.boot.web.servlet.context.ServletWebServerApplicationContext:290] - Root WebApplicationContext: initialization completed in 1119 ms
2024-01-24 19:21:23.160 INFO  [main][com.alibaba.druid.spring.boot.autoconfigure.DruidDataSourceAutoConfigure:56] - Init DruidDataSource
2024-01-24 19:21:23.260 INFO  [main][com.alibaba.druid.pool.DruidDataSource:1003] - {dataSource-1} inited
2024-01-24 19:21:23.771 INFO  [main][org.apache.juli.logging.DirectJDKLog:173] - Starting ProtocolHandler ["http-nio-80"]
2024-01-24 19:21:23.790 INFO  [main][org.springframework.boot.web.embedded.tomcat.TomcatWebServer:220] - Tomcat started on port(s): 80 (http) with context path ''
2024-01-24 19:21:23.801 INFO  [main][org.springframework.boot.StartupInfoLogger:61] - Started BscRobotAppication in 2.195 seconds (JVM running for 6.662)
2024-01-24 19:21:36.528 INFO  [jason665522_bot Telegram Executor][com.yy.bscRobot.service.Web3Service:47] - 当前web3的版本信息是：56
2024-01-24 19:21:36.615 INFO  [jason665522_bot Telegram Executor][com.yy.bscRobot.service.Web3Service:62] - 地址0x85e3fda60c5b1786b7daf6242c507df8994aebd7的BNB余额为0
2024-01-24 19:21:36.699 INFO  [jason665522_bot Telegram Executor][com.yy.bscRobot.service.Web3Service:47] - 当前web3的版本信息是：56
2024-01-24 19:21:36.783 INFO  [jason665522_bot Telegram Executor][com.yy.bscRobot.service.Web3Service:62] - 地址0xec7b41b306c222b4bbe1aca2f6fbd08e6be04af1的BNB余额为7811000000000000
2024-01-24 19:21:36.895 INFO  [jason665522_bot Telegram Executor][com.yy.bscRobot.service.Web3Service:47] - 当前web3的版本信息是：56
2024-01-24 19:21:36.980 INFO  [jason665522_bot Telegram Executor][com.yy.bscRobot.service.Web3Service:62] - 地址0xf9c856699d9c13d99c1ec9a56ccf4126b5255185的BNB余额为47000000000000
2024-01-24 19:21:37.062 INFO  [jason665522_bot Telegram Executor][com.yy.bscRobot.service.Web3Service:47] - 当前web3的版本信息是：56
2024-01-24 19:21:37.153 INFO  [jason665522_bot Telegram Executor][com.yy.bscRobot.service.Web3Service:62] - 地址0xa079aae4ff24e746dbda1cb80135dc6830b27d31的BNB余额为12000000000000000
2024-01-24 19:21:37.241 INFO  [jason665522_bot Telegram Executor][com.yy.bscRobot.service.Web3Service:47] - 当前web3的版本信息是：56
2024-01-24 19:21:37.326 INFO  [jason665522_bot Telegram Executor][com.yy.bscRobot.service.Web3Service:62] - 地址0x143cb8db26cd6764432314a8be86baef252d86fd的BNB余额为0
2024-01-24 19:21:37.409 INFO  [jason665522_bot Telegram Executor][com.yy.bscRobot.service.Web3Service:47] - 当前web3的版本信息是：56
2024-01-24 19:21:37.498 INFO  [jason665522_bot Telegram Executor][com.yy.bscRobot.service.Web3Service:62] - 地址0x180cf4f7ae97fbf95182cf712943885a7663a08f的BNB余额为0
2024-01-24 19:21:37.753 INFO  [jason665522_bot Telegram Executor][com.yy.bscRobot.service.Web3Service:47] - 当前web3的版本信息是：56
2024-01-24 19:21:37.839 INFO  [jason665522_bot Telegram Executor][com.yy.bscRobot.service.Web3Service:62] - 地址0x9f049e403447f812f2372a0a8a669c293709bd8a的BNB余额为0
2024-01-24 19:21:37.923 INFO  [jason665522_bot Telegram Executor][com.yy.bscRobot.service.Web3Service:47] - 当前web3的版本信息是：56
2024-01-24 19:21:38.019 INFO  [jason665522_bot Telegram Executor][com.yy.bscRobot.service.Web3Service:62] - 地址0xf4b2cc9f5636202fb490d3a3c74dab6a5c8a6481的BNB余额为0
2024-01-24 19:21:38.107 INFO  [jason665522_bot Telegram Executor][com.yy.bscRobot.service.Web3Service:47] - 当前web3的版本信息是：56
2024-01-24 19:21:38.191 INFO  [jason665522_bot Telegram Executor][com.yy.bscRobot.service.Web3Service:62] - 地址0x03bea65683ae3dff53da442c695ddd48f57d5065的BNB余额为0
2024-01-24 19:21:38.275 INFO  [jason665522_bot Telegram Executor][com.yy.bscRobot.service.Web3Service:47] - 当前web3的版本信息是：56
2024-01-24 19:21:38.358 INFO  [jason665522_bot Telegram Executor][com.yy.bscRobot.service.Web3Service:62] - 地址0x4824ae479865ee16fb5f998250f403406c8098d5的BNB余额为0
2024-01-24 19:22:20.714 INFO  [SpringApplicationShutdownHook][com.alibaba.druid.pool.DruidDataSource:1965] - {dataSource-1} closing ...
2024-01-24 19:22:20.722 INFO  [SpringApplicationShutdownHook][com.alibaba.druid.pool.DruidDataSource:2037] - {dataSource-1} closed
2024-01-24 19:22:30.559 INFO  [main][org.springframework.boot.StartupInfoLogger:55] - Starting BscRobotAppication using Java 1.8.0_201 on PC-20190222MJLK with PID 2112 (D:\Project\TelegramRobot\BscRobot\target\classes started by Administrator in D:\Project\TelegramRobot)
2024-01-24 19:22:30.569 INFO  [main][org.springframework.boot.SpringApplication:646] - The following 1 profile is active: "default"
2024-01-24 19:22:31.703 INFO  [main][org.springframework.boot.web.embedded.tomcat.TomcatWebServer:108] - Tomcat initialized with port(s): 80 (http)
2024-01-24 19:22:31.715 INFO  [main][org.apache.juli.logging.DirectJDKLog:173] - Initializing ProtocolHandler ["http-nio-80"]
2024-01-24 19:22:31.716 INFO  [main][org.apache.juli.logging.DirectJDKLog:173] - Starting service [Tomcat]
2024-01-24 19:22:31.716 INFO  [main][org.apache.juli.logging.DirectJDKLog:173] - Starting Servlet engine: [Apache Tomcat/9.0.60]
2024-01-24 19:22:31.891 INFO  [main][org.apache.juli.logging.DirectJDKLog:173] - Initializing Spring embedded WebApplicationContext
2024-01-24 19:22:31.892 INFO  [main][org.springframework.boot.web.servlet.context.ServletWebServerApplicationContext:290] - Root WebApplicationContext: initialization completed in 1284 ms
2024-01-24 19:22:31.988 INFO  [main][com.alibaba.druid.spring.boot.autoconfigure.DruidDataSourceAutoConfigure:56] - Init DruidDataSource
2024-01-24 19:22:32.107 INFO  [main][com.alibaba.druid.pool.DruidDataSource:1003] - {dataSource-1} inited
2024-01-24 19:22:32.729 INFO  [main][org.apache.juli.logging.DirectJDKLog:173] - Starting ProtocolHandler ["http-nio-80"]
2024-01-24 19:22:32.751 INFO  [main][org.springframework.boot.web.embedded.tomcat.TomcatWebServer:220] - Tomcat started on port(s): 80 (http) with context path ''
2024-01-24 19:22:32.766 INFO  [main][org.springframework.boot.StartupInfoLogger:61] - Started BscRobotAppication in 2.527 seconds (JVM running for 7.125)
2024-01-24 19:23:02.620 INFO  [jason665522_bot Telegram Executor][com.yy.bscRobot.service.Web3Service:47] - 当前web3的版本信息是：56
2024-01-24 19:23:02.712 INFO  [jason665522_bot Telegram Executor][com.yy.bscRobot.service.Web3Service:62] - 地址0x85e3fda60c5b1786b7daf6242c507df8994aebd7的BNB余额为0
2024-01-24 19:23:02.797 INFO  [jason665522_bot Telegram Executor][com.yy.bscRobot.service.Web3Service:47] - 当前web3的版本信息是：56
2024-01-24 19:23:02.889 INFO  [jason665522_bot Telegram Executor][com.yy.bscRobot.service.Web3Service:62] - 地址0xec7b41b306c222b4bbe1aca2f6fbd08e6be04af1的BNB余额为7811000000000000
2024-01-24 19:23:02.974 INFO  [jason665522_bot Telegram Executor][com.yy.bscRobot.service.Web3Service:47] - 当前web3的版本信息是：56
2024-01-24 19:23:03.061 INFO  [jason665522_bot Telegram Executor][com.yy.bscRobot.service.Web3Service:62] - 地址0xf9c856699d9c13d99c1ec9a56ccf4126b5255185的BNB余额为47000000000000
2024-01-24 19:23:03.146 INFO  [jason665522_bot Telegram Executor][com.yy.bscRobot.service.Web3Service:47] - 当前web3的版本信息是：56
2024-01-24 19:23:03.231 INFO  [jason665522_bot Telegram Executor][com.yy.bscRobot.service.Web3Service:62] - 地址0xa079aae4ff24e746dbda1cb80135dc6830b27d31的BNB余额为12000000000000000
2024-01-24 19:23:03.315 INFO  [jason665522_bot Telegram Executor][com.yy.bscRobot.service.Web3Service:47] - 当前web3的版本信息是：56
2024-01-24 19:23:03.402 INFO  [jason665522_bot Telegram Executor][com.yy.bscRobot.service.Web3Service:62] - 地址0x143cb8db26cd6764432314a8be86baef252d86fd的BNB余额为0
2024-01-24 19:23:03.486 INFO  [jason665522_bot Telegram Executor][com.yy.bscRobot.service.Web3Service:47] - 当前web3的版本信息是：56
2024-01-24 19:23:03.573 INFO  [jason665522_bot Telegram Executor][com.yy.bscRobot.service.Web3Service:62] - 地址0x180cf4f7ae97fbf95182cf712943885a7663a08f的BNB余额为0
2024-01-24 19:23:03.662 INFO  [jason665522_bot Telegram Executor][com.yy.bscRobot.service.Web3Service:47] - 当前web3的版本信息是：56
2024-01-24 19:23:03.749 INFO  [jason665522_bot Telegram Executor][com.yy.bscRobot.service.Web3Service:62] - 地址0x9f049e403447f812f2372a0a8a669c293709bd8a的BNB余额为0
2024-01-24 19:23:03.835 INFO  [jason665522_bot Telegram Executor][com.yy.bscRobot.service.Web3Service:47] - 当前web3的版本信息是：56
2024-01-24 19:23:03.922 INFO  [jason665522_bot Telegram Executor][com.yy.bscRobot.service.Web3Service:62] - 地址0xf4b2cc9f5636202fb490d3a3c74dab6a5c8a6481的BNB余额为0
2024-01-24 19:23:04.006 INFO  [jason665522_bot Telegram Executor][com.yy.bscRobot.service.Web3Service:47] - 当前web3的版本信息是：56
2024-01-24 19:23:04.092 INFO  [jason665522_bot Telegram Executor][com.yy.bscRobot.service.Web3Service:62] - 地址0x03bea65683ae3dff53da442c695ddd48f57d5065的BNB余额为0
2024-01-24 19:23:04.177 INFO  [jason665522_bot Telegram Executor][com.yy.bscRobot.service.Web3Service:47] - 当前web3的版本信息是：56
2024-01-24 19:23:04.265 INFO  [jason665522_bot Telegram Executor][com.yy.bscRobot.service.Web3Service:62] - 地址0x4824ae479865ee16fb5f998250f403406c8098d5的BNB余额为0
2024-01-24 19:25:37.167 INFO  [jason665522_bot Telegram Executor][com.yy.bscRobot.service.Web3Service:47] - 当前web3的版本信息是：56
2024-01-24 19:25:37.257 INFO  [jason665522_bot Telegram Executor][com.yy.bscRobot.service.Web3Service:62] - 地址0x85e3fda60c5b1786b7daf6242c507df8994aebd7的BNB余额为0
2024-01-24 19:25:37.339 INFO  [jason665522_bot Telegram Executor][com.yy.bscRobot.service.Web3Service:47] - 当前web3的版本信息是：56
2024-01-24 19:25:37.424 INFO  [jason665522_bot Telegram Executor][com.yy.bscRobot.service.Web3Service:62] - 地址0xec7b41b306c222b4bbe1aca2f6fbd08e6be04af1的BNB余额为7811000000000000
2024-01-24 19:25:37.506 INFO  [jason665522_bot Telegram Executor][com.yy.bscRobot.service.Web3Service:47] - 当前web3的版本信息是：56
2024-01-24 19:25:37.595 INFO  [jason665522_bot Telegram Executor][com.yy.bscRobot.service.Web3Service:62] - 地址0xf9c856699d9c13d99c1ec9a56ccf4126b5255185的BNB余额为47000000000000
2024-01-24 19:25:37.678 INFO  [jason665522_bot Telegram Executor][com.yy.bscRobot.service.Web3Service:47] - 当前web3的版本信息是：56
2024-01-24 19:25:37.764 INFO  [jason665522_bot Telegram Executor][com.yy.bscRobot.service.Web3Service:62] - 地址0xa079aae4ff24e746dbda1cb80135dc6830b27d31的BNB余额为12000000000000000
2024-01-24 19:25:37.848 INFO  [jason665522_bot Telegram Executor][com.yy.bscRobot.service.Web3Service:47] - 当前web3的版本信息是：56
2024-01-24 19:25:37.933 INFO  [jason665522_bot Telegram Executor][com.yy.bscRobot.service.Web3Service:62] - 地址0x143cb8db26cd6764432314a8be86baef252d86fd的BNB余额为0
2024-01-24 19:25:38.016 INFO  [jason665522_bot Telegram Executor][com.yy.bscRobot.service.Web3Service:47] - 当前web3的版本信息是：56
2024-01-24 19:25:38.100 INFO  [jason665522_bot Telegram Executor][com.yy.bscRobot.service.Web3Service:62] - 地址0x180cf4f7ae97fbf95182cf712943885a7663a08f的BNB余额为0
2024-01-24 19:25:38.182 INFO  [jason665522_bot Telegram Executor][com.yy.bscRobot.service.Web3Service:47] - 当前web3的版本信息是：56
2024-01-24 19:25:38.266 INFO  [jason665522_bot Telegram Executor][com.yy.bscRobot.service.Web3Service:62] - 地址0x9f049e403447f812f2372a0a8a669c293709bd8a的BNB余额为0
2024-01-24 19:25:38.349 INFO  [jason665522_bot Telegram Executor][com.yy.bscRobot.service.Web3Service:47] - 当前web3的版本信息是：56
2024-01-24 19:25:38.440 INFO  [jason665522_bot Telegram Executor][com.yy.bscRobot.service.Web3Service:62] - 地址0xf4b2cc9f5636202fb490d3a3c74dab6a5c8a6481的BNB余额为0
2024-01-24 19:25:38.523 INFO  [jason665522_bot Telegram Executor][com.yy.bscRobot.service.Web3Service:47] - 当前web3的版本信息是：56
2024-01-24 19:25:38.610 INFO  [jason665522_bot Telegram Executor][com.yy.bscRobot.service.Web3Service:62] - 地址0x03bea65683ae3dff53da442c695ddd48f57d5065的BNB余额为0
2024-01-24 19:25:38.696 INFO  [jason665522_bot Telegram Executor][com.yy.bscRobot.service.Web3Service:47] - 当前web3的版本信息是：56
2024-01-24 19:25:38.782 INFO  [jason665522_bot Telegram Executor][com.yy.bscRobot.service.Web3Service:62] - 地址0x4824ae479865ee16fb5f998250f403406c8098d5的BNB余额为0
2024-01-24 19:30:45.021 INFO  [SpringApplicationShutdownHook][com.alibaba.druid.pool.DruidDataSource:1965] - {dataSource-1} closing ...
2024-01-24 19:30:45.038 INFO  [SpringApplicationShutdownHook][com.alibaba.druid.pool.DruidDataSource:2037] - {dataSource-1} closed
2024-01-24 19:31:31.224 INFO  [main][org.springframework.boot.StartupInfoLogger:55] - Starting BscRobotAppication using Java 1.8.0_201 on PC-20190222MJLK with PID 9268 (D:\Project\TelegramRobot\BscRobot\target\classes started by Administrator in D:\Project\TelegramRobot)
2024-01-24 19:31:31.240 INFO  [main][org.springframework.boot.SpringApplication:646] - The following 1 profile is active: "default"
2024-01-24 19:31:33.142 INFO  [main][org.springframework.boot.web.embedded.tomcat.TomcatWebServer:108] - Tomcat initialized with port(s): 80 (http)
2024-01-24 19:31:33.162 INFO  [main][org.apache.juli.logging.DirectJDKLog:173] - Initializing ProtocolHandler ["http-nio-80"]
2024-01-24 19:31:33.163 INFO  [main][org.apache.juli.logging.DirectJDKLog:173] - Starting service [Tomcat]
2024-01-24 19:31:33.164 INFO  [main][org.apache.juli.logging.DirectJDKLog:173] - Starting Servlet engine: [Apache Tomcat/9.0.60]
2024-01-24 19:31:33.445 INFO  [main][org.apache.juli.logging.DirectJDKLog:173] - Initializing Spring embedded WebApplicationContext
2024-01-24 19:31:33.445 INFO  [main][org.springframework.boot.web.servlet.context.ServletWebServerApplicationContext:290] - Root WebApplicationContext: initialization completed in 2136 ms
2024-01-24 19:31:33.574 INFO  [main][com.alibaba.druid.spring.boot.autoconfigure.DruidDataSourceAutoConfigure:56] - Init DruidDataSource
2024-01-24 19:31:33.750 INFO  [main][com.alibaba.druid.pool.DruidDataSource:1003] - {dataSource-1} inited
2024-01-24 19:31:34.702 INFO  [main][org.apache.juli.logging.DirectJDKLog:173] - Starting ProtocolHandler ["http-nio-80"]
2024-01-24 19:31:34.737 INFO  [main][org.springframework.boot.web.embedded.tomcat.TomcatWebServer:220] - Tomcat started on port(s): 80 (http) with context path ''
2024-01-24 19:31:34.756 INFO  [main][org.springframework.boot.StartupInfoLogger:61] - Started BscRobotAppication in 4.006 seconds (JVM running for 12.998)
2024-01-24 19:31:49.771 INFO  [jason665522_bot Telegram Executor][com.yy.bscRobot.service.Web3Service:47] - 当前web3的版本信息是：56
2024-01-24 19:31:49.864 INFO  [jason665522_bot Telegram Executor][com.yy.bscRobot.service.Web3Service:62] - 地址0x85e3fda60c5b1786b7daf6242c507df8994aebd7的BNB余额为0
2024-01-24 19:31:49.949 INFO  [jason665522_bot Telegram Executor][com.yy.bscRobot.service.Web3Service:47] - 当前web3的版本信息是：56
2024-01-24 19:31:50.270 INFO  [jason665522_bot Telegram Executor][com.yy.bscRobot.service.Web3Service:62] - 地址0xec7b41b306c222b4bbe1aca2f6fbd08e6be04af1的BNB余额为7811000000000000
2024-01-24 19:31:50.356 INFO  [jason665522_bot Telegram Executor][com.yy.bscRobot.service.Web3Service:47] - 当前web3的版本信息是：56
2024-01-24 19:31:50.447 INFO  [jason665522_bot Telegram Executor][com.yy.bscRobot.service.Web3Service:62] - 地址0xf9c856699d9c13d99c1ec9a56ccf4126b5255185的BNB余额为47000000000000
2024-01-24 19:31:50.532 INFO  [jason665522_bot Telegram Executor][com.yy.bscRobot.service.Web3Service:47] - 当前web3的版本信息是：56
2024-01-24 19:31:50.616 INFO  [jason665522_bot Telegram Executor][com.yy.bscRobot.service.Web3Service:62] - 地址0xa079aae4ff24e746dbda1cb80135dc6830b27d31的BNB余额为12000000000000000
2024-01-24 19:31:50.700 INFO  [jason665522_bot Telegram Executor][com.yy.bscRobot.service.Web3Service:47] - 当前web3的版本信息是：56
2024-01-24 19:31:50.785 INFO  [jason665522_bot Telegram Executor][com.yy.bscRobot.service.Web3Service:62] - 地址0x143cb8db26cd6764432314a8be86baef252d86fd的BNB余额为0
2024-01-24 19:31:50.868 INFO  [jason665522_bot Telegram Executor][com.yy.bscRobot.service.Web3Service:47] - 当前web3的版本信息是：56
2024-01-24 19:31:50.952 INFO  [jason665522_bot Telegram Executor][com.yy.bscRobot.service.Web3Service:62] - 地址0x180cf4f7ae97fbf95182cf712943885a7663a08f的BNB余额为0
2024-01-24 19:31:51.035 INFO  [jason665522_bot Telegram Executor][com.yy.bscRobot.service.Web3Service:47] - 当前web3的版本信息是：56
2024-01-24 19:31:51.121 INFO  [jason665522_bot Telegram Executor][com.yy.bscRobot.service.Web3Service:62] - 地址0x9f049e403447f812f2372a0a8a669c293709bd8a的BNB余额为0
2024-01-24 19:31:51.202 INFO  [jason665522_bot Telegram Executor][com.yy.bscRobot.service.Web3Service:47] - 当前web3的版本信息是：56
2024-01-24 19:31:51.287 INFO  [jason665522_bot Telegram Executor][com.yy.bscRobot.service.Web3Service:62] - 地址0xf4b2cc9f5636202fb490d3a3c74dab6a5c8a6481的BNB余额为0
2024-01-24 19:31:51.371 INFO  [jason665522_bot Telegram Executor][com.yy.bscRobot.service.Web3Service:47] - 当前web3的版本信息是：56
2024-01-24 19:31:51.458 INFO  [jason665522_bot Telegram Executor][com.yy.bscRobot.service.Web3Service:62] - 地址0x03bea65683ae3dff53da442c695ddd48f57d5065的BNB余额为0
2024-01-24 19:31:51.773 INFO  [jason665522_bot Telegram Executor][com.yy.bscRobot.service.Web3Service:47] - 当前web3的版本信息是：56
2024-01-24 19:31:51.861 INFO  [jason665522_bot Telegram Executor][com.yy.bscRobot.service.Web3Service:62] - 地址0x4824ae479865ee16fb5f998250f403406c8098d5的BNB余额为0
2024-01-24 19:32:14.145 INFO  [SpringApplicationShutdownHook][com.alibaba.druid.pool.DruidDataSource:1965] - {dataSource-1} closing ...
2024-01-24 19:32:14.174 INFO  [SpringApplicationShutdownHook][com.alibaba.druid.pool.DruidDataSource:2037] - {dataSource-1} closed
2024-01-24 19:33:46.592 INFO  [main][org.springframework.boot.StartupInfoLogger:55] - Starting BscRobotAppication using Java 1.8.0_201 on PC-20190222MJLK with PID 5936 (D:\Project\TelegramRobot\BscRobot\target\classes started by Administrator in D:\Project\TelegramRobot)
2024-01-24 19:33:46.605 INFO  [main][org.springframework.boot.SpringApplication:646] - The following 1 profile is active: "default"
2024-01-24 19:33:48.189 INFO  [main][org.springframework.boot.web.embedded.tomcat.TomcatWebServer:108] - Tomcat initialized with port(s): 80 (http)
2024-01-24 19:33:48.204 INFO  [main][org.apache.juli.logging.DirectJDKLog:173] - Initializing ProtocolHandler ["http-nio-80"]
2024-01-24 19:33:48.204 INFO  [main][org.apache.juli.logging.DirectJDKLog:173] - Starting service [Tomcat]
2024-01-24 19:33:48.205 INFO  [main][org.apache.juli.logging.DirectJDKLog:173] - Starting Servlet engine: [Apache Tomcat/9.0.60]
2024-01-24 19:33:48.439 INFO  [main][org.apache.juli.logging.DirectJDKLog:173] - Initializing Spring embedded WebApplicationContext
2024-01-24 19:33:48.440 INFO  [main][org.springframework.boot.web.servlet.context.ServletWebServerApplicationContext:290] - Root WebApplicationContext: initialization completed in 1772 ms
2024-01-24 19:33:48.562 INFO  [main][com.alibaba.druid.spring.boot.autoconfigure.DruidDataSourceAutoConfigure:56] - Init DruidDataSource
2024-01-24 19:33:48.723 INFO  [main][com.alibaba.druid.pool.DruidDataSource:1003] - {dataSource-1} inited
2024-01-24 19:33:49.626 INFO  [main][org.apache.juli.logging.DirectJDKLog:173] - Starting ProtocolHandler ["http-nio-80"]
2024-01-24 19:33:49.657 INFO  [main][org.springframework.boot.web.embedded.tomcat.TomcatWebServer:220] - Tomcat started on port(s): 80 (http) with context path ''
2024-01-24 19:33:49.680 INFO  [main][org.springframework.boot.StartupInfoLogger:61] - Started BscRobotAppication in 3.542 seconds (JVM running for 10.342)
2024-01-24 19:34:03.595 INFO  [jason665522_bot Telegram Executor][com.yy.bscRobot.service.Web3Service:47] - 当前web3的版本信息是：56
2024-01-24 19:34:03.684 INFO  [jason665522_bot Telegram Executor][com.yy.bscRobot.service.Web3Service:62] - 地址0x85e3fda60c5b1786b7daf6242c507df8994aebd7的BNB余额为0
2024-01-24 19:34:03.765 INFO  [jason665522_bot Telegram Executor][com.yy.bscRobot.service.Web3Service:47] - 当前web3的版本信息是：56
2024-01-24 19:34:03.849 INFO  [jason665522_bot Telegram Executor][com.yy.bscRobot.service.Web3Service:62] - 地址0xec7b41b306c222b4bbe1aca2f6fbd08e6be04af1的BNB余额为7811000000000000
2024-01-24 19:34:03.932 INFO  [jason665522_bot Telegram Executor][com.yy.bscRobot.service.Web3Service:47] - 当前web3的版本信息是：56
2024-01-24 19:34:04.015 INFO  [jason665522_bot Telegram Executor][com.yy.bscRobot.service.Web3Service:62] - 地址0xf9c856699d9c13d99c1ec9a56ccf4126b5255185的BNB余额为47000000000000
2024-01-24 19:34:04.100 INFO  [jason665522_bot Telegram Executor][com.yy.bscRobot.service.Web3Service:47] - 当前web3的版本信息是：56
2024-01-24 19:34:04.188 INFO  [jason665522_bot Telegram Executor][com.yy.bscRobot.service.Web3Service:62] - 地址0xa079aae4ff24e746dbda1cb80135dc6830b27d31的BNB余额为12000000000000000
2024-01-24 19:34:04.272 INFO  [jason665522_bot Telegram Executor][com.yy.bscRobot.service.Web3Service:47] - 当前web3的版本信息是：56
2024-01-24 19:34:04.358 INFO  [jason665522_bot Telegram Executor][com.yy.bscRobot.service.Web3Service:62] - 地址0x143cb8db26cd6764432314a8be86baef252d86fd的BNB余额为0
2024-01-24 19:34:04.444 INFO  [jason665522_bot Telegram Executor][com.yy.bscRobot.service.Web3Service:47] - 当前web3的版本信息是：56
2024-01-24 19:34:04.531 INFO  [jason665522_bot Telegram Executor][com.yy.bscRobot.service.Web3Service:62] - 地址0x180cf4f7ae97fbf95182cf712943885a7663a08f的BNB余额为0
2024-01-24 19:34:04.613 INFO  [jason665522_bot Telegram Executor][com.yy.bscRobot.service.Web3Service:47] - 当前web3的版本信息是：56
2024-01-24 19:34:04.706 INFO  [jason665522_bot Telegram Executor][com.yy.bscRobot.service.Web3Service:62] - 地址0x9f049e403447f812f2372a0a8a669c293709bd8a的BNB余额为0
2024-01-24 19:34:04.789 INFO  [jason665522_bot Telegram Executor][com.yy.bscRobot.service.Web3Service:47] - 当前web3的版本信息是：56
2024-01-24 19:34:04.875 INFO  [jason665522_bot Telegram Executor][com.yy.bscRobot.service.Web3Service:62] - 地址0xf4b2cc9f5636202fb490d3a3c74dab6a5c8a6481的BNB余额为0
2024-01-24 19:34:04.958 INFO  [jason665522_bot Telegram Executor][com.yy.bscRobot.service.Web3Service:47] - 当前web3的版本信息是：56
2024-01-24 19:34:05.043 INFO  [jason665522_bot Telegram Executor][com.yy.bscRobot.service.Web3Service:62] - 地址0x03bea65683ae3dff53da442c695ddd48f57d5065的BNB余额为0
2024-01-24 19:34:05.129 INFO  [jason665522_bot Telegram Executor][com.yy.bscRobot.service.Web3Service:47] - 当前web3的版本信息是：56
2024-01-24 19:34:05.214 INFO  [jason665522_bot Telegram Executor][com.yy.bscRobot.service.Web3Service:62] - 地址0x4824ae479865ee16fb5f998250f403406c8098d5的BNB余额为0
2024-01-24 19:35:27.489 INFO  [main][org.springframework.boot.StartupInfoLogger:55] - Starting BscRobotAppication using Java 1.8.0_201 on PC-20190222MJLK with PID 9596 (D:\Project\TelegramRobot\BscRobot\target\classes started by Administrator in D:\Project\TelegramRobot)
2024-01-24 19:35:27.505 INFO  [main][org.springframework.boot.SpringApplication:646] - The following 1 profile is active: "default"
2024-01-24 19:35:29.353 INFO  [main][org.springframework.boot.web.embedded.tomcat.TomcatWebServer:108] - Tomcat initialized with port(s): 80 (http)
2024-01-24 19:35:29.368 INFO  [main][org.apache.juli.logging.DirectJDKLog:173] - Initializing ProtocolHandler ["http-nio-80"]
2024-01-24 19:35:29.368 INFO  [main][org.apache.juli.logging.DirectJDKLog:173] - Starting service [Tomcat]
2024-01-24 19:35:29.369 INFO  [main][org.apache.juli.logging.DirectJDKLog:173] - Starting Servlet engine: [Apache Tomcat/9.0.60]
2024-01-24 19:35:29.633 INFO  [main][org.apache.juli.logging.DirectJDKLog:173] - Initializing Spring embedded WebApplicationContext
2024-01-24 19:35:29.634 INFO  [main][org.springframework.boot.web.servlet.context.ServletWebServerApplicationContext:290] - Root WebApplicationContext: initialization completed in 2040 ms
2024-01-24 19:35:29.767 INFO  [main][com.alibaba.druid.spring.boot.autoconfigure.DruidDataSourceAutoConfigure:56] - Init DruidDataSource
2024-01-24 19:35:29.936 INFO  [main][com.alibaba.druid.pool.DruidDataSource:1003] - {dataSource-1} inited
2024-01-24 19:35:30.889 INFO  [main][org.apache.juli.logging.DirectJDKLog:173] - Starting ProtocolHandler ["http-nio-80"]
2024-01-24 19:35:30.920 INFO  [main][org.springframework.boot.web.embedded.tomcat.TomcatWebServer:220] - Tomcat started on port(s): 80 (http) with context path ''
2024-01-24 19:35:30.940 INFO  [main][org.springframework.boot.StartupInfoLogger:61] - Started BscRobotAppication in 4.013 seconds (JVM running for 11.513)
2024-01-24 19:35:41.745 INFO  [jason665522_bot Telegram Executor][com.yy.bscRobot.service.Web3Service:47] - 当前web3的版本信息是：56
2024-01-24 19:35:41.844 INFO  [jason665522_bot Telegram Executor][com.yy.bscRobot.service.Web3Service:62] - 地址0x85e3fda60c5b1786b7daf6242c507df8994aebd7的BNB余额为0
2024-01-24 19:35:41.932 INFO  [jason665522_bot Telegram Executor][com.yy.bscRobot.service.Web3Service:47] - 当前web3的版本信息是：56
2024-01-24 19:35:42.018 INFO  [jason665522_bot Telegram Executor][com.yy.bscRobot.service.Web3Service:62] - 地址0xec7b41b306c222b4bbe1aca2f6fbd08e6be04af1的BNB余额为7811000000000000
2024-01-24 19:35:42.101 INFO  [jason665522_bot Telegram Executor][com.yy.bscRobot.service.Web3Service:47] - 当前web3的版本信息是：56
2024-01-24 19:35:42.189 INFO  [jason665522_bot Telegram Executor][com.yy.bscRobot.service.Web3Service:62] - 地址0xf9c856699d9c13d99c1ec9a56ccf4126b5255185的BNB余额为47000000000000
2024-01-24 19:35:42.272 INFO  [jason665522_bot Telegram Executor][com.yy.bscRobot.service.Web3Service:47] - 当前web3的版本信息是：56
2024-01-24 19:35:42.360 INFO  [jason665522_bot Telegram Executor][com.yy.bscRobot.service.Web3Service:62] - 地址0xa079aae4ff24e746dbda1cb80135dc6830b27d31的BNB余额为12000000000000000
2024-01-24 19:35:42.442 INFO  [jason665522_bot Telegram Executor][com.yy.bscRobot.service.Web3Service:47] - 当前web3的版本信息是：56
2024-01-24 19:35:42.527 INFO  [jason665522_bot Telegram Executor][com.yy.bscRobot.service.Web3Service:62] - 地址0x143cb8db26cd6764432314a8be86baef252d86fd的BNB余额为0
2024-01-24 19:35:42.609 INFO  [jason665522_bot Telegram Executor][com.yy.bscRobot.service.Web3Service:47] - 当前web3的版本信息是：56
2024-01-24 19:35:42.695 INFO  [jason665522_bot Telegram Executor][com.yy.bscRobot.service.Web3Service:62] - 地址0x180cf4f7ae97fbf95182cf712943885a7663a08f的BNB余额为0
2024-01-24 19:35:42.779 INFO  [jason665522_bot Telegram Executor][com.yy.bscRobot.service.Web3Service:47] - 当前web3的版本信息是：56
2024-01-24 19:35:42.864 INFO  [jason665522_bot Telegram Executor][com.yy.bscRobot.service.Web3Service:62] - 地址0x9f049e403447f812f2372a0a8a669c293709bd8a的BNB余额为0
2024-01-24 19:35:42.946 INFO  [jason665522_bot Telegram Executor][com.yy.bscRobot.service.Web3Service:47] - 当前web3的版本信息是：56
2024-01-24 19:35:43.035 INFO  [jason665522_bot Telegram Executor][com.yy.bscRobot.service.Web3Service:62] - 地址0xf4b2cc9f5636202fb490d3a3c74dab6a5c8a6481的BNB余额为0
2024-01-24 19:35:43.116 INFO  [jason665522_bot Telegram Executor][com.yy.bscRobot.service.Web3Service:47] - 当前web3的版本信息是：56
2024-01-24 19:35:43.200 INFO  [jason665522_bot Telegram Executor][com.yy.bscRobot.service.Web3Service:62] - 地址0x03bea65683ae3dff53da442c695ddd48f57d5065的BNB余额为0
2024-01-24 19:35:43.287 INFO  [jason665522_bot Telegram Executor][com.yy.bscRobot.service.Web3Service:47] - 当前web3的版本信息是：56
2024-01-24 19:35:43.373 INFO  [jason665522_bot Telegram Executor][com.yy.bscRobot.service.Web3Service:62] - 地址0x4824ae479865ee16fb5f998250f403406c8098d5的BNB余额为0
2024-01-24 19:35:56.514 INFO  [SpringApplicationShutdownHook][com.alibaba.druid.pool.DruidDataSource:1965] - {dataSource-1} closing ...
2024-01-24 19:35:56.523 INFO  [SpringApplicationShutdownHook][com.alibaba.druid.pool.DruidDataSource:2037] - {dataSource-1} closed
2024-01-24 19:36:51.694 INFO  [main][org.springframework.boot.StartupInfoLogger:55] - Starting BscRobotAppication using Java 1.8.0_201 on PC-20190222MJLK with PID 7964 (D:\Project\TelegramRobot\BscRobot\target\classes started by Administrator in D:\Project\TelegramRobot)
2024-01-24 19:36:51.705 INFO  [main][org.springframework.boot.SpringApplication:646] - The following 1 profile is active: "default"
2024-01-24 19:36:53.102 INFO  [main][org.springframework.boot.web.embedded.tomcat.TomcatWebServer:108] - Tomcat initialized with port(s): 80 (http)
2024-01-24 19:36:53.114 INFO  [main][org.apache.juli.logging.DirectJDKLog:173] - Initializing ProtocolHandler ["http-nio-80"]
2024-01-24 19:36:53.115 INFO  [main][org.apache.juli.logging.DirectJDKLog:173] - Starting service [Tomcat]
2024-01-24 19:36:53.115 INFO  [main][org.apache.juli.logging.DirectJDKLog:173] - Starting Servlet engine: [Apache Tomcat/9.0.60]
2024-01-24 19:36:53.330 INFO  [main][org.apache.juli.logging.DirectJDKLog:173] - Initializing Spring embedded WebApplicationContext
2024-01-24 19:36:53.331 INFO  [main][org.springframework.boot.web.servlet.context.ServletWebServerApplicationContext:290] - Root WebApplicationContext: initialization completed in 1578 ms
2024-01-24 19:36:53.434 INFO  [main][com.alibaba.druid.spring.boot.autoconfigure.DruidDataSourceAutoConfigure:56] - Init DruidDataSource
2024-01-24 19:36:53.578 INFO  [main][com.alibaba.druid.pool.DruidDataSource:1003] - {dataSource-1} inited
2024-01-24 19:36:54.327 INFO  [main][org.apache.juli.logging.DirectJDKLog:173] - Starting ProtocolHandler ["http-nio-80"]
2024-01-24 19:36:54.354 INFO  [main][org.springframework.boot.web.embedded.tomcat.TomcatWebServer:220] - Tomcat started on port(s): 80 (http) with context path ''
2024-01-24 19:36:54.371 INFO  [main][org.springframework.boot.StartupInfoLogger:61] - Started BscRobotAppication in 3.021 seconds (JVM running for 8.991)
2024-01-24 19:37:09.927 INFO  [jason665522_bot Telegram Executor][com.yy.bscRobot.service.Web3Service:47] - 当前web3的版本信息是：56
2024-01-24 19:37:10.011 INFO  [jason665522_bot Telegram Executor][com.yy.bscRobot.service.Web3Service:62] - 地址0x85e3fda60c5b1786b7daf6242c507df8994aebd7的BNB余额为0
2024-01-24 19:37:10.093 INFO  [jason665522_bot Telegram Executor][com.yy.bscRobot.service.Web3Service:47] - 当前web3的版本信息是：56
2024-01-24 19:37:10.183 INFO  [jason665522_bot Telegram Executor][com.yy.bscRobot.service.Web3Service:62] - 地址0xec7b41b306c222b4bbe1aca2f6fbd08e6be04af1的BNB余额为7811000000000000
2024-01-24 19:37:10.271 INFO  [jason665522_bot Telegram Executor][com.yy.bscRobot.service.Web3Service:47] - 当前web3的版本信息是：56
2024-01-24 19:37:10.361 INFO  [jason665522_bot Telegram Executor][com.yy.bscRobot.service.Web3Service:62] - 地址0xf9c856699d9c13d99c1ec9a56ccf4126b5255185的BNB余额为47000000000000
2024-01-24 19:37:10.446 INFO  [jason665522_bot Telegram Executor][com.yy.bscRobot.service.Web3Service:47] - 当前web3的版本信息是：56
2024-01-24 19:37:10.530 INFO  [jason665522_bot Telegram Executor][com.yy.bscRobot.service.Web3Service:62] - 地址0xa079aae4ff24e746dbda1cb80135dc6830b27d31的BNB余额为12000000000000000
2024-01-24 19:37:10.608 INFO  [jason665522_bot Telegram Executor][com.yy.bscRobot.service.Web3Service:47] - 当前web3的版本信息是：56
2024-01-24 19:37:10.697 INFO  [jason665522_bot Telegram Executor][com.yy.bscRobot.service.Web3Service:62] - 地址0x143cb8db26cd6764432314a8be86baef252d86fd的BNB余额为0
2024-01-24 19:37:10.781 INFO  [jason665522_bot Telegram Executor][com.yy.bscRobot.service.Web3Service:47] - 当前web3的版本信息是：56
2024-01-24 19:37:10.868 INFO  [jason665522_bot Telegram Executor][com.yy.bscRobot.service.Web3Service:62] - 地址0x180cf4f7ae97fbf95182cf712943885a7663a08f的BNB余额为0
2024-01-24 19:37:10.954 INFO  [jason665522_bot Telegram Executor][com.yy.bscRobot.service.Web3Service:47] - 当前web3的版本信息是：56
2024-01-24 19:37:11.279 INFO  [jason665522_bot Telegram Executor][com.yy.bscRobot.service.Web3Service:62] - 地址0x9f049e403447f812f2372a0a8a669c293709bd8a的BNB余额为0
2024-01-24 19:37:11.358 INFO  [jason665522_bot Telegram Executor][com.yy.bscRobot.service.Web3Service:47] - 当前web3的版本信息是：56
2024-01-24 19:37:11.440 INFO  [jason665522_bot Telegram Executor][com.yy.bscRobot.service.Web3Service:62] - 地址0xf4b2cc9f5636202fb490d3a3c74dab6a5c8a6481的BNB余额为0
2024-01-24 19:37:11.522 INFO  [jason665522_bot Telegram Executor][com.yy.bscRobot.service.Web3Service:47] - 当前web3的版本信息是：56
2024-01-24 19:37:11.608 INFO  [jason665522_bot Telegram Executor][com.yy.bscRobot.service.Web3Service:62] - 地址0x03bea65683ae3dff53da442c695ddd48f57d5065的BNB余额为0
2024-01-24 19:37:11.693 INFO  [jason665522_bot Telegram Executor][com.yy.bscRobot.service.Web3Service:47] - 当前web3的版本信息是：56
2024-01-24 19:37:11.777 INFO  [jason665522_bot Telegram Executor][com.yy.bscRobot.service.Web3Service:62] - 地址0x4824ae479865ee16fb5f998250f403406c8098d5的BNB余额为0
2024-01-24 19:38:03.085 INFO  [SpringApplicationShutdownHook][com.alibaba.druid.pool.DruidDataSource:1965] - {dataSource-1} closing ...
2024-01-24 19:38:03.093 INFO  [SpringApplicationShutdownHook][com.alibaba.druid.pool.DruidDataSource:2037] - {dataSource-1} closed
2024-01-24 19:40:17.318 INFO  [main][org.springframework.boot.StartupInfoLogger:55] - Starting BscRobotAppication using Java 1.8.0_201 on PC-20190222MJLK with PID 9360 (D:\Project\TelegramRobot\BscRobot\target\classes started by Administrator in D:\Project\TelegramRobot)
2024-01-24 19:40:17.327 INFO  [main][org.springframework.boot.SpringApplication:646] - The following 1 profile is active: "default"
2024-01-24 19:40:18.606 INFO  [main][org.springframework.boot.web.embedded.tomcat.TomcatWebServer:108] - Tomcat initialized with port(s): 80 (http)
2024-01-24 19:40:18.617 INFO  [main][org.apache.juli.logging.DirectJDKLog:173] - Initializing ProtocolHandler ["http-nio-80"]
2024-01-24 19:40:18.618 INFO  [main][org.apache.juli.logging.DirectJDKLog:173] - Starting service [Tomcat]
2024-01-24 19:40:18.618 INFO  [main][org.apache.juli.logging.DirectJDKLog:173] - Starting Servlet engine: [Apache Tomcat/9.0.60]
2024-01-24 19:40:18.808 INFO  [main][org.apache.juli.logging.DirectJDKLog:173] - Initializing Spring embedded WebApplicationContext
2024-01-24 19:40:18.808 INFO  [main][org.springframework.boot.web.servlet.context.ServletWebServerApplicationContext:290] - Root WebApplicationContext: initialization completed in 1435 ms
2024-01-24 19:40:18.903 INFO  [main][com.alibaba.druid.spring.boot.autoconfigure.DruidDataSourceAutoConfigure:56] - Init DruidDataSource
2024-01-24 19:40:19.027 INFO  [main][com.alibaba.druid.pool.DruidDataSource:1003] - {dataSource-1} inited
2024-01-24 19:40:19.662 INFO  [main][org.apache.juli.logging.DirectJDKLog:173] - Starting ProtocolHandler ["http-nio-80"]
2024-01-24 19:40:19.684 INFO  [main][org.springframework.boot.web.embedded.tomcat.TomcatWebServer:220] - Tomcat started on port(s): 80 (http) with context path ''
2024-01-24 19:40:19.698 INFO  [main][org.springframework.boot.StartupInfoLogger:61] - Started BscRobotAppication in 2.693 seconds (JVM running for 8.013)
2024-01-24 19:40:30.798 INFO  [jason665522_bot Telegram Executor][com.yy.bscRobot.service.Web3Service:47] - 当前web3的版本信息是：56
2024-01-24 19:40:30.888 INFO  [jason665522_bot Telegram Executor][com.yy.bscRobot.service.Web3Service:62] - 地址0x85e3fda60c5b1786b7daf6242c507df8994aebd7的BNB余额为0
2024-01-24 19:40:30.971 INFO  [jason665522_bot Telegram Executor][com.yy.bscRobot.service.Web3Service:47] - 当前web3的版本信息是：56
2024-01-24 19:40:31.053 INFO  [jason665522_bot Telegram Executor][com.yy.bscRobot.service.Web3Service:62] - 地址0xec7b41b306c222b4bbe1aca2f6fbd08e6be04af1的BNB余额为7811000000000000
2024-01-24 19:40:31.136 INFO  [jason665522_bot Telegram Executor][com.yy.bscRobot.service.Web3Service:47] - 当前web3的版本信息是：56
2024-01-24 19:40:31.222 INFO  [jason665522_bot Telegram Executor][com.yy.bscRobot.service.Web3Service:62] - 地址0xf9c856699d9c13d99c1ec9a56ccf4126b5255185的BNB余额为47000000000000
2024-01-24 19:40:31.303 INFO  [jason665522_bot Telegram Executor][com.yy.bscRobot.service.Web3Service:47] - 当前web3的版本信息是：56
2024-01-24 19:40:31.386 INFO  [jason665522_bot Telegram Executor][com.yy.bscRobot.service.Web3Service:62] - 地址0xa079aae4ff24e746dbda1cb80135dc6830b27d31的BNB余额为12000000000000000
2024-01-24 19:40:31.468 INFO  [jason665522_bot Telegram Executor][com.yy.bscRobot.service.Web3Service:47] - 当前web3的版本信息是：56
2024-01-24 19:40:31.552 INFO  [jason665522_bot Telegram Executor][com.yy.bscRobot.service.Web3Service:62] - 地址0x143cb8db26cd6764432314a8be86baef252d86fd的BNB余额为0
2024-01-24 19:40:31.636 INFO  [jason665522_bot Telegram Executor][com.yy.bscRobot.service.Web3Service:47] - 当前web3的版本信息是：56
2024-01-24 19:40:31.720 INFO  [jason665522_bot Telegram Executor][com.yy.bscRobot.service.Web3Service:62] - 地址0x180cf4f7ae97fbf95182cf712943885a7663a08f的BNB余额为0
2024-01-24 19:40:31.803 INFO  [jason665522_bot Telegram Executor][com.yy.bscRobot.service.Web3Service:47] - 当前web3的版本信息是：56
2024-01-24 19:40:31.891 INFO  [jason665522_bot Telegram Executor][com.yy.bscRobot.service.Web3Service:62] - 地址0x9f049e403447f812f2372a0a8a669c293709bd8a的BNB余额为0
2024-01-24 19:40:31.972 INFO  [jason665522_bot Telegram Executor][com.yy.bscRobot.service.Web3Service:47] - 当前web3的版本信息是：56
2024-01-24 19:40:32.056 INFO  [jason665522_bot Telegram Executor][com.yy.bscRobot.service.Web3Service:62] - 地址0xf4b2cc9f5636202fb490d3a3c74dab6a5c8a6481的BNB余额为0
2024-01-24 19:40:32.143 INFO  [jason665522_bot Telegram Executor][com.yy.bscRobot.service.Web3Service:47] - 当前web3的版本信息是：56
2024-01-24 19:40:32.225 INFO  [jason665522_bot Telegram Executor][com.yy.bscRobot.service.Web3Service:62] - 地址0x03bea65683ae3dff53da442c695ddd48f57d5065的BNB余额为0
2024-01-24 19:40:32.324 INFO  [jason665522_bot Telegram Executor][com.yy.bscRobot.service.Web3Service:47] - 当前web3的版本信息是：56
2024-01-24 19:40:32.415 INFO  [jason665522_bot Telegram Executor][com.yy.bscRobot.service.Web3Service:62] - 地址0x4824ae479865ee16fb5f998250f403406c8098d5的BNB余额为0
2024-01-24 19:40:43.266 INFO  [SpringApplicationShutdownHook][com.alibaba.druid.pool.DruidDataSource:1965] - {dataSource-1} closing ...
2024-01-24 19:40:43.275 INFO  [SpringApplicationShutdownHook][com.alibaba.druid.pool.DruidDataSource:2037] - {dataSource-1} closed
2024-01-24 19:41:06.015 INFO  [main][org.springframework.boot.StartupInfoLogger:55] - Starting BscRobotAppication using Java 1.8.0_201 on PC-20190222MJLK with PID 3752 (D:\Project\TelegramRobot\BscRobot\target\classes started by Administrator in D:\Project\TelegramRobot)
2024-01-24 19:41:06.025 INFO  [main][org.springframework.boot.SpringApplication:646] - The following 1 profile is active: "default"
2024-01-24 19:41:07.298 INFO  [main][org.springframework.boot.web.embedded.tomcat.TomcatWebServer:108] - Tomcat initialized with port(s): 80 (http)
2024-01-24 19:41:07.308 INFO  [main][org.apache.juli.logging.DirectJDKLog:173] - Initializing ProtocolHandler ["http-nio-80"]
2024-01-24 19:41:07.309 INFO  [main][org.apache.juli.logging.DirectJDKLog:173] - Starting service [Tomcat]
2024-01-24 19:41:07.309 INFO  [main][org.apache.juli.logging.DirectJDKLog:173] - Starting Servlet engine: [Apache Tomcat/9.0.60]
2024-01-24 19:41:07.505 INFO  [main][org.apache.juli.logging.DirectJDKLog:173] - Initializing Spring embedded WebApplicationContext
2024-01-24 19:41:07.505 INFO  [main][org.springframework.boot.web.servlet.context.ServletWebServerApplicationContext:290] - Root WebApplicationContext: initialization completed in 1431 ms
2024-01-24 19:41:07.596 INFO  [main][com.alibaba.druid.spring.boot.autoconfigure.DruidDataSourceAutoConfigure:56] - Init DruidDataSource
2024-01-24 19:41:07.721 INFO  [main][com.alibaba.druid.pool.DruidDataSource:1003] - {dataSource-1} inited
2024-01-24 19:41:08.399 INFO  [main][org.apache.juli.logging.DirectJDKLog:173] - Starting ProtocolHandler ["http-nio-80"]
2024-01-24 19:41:08.424 INFO  [main][org.springframework.boot.web.embedded.tomcat.TomcatWebServer:220] - Tomcat started on port(s): 80 (http) with context path ''
2024-01-24 19:41:08.439 INFO  [main][org.springframework.boot.StartupInfoLogger:61] - Started BscRobotAppication in 2.761 seconds (JVM running for 8.052)
2024-01-24 19:41:23.334 INFO  [jason665522_bot Telegram Executor][com.yy.bscRobot.service.Web3Service:47] - 当前web3的版本信息是：56
2024-01-24 19:41:23.430 INFO  [jason665522_bot Telegram Executor][com.yy.bscRobot.service.Web3Service:62] - 地址0x85e3fda60c5b1786b7daf6242c507df8994aebd7的BNB余额为0
2024-01-24 19:41:23.522 INFO  [jason665522_bot Telegram Executor][com.yy.bscRobot.service.Web3Service:47] - 当前web3的版本信息是：56
2024-01-24 19:41:23.855 INFO  [jason665522_bot Telegram Executor][com.yy.bscRobot.service.Web3Service:62] - 地址0xec7b41b306c222b4bbe1aca2f6fbd08e6be04af1的BNB余额为7811000000000000
2024-01-24 19:41:23.949 INFO  [jason665522_bot Telegram Executor][com.yy.bscRobot.service.Web3Service:47] - 当前web3的版本信息是：56
2024-01-24 19:41:24.043 INFO  [jason665522_bot Telegram Executor][com.yy.bscRobot.service.Web3Service:62] - 地址0xf9c856699d9c13d99c1ec9a56ccf4126b5255185的BNB余额为47000000000000
2024-01-24 19:41:24.133 INFO  [jason665522_bot Telegram Executor][com.yy.bscRobot.service.Web3Service:47] - 当前web3的版本信息是：56
2024-01-24 19:41:24.226 INFO  [jason665522_bot Telegram Executor][com.yy.bscRobot.service.Web3Service:62] - 地址0xa079aae4ff24e746dbda1cb80135dc6830b27d31的BNB余额为12000000000000000
2024-01-24 19:41:24.312 INFO  [jason665522_bot Telegram Executor][com.yy.bscRobot.service.Web3Service:47] - 当前web3的版本信息是：56
2024-01-24 19:41:24.400 INFO  [jason665522_bot Telegram Executor][com.yy.bscRobot.service.Web3Service:62] - 地址0x143cb8db26cd6764432314a8be86baef252d86fd的BNB余额为0
2024-01-24 19:41:24.488 INFO  [jason665522_bot Telegram Executor][com.yy.bscRobot.service.Web3Service:47] - 当前web3的版本信息是：56
2024-01-24 19:41:24.570 INFO  [jason665522_bot Telegram Executor][com.yy.bscRobot.service.Web3Service:62] - 地址0x180cf4f7ae97fbf95182cf712943885a7663a08f的BNB余额为0
2024-01-24 19:41:24.656 INFO  [jason665522_bot Telegram Executor][com.yy.bscRobot.service.Web3Service:47] - 当前web3的版本信息是：56
2024-01-24 19:41:24.747 INFO  [jason665522_bot Telegram Executor][com.yy.bscRobot.service.Web3Service:62] - 地址0x9f049e403447f812f2372a0a8a669c293709bd8a的BNB余额为0
2024-01-24 19:41:24.838 INFO  [jason665522_bot Telegram Executor][com.yy.bscRobot.service.Web3Service:47] - 当前web3的版本信息是：56
2024-01-24 19:41:24.928 INFO  [jason665522_bot Telegram Executor][com.yy.bscRobot.service.Web3Service:62] - 地址0xf4b2cc9f5636202fb490d3a3c74dab6a5c8a6481的BNB余额为0
2024-01-24 19:41:25.014 INFO  [jason665522_bot Telegram Executor][com.yy.bscRobot.service.Web3Service:47] - 当前web3的版本信息是：56
2024-01-24 19:41:25.115 INFO  [jason665522_bot Telegram Executor][com.yy.bscRobot.service.Web3Service:62] - 地址0x03bea65683ae3dff53da442c695ddd48f57d5065的BNB余额为0
2024-01-24 19:41:25.205 INFO  [jason665522_bot Telegram Executor][com.yy.bscRobot.service.Web3Service:47] - 当前web3的版本信息是：56
2024-01-24 19:41:25.294 INFO  [jason665522_bot Telegram Executor][com.yy.bscRobot.service.Web3Service:62] - 地址0x4824ae479865ee16fb5f998250f403406c8098d5的BNB余额为0
2024-01-24 19:41:41.770 INFO  [SpringApplicationShutdownHook][com.alibaba.druid.pool.DruidDataSource:1965] - {dataSource-1} closing ...
2024-01-24 19:41:41.778 INFO  [SpringApplicationShutdownHook][com.alibaba.druid.pool.DruidDataSource:2037] - {dataSource-1} closed
