2024-01-16 10:51:57.588 INFO  [SpringApplicationShutdownHook][com.alibaba.druid.pool.DruidDataSource:1965] - {dataSource-1} closing ...
2024-01-16 10:51:57.655 INFO  [SpringApplicationShutdownHook][com.alibaba.druid.pool.DruidDataSource:2037] - {dataSource-1} closed
2024-01-16 11:27:19.906 INFO  [main][org.springframework.boot.StartupInfoLogger:55] - Starting BscRobotAppication using Java 1.8.0_201 on PC-20190222MJLK with PID 2800 (D:\Project\TelegramRobot\BscRobot\target\classes started by Administrator in D:\Project\TelegramRobot)
2024-01-16 11:27:19.916 INFO  [main][org.springframework.boot.SpringApplication:646] - The following 1 profile is active: "default"
2024-01-16 11:27:21.502 INFO  [main][org.springframework.boot.web.embedded.tomcat.TomcatWebServer:108] - Tomcat initialized with port(s): 80 (http)
2024-01-16 11:27:21.535 INFO  [main][org.apache.juli.logging.DirectJDKLog:173] - Initializing ProtocolHandler ["http-nio-80"]
2024-01-16 11:27:21.536 INFO  [main][org.apache.juli.logging.DirectJDKLog:173] - Starting service [Tomcat]
2024-01-16 11:27:21.536 INFO  [main][org.apache.juli.logging.DirectJDKLog:173] - Starting Servlet engine: [Apache Tomcat/9.0.60]
2024-01-16 11:27:21.869 INFO  [main][org.apache.juli.logging.DirectJDKLog:173] - Initializing Spring embedded WebApplicationContext
2024-01-16 11:27:21.869 INFO  [main][org.springframework.boot.web.servlet.context.ServletWebServerApplicationContext:290] - Root WebApplicationContext: initialization completed in 1803 ms
2024-01-16 11:27:21.939 INFO  [main][com.alibaba.druid.spring.boot.autoconfigure.DruidDataSourceAutoConfigure:56] - Init DruidDataSource
2024-01-16 11:27:22.156 INFO  [main][com.alibaba.druid.pool.DruidDataSource:1003] - {dataSource-1} inited
2024-01-16 11:27:22.847 INFO  [main][org.apache.juli.logging.DirectJDKLog:173] - Starting ProtocolHandler ["http-nio-80"]
2024-01-16 11:27:22.867 INFO  [main][org.springframework.boot.web.embedded.tomcat.TomcatWebServer:220] - Tomcat started on port(s): 80 (http) with context path ''
2024-01-16 11:27:22.878 INFO  [main][org.springframework.boot.StartupInfoLogger:61] - Started BscRobotAppication in 3.894 seconds (JVM running for 8.363)
2024-01-16 11:52:25.396 INFO  [http-nio-80-exec-4][org.apache.juli.logging.DirectJDKLog:173] - Initializing Spring DispatcherServlet 'dispatcherServlet'
2024-01-16 11:52:25.396 INFO  [http-nio-80-exec-4][org.springframework.web.servlet.FrameworkServlet:525] - Initializing Servlet 'dispatcherServlet'
2024-01-16 11:52:25.397 INFO  [http-nio-80-exec-4][org.springframework.web.servlet.FrameworkServlet:547] - Completed initialization in 1 ms
2024-01-16 11:56:46.010 INFO  [SpringApplicationShutdownHook][com.alibaba.druid.pool.DruidDataSource:1965] - {dataSource-1} closing ...
2024-01-16 11:56:46.021 INFO  [SpringApplicationShutdownHook][com.alibaba.druid.pool.DruidDataSource:2037] - {dataSource-1} closed
2024-01-16 14:14:53.510 INFO  [main][org.springframework.boot.StartupInfoLogger:55] - Starting BscRobotAppication using Java 1.8.0_201 on PC-20190222MJLK with PID 1704 (D:\Project\TelegramRobot\BscRobot\target\classes started by Administrator in D:\Project\TelegramRobot)
2024-01-16 14:14:53.553 INFO  [main][org.springframework.boot.SpringApplication:646] - The following 1 profile is active: "default"
2024-01-16 14:14:54.571 INFO  [main][org.springframework.boot.web.embedded.tomcat.TomcatWebServer:108] - Tomcat initialized with port(s): 80 (http)
2024-01-16 14:14:54.581 INFO  [main][org.apache.juli.logging.DirectJDKLog:173] - Initializing ProtocolHandler ["http-nio-80"]
2024-01-16 14:14:54.582 INFO  [main][org.apache.juli.logging.DirectJDKLog:173] - Starting service [Tomcat]
2024-01-16 14:14:54.582 INFO  [main][org.apache.juli.logging.DirectJDKLog:173] - Starting Servlet engine: [Apache Tomcat/9.0.60]
2024-01-16 14:14:54.827 INFO  [main][org.apache.juli.logging.DirectJDKLog:173] - Initializing Spring embedded WebApplicationContext
2024-01-16 14:14:54.827 INFO  [main][org.springframework.boot.web.servlet.context.ServletWebServerApplicationContext:290] - Root WebApplicationContext: initialization completed in 1226 ms
2024-01-16 14:14:54.927 INFO  [main][com.alibaba.druid.spring.boot.autoconfigure.DruidDataSourceAutoConfigure:56] - Init DruidDataSource
2024-01-16 14:14:55.265 INFO  [main][com.alibaba.druid.pool.DruidDataSource:1003] - {dataSource-1} inited
2024-01-16 14:14:55.846 INFO  [main][org.apache.juli.logging.DirectJDKLog:173] - Starting ProtocolHandler ["http-nio-80"]
2024-01-16 14:14:55.863 INFO  [main][org.springframework.boot.web.embedded.tomcat.TomcatWebServer:220] - Tomcat started on port(s): 80 (http) with context path ''
2024-01-16 14:14:55.874 INFO  [main][org.springframework.boot.StartupInfoLogger:61] - Started BscRobotAppication in 2.773 seconds (JVM running for 4.519)
2024-01-16 14:15:13.546 INFO  [SpringApplicationShutdownHook][com.alibaba.druid.pool.DruidDataSource:1965] - {dataSource-1} closing ...
2024-01-16 14:15:13.547 INFO  [SpringApplicationShutdownHook][com.alibaba.druid.pool.DruidDataSource:2037] - {dataSource-1} closed
2024-01-16 14:15:27.466 INFO  [main][org.springframework.boot.StartupInfoLogger:55] - Starting BscRobotAppication using Java 1.8.0_201 on PC-20190222MJLK with PID 12980 (D:\Project\TelegramRobot\BscRobot\target\classes started by Administrator in D:\Project\TelegramRobot)
2024-01-16 14:15:27.517 INFO  [main][org.springframework.boot.SpringApplication:646] - The following 1 profile is active: "default"
2024-01-16 14:15:28.466 INFO  [main][org.springframework.boot.web.embedded.tomcat.TomcatWebServer:108] - Tomcat initialized with port(s): 80 (http)
2024-01-16 14:15:28.475 INFO  [main][org.apache.juli.logging.DirectJDKLog:173] - Initializing ProtocolHandler ["http-nio-80"]
2024-01-16 14:15:28.475 INFO  [main][org.apache.juli.logging.DirectJDKLog:173] - Starting service [Tomcat]
2024-01-16 14:15:28.475 INFO  [main][org.apache.juli.logging.DirectJDKLog:173] - Starting Servlet engine: [Apache Tomcat/9.0.60]
2024-01-16 14:15:28.640 INFO  [main][org.apache.juli.logging.DirectJDKLog:173] - Initializing Spring embedded WebApplicationContext
2024-01-16 14:15:28.641 INFO  [main][org.springframework.boot.web.servlet.context.ServletWebServerApplicationContext:290] - Root WebApplicationContext: initialization completed in 1080 ms
2024-01-16 14:15:28.711 INFO  [main][com.alibaba.druid.spring.boot.autoconfigure.DruidDataSourceAutoConfigure:56] - Init DruidDataSource
2024-01-16 14:15:28.877 INFO  [main][com.alibaba.druid.pool.DruidDataSource:1003] - {dataSource-1} inited
2024-01-16 14:15:29.356 INFO  [main][org.apache.juli.logging.DirectJDKLog:173] - Starting ProtocolHandler ["http-nio-80"]
2024-01-16 14:15:29.374 INFO  [main][org.springframework.boot.web.embedded.tomcat.TomcatWebServer:220] - Tomcat started on port(s): 80 (http) with context path ''
2024-01-16 14:15:29.386 INFO  [main][org.springframework.boot.StartupInfoLogger:61] - Started BscRobotAppication in 2.457 seconds (JVM running for 4.627)
2024-01-16 14:15:40.020 INFO  [http-nio-80-exec-1][org.apache.juli.logging.DirectJDKLog:173] - Initializing Spring DispatcherServlet 'dispatcherServlet'
2024-01-16 14:15:40.020 INFO  [http-nio-80-exec-1][org.springframework.web.servlet.FrameworkServlet:525] - Initializing Servlet 'dispatcherServlet'
2024-01-16 14:15:40.021 INFO  [http-nio-80-exec-1][org.springframework.web.servlet.FrameworkServlet:547] - Completed initialization in 1 ms
2024-01-16 14:17:46.496 INFO  [SpringApplicationShutdownHook][com.alibaba.druid.pool.DruidDataSource:1965] - {dataSource-1} closing ...
2024-01-16 14:17:46.510 INFO  [SpringApplicationShutdownHook][com.alibaba.druid.pool.DruidDataSource:2037] - {dataSource-1} closed
2024-01-16 14:18:14.602 INFO  [main][org.springframework.boot.StartupInfoLogger:55] - Starting BscRobotAppication using Java 1.8.0_201 on PC-20190222MJLK with PID 7144 (D:\Project\TelegramRobot\BscRobot\target\classes started by Administrator in D:\Project\TelegramRobot)
2024-01-16 14:18:14.618 INFO  [main][org.springframework.boot.SpringApplication:646] - The following 1 profile is active: "default"
2024-01-16 14:18:15.546 INFO  [main][org.springframework.boot.web.embedded.tomcat.TomcatWebServer:108] - Tomcat initialized with port(s): 80 (http)
2024-01-16 14:18:15.554 INFO  [main][org.apache.juli.logging.DirectJDKLog:173] - Initializing ProtocolHandler ["http-nio-80"]
2024-01-16 14:18:15.554 INFO  [main][org.apache.juli.logging.DirectJDKLog:173] - Starting service [Tomcat]
2024-01-16 14:18:15.554 INFO  [main][org.apache.juli.logging.DirectJDKLog:173] - Starting Servlet engine: [Apache Tomcat/9.0.60]
2024-01-16 14:18:15.720 INFO  [main][org.apache.juli.logging.DirectJDKLog:173] - Initializing Spring embedded WebApplicationContext
2024-01-16 14:18:15.720 INFO  [main][org.springframework.boot.web.servlet.context.ServletWebServerApplicationContext:290] - Root WebApplicationContext: initialization completed in 1029 ms
2024-01-16 14:18:15.789 INFO  [main][com.alibaba.druid.spring.boot.autoconfigure.DruidDataSourceAutoConfigure:56] - Init DruidDataSource
2024-01-16 14:18:15.883 INFO  [main][com.alibaba.druid.pool.DruidDataSource:1003] - {dataSource-1} inited
2024-01-16 14:18:16.472 INFO  [main][org.apache.juli.logging.DirectJDKLog:173] - Starting ProtocolHandler ["http-nio-80"]
2024-01-16 14:18:16.491 INFO  [main][org.springframework.boot.web.embedded.tomcat.TomcatWebServer:220] - Tomcat started on port(s): 80 (http) with context path ''
2024-01-16 14:18:16.502 INFO  [main][org.springframework.boot.StartupInfoLogger:61] - Started BscRobotAppication in 2.293 seconds (JVM running for 4.061)
2024-01-16 14:18:32.930 INFO  [http-nio-80-exec-1][org.apache.juli.logging.DirectJDKLog:173] - Initializing Spring DispatcherServlet 'dispatcherServlet'
2024-01-16 14:18:32.931 INFO  [http-nio-80-exec-1][org.springframework.web.servlet.FrameworkServlet:525] - Initializing Servlet 'dispatcherServlet'
2024-01-16 14:18:32.931 INFO  [http-nio-80-exec-1][org.springframework.web.servlet.FrameworkServlet:547] - Completed initialization in 0 ms
2024-01-16 14:20:22.632 INFO  [SpringApplicationShutdownHook][com.alibaba.druid.pool.DruidDataSource:1965] - {dataSource-1} closing ...
2024-01-16 14:20:22.638 INFO  [SpringApplicationShutdownHook][com.alibaba.druid.pool.DruidDataSource:2037] - {dataSource-1} closed
2024-01-16 14:24:41.341 INFO  [main][org.springframework.boot.StartupInfoLogger:55] - Starting BscRobotAppication using Java 1.8.0_201 on PC-20190222MJLK with PID 10348 (D:\Project\TelegramRobot\BscRobot\target\classes started by Administrator in D:\Project\TelegramRobot)
2024-01-16 14:24:41.381 INFO  [main][org.springframework.boot.SpringApplication:646] - The following 1 profile is active: "default"
2024-01-16 14:24:42.276 INFO  [main][org.springframework.boot.web.embedded.tomcat.TomcatWebServer:108] - Tomcat initialized with port(s): 80 (http)
2024-01-16 14:24:42.284 INFO  [main][org.apache.juli.logging.DirectJDKLog:173] - Initializing ProtocolHandler ["http-nio-80"]
2024-01-16 14:24:42.284 INFO  [main][org.apache.juli.logging.DirectJDKLog:173] - Starting service [Tomcat]
2024-01-16 14:24:42.285 INFO  [main][org.apache.juli.logging.DirectJDKLog:173] - Starting Servlet engine: [Apache Tomcat/9.0.60]
2024-01-16 14:24:42.459 INFO  [main][org.apache.juli.logging.DirectJDKLog:173] - Initializing Spring embedded WebApplicationContext
2024-01-16 14:24:42.459 INFO  [main][org.springframework.boot.web.servlet.context.ServletWebServerApplicationContext:290] - Root WebApplicationContext: initialization completed in 1036 ms
2024-01-16 14:24:42.527 INFO  [main][com.alibaba.druid.spring.boot.autoconfigure.DruidDataSourceAutoConfigure:56] - Init DruidDataSource
2024-01-16 14:24:42.684 INFO  [main][com.alibaba.druid.pool.DruidDataSource:1003] - {dataSource-1} inited
2024-01-16 14:24:43.148 INFO  [main][org.apache.juli.logging.DirectJDKLog:173] - Starting ProtocolHandler ["http-nio-80"]
2024-01-16 14:24:43.164 INFO  [main][org.springframework.boot.web.embedded.tomcat.TomcatWebServer:220] - Tomcat started on port(s): 80 (http) with context path ''
2024-01-16 14:24:43.175 INFO  [main][org.springframework.boot.StartupInfoLogger:61] - Started BscRobotAppication in 2.193 seconds (JVM running for 3.978)
2024-01-16 14:24:59.791 INFO  [http-nio-80-exec-1][org.apache.juli.logging.DirectJDKLog:173] - Initializing Spring DispatcherServlet 'dispatcherServlet'
2024-01-16 14:24:59.791 INFO  [http-nio-80-exec-1][org.springframework.web.servlet.FrameworkServlet:525] - Initializing Servlet 'dispatcherServlet'
2024-01-16 14:24:59.792 INFO  [http-nio-80-exec-1][org.springframework.web.servlet.FrameworkServlet:547] - Completed initialization in 1 ms
2024-01-16 14:25:37.977 INFO  [SpringApplicationShutdownHook][com.alibaba.druid.pool.DruidDataSource:1965] - {dataSource-1} closing ...
2024-01-16 14:25:37.983 INFO  [SpringApplicationShutdownHook][com.alibaba.druid.pool.DruidDataSource:2037] - {dataSource-1} closed
2024-01-16 14:25:47.773 INFO  [main][org.springframework.boot.StartupInfoLogger:55] - Starting BscRobotAppication using Java 1.8.0_201 on PC-20190222MJLK with PID 1244 (D:\Project\TelegramRobot\BscRobot\target\classes started by Administrator in D:\Project\TelegramRobot)
2024-01-16 14:25:47.817 INFO  [main][org.springframework.boot.SpringApplication:646] - The following 1 profile is active: "default"
2024-01-16 14:25:48.799 INFO  [main][org.springframework.boot.web.embedded.tomcat.TomcatWebServer:108] - Tomcat initialized with port(s): 80 (http)
2024-01-16 14:25:48.806 INFO  [main][org.apache.juli.logging.DirectJDKLog:173] - Initializing ProtocolHandler ["http-nio-80"]
2024-01-16 14:25:48.807 INFO  [main][org.apache.juli.logging.DirectJDKLog:173] - Starting service [Tomcat]
2024-01-16 14:25:48.807 INFO  [main][org.apache.juli.logging.DirectJDKLog:173] - Starting Servlet engine: [Apache Tomcat/9.0.60]
2024-01-16 14:25:48.981 INFO  [main][org.apache.juli.logging.DirectJDKLog:173] - Initializing Spring embedded WebApplicationContext
2024-01-16 14:25:48.982 INFO  [main][org.springframework.boot.web.servlet.context.ServletWebServerApplicationContext:290] - Root WebApplicationContext: initialization completed in 1109 ms
2024-01-16 14:25:49.053 INFO  [main][com.alibaba.druid.spring.boot.autoconfigure.DruidDataSourceAutoConfigure:56] - Init DruidDataSource
2024-01-16 14:25:49.214 INFO  [main][com.alibaba.druid.pool.DruidDataSource:1003] - {dataSource-1} inited
2024-01-16 14:25:49.680 INFO  [main][org.apache.juli.logging.DirectJDKLog:173] - Starting ProtocolHandler ["http-nio-80"]
2024-01-16 14:25:49.697 INFO  [main][org.springframework.boot.web.embedded.tomcat.TomcatWebServer:220] - Tomcat started on port(s): 80 (http) with context path ''
2024-01-16 14:25:49.708 INFO  [main][org.springframework.boot.StartupInfoLogger:61] - Started BscRobotAppication in 2.315 seconds (JVM running for 4.085)
2024-01-16 14:25:58.782 INFO  [http-nio-80-exec-1][org.apache.juli.logging.DirectJDKLog:173] - Initializing Spring DispatcherServlet 'dispatcherServlet'
2024-01-16 14:25:58.782 INFO  [http-nio-80-exec-1][org.springframework.web.servlet.FrameworkServlet:525] - Initializing Servlet 'dispatcherServlet'
2024-01-16 14:25:58.783 INFO  [http-nio-80-exec-1][org.springframework.web.servlet.FrameworkServlet:547] - Completed initialization in 1 ms
2024-01-16 14:26:37.400 INFO  [SpringApplicationShutdownHook][com.alibaba.druid.pool.DruidDataSource:1965] - {dataSource-1} closing ...
2024-01-16 14:26:37.409 INFO  [SpringApplicationShutdownHook][com.alibaba.druid.pool.DruidDataSource:2037] - {dataSource-1} closed
2024-01-16 14:38:15.559 INFO  [main][org.springframework.boot.StartupInfoLogger:55] - Starting BscRobotAppication using Java 1.8.0_201 on PC-20190222MJLK with PID 12328 (D:\Project\TelegramRobot\BscRobot\target\classes started by Administrator in D:\Project\TelegramRobot)
2024-01-16 14:38:15.604 INFO  [main][org.springframework.boot.SpringApplication:646] - The following 1 profile is active: "default"
2024-01-16 14:38:16.552 INFO  [main][org.springframework.boot.web.embedded.tomcat.TomcatWebServer:108] - Tomcat initialized with port(s): 80 (http)
2024-01-16 14:38:16.560 INFO  [main][org.apache.juli.logging.DirectJDKLog:173] - Initializing ProtocolHandler ["http-nio-80"]
2024-01-16 14:38:16.561 INFO  [main][org.apache.juli.logging.DirectJDKLog:173] - Starting service [Tomcat]
2024-01-16 14:38:16.561 INFO  [main][org.apache.juli.logging.DirectJDKLog:173] - Starting Servlet engine: [Apache Tomcat/9.0.60]
2024-01-16 14:38:16.737 INFO  [main][org.apache.juli.logging.DirectJDKLog:173] - Initializing Spring embedded WebApplicationContext
2024-01-16 14:38:16.737 INFO  [main][org.springframework.boot.web.servlet.context.ServletWebServerApplicationContext:290] - Root WebApplicationContext: initialization completed in 1083 ms
2024-01-16 14:38:16.805 INFO  [main][com.alibaba.druid.spring.boot.autoconfigure.DruidDataSourceAutoConfigure:56] - Init DruidDataSource
2024-01-16 14:38:16.965 INFO  [main][com.alibaba.druid.pool.DruidDataSource:1003] - {dataSource-1} inited
2024-01-16 14:38:17.208 WARN  [main][org.springframework.context.support.AbstractApplicationContext:591] - Exception encountered during context initialization - cancelling refresh attempt: org.springframework.beans.factory.UnsatisfiedDependencyException: Error creating bean with name 'userInfoController': Unsatisfied dependency expressed through field 'userInfoService'; nested exception is org.springframework.beans.factory.UnsatisfiedDependencyException: Error creating bean with name 'userInfoService': Unsatisfied dependency expressed through field 'userInfoMapper'; nested exception is org.springframework.beans.factory.UnsatisfiedDependencyException: Error creating bean with name 'userInfoMapper' defined in file [D:\Project\TelegramRobot\BscRobot\target\classes\com\yy\bscRobot\mapper\UserInfoMapper.class]: Unsatisfied dependency expressed through bean property 'sqlSessionFactory'; nested exception is org.springframework.beans.factory.BeanCreationException: Error creating bean with name 'sqlSessionFactory' defined in class path resource [org/mybatis/spring/boot/autoconfigure/MybatisAutoConfiguration.class]: Bean instantiation via factory method failed; nested exception is org.springframework.beans.BeanInstantiationException: Failed to instantiate [org.apache.ibatis.session.SqlSessionFactory]: Factory method 'sqlSessionFactory' threw exception; nested exception is org.springframework.core.NestedIOException: Failed to parse mapping resource: 'file [D:\Project\TelegramRobot\BscRobot\target\classes\mapper\WalletInfoMapper.xml]'; nested exception is org.apache.ibatis.builder.BuilderException: Error parsing Mapper XML. The XML location is 'file [D:\Project\TelegramRobot\BscRobot\target\classes\mapper\WalletInfoMapper.xml]'. Cause: java.lang.IllegalArgumentException: Result Maps collection already contains value for com.yy.bscRobot.mapper.WalletInfoMapper.BaseResultMap
2024-01-16 14:38:17.208 INFO  [main][com.alibaba.druid.pool.DruidDataSource:1965] - {dataSource-1} closing ...
2024-01-16 14:38:17.209 INFO  [main][com.alibaba.druid.pool.DruidDataSource:2037] - {dataSource-1} closed
2024-01-16 14:38:17.213 INFO  [main][org.apache.juli.logging.DirectJDKLog:173] - Stopping service [Tomcat]
2024-01-16 14:38:17.229 INFO  [main][org.springframework.boot.autoconfigure.logging.ConditionEvaluationReportLoggingListener:136] - 

Error starting ApplicationContext. To display the conditions report re-run your application with 'debug' enabled.
2024-01-16 14:38:17.267 ERROR [main][org.springframework.boot.SpringApplication:830] - Application run failed
org.springframework.beans.factory.UnsatisfiedDependencyException: Error creating bean with name 'userInfoController': Unsatisfied dependency expressed through field 'userInfoService'; nested exception is org.springframework.beans.factory.UnsatisfiedDependencyException: Error creating bean with name 'userInfoService': Unsatisfied dependency expressed through field 'userInfoMapper'; nested exception is org.springframework.beans.factory.UnsatisfiedDependencyException: Error creating bean with name 'userInfoMapper' defined in file [D:\Project\TelegramRobot\BscRobot\target\classes\com\yy\bscRobot\mapper\UserInfoMapper.class]: Unsatisfied dependency expressed through bean property 'sqlSessionFactory'; nested exception is org.springframework.beans.factory.BeanCreationException: Error creating bean with name 'sqlSessionFactory' defined in class path resource [org/mybatis/spring/boot/autoconfigure/MybatisAutoConfiguration.class]: Bean instantiation via factory method failed; nested exception is org.springframework.beans.BeanInstantiationException: Failed to instantiate [org.apache.ibatis.session.SqlSessionFactory]: Factory method 'sqlSessionFactory' threw exception; nested exception is org.springframework.core.NestedIOException: Failed to parse mapping resource: 'file [D:\Project\TelegramRobot\BscRobot\target\classes\mapper\WalletInfoMapper.xml]'; nested exception is org.apache.ibatis.builder.BuilderException: Error parsing Mapper XML. The XML location is 'file [D:\Project\TelegramRobot\BscRobot\target\classes\mapper\WalletInfoMapper.xml]'. Cause: java.lang.IllegalArgumentException: Result Maps collection already contains value for com.yy.bscRobot.mapper.WalletInfoMapper.BaseResultMap
	at org.springframework.beans.factory.annotation.AutowiredAnnotationBeanPostProcessor$AutowiredFieldElement.resolveFieldValue(AutowiredAnnotationBeanPostProcessor.java:659) ~[spring-beans-5.3.17.jar:5.3.17]
	at org.springframework.beans.factory.annotation.AutowiredAnnotationBeanPostProcessor$AutowiredFieldElement.inject(AutowiredAnnotationBeanPostProcessor.java:639) ~[spring-beans-5.3.17.jar:5.3.17]
	at org.springframework.beans.factory.annotation.InjectionMetadata.inject(InjectionMetadata.java:119) ~[spring-beans-5.3.17.jar:5.3.17]
	at org.springframework.beans.factory.annotation.AutowiredAnnotationBeanPostProcessor.postProcessProperties(AutowiredAnnotationBeanPostProcessor.java:399) ~[spring-beans-5.3.17.jar:5.3.17]
	at org.springframework.beans.factory.support.AbstractAutowireCapableBeanFactory.populateBean(AbstractAutowireCapableBeanFactory.java:1431) ~[spring-beans-5.3.17.jar:5.3.17]
	at org.springframework.beans.factory.support.AbstractAutowireCapableBeanFactory.doCreateBean(AbstractAutowireCapableBeanFactory.java:619) ~[spring-beans-5.3.17.jar:5.3.17]
	at org.springframework.beans.factory.support.AbstractAutowireCapableBeanFactory.createBean(AbstractAutowireCapableBeanFactory.java:542) ~[spring-beans-5.3.17.jar:5.3.17]
	at org.springframework.beans.factory.support.AbstractBeanFactory.lambda$doGetBean$0(AbstractBeanFactory.java:335) ~[spring-beans-5.3.17.jar:5.3.17]
	at org.springframework.beans.factory.support.DefaultSingletonBeanRegistry.getSingleton(DefaultSingletonBeanRegistry.java:234) ~[spring-beans-5.3.17.jar:5.3.17]
	at org.springframework.beans.factory.support.AbstractBeanFactory.doGetBean(AbstractBeanFactory.java:333) ~[spring-beans-5.3.17.jar:5.3.17]
	at org.springframework.beans.factory.support.AbstractBeanFactory.getBean(AbstractBeanFactory.java:208) ~[spring-beans-5.3.17.jar:5.3.17]
	at org.springframework.beans.factory.support.DefaultListableBeanFactory.preInstantiateSingletons(DefaultListableBeanFactory.java:953) ~[spring-beans-5.3.17.jar:5.3.17]
	at org.springframework.context.support.AbstractApplicationContext.finishBeanFactoryInitialization(AbstractApplicationContext.java:918) ~[spring-context-5.3.17.jar:5.3.17]
	at org.springframework.context.support.AbstractApplicationContext.refresh(AbstractApplicationContext.java:583) ~[spring-context-5.3.17.jar:5.3.17]
	at org.springframework.boot.web.servlet.context.ServletWebServerApplicationContext.refresh(ServletWebServerApplicationContext.java:145) ~[spring-boot-2.6.5.jar:2.6.5]
	at org.springframework.boot.SpringApplication.refresh(SpringApplication.java:740) ~[spring-boot-2.6.5.jar:2.6.5]
	at org.springframework.boot.SpringApplication.refreshContext(SpringApplication.java:415) ~[spring-boot-2.6.5.jar:2.6.5]
	at org.springframework.boot.SpringApplication.run(SpringApplication.java:303) ~[spring-boot-2.6.5.jar:2.6.5]
	at org.springframework.boot.SpringApplication.run(SpringApplication.java:1312) ~[spring-boot-2.6.5.jar:2.6.5]
	at org.springframework.boot.SpringApplication.run(SpringApplication.java:1301) ~[spring-boot-2.6.5.jar:2.6.5]
	at com.yy.bscRobot.BscRobotAppication.main(BscRobotAppication.java:14) ~[classes/:?]
Caused by: org.springframework.beans.factory.UnsatisfiedDependencyException: Error creating bean with name 'userInfoService': Unsatisfied dependency expressed through field 'userInfoMapper'; nested exception is org.springframework.beans.factory.UnsatisfiedDependencyException: Error creating bean with name 'userInfoMapper' defined in file [D:\Project\TelegramRobot\BscRobot\target\classes\com\yy\bscRobot\mapper\UserInfoMapper.class]: Unsatisfied dependency expressed through bean property 'sqlSessionFactory'; nested exception is org.springframework.beans.factory.BeanCreationException: Error creating bean with name 'sqlSessionFactory' defined in class path resource [org/mybatis/spring/boot/autoconfigure/MybatisAutoConfiguration.class]: Bean instantiation via factory method failed; nested exception is org.springframework.beans.BeanInstantiationException: Failed to instantiate [org.apache.ibatis.session.SqlSessionFactory]: Factory method 'sqlSessionFactory' threw exception; nested exception is org.springframework.core.NestedIOException: Failed to parse mapping resource: 'file [D:\Project\TelegramRobot\BscRobot\target\classes\mapper\WalletInfoMapper.xml]'; nested exception is org.apache.ibatis.builder.BuilderException: Error parsing Mapper XML. The XML location is 'file [D:\Project\TelegramRobot\BscRobot\target\classes\mapper\WalletInfoMapper.xml]'. Cause: java.lang.IllegalArgumentException: Result Maps collection already contains value for com.yy.bscRobot.mapper.WalletInfoMapper.BaseResultMap
	at org.springframework.beans.factory.annotation.AutowiredAnnotationBeanPostProcessor$AutowiredFieldElement.resolveFieldValue(AutowiredAnnotationBeanPostProcessor.java:659) ~[spring-beans-5.3.17.jar:5.3.17]
	at org.springframework.beans.factory.annotation.AutowiredAnnotationBeanPostProcessor$AutowiredFieldElement.inject(AutowiredAnnotationBeanPostProcessor.java:639) ~[spring-beans-5.3.17.jar:5.3.17]
	at org.springframework.beans.factory.annotation.InjectionMetadata.inject(InjectionMetadata.java:119) ~[spring-beans-5.3.17.jar:5.3.17]
	at org.springframework.beans.factory.annotation.AutowiredAnnotationBeanPostProcessor.postProcessProperties(AutowiredAnnotationBeanPostProcessor.java:399) ~[spring-beans-5.3.17.jar:5.3.17]
	at org.springframework.beans.factory.support.AbstractAutowireCapableBeanFactory.populateBean(AbstractAutowireCapableBeanFactory.java:1431) ~[spring-beans-5.3.17.jar:5.3.17]
	at org.springframework.beans.factory.support.AbstractAutowireCapableBeanFactory.doCreateBean(AbstractAutowireCapableBeanFactory.java:619) ~[spring-beans-5.3.17.jar:5.3.17]
	at org.springframework.beans.factory.support.AbstractAutowireCapableBeanFactory.createBean(AbstractAutowireCapableBeanFactory.java:542) ~[spring-beans-5.3.17.jar:5.3.17]
	at org.springframework.beans.factory.support.AbstractBeanFactory.lambda$doGetBean$0(AbstractBeanFactory.java:335) ~[spring-beans-5.3.17.jar:5.3.17]
	at org.springframework.beans.factory.support.DefaultSingletonBeanRegistry.getSingleton(DefaultSingletonBeanRegistry.java:234) ~[spring-beans-5.3.17.jar:5.3.17]
	at org.springframework.beans.factory.support.AbstractBeanFactory.doGetBean(AbstractBeanFactory.java:333) ~[spring-beans-5.3.17.jar:5.3.17]
	at org.springframework.beans.factory.support.AbstractBeanFactory.getBean(AbstractBeanFactory.java:208) ~[spring-beans-5.3.17.jar:5.3.17]
	at org.springframework.beans.factory.config.DependencyDescriptor.resolveCandidate(DependencyDescriptor.java:276) ~[spring-beans-5.3.17.jar:5.3.17]
	at org.springframework.beans.factory.support.DefaultListableBeanFactory.doResolveDependency(DefaultListableBeanFactory.java:1389) ~[spring-beans-5.3.17.jar:5.3.17]
	at org.springframework.beans.factory.support.DefaultListableBeanFactory.resolveDependency(DefaultListableBeanFactory.java:1309) ~[spring-beans-5.3.17.jar:5.3.17]
	at org.springframework.beans.factory.annotation.AutowiredAnnotationBeanPostProcessor$AutowiredFieldElement.resolveFieldValue(AutowiredAnnotationBeanPostProcessor.java:656) ~[spring-beans-5.3.17.jar:5.3.17]
	... 20 more
Caused by: org.springframework.beans.factory.UnsatisfiedDependencyException: Error creating bean with name 'userInfoMapper' defined in file [D:\Project\TelegramRobot\BscRobot\target\classes\com\yy\bscRobot\mapper\UserInfoMapper.class]: Unsatisfied dependency expressed through bean property 'sqlSessionFactory'; nested exception is org.springframework.beans.factory.BeanCreationException: Error creating bean with name 'sqlSessionFactory' defined in class path resource [org/mybatis/spring/boot/autoconfigure/MybatisAutoConfiguration.class]: Bean instantiation via factory method failed; nested exception is org.springframework.beans.BeanInstantiationException: Failed to instantiate [org.apache.ibatis.session.SqlSessionFactory]: Factory method 'sqlSessionFactory' threw exception; nested exception is org.springframework.core.NestedIOException: Failed to parse mapping resource: 'file [D:\Project\TelegramRobot\BscRobot\target\classes\mapper\WalletInfoMapper.xml]'; nested exception is org.apache.ibatis.builder.BuilderException: Error parsing Mapper XML. The XML location is 'file [D:\Project\TelegramRobot\BscRobot\target\classes\mapper\WalletInfoMapper.xml]'. Cause: java.lang.IllegalArgumentException: Result Maps collection already contains value for com.yy.bscRobot.mapper.WalletInfoMapper.BaseResultMap
	at org.springframework.beans.factory.support.AbstractAutowireCapableBeanFactory.autowireByType(AbstractAutowireCapableBeanFactory.java:1534) ~[spring-beans-5.3.17.jar:5.3.17]
	at org.springframework.beans.factory.support.AbstractAutowireCapableBeanFactory.populateBean(AbstractAutowireCapableBeanFactory.java:1417) ~[spring-beans-5.3.17.jar:5.3.17]
	at org.springframework.beans.factory.support.AbstractAutowireCapableBeanFactory.doCreateBean(AbstractAutowireCapableBeanFactory.java:619) ~[spring-beans-5.3.17.jar:5.3.17]
	at org.springframework.beans.factory.support.AbstractAutowireCapableBeanFactory.createBean(AbstractAutowireCapableBeanFactory.java:542) ~[spring-beans-5.3.17.jar:5.3.17]
	at org.springframework.beans.factory.support.AbstractBeanFactory.lambda$doGetBean$0(AbstractBeanFactory.java:335) ~[spring-beans-5.3.17.jar:5.3.17]
	at org.springframework.beans.factory.support.DefaultSingletonBeanRegistry.getSingleton(DefaultSingletonBeanRegistry.java:234) ~[spring-beans-5.3.17.jar:5.3.17]
	at org.springframework.beans.factory.support.AbstractBeanFactory.doGetBean(AbstractBeanFactory.java:333) ~[spring-beans-5.3.17.jar:5.3.17]
	at org.springframework.beans.factory.support.AbstractBeanFactory.getBean(AbstractBeanFactory.java:208) ~[spring-beans-5.3.17.jar:5.3.17]
	at org.springframework.beans.factory.config.DependencyDescriptor.resolveCandidate(DependencyDescriptor.java:276) ~[spring-beans-5.3.17.jar:5.3.17]
	at org.springframework.beans.factory.support.DefaultListableBeanFactory.doResolveDependency(DefaultListableBeanFactory.java:1389) ~[spring-beans-5.3.17.jar:5.3.17]
	at org.springframework.beans.factory.support.DefaultListableBeanFactory.resolveDependency(DefaultListableBeanFactory.java:1309) ~[spring-beans-5.3.17.jar:5.3.17]
	at org.springframework.beans.factory.annotation.AutowiredAnnotationBeanPostProcessor$AutowiredFieldElement.resolveFieldValue(AutowiredAnnotationBeanPostProcessor.java:656) ~[spring-beans-5.3.17.jar:5.3.17]
	at org.springframework.beans.factory.annotation.AutowiredAnnotationBeanPostProcessor$AutowiredFieldElement.inject(AutowiredAnnotationBeanPostProcessor.java:639) ~[spring-beans-5.3.17.jar:5.3.17]
	at org.springframework.beans.factory.annotation.InjectionMetadata.inject(InjectionMetadata.java:119) ~[spring-beans-5.3.17.jar:5.3.17]
	at org.springframework.beans.factory.annotation.AutowiredAnnotationBeanPostProcessor.postProcessProperties(AutowiredAnnotationBeanPostProcessor.java:399) ~[spring-beans-5.3.17.jar:5.3.17]
	at org.springframework.beans.factory.support.AbstractAutowireCapableBeanFactory.populateBean(AbstractAutowireCapableBeanFactory.java:1431) ~[spring-beans-5.3.17.jar:5.3.17]
	at org.springframework.beans.factory.support.AbstractAutowireCapableBeanFactory.doCreateBean(AbstractAutowireCapableBeanFactory.java:619) ~[spring-beans-5.3.17.jar:5.3.17]
	at org.springframework.beans.factory.support.AbstractAutowireCapableBeanFactory.createBean(AbstractAutowireCapableBeanFactory.java:542) ~[spring-beans-5.3.17.jar:5.3.17]
	at org.springframework.beans.factory.support.AbstractBeanFactory.lambda$doGetBean$0(AbstractBeanFactory.java:335) ~[spring-beans-5.3.17.jar:5.3.17]
	at org.springframework.beans.factory.support.DefaultSingletonBeanRegistry.getSingleton(DefaultSingletonBeanRegistry.java:234) ~[spring-beans-5.3.17.jar:5.3.17]
	at org.springframework.beans.factory.support.AbstractBeanFactory.doGetBean(AbstractBeanFactory.java:333) ~[spring-beans-5.3.17.jar:5.3.17]
	at org.springframework.beans.factory.support.AbstractBeanFactory.getBean(AbstractBeanFactory.java:208) ~[spring-beans-5.3.17.jar:5.3.17]
	at org.springframework.beans.factory.config.DependencyDescriptor.resolveCandidate(DependencyDescriptor.java:276) ~[spring-beans-5.3.17.jar:5.3.17]
	at org.springframework.beans.factory.support.DefaultListableBeanFactory.doResolveDependency(DefaultListableBeanFactory.java:1389) ~[spring-beans-5.3.17.jar:5.3.17]
	at org.springframework.beans.factory.support.DefaultListableBeanFactory.resolveDependency(DefaultListableBeanFactory.java:1309) ~[spring-beans-5.3.17.jar:5.3.17]
	at org.springframework.beans.factory.annotation.AutowiredAnnotationBeanPostProcessor$AutowiredFieldElement.resolveFieldValue(AutowiredAnnotationBeanPostProcessor.java:656) ~[spring-beans-5.3.17.jar:5.3.17]
	... 20 more
Caused by: org.springframework.beans.factory.BeanCreationException: Error creating bean with name 'sqlSessionFactory' defined in class path resource [org/mybatis/spring/boot/autoconfigure/MybatisAutoConfiguration.class]: Bean instantiation via factory method failed; nested exception is org.springframework.beans.BeanInstantiationException: Failed to instantiate [org.apache.ibatis.session.SqlSessionFactory]: Factory method 'sqlSessionFactory' threw exception; nested exception is org.springframework.core.NestedIOException: Failed to parse mapping resource: 'file [D:\Project\TelegramRobot\BscRobot\target\classes\mapper\WalletInfoMapper.xml]'; nested exception is org.apache.ibatis.builder.BuilderException: Error parsing Mapper XML. The XML location is 'file [D:\Project\TelegramRobot\BscRobot\target\classes\mapper\WalletInfoMapper.xml]'. Cause: java.lang.IllegalArgumentException: Result Maps collection already contains value for com.yy.bscRobot.mapper.WalletInfoMapper.BaseResultMap
	at org.springframework.beans.factory.support.ConstructorResolver.instantiate(ConstructorResolver.java:658) ~[spring-beans-5.3.17.jar:5.3.17]
	at org.springframework.beans.factory.support.ConstructorResolver.instantiateUsingFactoryMethod(ConstructorResolver.java:638) ~[spring-beans-5.3.17.jar:5.3.17]
	at org.springframework.beans.factory.support.AbstractAutowireCapableBeanFactory.instantiateUsingFactoryMethod(AbstractAutowireCapableBeanFactory.java:1352) ~[spring-beans-5.3.17.jar:5.3.17]
	at org.springframework.beans.factory.support.AbstractAutowireCapableBeanFactory.createBeanInstance(AbstractAutowireCapableBeanFactory.java:1195) ~[spring-beans-5.3.17.jar:5.3.17]
	at org.springframework.beans.factory.support.AbstractAutowireCapableBeanFactory.doCreateBean(AbstractAutowireCapableBeanFactory.java:582) ~[spring-beans-5.3.17.jar:5.3.17]
	at org.springframework.beans.factory.support.AbstractAutowireCapableBeanFactory.createBean(AbstractAutowireCapableBeanFactory.java:542) ~[spring-beans-5.3.17.jar:5.3.17]
	at org.springframework.beans.factory.support.AbstractBeanFactory.lambda$doGetBean$0(AbstractBeanFactory.java:335) ~[spring-beans-5.3.17.jar:5.3.17]
	at org.springframework.beans.factory.support.DefaultSingletonBeanRegistry.getSingleton(DefaultSingletonBeanRegistry.java:234) ~[spring-beans-5.3.17.jar:5.3.17]
	at org.springframework.beans.factory.support.AbstractBeanFactory.doGetBean(AbstractBeanFactory.java:333) ~[spring-beans-5.3.17.jar:5.3.17]
	at org.springframework.beans.factory.support.AbstractBeanFactory.getBean(AbstractBeanFactory.java:208) ~[spring-beans-5.3.17.jar:5.3.17]
	at org.springframework.beans.factory.config.DependencyDescriptor.resolveCandidate(DependencyDescriptor.java:276) ~[spring-beans-5.3.17.jar:5.3.17]
	at org.springframework.beans.factory.support.DefaultListableBeanFactory.doResolveDependency(DefaultListableBeanFactory.java:1389) ~[spring-beans-5.3.17.jar:5.3.17]
	at org.springframework.beans.factory.support.DefaultListableBeanFactory.resolveDependency(DefaultListableBeanFactory.java:1309) ~[spring-beans-5.3.17.jar:5.3.17]
	at org.springframework.beans.factory.support.AbstractAutowireCapableBeanFactory.autowireByType(AbstractAutowireCapableBeanFactory.java:1519) ~[spring-beans-5.3.17.jar:5.3.17]
	at org.springframework.beans.factory.support.AbstractAutowireCapableBeanFactory.populateBean(AbstractAutowireCapableBeanFactory.java:1417) ~[spring-beans-5.3.17.jar:5.3.17]
	at org.springframework.beans.factory.support.AbstractAutowireCapableBeanFactory.doCreateBean(AbstractAutowireCapableBeanFactory.java:619) ~[spring-beans-5.3.17.jar:5.3.17]
	at org.springframework.beans.factory.support.AbstractAutowireCapableBeanFactory.createBean(AbstractAutowireCapableBeanFactory.java:542) ~[spring-beans-5.3.17.jar:5.3.17]
	at org.springframework.beans.factory.support.AbstractBeanFactory.lambda$doGetBean$0(AbstractBeanFactory.java:335) ~[spring-beans-5.3.17.jar:5.3.17]
	at org.springframework.beans.factory.support.DefaultSingletonBeanRegistry.getSingleton(DefaultSingletonBeanRegistry.java:234) ~[spring-beans-5.3.17.jar:5.3.17]
	at org.springframework.beans.factory.support.AbstractBeanFactory.doGetBean(AbstractBeanFactory.java:333) ~[spring-beans-5.3.17.jar:5.3.17]
	at org.springframework.beans.factory.support.AbstractBeanFactory.getBean(AbstractBeanFactory.java:208) ~[spring-beans-5.3.17.jar:5.3.17]
	at org.springframework.beans.factory.config.DependencyDescriptor.resolveCandidate(DependencyDescriptor.java:276) ~[spring-beans-5.3.17.jar:5.3.17]
	at org.springframework.beans.factory.support.DefaultListableBeanFactory.doResolveDependency(DefaultListableBeanFactory.java:1389) ~[spring-beans-5.3.17.jar:5.3.17]
	at org.springframework.beans.factory.support.DefaultListableBeanFactory.resolveDependency(DefaultListableBeanFactory.java:1309) ~[spring-beans-5.3.17.jar:5.3.17]
	at org.springframework.beans.factory.annotation.AutowiredAnnotationBeanPostProcessor$AutowiredFieldElement.resolveFieldValue(AutowiredAnnotationBeanPostProcessor.java:656) ~[spring-beans-5.3.17.jar:5.3.17]
	at org.springframework.beans.factory.annotation.AutowiredAnnotationBeanPostProcessor$AutowiredFieldElement.inject(AutowiredAnnotationBeanPostProcessor.java:639) ~[spring-beans-5.3.17.jar:5.3.17]
	at org.springframework.beans.factory.annotation.InjectionMetadata.inject(InjectionMetadata.java:119) ~[spring-beans-5.3.17.jar:5.3.17]
	at org.springframework.beans.factory.annotation.AutowiredAnnotationBeanPostProcessor.postProcessProperties(AutowiredAnnotationBeanPostProcessor.java:399) ~[spring-beans-5.3.17.jar:5.3.17]
	at org.springframework.beans.factory.support.AbstractAutowireCapableBeanFactory.populateBean(AbstractAutowireCapableBeanFactory.java:1431) ~[spring-beans-5.3.17.jar:5.3.17]
	at org.springframework.beans.factory.support.AbstractAutowireCapableBeanFactory.doCreateBean(AbstractAutowireCapableBeanFactory.java:619) ~[spring-beans-5.3.17.jar:5.3.17]
	at org.springframework.beans.factory.support.AbstractAutowireCapableBeanFactory.createBean(AbstractAutowireCapableBeanFactory.java:542) ~[spring-beans-5.3.17.jar:5.3.17]
	at org.springframework.beans.factory.support.AbstractBeanFactory.lambda$doGetBean$0(AbstractBeanFactory.java:335) ~[spring-beans-5.3.17.jar:5.3.17]
	at org.springframework.beans.factory.support.DefaultSingletonBeanRegistry.getSingleton(DefaultSingletonBeanRegistry.java:234) ~[spring-beans-5.3.17.jar:5.3.17]
	at org.springframework.beans.factory.support.AbstractBeanFactory.doGetBean(AbstractBeanFactory.java:333) ~[spring-beans-5.3.17.jar:5.3.17]
	at org.springframework.beans.factory.support.AbstractBeanFactory.getBean(AbstractBeanFactory.java:208) ~[spring-beans-5.3.17.jar:5.3.17]
	at org.springframework.beans.factory.config.DependencyDescriptor.resolveCandidate(DependencyDescriptor.java:276) ~[spring-beans-5.3.17.jar:5.3.17]
	at org.springframework.beans.factory.support.DefaultListableBeanFactory.doResolveDependency(DefaultListableBeanFactory.java:1389) ~[spring-beans-5.3.17.jar:5.3.17]
	at org.springframework.beans.factory.support.DefaultListableBeanFactory.resolveDependency(DefaultListableBeanFactory.java:1309) ~[spring-beans-5.3.17.jar:5.3.17]
	at org.springframework.beans.factory.annotation.AutowiredAnnotationBeanPostProcessor$AutowiredFieldElement.resolveFieldValue(AutowiredAnnotationBeanPostProcessor.java:656) ~[spring-beans-5.3.17.jar:5.3.17]
	... 20 more
Caused by: org.springframework.beans.BeanInstantiationException: Failed to instantiate [org.apache.ibatis.session.SqlSessionFactory]: Factory method 'sqlSessionFactory' threw exception; nested exception is org.springframework.core.NestedIOException: Failed to parse mapping resource: 'file [D:\Project\TelegramRobot\BscRobot\target\classes\mapper\WalletInfoMapper.xml]'; nested exception is org.apache.ibatis.builder.BuilderException: Error parsing Mapper XML. The XML location is 'file [D:\Project\TelegramRobot\BscRobot\target\classes\mapper\WalletInfoMapper.xml]'. Cause: java.lang.IllegalArgumentException: Result Maps collection already contains value for com.yy.bscRobot.mapper.WalletInfoMapper.BaseResultMap
	at org.springframework.beans.factory.support.SimpleInstantiationStrategy.instantiate(SimpleInstantiationStrategy.java:185) ~[spring-beans-5.3.17.jar:5.3.17]
	at org.springframework.beans.factory.support.ConstructorResolver.instantiate(ConstructorResolver.java:653) ~[spring-beans-5.3.17.jar:5.3.17]
	at org.springframework.beans.factory.support.ConstructorResolver.instantiateUsingFactoryMethod(ConstructorResolver.java:638) ~[spring-beans-5.3.17.jar:5.3.17]
	at org.springframework.beans.factory.support.AbstractAutowireCapableBeanFactory.instantiateUsingFactoryMethod(AbstractAutowireCapableBeanFactory.java:1352) ~[spring-beans-5.3.17.jar:5.3.17]
	at org.springframework.beans.factory.support.AbstractAutowireCapableBeanFactory.createBeanInstance(AbstractAutowireCapableBeanFactory.java:1195) ~[spring-beans-5.3.17.jar:5.3.17]
	at org.springframework.beans.factory.support.AbstractAutowireCapableBeanFactory.doCreateBean(AbstractAutowireCapableBeanFactory.java:582) ~[spring-beans-5.3.17.jar:5.3.17]
	at org.springframework.beans.factory.support.AbstractAutowireCapableBeanFactory.createBean(AbstractAutowireCapableBeanFactory.java:542) ~[spring-beans-5.3.17.jar:5.3.17]
	at org.springframework.beans.factory.support.AbstractBeanFactory.lambda$doGetBean$0(AbstractBeanFactory.java:335) ~[spring-beans-5.3.17.jar:5.3.17]
	at org.springframework.beans.factory.support.DefaultSingletonBeanRegistry.getSingleton(DefaultSingletonBeanRegistry.java:234) ~[spring-beans-5.3.17.jar:5.3.17]
	at org.springframework.beans.factory.support.AbstractBeanFactory.doGetBean(AbstractBeanFactory.java:333) ~[spring-beans-5.3.17.jar:5.3.17]
	at org.springframework.beans.factory.support.AbstractBeanFactory.getBean(AbstractBeanFactory.java:208) ~[spring-beans-5.3.17.jar:5.3.17]
	at org.springframework.beans.factory.config.DependencyDescriptor.resolveCandidate(DependencyDescriptor.java:276) ~[spring-beans-5.3.17.jar:5.3.17]
	at org.springframework.beans.factory.support.DefaultListableBeanFactory.doResolveDependency(DefaultListableBeanFactory.java:1389) ~[spring-beans-5.3.17.jar:5.3.17]
	at org.springframework.beans.factory.support.DefaultListableBeanFactory.resolveDependency(DefaultListableBeanFactory.java:1309) ~[spring-beans-5.3.17.jar:5.3.17]
	at org.springframework.beans.factory.support.AbstractAutowireCapableBeanFactory.autowireByType(AbstractAutowireCapableBeanFactory.java:1519) ~[spring-beans-5.3.17.jar:5.3.17]
	at org.springframework.beans.factory.support.AbstractAutowireCapableBeanFactory.populateBean(AbstractAutowireCapableBeanFactory.java:1417) ~[spring-beans-5.3.17.jar:5.3.17]
	at org.springframework.beans.factory.support.AbstractAutowireCapableBeanFactory.doCreateBean(AbstractAutowireCapableBeanFactory.java:619) ~[spring-beans-5.3.17.jar:5.3.17]
	at org.springframework.beans.factory.support.AbstractAutowireCapableBeanFactory.createBean(AbstractAutowireCapableBeanFactory.java:542) ~[spring-beans-5.3.17.jar:5.3.17]
	at org.springframework.beans.factory.support.AbstractBeanFactory.lambda$doGetBean$0(AbstractBeanFactory.java:335) ~[spring-beans-5.3.17.jar:5.3.17]
	at org.springframework.beans.factory.support.DefaultSingletonBeanRegistry.getSingleton(DefaultSingletonBeanRegistry.java:234) ~[spring-beans-5.3.17.jar:5.3.17]
	at org.springframework.beans.factory.support.AbstractBeanFactory.doGetBean(AbstractBeanFactory.java:333) ~[spring-beans-5.3.17.jar:5.3.17]
	at org.springframework.beans.factory.support.AbstractBeanFactory.getBean(AbstractBeanFactory.java:208) ~[spring-beans-5.3.17.jar:5.3.17]
	at org.springframework.beans.factory.config.DependencyDescriptor.resolveCandidate(DependencyDescriptor.java:276) ~[spring-beans-5.3.17.jar:5.3.17]
	at org.springframework.beans.factory.support.DefaultListableBeanFactory.doResolveDependency(DefaultListableBeanFactory.java:1389) ~[spring-beans-5.3.17.jar:5.3.17]
	at org.springframework.beans.factory.support.DefaultListableBeanFactory.resolveDependency(DefaultListableBeanFactory.java:1309) ~[spring-beans-5.3.17.jar:5.3.17]
	at org.springframework.beans.factory.annotation.AutowiredAnnotationBeanPostProcessor$AutowiredFieldElement.resolveFieldValue(AutowiredAnnotationBeanPostProcessor.java:656) ~[spring-beans-5.3.17.jar:5.3.17]
	at org.springframework.beans.factory.annotation.AutowiredAnnotationBeanPostProcessor$AutowiredFieldElement.inject(AutowiredAnnotationBeanPostProcessor.java:639) ~[spring-beans-5.3.17.jar:5.3.17]
	at org.springframework.beans.factory.annotation.InjectionMetadata.inject(InjectionMetadata.java:119) ~[spring-beans-5.3.17.jar:5.3.17]
	at org.springframework.beans.factory.annotation.AutowiredAnnotationBeanPostProcessor.postProcessProperties(AutowiredAnnotationBeanPostProcessor.java:399) ~[spring-beans-5.3.17.jar:5.3.17]
	at org.springframework.beans.factory.support.AbstractAutowireCapableBeanFactory.populateBean(AbstractAutowireCapableBeanFactory.java:1431) ~[spring-beans-5.3.17.jar:5.3.17]
	at org.springframework.beans.factory.support.AbstractAutowireCapableBeanFactory.doCreateBean(AbstractAutowireCapableBeanFactory.java:619) ~[spring-beans-5.3.17.jar:5.3.17]
	at org.springframework.beans.factory.support.AbstractAutowireCapableBeanFactory.createBean(AbstractAutowireCapableBeanFactory.java:542) ~[spring-beans-5.3.17.jar:5.3.17]
	at org.springframework.beans.factory.support.AbstractBeanFactory.lambda$doGetBean$0(AbstractBeanFactory.java:335) ~[spring-beans-5.3.17.jar:5.3.17]
	at org.springframework.beans.factory.support.DefaultSingletonBeanRegistry.getSingleton(DefaultSingletonBeanRegistry.java:234) ~[spring-beans-5.3.17.jar:5.3.17]
	at org.springframework.beans.factory.support.AbstractBeanFactory.doGetBean(AbstractBeanFactory.java:333) ~[spring-beans-5.3.17.jar:5.3.17]
	at org.springframework.beans.factory.support.AbstractBeanFactory.getBean(AbstractBeanFactory.java:208) ~[spring-beans-5.3.17.jar:5.3.17]
	at org.springframework.beans.factory.config.DependencyDescriptor.resolveCandidate(DependencyDescriptor.java:276) ~[spring-beans-5.3.17.jar:5.3.17]
	at org.springframework.beans.factory.support.DefaultListableBeanFactory.doResolveDependency(DefaultListableBeanFactory.java:1389) ~[spring-beans-5.3.17.jar:5.3.17]
	at org.springframework.beans.factory.support.DefaultListableBeanFactory.resolveDependency(DefaultListableBeanFactory.java:1309) ~[spring-beans-5.3.17.jar:5.3.17]
	at org.springframework.beans.factory.annotation.AutowiredAnnotationBeanPostProcessor$AutowiredFieldElement.resolveFieldValue(AutowiredAnnotationBeanPostProcessor.java:656) ~[spring-beans-5.3.17.jar:5.3.17]
	... 20 more
Caused by: org.springframework.core.NestedIOException: Failed to parse mapping resource: 'file [D:\Project\TelegramRobot\BscRobot\target\classes\mapper\WalletInfoMapper.xml]'; nested exception is org.apache.ibatis.builder.BuilderException: Error parsing Mapper XML. The XML location is 'file [D:\Project\TelegramRobot\BscRobot\target\classes\mapper\WalletInfoMapper.xml]'. Cause: java.lang.IllegalArgumentException: Result Maps collection already contains value for com.yy.bscRobot.mapper.WalletInfoMapper.BaseResultMap
	at org.mybatis.spring.SqlSessionFactoryBean.buildSqlSessionFactory(SqlSessionFactoryBean.java:523) ~[mybatis-spring-1.3.3.jar:1.3.3]
	at org.mybatis.spring.SqlSessionFactoryBean.afterPropertiesSet(SqlSessionFactoryBean.java:380) ~[mybatis-spring-1.3.3.jar:1.3.3]
	at org.mybatis.spring.SqlSessionFactoryBean.getObject(SqlSessionFactoryBean.java:547) ~[mybatis-spring-1.3.3.jar:1.3.3]
	at org.mybatis.spring.boot.autoconfigure.MybatisAutoConfiguration.sqlSessionFactory(MybatisAutoConfiguration.java:160) ~[mybatis-spring-boot-autoconfigure-1.3.5.jar:1.3.5]
	at org.mybatis.spring.boot.autoconfigure.MybatisAutoConfiguration$$EnhancerBySpringCGLIB$$5269cd1d.CGLIB$sqlSessionFactory$1(<generated>) ~[mybatis-spring-boot-autoconfigure-1.3.5.jar:1.3.5]
	at org.mybatis.spring.boot.autoconfigure.MybatisAutoConfiguration$$EnhancerBySpringCGLIB$$5269cd1d$$FastClassBySpringCGLIB$$4f87ec2.invoke(<generated>) ~[mybatis-spring-boot-autoconfigure-1.3.5.jar:1.3.5]
	at org.springframework.cglib.proxy.MethodProxy.invokeSuper(MethodProxy.java:244) ~[spring-core-5.3.17.jar:5.3.17]
	at org.springframework.context.annotation.ConfigurationClassEnhancer$BeanMethodInterceptor.intercept(ConfigurationClassEnhancer.java:331) ~[spring-context-5.3.17.jar:5.3.17]
	at org.mybatis.spring.boot.autoconfigure.MybatisAutoConfiguration$$EnhancerBySpringCGLIB$$5269cd1d.sqlSessionFactory(<generated>) ~[mybatis-spring-boot-autoconfigure-1.3.5.jar:1.3.5]
	at sun.reflect.NativeMethodAccessorImpl.invoke0(Native Method) ~[?:1.8.0_201]
	at sun.reflect.NativeMethodAccessorImpl.invoke(NativeMethodAccessorImpl.java:62) ~[?:1.8.0_201]
	at sun.reflect.DelegatingMethodAccessorImpl.invoke(DelegatingMethodAccessorImpl.java:43) ~[?:1.8.0_201]
	at java.lang.reflect.Method.invoke(Method.java:498) ~[?:1.8.0_201]
	at org.springframework.beans.factory.support.SimpleInstantiationStrategy.instantiate(SimpleInstantiationStrategy.java:154) ~[spring-beans-5.3.17.jar:5.3.17]
	at org.springframework.beans.factory.support.ConstructorResolver.instantiate(ConstructorResolver.java:653) ~[spring-beans-5.3.17.jar:5.3.17]
	at org.springframework.beans.factory.support.ConstructorResolver.instantiateUsingFactoryMethod(ConstructorResolver.java:638) ~[spring-beans-5.3.17.jar:5.3.17]
	at org.springframework.beans.factory.support.AbstractAutowireCapableBeanFactory.instantiateUsingFactoryMethod(AbstractAutowireCapableBeanFactory.java:1352) ~[spring-beans-5.3.17.jar:5.3.17]
	at org.springframework.beans.factory.support.AbstractAutowireCapableBeanFactory.createBeanInstance(AbstractAutowireCapableBeanFactory.java:1195) ~[spring-beans-5.3.17.jar:5.3.17]
	at org.springframework.beans.factory.support.AbstractAutowireCapableBeanFactory.doCreateBean(AbstractAutowireCapableBeanFactory.java:582) ~[spring-beans-5.3.17.jar:5.3.17]
	at org.springframework.beans.factory.support.AbstractAutowireCapableBeanFactory.createBean(AbstractAutowireCapableBeanFactory.java:542) ~[spring-beans-5.3.17.jar:5.3.17]
	at org.springframework.beans.factory.support.AbstractBeanFactory.lambda$doGetBean$0(AbstractBeanFactory.java:335) ~[spring-beans-5.3.17.jar:5.3.17]
	at org.springframework.beans.factory.support.DefaultSingletonBeanRegistry.getSingleton(DefaultSingletonBeanRegistry.java:234) ~[spring-beans-5.3.17.jar:5.3.17]
	at org.springframework.beans.factory.support.AbstractBeanFactory.doGetBean(AbstractBeanFactory.java:333) ~[spring-beans-5.3.17.jar:5.3.17]
	at org.springframework.beans.factory.support.AbstractBeanFactory.getBean(AbstractBeanFactory.java:208) ~[spring-beans-5.3.17.jar:5.3.17]
	at org.springframework.beans.factory.config.DependencyDescriptor.resolveCandidate(DependencyDescriptor.java:276) ~[spring-beans-5.3.17.jar:5.3.17]
	at org.springframework.beans.factory.support.DefaultListableBeanFactory.doResolveDependency(DefaultListableBeanFactory.java:1389) ~[spring-beans-5.3.17.jar:5.3.17]
	at org.springframework.beans.factory.support.DefaultListableBeanFactory.resolveDependency(DefaultListableBeanFactory.java:1309) ~[spring-beans-5.3.17.jar:5.3.17]
	at org.springframework.beans.factory.support.AbstractAutowireCapableBeanFactory.autowireByType(AbstractAutowireCapableBeanFactory.java:1519) ~[spring-beans-5.3.17.jar:5.3.17]
	at org.springframework.beans.factory.support.AbstractAutowireCapableBeanFactory.populateBean(AbstractAutowireCapableBeanFactory.java:1417) ~[spring-beans-5.3.17.jar:5.3.17]
	at org.springframework.beans.factory.support.AbstractAutowireCapableBeanFactory.doCreateBean(AbstractAutowireCapableBeanFactory.java:619) ~[spring-beans-5.3.17.jar:5.3.17]
	at org.springframework.beans.factory.support.AbstractAutowireCapableBeanFactory.createBean(AbstractAutowireCapableBeanFactory.java:542) ~[spring-beans-5.3.17.jar:5.3.17]
	at org.springframework.beans.factory.support.AbstractBeanFactory.lambda$doGetBean$0(AbstractBeanFactory.java:335) ~[spring-beans-5.3.17.jar:5.3.17]
	at org.springframework.beans.factory.support.DefaultSingletonBeanRegistry.getSingleton(DefaultSingletonBeanRegistry.java:234) ~[spring-beans-5.3.17.jar:5.3.17]
	at org.springframework.beans.factory.support.AbstractBeanFactory.doGetBean(AbstractBeanFactory.java:333) ~[spring-beans-5.3.17.jar:5.3.17]
	at org.springframework.beans.factory.support.AbstractBeanFactory.getBean(AbstractBeanFactory.java:208) ~[spring-beans-5.3.17.jar:5.3.17]
	at org.springframework.beans.factory.config.DependencyDescriptor.resolveCandidate(DependencyDescriptor.java:276) ~[spring-beans-5.3.17.jar:5.3.17]
	at org.springframework.beans.factory.support.DefaultListableBeanFactory.doResolveDependency(DefaultListableBeanFactory.java:1389) ~[spring-beans-5.3.17.jar:5.3.17]
	at org.springframework.beans.factory.support.DefaultListableBeanFactory.resolveDependency(DefaultListableBeanFactory.java:1309) ~[spring-beans-5.3.17.jar:5.3.17]
	at org.springframework.beans.factory.annotation.AutowiredAnnotationBeanPostProcessor$AutowiredFieldElement.resolveFieldValue(AutowiredAnnotationBeanPostProcessor.java:656) ~[spring-beans-5.3.17.jar:5.3.17]
	at org.springframework.beans.factory.annotation.AutowiredAnnotationBeanPostProcessor$AutowiredFieldElement.inject(AutowiredAnnotationBeanPostProcessor.java:639) ~[spring-beans-5.3.17.jar:5.3.17]
	at org.springframework.beans.factory.annotation.InjectionMetadata.inject(InjectionMetadata.java:119) ~[spring-beans-5.3.17.jar:5.3.17]
	at org.springframework.beans.factory.annotation.AutowiredAnnotationBeanPostProcessor.postProcessProperties(AutowiredAnnotationBeanPostProcessor.java:399) ~[spring-beans-5.3.17.jar:5.3.17]
	at org.springframework.beans.factory.support.AbstractAutowireCapableBeanFactory.populateBean(AbstractAutowireCapableBeanFactory.java:1431) ~[spring-beans-5.3.17.jar:5.3.17]
	at org.springframework.beans.factory.support.AbstractAutowireCapableBeanFactory.doCreateBean(AbstractAutowireCapableBeanFactory.java:619) ~[spring-beans-5.3.17.jar:5.3.17]
	at org.springframework.beans.factory.support.AbstractAutowireCapableBeanFactory.createBean(AbstractAutowireCapableBeanFactory.java:542) ~[spring-beans-5.3.17.jar:5.3.17]
	at org.springframework.beans.factory.support.AbstractBeanFactory.lambda$doGetBean$0(AbstractBeanFactory.java:335) ~[spring-beans-5.3.17.jar:5.3.17]
	at org.springframework.beans.factory.support.DefaultSingletonBeanRegistry.getSingleton(DefaultSingletonBeanRegistry.java:234) ~[spring-beans-5.3.17.jar:5.3.17]
	at org.springframework.beans.factory.support.AbstractBeanFactory.doGetBean(AbstractBeanFactory.java:333) ~[spring-beans-5.3.17.jar:5.3.17]
	at org.springframework.beans.factory.support.AbstractBeanFactory.getBean(AbstractBeanFactory.java:208) ~[spring-beans-5.3.17.jar:5.3.17]
	at org.springframework.beans.factory.config.DependencyDescriptor.resolveCandidate(DependencyDescriptor.java:276) ~[spring-beans-5.3.17.jar:5.3.17]
	at org.springframework.beans.factory.support.DefaultListableBeanFactory.doResolveDependency(DefaultListableBeanFactory.java:1389) ~[spring-beans-5.3.17.jar:5.3.17]
	at org.springframework.beans.factory.support.DefaultListableBeanFactory.resolveDependency(DefaultListableBeanFactory.java:1309) ~[spring-beans-5.3.17.jar:5.3.17]
	at org.springframework.beans.factory.annotation.AutowiredAnnotationBeanPostProcessor$AutowiredFieldElement.resolveFieldValue(AutowiredAnnotationBeanPostProcessor.java:656) ~[spring-beans-5.3.17.jar:5.3.17]
	... 20 more
Caused by: org.apache.ibatis.builder.BuilderException: Error parsing Mapper XML. The XML location is 'file [D:\Project\TelegramRobot\BscRobot\target\classes\mapper\WalletInfoMapper.xml]'. Cause: java.lang.IllegalArgumentException: Result Maps collection already contains value for com.yy.bscRobot.mapper.WalletInfoMapper.BaseResultMap
	at org.apache.ibatis.builder.xml.XMLMapperBuilder.configurationElement(XMLMapperBuilder.java:120) ~[mybatis-3.4.6.jar:3.4.6]
	at org.apache.ibatis.builder.xml.XMLMapperBuilder.parse(XMLMapperBuilder.java:92) ~[mybatis-3.4.6.jar:3.4.6]
	at org.mybatis.spring.SqlSessionFactoryBean.buildSqlSessionFactory(SqlSessionFactoryBean.java:521) ~[mybatis-spring-1.3.3.jar:1.3.3]
	at org.mybatis.spring.SqlSessionFactoryBean.afterPropertiesSet(SqlSessionFactoryBean.java:380) ~[mybatis-spring-1.3.3.jar:1.3.3]
	at org.mybatis.spring.SqlSessionFactoryBean.getObject(SqlSessionFactoryBean.java:547) ~[mybatis-spring-1.3.3.jar:1.3.3]
	at org.mybatis.spring.boot.autoconfigure.MybatisAutoConfiguration.sqlSessionFactory(MybatisAutoConfiguration.java:160) ~[mybatis-spring-boot-autoconfigure-1.3.5.jar:1.3.5]
	at org.mybatis.spring.boot.autoconfigure.MybatisAutoConfiguration$$EnhancerBySpringCGLIB$$5269cd1d.CGLIB$sqlSessionFactory$1(<generated>) ~[mybatis-spring-boot-autoconfigure-1.3.5.jar:1.3.5]
	at org.mybatis.spring.boot.autoconfigure.MybatisAutoConfiguration$$EnhancerBySpringCGLIB$$5269cd1d$$FastClassBySpringCGLIB$$4f87ec2.invoke(<generated>) ~[mybatis-spring-boot-autoconfigure-1.3.5.jar:1.3.5]
	at org.springframework.cglib.proxy.MethodProxy.invokeSuper(MethodProxy.java:244) ~[spring-core-5.3.17.jar:5.3.17]
	at org.springframework.context.annotation.ConfigurationClassEnhancer$BeanMethodInterceptor.intercept(ConfigurationClassEnhancer.java:331) ~[spring-context-5.3.17.jar:5.3.17]
	at org.mybatis.spring.boot.autoconfigure.MybatisAutoConfiguration$$EnhancerBySpringCGLIB$$5269cd1d.sqlSessionFactory(<generated>) ~[mybatis-spring-boot-autoconfigure-1.3.5.jar:1.3.5]
	at sun.reflect.NativeMethodAccessorImpl.invoke0(Native Method) ~[?:1.8.0_201]
	at sun.reflect.NativeMethodAccessorImpl.invoke(NativeMethodAccessorImpl.java:62) ~[?:1.8.0_201]
	at sun.reflect.DelegatingMethodAccessorImpl.invoke(DelegatingMethodAccessorImpl.java:43) ~[?:1.8.0_201]
	at java.lang.reflect.Method.invoke(Method.java:498) ~[?:1.8.0_201]
	at org.springframework.beans.factory.support.SimpleInstantiationStrategy.instantiate(SimpleInstantiationStrategy.java:154) ~[spring-beans-5.3.17.jar:5.3.17]
	at org.springframework.beans.factory.support.ConstructorResolver.instantiate(ConstructorResolver.java:653) ~[spring-beans-5.3.17.jar:5.3.17]
	at org.springframework.beans.factory.support.ConstructorResolver.instantiateUsingFactoryMethod(ConstructorResolver.java:638) ~[spring-beans-5.3.17.jar:5.3.17]
	at org.springframework.beans.factory.support.AbstractAutowireCapableBeanFactory.instantiateUsingFactoryMethod(AbstractAutowireCapableBeanFactory.java:1352) ~[spring-beans-5.3.17.jar:5.3.17]
	at org.springframework.beans.factory.support.AbstractAutowireCapableBeanFactory.createBeanInstance(AbstractAutowireCapableBeanFactory.java:1195) ~[spring-beans-5.3.17.jar:5.3.17]
	at org.springframework.beans.factory.support.AbstractAutowireCapableBeanFactory.doCreateBean(AbstractAutowireCapableBeanFactory.java:582) ~[spring-beans-5.3.17.jar:5.3.17]
	at org.springframework.beans.factory.support.AbstractAutowireCapableBeanFactory.createBean(AbstractAutowireCapableBeanFactory.java:542) ~[spring-beans-5.3.17.jar:5.3.17]
	at org.springframework.beans.factory.support.AbstractBeanFactory.lambda$doGetBean$0(AbstractBeanFactory.java:335) ~[spring-beans-5.3.17.jar:5.3.17]
	at org.springframework.beans.factory.support.DefaultSingletonBeanRegistry.getSingleton(DefaultSingletonBeanRegistry.java:234) ~[spring-beans-5.3.17.jar:5.3.17]
	at org.springframework.beans.factory.support.AbstractBeanFactory.doGetBean(AbstractBeanFactory.java:333) ~[spring-beans-5.3.17.jar:5.3.17]
	at org.springframework.beans.factory.support.AbstractBeanFactory.getBean(AbstractBeanFactory.java:208) ~[spring-beans-5.3.17.jar:5.3.17]
	at org.springframework.beans.factory.config.DependencyDescriptor.resolveCandidate(DependencyDescriptor.java:276) ~[spring-beans-5.3.17.jar:5.3.17]
	at org.springframework.beans.factory.support.DefaultListableBeanFactory.doResolveDependency(DefaultListableBeanFactory.java:1389) ~[spring-beans-5.3.17.jar:5.3.17]
	at org.springframework.beans.factory.support.DefaultListableBeanFactory.resolveDependency(DefaultListableBeanFactory.java:1309) ~[spring-beans-5.3.17.jar:5.3.17]
	at org.springframework.beans.factory.support.AbstractAutowireCapableBeanFactory.autowireByType(AbstractAutowireCapableBeanFactory.java:1519) ~[spring-beans-5.3.17.jar:5.3.17]
	at org.springframework.beans.factory.support.AbstractAutowireCapableBeanFactory.populateBean(AbstractAutowireCapableBeanFactory.java:1417) ~[spring-beans-5.3.17.jar:5.3.17]
	at org.springframework.beans.factory.support.AbstractAutowireCapableBeanFactory.doCreateBean(AbstractAutowireCapableBeanFactory.java:619) ~[spring-beans-5.3.17.jar:5.3.17]
	at org.springframework.beans.factory.support.AbstractAutowireCapableBeanFactory.createBean(AbstractAutowireCapableBeanFactory.java:542) ~[spring-beans-5.3.17.jar:5.3.17]
	at org.springframework.beans.factory.support.AbstractBeanFactory.lambda$doGetBean$0(AbstractBeanFactory.java:335) ~[spring-beans-5.3.17.jar:5.3.17]
	at org.springframework.beans.factory.support.DefaultSingletonBeanRegistry.getSingleton(DefaultSingletonBeanRegistry.java:234) ~[spring-beans-5.3.17.jar:5.3.17]
	at org.springframework.beans.factory.support.AbstractBeanFactory.doGetBean(AbstractBeanFactory.java:333) ~[spring-beans-5.3.17.jar:5.3.17]
	at org.springframework.beans.factory.support.AbstractBeanFactory.getBean(AbstractBeanFactory.java:208) ~[spring-beans-5.3.17.jar:5.3.17]
	at org.springframework.beans.factory.config.DependencyDescriptor.resolveCandidate(DependencyDescriptor.java:276) ~[spring-beans-5.3.17.jar:5.3.17]
	at org.springframework.beans.factory.support.DefaultListableBeanFactory.doResolveDependency(DefaultListableBeanFactory.java:1389) ~[spring-beans-5.3.17.jar:5.3.17]
	at org.springframework.beans.factory.support.DefaultListableBeanFactory.resolveDependency(DefaultListableBeanFactory.java:1309) ~[spring-beans-5.3.17.jar:5.3.17]
	at org.springframework.beans.factory.annotation.AutowiredAnnotationBeanPostProcessor$AutowiredFieldElement.resolveFieldValue(AutowiredAnnotationBeanPostProcessor.java:656) ~[spring-beans-5.3.17.jar:5.3.17]
	at org.springframework.beans.factory.annotation.AutowiredAnnotationBeanPostProcessor$AutowiredFieldElement.inject(AutowiredAnnotationBeanPostProcessor.java:639) ~[spring-beans-5.3.17.jar:5.3.17]
	at org.springframework.beans.factory.annotation.InjectionMetadata.inject(InjectionMetadata.java:119) ~[spring-beans-5.3.17.jar:5.3.17]
	at org.springframework.beans.factory.annotation.AutowiredAnnotationBeanPostProcessor.postProcessProperties(AutowiredAnnotationBeanPostProcessor.java:399) ~[spring-beans-5.3.17.jar:5.3.17]
	at org.springframework.beans.factory.support.AbstractAutowireCapableBeanFactory.populateBean(AbstractAutowireCapableBeanFactory.java:1431) ~[spring-beans-5.3.17.jar:5.3.17]
	at org.springframework.beans.factory.support.AbstractAutowireCapableBeanFactory.doCreateBean(AbstractAutowireCapableBeanFactory.java:619) ~[spring-beans-5.3.17.jar:5.3.17]
	at org.springframework.beans.factory.support.AbstractAutowireCapableBeanFactory.createBean(AbstractAutowireCapableBeanFactory.java:542) ~[spring-beans-5.3.17.jar:5.3.17]
	at org.springframework.beans.factory.support.AbstractBeanFactory.lambda$doGetBean$0(AbstractBeanFactory.java:335) ~[spring-beans-5.3.17.jar:5.3.17]
	at org.springframework.beans.factory.support.DefaultSingletonBeanRegistry.getSingleton(DefaultSingletonBeanRegistry.java:234) ~[spring-beans-5.3.17.jar:5.3.17]
	at org.springframework.beans.factory.support.AbstractBeanFactory.doGetBean(AbstractBeanFactory.java:333) ~[spring-beans-5.3.17.jar:5.3.17]
	at org.springframework.beans.factory.support.AbstractBeanFactory.getBean(AbstractBeanFactory.java:208) ~[spring-beans-5.3.17.jar:5.3.17]
	at org.springframework.beans.factory.config.DependencyDescriptor.resolveCandidate(DependencyDescriptor.java:276) ~[spring-beans-5.3.17.jar:5.3.17]
	at org.springframework.beans.factory.support.DefaultListableBeanFactory.doResolveDependency(DefaultListableBeanFactory.java:1389) ~[spring-beans-5.3.17.jar:5.3.17]
	at org.springframework.beans.factory.support.DefaultListableBeanFactory.resolveDependency(DefaultListableBeanFactory.java:1309) ~[spring-beans-5.3.17.jar:5.3.17]
	at org.springframework.beans.factory.annotation.AutowiredAnnotationBeanPostProcessor$AutowiredFieldElement.resolveFieldValue(AutowiredAnnotationBeanPostProcessor.java:656) ~[spring-beans-5.3.17.jar:5.3.17]
	... 20 more
Caused by: java.lang.IllegalArgumentException: Result Maps collection already contains value for com.yy.bscRobot.mapper.WalletInfoMapper.BaseResultMap
	at org.apache.ibatis.session.Configuration$StrictMap.put(Configuration.java:872) ~[mybatis-3.4.6.jar:3.4.6]
	at org.apache.ibatis.session.Configuration$StrictMap.put(Configuration.java:844) ~[mybatis-3.4.6.jar:3.4.6]
	at org.apache.ibatis.session.Configuration.addResultMap(Configuration.java:626) ~[mybatis-3.4.6.jar:3.4.6]
	at org.apache.ibatis.builder.MapperBuilderAssistant.addResultMap(MapperBuilderAssistant.java:214) ~[mybatis-3.4.6.jar:3.4.6]
	at org.apache.ibatis.builder.ResultMapResolver.resolve(ResultMapResolver.java:47) ~[mybatis-3.4.6.jar:3.4.6]
	at org.apache.ibatis.builder.xml.XMLMapperBuilder.resultMapElement(XMLMapperBuilder.java:285) ~[mybatis-3.4.6.jar:3.4.6]
	at org.apache.ibatis.builder.xml.XMLMapperBuilder.resultMapElement(XMLMapperBuilder.java:252) ~[mybatis-3.4.6.jar:3.4.6]
	at org.apache.ibatis.builder.xml.XMLMapperBuilder.resultMapElements(XMLMapperBuilder.java:244) ~[mybatis-3.4.6.jar:3.4.6]
	at org.apache.ibatis.builder.xml.XMLMapperBuilder.configurationElement(XMLMapperBuilder.java:116) ~[mybatis-3.4.6.jar:3.4.6]
	at org.apache.ibatis.builder.xml.XMLMapperBuilder.parse(XMLMapperBuilder.java:92) ~[mybatis-3.4.6.jar:3.4.6]
	at org.mybatis.spring.SqlSessionFactoryBean.buildSqlSessionFactory(SqlSessionFactoryBean.java:521) ~[mybatis-spring-1.3.3.jar:1.3.3]
	at org.mybatis.spring.SqlSessionFactoryBean.afterPropertiesSet(SqlSessionFactoryBean.java:380) ~[mybatis-spring-1.3.3.jar:1.3.3]
	at org.mybatis.spring.SqlSessionFactoryBean.getObject(SqlSessionFactoryBean.java:547) ~[mybatis-spring-1.3.3.jar:1.3.3]
	at org.mybatis.spring.boot.autoconfigure.MybatisAutoConfiguration.sqlSessionFactory(MybatisAutoConfiguration.java:160) ~[mybatis-spring-boot-autoconfigure-1.3.5.jar:1.3.5]
	at org.mybatis.spring.boot.autoconfigure.MybatisAutoConfiguration$$EnhancerBySpringCGLIB$$5269cd1d.CGLIB$sqlSessionFactory$1(<generated>) ~[mybatis-spring-boot-autoconfigure-1.3.5.jar:1.3.5]
	at org.mybatis.spring.boot.autoconfigure.MybatisAutoConfiguration$$EnhancerBySpringCGLIB$$5269cd1d$$FastClassBySpringCGLIB$$4f87ec2.invoke(<generated>) ~[mybatis-spring-boot-autoconfigure-1.3.5.jar:1.3.5]
	at org.springframework.cglib.proxy.MethodProxy.invokeSuper(MethodProxy.java:244) ~[spring-core-5.3.17.jar:5.3.17]
	at org.springframework.context.annotation.ConfigurationClassEnhancer$BeanMethodInterceptor.intercept(ConfigurationClassEnhancer.java:331) ~[spring-context-5.3.17.jar:5.3.17]
	at org.mybatis.spring.boot.autoconfigure.MybatisAutoConfiguration$$EnhancerBySpringCGLIB$$5269cd1d.sqlSessionFactory(<generated>) ~[mybatis-spring-boot-autoconfigure-1.3.5.jar:1.3.5]
	at sun.reflect.NativeMethodAccessorImpl.invoke0(Native Method) ~[?:1.8.0_201]
	at sun.reflect.NativeMethodAccessorImpl.invoke(NativeMethodAccessorImpl.java:62) ~[?:1.8.0_201]
	at sun.reflect.DelegatingMethodAccessorImpl.invoke(DelegatingMethodAccessorImpl.java:43) ~[?:1.8.0_201]
	at java.lang.reflect.Method.invoke(Method.java:498) ~[?:1.8.0_201]
	at org.springframework.beans.factory.support.SimpleInstantiationStrategy.instantiate(SimpleInstantiationStrategy.java:154) ~[spring-beans-5.3.17.jar:5.3.17]
	at org.springframework.beans.factory.support.ConstructorResolver.instantiate(ConstructorResolver.java:653) ~[spring-beans-5.3.17.jar:5.3.17]
	at org.springframework.beans.factory.support.ConstructorResolver.instantiateUsingFactoryMethod(ConstructorResolver.java:638) ~[spring-beans-5.3.17.jar:5.3.17]
	at org.springframework.beans.factory.support.AbstractAutowireCapableBeanFactory.instantiateUsingFactoryMethod(AbstractAutowireCapableBeanFactory.java:1352) ~[spring-beans-5.3.17.jar:5.3.17]
	at org.springframework.beans.factory.support.AbstractAutowireCapableBeanFactory.createBeanInstance(AbstractAutowireCapableBeanFactory.java:1195) ~[spring-beans-5.3.17.jar:5.3.17]
	at org.springframework.beans.factory.support.AbstractAutowireCapableBeanFactory.doCreateBean(AbstractAutowireCapableBeanFactory.java:582) ~[spring-beans-5.3.17.jar:5.3.17]
	at org.springframework.beans.factory.support.AbstractAutowireCapableBeanFactory.createBean(AbstractAutowireCapableBeanFactory.java:542) ~[spring-beans-5.3.17.jar:5.3.17]
	at org.springframework.beans.factory.support.AbstractBeanFactory.lambda$doGetBean$0(AbstractBeanFactory.java:335) ~[spring-beans-5.3.17.jar:5.3.17]
	at org.springframework.beans.factory.support.DefaultSingletonBeanRegistry.getSingleton(DefaultSingletonBeanRegistry.java:234) ~[spring-beans-5.3.17.jar:5.3.17]
	at org.springframework.beans.factory.support.AbstractBeanFactory.doGetBean(AbstractBeanFactory.java:333) ~[spring-beans-5.3.17.jar:5.3.17]
	at org.springframework.beans.factory.support.AbstractBeanFactory.getBean(AbstractBeanFactory.java:208) ~[spring-beans-5.3.17.jar:5.3.17]
	at org.springframework.beans.factory.config.DependencyDescriptor.resolveCandidate(DependencyDescriptor.java:276) ~[spring-beans-5.3.17.jar:5.3.17]
	at org.springframework.beans.factory.support.DefaultListableBeanFactory.doResolveDependency(DefaultListableBeanFactory.java:1389) ~[spring-beans-5.3.17.jar:5.3.17]
	at org.springframework.beans.factory.support.DefaultListableBeanFactory.resolveDependency(DefaultListableBeanFactory.java:1309) ~[spring-beans-5.3.17.jar:5.3.17]
	at org.springframework.beans.factory.support.AbstractAutowireCapableBeanFactory.autowireByType(AbstractAutowireCapableBeanFactory.java:1519) ~[spring-beans-5.3.17.jar:5.3.17]
	at org.springframework.beans.factory.support.AbstractAutowireCapableBeanFactory.populateBean(AbstractAutowireCapableBeanFactory.java:1417) ~[spring-beans-5.3.17.jar:5.3.17]
	at org.springframework.beans.factory.support.AbstractAutowireCapableBeanFactory.doCreateBean(AbstractAutowireCapableBeanFactory.java:619) ~[spring-beans-5.3.17.jar:5.3.17]
	at org.springframework.beans.factory.support.AbstractAutowireCapableBeanFactory.createBean(AbstractAutowireCapableBeanFactory.java:542) ~[spring-beans-5.3.17.jar:5.3.17]
	at org.springframework.beans.factory.support.AbstractBeanFactory.lambda$doGetBean$0(AbstractBeanFactory.java:335) ~[spring-beans-5.3.17.jar:5.3.17]
	at org.springframework.beans.factory.support.DefaultSingletonBeanRegistry.getSingleton(DefaultSingletonBeanRegistry.java:234) ~[spring-beans-5.3.17.jar:5.3.17]
	at org.springframework.beans.factory.support.AbstractBeanFactory.doGetBean(AbstractBeanFactory.java:333) ~[spring-beans-5.3.17.jar:5.3.17]
	at org.springframework.beans.factory.support.AbstractBeanFactory.getBean(AbstractBeanFactory.java:208) ~[spring-beans-5.3.17.jar:5.3.17]
	at org.springframework.beans.factory.config.DependencyDescriptor.resolveCandidate(DependencyDescriptor.java:276) ~[spring-beans-5.3.17.jar:5.3.17]
	at org.springframework.beans.factory.support.DefaultListableBeanFactory.doResolveDependency(DefaultListableBeanFactory.java:1389) ~[spring-beans-5.3.17.jar:5.3.17]
	at org.springframework.beans.factory.support.DefaultListableBeanFactory.resolveDependency(DefaultListableBeanFactory.java:1309) ~[spring-beans-5.3.17.jar:5.3.17]
	at org.springframework.beans.factory.annotation.AutowiredAnnotationBeanPostProcessor$AutowiredFieldElement.resolveFieldValue(AutowiredAnnotationBeanPostProcessor.java:656) ~[spring-beans-5.3.17.jar:5.3.17]
	at org.springframework.beans.factory.annotation.AutowiredAnnotationBeanPostProcessor$AutowiredFieldElement.inject(AutowiredAnnotationBeanPostProcessor.java:639) ~[spring-beans-5.3.17.jar:5.3.17]
	at org.springframework.beans.factory.annotation.InjectionMetadata.inject(InjectionMetadata.java:119) ~[spring-beans-5.3.17.jar:5.3.17]
	at org.springframework.beans.factory.annotation.AutowiredAnnotationBeanPostProcessor.postProcessProperties(AutowiredAnnotationBeanPostProcessor.java:399) ~[spring-beans-5.3.17.jar:5.3.17]
	at org.springframework.beans.factory.support.AbstractAutowireCapableBeanFactory.populateBean(AbstractAutowireCapableBeanFactory.java:1431) ~[spring-beans-5.3.17.jar:5.3.17]
	at org.springframework.beans.factory.support.AbstractAutowireCapableBeanFactory.doCreateBean(AbstractAutowireCapableBeanFactory.java:619) ~[spring-beans-5.3.17.jar:5.3.17]
	at org.springframework.beans.factory.support.AbstractAutowireCapableBeanFactory.createBean(AbstractAutowireCapableBeanFactory.java:542) ~[spring-beans-5.3.17.jar:5.3.17]
	at org.springframework.beans.factory.support.AbstractBeanFactory.lambda$doGetBean$0(AbstractBeanFactory.java:335) ~[spring-beans-5.3.17.jar:5.3.17]
	at org.springframework.beans.factory.support.DefaultSingletonBeanRegistry.getSingleton(DefaultSingletonBeanRegistry.java:234) ~[spring-beans-5.3.17.jar:5.3.17]
	at org.springframework.beans.factory.support.AbstractBeanFactory.doGetBean(AbstractBeanFactory.java:333) ~[spring-beans-5.3.17.jar:5.3.17]
	at org.springframework.beans.factory.support.AbstractBeanFactory.getBean(AbstractBeanFactory.java:208) ~[spring-beans-5.3.17.jar:5.3.17]
	at org.springframework.beans.factory.config.DependencyDescriptor.resolveCandidate(DependencyDescriptor.java:276) ~[spring-beans-5.3.17.jar:5.3.17]
	at org.springframework.beans.factory.support.DefaultListableBeanFactory.doResolveDependency(DefaultListableBeanFactory.java:1389) ~[spring-beans-5.3.17.jar:5.3.17]
	at org.springframework.beans.factory.support.DefaultListableBeanFactory.resolveDependency(DefaultListableBeanFactory.java:1309) ~[spring-beans-5.3.17.jar:5.3.17]
	at org.springframework.beans.factory.annotation.AutowiredAnnotationBeanPostProcessor$AutowiredFieldElement.resolveFieldValue(AutowiredAnnotationBeanPostProcessor.java:656) ~[spring-beans-5.3.17.jar:5.3.17]
	... 20 more
2024-01-16 14:39:09.778 INFO  [main][org.springframework.boot.StartupInfoLogger:55] - Starting BscRobotAppication using Java 1.8.0_201 on PC-20190222MJLK with PID 13492 (D:\Project\TelegramRobot\BscRobot\target\classes started by Administrator in D:\Project\TelegramRobot)
2024-01-16 14:39:09.819 INFO  [main][org.springframework.boot.SpringApplication:646] - The following 1 profile is active: "default"
2024-01-16 14:39:10.712 INFO  [main][org.springframework.boot.web.embedded.tomcat.TomcatWebServer:108] - Tomcat initialized with port(s): 80 (http)
2024-01-16 14:39:10.720 INFO  [main][org.apache.juli.logging.DirectJDKLog:173] - Initializing ProtocolHandler ["http-nio-80"]
2024-01-16 14:39:10.720 INFO  [main][org.apache.juli.logging.DirectJDKLog:173] - Starting service [Tomcat]
2024-01-16 14:39:10.720 INFO  [main][org.apache.juli.logging.DirectJDKLog:173] - Starting Servlet engine: [Apache Tomcat/9.0.60]
2024-01-16 14:39:10.895 INFO  [main][org.apache.juli.logging.DirectJDKLog:173] - Initializing Spring embedded WebApplicationContext
2024-01-16 14:39:10.896 INFO  [main][org.springframework.boot.web.servlet.context.ServletWebServerApplicationContext:290] - Root WebApplicationContext: initialization completed in 1036 ms
2024-01-16 14:39:10.963 INFO  [main][com.alibaba.druid.spring.boot.autoconfigure.DruidDataSourceAutoConfigure:56] - Init DruidDataSource
2024-01-16 14:39:11.118 INFO  [main][com.alibaba.druid.pool.DruidDataSource:1003] - {dataSource-1} inited
2024-01-16 14:39:11.623 INFO  [main][org.apache.juli.logging.DirectJDKLog:173] - Starting ProtocolHandler ["http-nio-80"]
2024-01-16 14:39:11.641 INFO  [main][org.springframework.boot.web.embedded.tomcat.TomcatWebServer:220] - Tomcat started on port(s): 80 (http) with context path ''
2024-01-16 14:39:11.654 INFO  [main][org.springframework.boot.StartupInfoLogger:61] - Started BscRobotAppication in 2.204 seconds (JVM running for 3.956)
2024-01-16 14:39:38.822 INFO  [http-nio-80-exec-4][org.apache.juli.logging.DirectJDKLog:173] - Initializing Spring DispatcherServlet 'dispatcherServlet'
2024-01-16 14:39:38.822 INFO  [http-nio-80-exec-4][org.springframework.web.servlet.FrameworkServlet:525] - Initializing Servlet 'dispatcherServlet'
2024-01-16 14:39:38.823 INFO  [http-nio-80-exec-4][org.springframework.web.servlet.FrameworkServlet:547] - Completed initialization in 1 ms
2024-01-16 14:39:47.079 INFO  [http-nio-80-exec-1][com.yy.bscRobot.service.WalletInfoService:71] - id40xe51d285d2f178f0cd136a45d64c4842e026a63cf
2024-01-16 14:39:47.767 INFO  [http-nio-80-exec-1][com.yy.bscRobot.service.WalletInfoService:71] - id40x69a27bfe37ed0b6c691276c4bc7937eb604f063b
2024-01-16 14:39:48.054 INFO  [http-nio-80-exec-1][com.yy.bscRobot.service.WalletInfoService:71] - id40x99f36d6873c07f6442b5dc7e606ac4d1109c19af
2024-01-16 14:39:48.178 INFO  [http-nio-80-exec-1][com.yy.bscRobot.service.WalletInfoService:71] - id40x3e8f36e85ba1278e6fde9937c75eb393ee2f09fb
2024-01-16 14:39:48.292 INFO  [http-nio-80-exec-1][com.yy.bscRobot.service.WalletInfoService:71] - id40x7f1b2dc1740d1c13d0058455e84bf25253bb4177
2024-01-16 14:40:46.907 INFO  [SpringApplicationShutdownHook][com.alibaba.druid.pool.DruidDataSource:1965] - {dataSource-1} closing ...
2024-01-16 14:40:46.918 INFO  [SpringApplicationShutdownHook][com.alibaba.druid.pool.DruidDataSource:2037] - {dataSource-1} closed
2024-01-16 14:41:18.091 INFO  [main][org.springframework.boot.StartupInfoLogger:55] - Starting BscRobotAppication using Java 1.8.0_201 on PC-20190222MJLK with PID 4804 (D:\Project\TelegramRobot\BscRobot\target\classes started by Administrator in D:\Project\TelegramRobot)
2024-01-16 14:41:18.145 INFO  [main][org.springframework.boot.SpringApplication:646] - The following 1 profile is active: "default"
2024-01-16 14:41:19.300 INFO  [main][org.springframework.boot.web.embedded.tomcat.TomcatWebServer:108] - Tomcat initialized with port(s): 80 (http)
2024-01-16 14:41:19.309 INFO  [main][org.apache.juli.logging.DirectJDKLog:173] - Initializing ProtocolHandler ["http-nio-80"]
2024-01-16 14:41:19.309 INFO  [main][org.apache.juli.logging.DirectJDKLog:173] - Starting service [Tomcat]
2024-01-16 14:41:19.310 INFO  [main][org.apache.juli.logging.DirectJDKLog:173] - Starting Servlet engine: [Apache Tomcat/9.0.60]
2024-01-16 14:41:19.524 INFO  [main][org.apache.juli.logging.DirectJDKLog:173] - Initializing Spring embedded WebApplicationContext
2024-01-16 14:41:19.524 INFO  [main][org.springframework.boot.web.servlet.context.ServletWebServerApplicationContext:290] - Root WebApplicationContext: initialization completed in 1322 ms
2024-01-16 14:41:19.612 INFO  [main][com.alibaba.druid.spring.boot.autoconfigure.DruidDataSourceAutoConfigure:56] - Init DruidDataSource
2024-01-16 14:41:19.800 INFO  [main][com.alibaba.druid.pool.DruidDataSource:1003] - {dataSource-1} inited
2024-01-16 14:41:20.451 INFO  [main][org.apache.juli.logging.DirectJDKLog:173] - Starting ProtocolHandler ["http-nio-80"]
2024-01-16 14:41:20.474 INFO  [main][org.springframework.boot.web.embedded.tomcat.TomcatWebServer:220] - Tomcat started on port(s): 80 (http) with context path ''
2024-01-16 14:41:20.489 INFO  [main][org.springframework.boot.StartupInfoLogger:61] - Started BscRobotAppication in 2.891 seconds (JVM running for 5.009)
2024-01-16 14:41:36.233 INFO  [http-nio-80-exec-1][org.apache.juli.logging.DirectJDKLog:173] - Initializing Spring DispatcherServlet 'dispatcherServlet'
2024-01-16 14:41:36.233 INFO  [http-nio-80-exec-1][org.springframework.web.servlet.FrameworkServlet:525] - Initializing Servlet 'dispatcherServlet'
2024-01-16 14:41:36.234 INFO  [http-nio-80-exec-1][org.springframework.web.servlet.FrameworkServlet:547] - Completed initialization in 1 ms
2024-01-16 14:41:37.193 INFO  [http-nio-80-exec-1][com.yy.bscRobot.service.WalletInfoService:71] - id40xf85799d1a3917bd5898231dcb802d85a54076f70
2024-01-16 14:41:37.291 INFO  [http-nio-80-exec-1][com.yy.bscRobot.service.WalletInfoService:71] - id40xdd1f02a9af82ecb599dc741f6fbe9467f6e598f7
2024-01-16 14:41:37.413 INFO  [http-nio-80-exec-1][com.yy.bscRobot.service.WalletInfoService:71] - id40xb5b2947170265c3a1d8c58db50b3db9e5462e760
2024-01-16 14:41:37.506 INFO  [http-nio-80-exec-1][com.yy.bscRobot.service.WalletInfoService:71] - id40x5c34f622f7fb02cd75717970654192ce73a3deef
2024-01-16 14:41:37.596 INFO  [http-nio-80-exec-1][com.yy.bscRobot.service.WalletInfoService:71] - id40x01f827409f05609d6ab4b5c44edde1052cd2ccf1
