2024-01-22 10:38:37.285 INFO  [main][org.springframework.boot.StartupInfoLogger:55] - Starting BscRobotAppication using Java 1.8.0_201 on PC-20190222MJLK with PID 10528 (D:\Project\TelegramRobot\BscRobot\target\classes started by Administrator in D:\Project\TelegramRobot)
2024-01-22 10:38:37.346 INFO  [main][org.springframework.boot.SpringApplication:646] - The following 1 profile is active: "default"
2024-01-22 10:38:39.199 INFO  [main][org.springframework.boot.web.embedded.tomcat.TomcatWebServer:108] - Tomcat initialized with port(s): 80 (http)
2024-01-22 10:38:39.220 INFO  [main][org.apache.juli.logging.DirectJDKLog:173] - Initializing ProtocolHandler ["http-nio-80"]
2024-01-22 10:38:39.221 INFO  [main][org.apache.juli.logging.DirectJDKLog:173] - Starting service [Tomcat]
2024-01-22 10:38:39.221 INFO  [main][org.apache.juli.logging.DirectJDKLog:173] - Starting Servlet engine: [Apache Tomcat/9.0.60]
2024-01-22 10:38:39.555 INFO  [main][org.apache.juli.logging.DirectJDKLog:173] - Initializing Spring embedded WebApplicationContext
2024-01-22 10:38:39.556 INFO  [main][org.springframework.boot.web.servlet.context.ServletWebServerApplicationContext:290] - Root WebApplicationContext: initialization completed in 2136 ms
2024-01-22 10:38:39.683 INFO  [main][com.alibaba.druid.spring.boot.autoconfigure.DruidDataSourceAutoConfigure:56] - Init DruidDataSource
2024-01-22 10:38:39.880 INFO  [main][com.alibaba.druid.pool.DruidDataSource:1003] - {dataSource-1} inited
2024-01-22 10:38:40.694 INFO  [main][org.apache.juli.logging.DirectJDKLog:173] - Starting ProtocolHandler ["http-nio-80"]
2024-01-22 10:38:40.716 INFO  [main][org.springframework.boot.web.embedded.tomcat.TomcatWebServer:220] - Tomcat started on port(s): 80 (http) with context path ''
2024-01-22 10:38:40.726 INFO  [main][org.springframework.boot.StartupInfoLogger:61] - Started BscRobotAppication in 4.015 seconds (JVM running for 33.739)
2024-01-22 10:42:44.396 INFO  [SpringApplicationShutdownHook][com.alibaba.druid.pool.DruidDataSource:1965] - {dataSource-1} closing ...
2024-01-22 10:42:44.397 INFO  [SpringApplicationShutdownHook][com.alibaba.druid.pool.DruidDataSource:2037] - {dataSource-1} closed
2024-01-22 12:06:30.191 INFO  [main][org.springframework.boot.StartupInfoLogger:55] - Starting BscRobotAppication using Java 1.8.0_201 on PC-20190222MJLK with PID 9080 (D:\Project\TelegramRobot\BscRobot\target\classes started by Administrator in D:\Project\TelegramRobot)
2024-01-22 12:06:30.216 INFO  [main][org.springframework.boot.SpringApplication:646] - The following 1 profile is active: "default"
2024-01-22 12:06:31.911 INFO  [main][org.springframework.boot.web.embedded.tomcat.TomcatWebServer:108] - Tomcat initialized with port(s): 80 (http)
2024-01-22 12:06:31.930 INFO  [main][org.apache.juli.logging.DirectJDKLog:173] - Initializing ProtocolHandler ["http-nio-80"]
2024-01-22 12:06:31.931 INFO  [main][org.apache.juli.logging.DirectJDKLog:173] - Starting service [Tomcat]
2024-01-22 12:06:31.932 INFO  [main][org.apache.juli.logging.DirectJDKLog:173] - Starting Servlet engine: [Apache Tomcat/9.0.60]
2024-01-22 12:06:32.125 INFO  [main][org.apache.juli.logging.DirectJDKLog:173] - Initializing Spring embedded WebApplicationContext
2024-01-22 12:06:32.125 INFO  [main][org.springframework.boot.web.servlet.context.ServletWebServerApplicationContext:290] - Root WebApplicationContext: initialization completed in 1844 ms
2024-01-22 12:06:32.257 INFO  [main][com.alibaba.druid.spring.boot.autoconfigure.DruidDataSourceAutoConfigure:56] - Init DruidDataSource
2024-01-22 12:06:32.417 INFO  [main][com.alibaba.druid.pool.DruidDataSource:1003] - {dataSource-1} inited
2024-01-22 12:06:33.329 INFO  [main][org.apache.juli.logging.DirectJDKLog:173] - Starting ProtocolHandler ["http-nio-80"]
2024-01-22 12:06:33.356 INFO  [main][org.springframework.boot.web.embedded.tomcat.TomcatWebServer:220] - Tomcat started on port(s): 80 (http) with context path ''
2024-01-22 12:06:33.370 INFO  [main][org.springframework.boot.StartupInfoLogger:61] - Started BscRobotAppication in 3.642 seconds (JVM running for 10.214)
2024-01-22 12:06:50.397 INFO  [jason665522_bot Telegram Executor][com.yy.bscRobot.service.Web3Service:35] - 当前web3的版本信息是：56
2024-01-22 12:06:50.491 INFO  [jason665522_bot Telegram Executor][com.yy.bscRobot.service.Web3Service:49] - 地址0x85e3fda60c5b1786b7daf6242c507df8994aebd7的BNB余额为0
2024-01-22 12:07:07.248 INFO  [jason665522_bot Telegram Executor][com.yy.bscRobot.service.Web3Service:35] - 当前web3的版本信息是：56
2024-01-22 12:07:07.332 INFO  [jason665522_bot Telegram Executor][com.yy.bscRobot.service.Web3Service:49] - 地址0xec7b41b306c222b4bbe1aca2f6fbd08e6be04af1的BNB余额为0
2024-01-22 12:07:07.413 INFO  [jason665522_bot Telegram Executor][com.yy.bscRobot.service.Web3Service:35] - 当前web3的版本信息是：56
2024-01-22 12:07:07.498 INFO  [jason665522_bot Telegram Executor][com.yy.bscRobot.service.Web3Service:49] - 地址0xf9c856699d9c13d99c1ec9a56ccf4126b5255185的BNB余额为0
2024-01-22 12:07:07.582 INFO  [jason665522_bot Telegram Executor][com.yy.bscRobot.service.Web3Service:35] - 当前web3的版本信息是：56
2024-01-22 12:07:07.666 INFO  [jason665522_bot Telegram Executor][com.yy.bscRobot.service.Web3Service:49] - 地址0xa079aae4ff24e746dbda1cb80135dc6830b27d31的BNB余额为0
2024-01-22 12:07:07.746 INFO  [jason665522_bot Telegram Executor][com.yy.bscRobot.service.Web3Service:35] - 当前web3的版本信息是：56
2024-01-22 12:07:07.831 INFO  [jason665522_bot Telegram Executor][com.yy.bscRobot.service.Web3Service:49] - 地址0x143cb8db26cd6764432314a8be86baef252d86fd的BNB余额为0
2024-01-22 12:09:00.155 INFO  [jason665522_bot Telegram Executor][com.yy.bscRobot.service.Web3Service:35] - 当前web3的版本信息是：56
2024-01-22 12:09:00.243 INFO  [jason665522_bot Telegram Executor][com.yy.bscRobot.service.Web3Service:49] - 地址0x85e3fda60c5b1786b7daf6242c507df8994aebd7的BNB余额为10000000000000
2024-01-22 12:09:00.336 INFO  [jason665522_bot Telegram Executor][com.yy.bscRobot.service.Web3Service:35] - 当前web3的版本信息是：56
2024-01-22 12:09:00.429 INFO  [jason665522_bot Telegram Executor][com.yy.bscRobot.service.Web3Service:49] - 地址0xec7b41b306c222b4bbe1aca2f6fbd08e6be04af1的BNB余额为0
2024-01-22 12:09:00.526 INFO  [jason665522_bot Telegram Executor][com.yy.bscRobot.service.Web3Service:35] - 当前web3的版本信息是：56
2024-01-22 12:09:00.617 INFO  [jason665522_bot Telegram Executor][com.yy.bscRobot.service.Web3Service:49] - 地址0xf9c856699d9c13d99c1ec9a56ccf4126b5255185的BNB余额为0
2024-01-22 12:09:00.713 INFO  [jason665522_bot Telegram Executor][com.yy.bscRobot.service.Web3Service:35] - 当前web3的版本信息是：56
2024-01-22 12:09:00.803 INFO  [jason665522_bot Telegram Executor][com.yy.bscRobot.service.Web3Service:49] - 地址0xa079aae4ff24e746dbda1cb80135dc6830b27d31的BNB余额为0
2024-01-22 12:09:00.904 INFO  [jason665522_bot Telegram Executor][com.yy.bscRobot.service.Web3Service:35] - 当前web3的版本信息是：56
2024-01-22 12:09:00.991 INFO  [jason665522_bot Telegram Executor][com.yy.bscRobot.service.Web3Service:49] - 地址0x143cb8db26cd6764432314a8be86baef252d86fd的BNB余额为0
2024-01-22 12:10:09.535 INFO  [SpringApplicationShutdownHook][com.alibaba.druid.pool.DruidDataSource:1965] - {dataSource-1} closing ...
2024-01-22 12:10:09.545 INFO  [SpringApplicationShutdownHook][com.alibaba.druid.pool.DruidDataSource:2037] - {dataSource-1} closed
2024-01-22 14:04:09.814 INFO  [main][org.springframework.boot.StartupInfoLogger:55] - Starting BscRobotAppication using Java 1.8.0_201 on PC-20190222MJLK with PID 11900 (D:\Project\TelegramRobot\BscRobot\target\classes started by Administrator in D:\Project\TelegramRobot)
2024-01-22 14:04:09.829 INFO  [main][org.springframework.boot.SpringApplication:646] - The following 1 profile is active: "default"
2024-01-22 14:04:11.181 INFO  [main][org.springframework.boot.web.embedded.tomcat.TomcatWebServer:108] - Tomcat initialized with port(s): 80 (http)
2024-01-22 14:04:11.192 INFO  [main][org.apache.juli.logging.DirectJDKLog:173] - Initializing ProtocolHandler ["http-nio-80"]
2024-01-22 14:04:11.193 INFO  [main][org.apache.juli.logging.DirectJDKLog:173] - Starting service [Tomcat]
2024-01-22 14:04:11.193 INFO  [main][org.apache.juli.logging.DirectJDKLog:173] - Starting Servlet engine: [Apache Tomcat/9.0.60]
2024-01-22 14:04:11.399 INFO  [main][org.apache.juli.logging.DirectJDKLog:173] - Initializing Spring embedded WebApplicationContext
2024-01-22 14:04:11.400 INFO  [main][org.springframework.boot.web.servlet.context.ServletWebServerApplicationContext:290] - Root WebApplicationContext: initialization completed in 1514 ms
2024-01-22 14:04:11.497 INFO  [main][com.alibaba.druid.spring.boot.autoconfigure.DruidDataSourceAutoConfigure:56] - Init DruidDataSource
2024-01-22 14:04:11.634 INFO  [main][com.alibaba.druid.pool.DruidDataSource:1003] - {dataSource-1} inited
2024-01-22 14:04:12.347 INFO  [main][org.apache.juli.logging.DirectJDKLog:173] - Starting ProtocolHandler ["http-nio-80"]
2024-01-22 14:04:12.371 INFO  [main][org.springframework.boot.web.embedded.tomcat.TomcatWebServer:220] - Tomcat started on port(s): 80 (http) with context path ''
2024-01-22 14:04:12.387 INFO  [main][org.springframework.boot.StartupInfoLogger:61] - Started BscRobotAppication in 2.956 seconds (JVM running for 8.173)
2024-01-22 14:04:19.884 INFO  [jason665522_bot Telegram Executor][com.yy.bscRobot.service.Web3Service:35] - 当前web3的版本信息是：56
2024-01-22 14:04:19.967 INFO  [jason665522_bot Telegram Executor][com.yy.bscRobot.service.Web3Service:50] - 地址0x85e3fda60c5b1786b7daf6242c507df8994aebd7的BNB余额为10000000000000
2024-01-22 14:04:20.049 INFO  [jason665522_bot Telegram Executor][com.yy.bscRobot.service.Web3Service:35] - 当前web3的版本信息是：56
2024-01-22 14:04:20.136 INFO  [jason665522_bot Telegram Executor][com.yy.bscRobot.service.Web3Service:50] - 地址0xec7b41b306c222b4bbe1aca2f6fbd08e6be04af1的BNB余额为0
2024-01-22 14:04:20.216 INFO  [jason665522_bot Telegram Executor][com.yy.bscRobot.service.Web3Service:35] - 当前web3的版本信息是：56
2024-01-22 14:04:20.300 INFO  [jason665522_bot Telegram Executor][com.yy.bscRobot.service.Web3Service:50] - 地址0xf9c856699d9c13d99c1ec9a56ccf4126b5255185的BNB余额为0
2024-01-22 14:04:20.382 INFO  [jason665522_bot Telegram Executor][com.yy.bscRobot.service.Web3Service:35] - 当前web3的版本信息是：56
2024-01-22 14:04:20.470 INFO  [jason665522_bot Telegram Executor][com.yy.bscRobot.service.Web3Service:50] - 地址0xa079aae4ff24e746dbda1cb80135dc6830b27d31的BNB余额为0
2024-01-22 14:04:20.551 INFO  [jason665522_bot Telegram Executor][com.yy.bscRobot.service.Web3Service:35] - 当前web3的版本信息是：56
2024-01-22 14:04:20.632 INFO  [jason665522_bot Telegram Executor][com.yy.bscRobot.service.Web3Service:50] - 地址0x143cb8db26cd6764432314a8be86baef252d86fd的BNB余额为0
2024-01-22 14:05:32.869 INFO  [SpringApplicationShutdownHook][com.alibaba.druid.pool.DruidDataSource:1965] - {dataSource-1} closing ...
2024-01-22 14:05:32.883 INFO  [SpringApplicationShutdownHook][com.alibaba.druid.pool.DruidDataSource:2037] - {dataSource-1} closed
2024-01-22 14:06:12.215 INFO  [main][org.springframework.boot.StartupInfoLogger:55] - Starting BscRobotAppication using Java 1.8.0_201 on PC-20190222MJLK with PID 9328 (D:\Project\TelegramRobot\BscRobot\target\classes started by Administrator in D:\Project\TelegramRobot)
2024-01-22 14:06:12.228 INFO  [main][org.springframework.boot.SpringApplication:646] - The following 1 profile is active: "default"
2024-01-22 14:06:13.958 INFO  [main][org.springframework.boot.web.embedded.tomcat.TomcatWebServer:108] - Tomcat initialized with port(s): 80 (http)
2024-01-22 14:06:13.973 INFO  [main][org.apache.juli.logging.DirectJDKLog:173] - Initializing ProtocolHandler ["http-nio-80"]
2024-01-22 14:06:13.974 INFO  [main][org.apache.juli.logging.DirectJDKLog:173] - Starting service [Tomcat]
2024-01-22 14:06:13.975 INFO  [main][org.apache.juli.logging.DirectJDKLog:173] - Starting Servlet engine: [Apache Tomcat/9.0.60]
2024-01-22 14:06:14.261 INFO  [main][org.apache.juli.logging.DirectJDKLog:173] - Initializing Spring embedded WebApplicationContext
2024-01-22 14:06:14.261 INFO  [main][org.springframework.boot.web.servlet.context.ServletWebServerApplicationContext:290] - Root WebApplicationContext: initialization completed in 1971 ms
2024-01-22 14:06:14.393 INFO  [main][com.alibaba.druid.spring.boot.autoconfigure.DruidDataSourceAutoConfigure:56] - Init DruidDataSource
2024-01-22 14:06:14.564 INFO  [main][com.alibaba.druid.pool.DruidDataSource:1003] - {dataSource-1} inited
2024-01-22 14:06:15.537 INFO  [main][org.apache.juli.logging.DirectJDKLog:173] - Starting ProtocolHandler ["http-nio-80"]
2024-01-22 14:06:15.572 INFO  [main][org.springframework.boot.web.embedded.tomcat.TomcatWebServer:220] - Tomcat started on port(s): 80 (http) with context path ''
2024-01-22 14:06:15.593 INFO  [main][org.springframework.boot.StartupInfoLogger:61] - Started BscRobotAppication in 3.827 seconds (JVM running for 11.614)
2024-01-22 14:06:23.943 INFO  [jason665522_bot Telegram Executor][com.yy.bscRobot.service.Web3Service:35] - 当前web3的版本信息是：56
2024-01-22 14:06:24.034 INFO  [jason665522_bot Telegram Executor][com.yy.bscRobot.service.Web3Service:50] - 地址0x85e3fda60c5b1786b7daf6242c507df8994aebd7的BNB余额为10000000000000
2024-01-22 14:06:24.120 INFO  [jason665522_bot Telegram Executor][com.yy.bscRobot.service.Web3Service:35] - 当前web3的版本信息是：56
2024-01-22 14:06:24.205 INFO  [jason665522_bot Telegram Executor][com.yy.bscRobot.service.Web3Service:50] - 地址0xec7b41b306c222b4bbe1aca2f6fbd08e6be04af1的BNB余额为0
2024-01-22 14:06:24.292 INFO  [jason665522_bot Telegram Executor][com.yy.bscRobot.service.Web3Service:35] - 当前web3的版本信息是：56
2024-01-22 14:06:24.383 INFO  [jason665522_bot Telegram Executor][com.yy.bscRobot.service.Web3Service:50] - 地址0xf9c856699d9c13d99c1ec9a56ccf4126b5255185的BNB余额为0
2024-01-22 14:06:24.467 INFO  [jason665522_bot Telegram Executor][com.yy.bscRobot.service.Web3Service:35] - 当前web3的版本信息是：56
2024-01-22 14:06:24.553 INFO  [jason665522_bot Telegram Executor][com.yy.bscRobot.service.Web3Service:50] - 地址0xa079aae4ff24e746dbda1cb80135dc6830b27d31的BNB余额为0
2024-01-22 14:06:24.640 INFO  [jason665522_bot Telegram Executor][com.yy.bscRobot.service.Web3Service:35] - 当前web3的版本信息是：56
2024-01-22 14:06:24.735 INFO  [jason665522_bot Telegram Executor][com.yy.bscRobot.service.Web3Service:50] - 地址0x143cb8db26cd6764432314a8be86baef252d86fd的BNB余额为0
2024-01-22 14:06:45.789 INFO  [SpringApplicationShutdownHook][com.alibaba.druid.pool.DruidDataSource:1965] - {dataSource-1} closing ...
2024-01-22 14:06:45.803 INFO  [SpringApplicationShutdownHook][com.alibaba.druid.pool.DruidDataSource:2037] - {dataSource-1} closed
2024-01-22 14:11:40.977 INFO  [main][org.springframework.boot.StartupInfoLogger:55] - Starting BscRobotAppication using Java 1.8.0_201 on PC-20190222MJLK with PID 1616 (D:\Project\TelegramRobot\BscRobot\target\classes started by Administrator in D:\Project\TelegramRobot)
2024-01-22 14:11:40.989 INFO  [main][org.springframework.boot.SpringApplication:646] - The following 1 profile is active: "default"
2024-01-22 14:11:42.502 INFO  [main][org.springframework.boot.web.embedded.tomcat.TomcatWebServer:108] - Tomcat initialized with port(s): 80 (http)
2024-01-22 14:11:42.515 INFO  [main][org.apache.juli.logging.DirectJDKLog:173] - Initializing ProtocolHandler ["http-nio-80"]
2024-01-22 14:11:42.516 INFO  [main][org.apache.juli.logging.DirectJDKLog:173] - Starting service [Tomcat]
2024-01-22 14:11:42.517 INFO  [main][org.apache.juli.logging.DirectJDKLog:173] - Starting Servlet engine: [Apache Tomcat/9.0.60]
2024-01-22 14:11:42.763 INFO  [main][org.apache.juli.logging.DirectJDKLog:173] - Initializing Spring embedded WebApplicationContext
2024-01-22 14:11:42.763 INFO  [main][org.springframework.boot.web.servlet.context.ServletWebServerApplicationContext:290] - Root WebApplicationContext: initialization completed in 1722 ms
2024-01-22 14:11:42.879 INFO  [main][com.alibaba.druid.spring.boot.autoconfigure.DruidDataSourceAutoConfigure:56] - Init DruidDataSource
2024-01-22 14:11:43.035 INFO  [main][com.alibaba.druid.pool.DruidDataSource:1003] - {dataSource-1} inited
2024-01-22 14:11:43.852 INFO  [main][org.apache.juli.logging.DirectJDKLog:173] - Starting ProtocolHandler ["http-nio-80"]
2024-01-22 14:11:43.882 INFO  [main][org.springframework.boot.web.embedded.tomcat.TomcatWebServer:220] - Tomcat started on port(s): 80 (http) with context path ''
2024-01-22 14:11:43.903 INFO  [main][org.springframework.boot.StartupInfoLogger:61] - Started BscRobotAppication in 3.31 seconds (JVM running for 10.369)
2024-01-22 14:12:01.333 INFO  [jason665522_bot Telegram Executor][com.yy.bscRobot.service.Web3Service:35] - 当前web3的版本信息是：56
2024-01-22 14:12:01.422 INFO  [jason665522_bot Telegram Executor][com.yy.bscRobot.service.Web3Service:50] - 地址0x85e3fda60c5b1786b7daf6242c507df8994aebd7的BNB余额为10000000000000
2024-01-22 14:12:01.514 INFO  [jason665522_bot Telegram Executor][com.yy.bscRobot.service.Web3Service:35] - 当前web3的版本信息是：56
2024-01-22 14:12:01.604 INFO  [jason665522_bot Telegram Executor][com.yy.bscRobot.service.Web3Service:50] - 地址0xec7b41b306c222b4bbe1aca2f6fbd08e6be04af1的BNB余额为0
2024-01-22 14:12:01.696 INFO  [jason665522_bot Telegram Executor][com.yy.bscRobot.service.Web3Service:35] - 当前web3的版本信息是：56
2024-01-22 14:12:01.786 INFO  [jason665522_bot Telegram Executor][com.yy.bscRobot.service.Web3Service:50] - 地址0xf9c856699d9c13d99c1ec9a56ccf4126b5255185的BNB余额为0
2024-01-22 14:12:01.881 INFO  [jason665522_bot Telegram Executor][com.yy.bscRobot.service.Web3Service:35] - 当前web3的版本信息是：56
2024-01-22 14:12:01.970 INFO  [jason665522_bot Telegram Executor][com.yy.bscRobot.service.Web3Service:50] - 地址0xa079aae4ff24e746dbda1cb80135dc6830b27d31的BNB余额为0
2024-01-22 14:12:02.060 INFO  [jason665522_bot Telegram Executor][com.yy.bscRobot.service.Web3Service:35] - 当前web3的版本信息是：56
2024-01-22 14:12:02.154 INFO  [jason665522_bot Telegram Executor][com.yy.bscRobot.service.Web3Service:50] - 地址0x143cb8db26cd6764432314a8be86baef252d86fd的BNB余额为0
2024-01-22 14:13:33.762 INFO  [SpringApplicationShutdownHook][com.alibaba.druid.pool.DruidDataSource:1965] - {dataSource-1} closing ...
2024-01-22 14:13:33.784 INFO  [SpringApplicationShutdownHook][com.alibaba.druid.pool.DruidDataSource:2037] - {dataSource-1} closed
2024-01-22 14:15:25.353 INFO  [main][org.springframework.boot.StartupInfoLogger:55] - Starting BscRobotAppication using Java 1.8.0_201 on PC-20190222MJLK with PID 10376 (D:\Project\TelegramRobot\BscRobot\target\classes started by Administrator in D:\Project\TelegramRobot)
2024-01-22 14:15:25.366 INFO  [main][org.springframework.boot.SpringApplication:646] - The following 1 profile is active: "default"
2024-01-22 14:15:26.295 ERROR [jason665522_bot Telegram Executor][org.telegram.telegrambots.updatesreceivers.DefaultBotSession$HandlerThread:322] - null
java.lang.NullPointerException: null
	at com.yy.bscRobot.utils.SpringContextUtils.getBean(SpringContextUtils.java:19) ~[classes/:?]
	at com.yy.bscRobot.robot.MyBot.onUpdateReceived(MyBot.java:49) ~[classes/:?]
	at java.util.ArrayList.forEach(ArrayList.java:1257) ~[?:1.8.0_201]
	at org.telegram.telegrambots.meta.generics.LongPollingBot.onUpdatesReceived(LongPollingBot.java:27) ~[telegrambots-meta-6.0.1.jar:?]
	at org.telegram.telegrambots.updatesreceivers.DefaultBotSession$HandlerThread.run(DefaultBotSession.java:317) ~[telegrambots-6.0.1.jar:?]
2024-01-22 14:15:27.281 INFO  [main][org.springframework.boot.web.embedded.tomcat.TomcatWebServer:108] - Tomcat initialized with port(s): 80 (http)
2024-01-22 14:15:27.303 INFO  [main][org.apache.juli.logging.DirectJDKLog:173] - Initializing ProtocolHandler ["http-nio-80"]
2024-01-22 14:15:27.304 INFO  [main][org.apache.juli.logging.DirectJDKLog:173] - Starting service [Tomcat]
2024-01-22 14:15:27.305 INFO  [main][org.apache.juli.logging.DirectJDKLog:173] - Starting Servlet engine: [Apache Tomcat/9.0.60]
2024-01-22 14:15:27.622 INFO  [main][org.apache.juli.logging.DirectJDKLog:173] - Initializing Spring embedded WebApplicationContext
2024-01-22 14:15:27.623 INFO  [main][org.springframework.boot.web.servlet.context.ServletWebServerApplicationContext:290] - Root WebApplicationContext: initialization completed in 2195 ms
2024-01-22 14:15:27.770 INFO  [main][com.alibaba.druid.spring.boot.autoconfigure.DruidDataSourceAutoConfigure:56] - Init DruidDataSource
2024-01-22 14:15:27.974 INFO  [main][com.alibaba.druid.pool.DruidDataSource:1003] - {dataSource-1} inited
2024-01-22 14:15:29.006 INFO  [main][org.apache.juli.logging.DirectJDKLog:173] - Starting ProtocolHandler ["http-nio-80"]
2024-01-22 14:15:29.043 INFO  [main][org.springframework.boot.web.embedded.tomcat.TomcatWebServer:220] - Tomcat started on port(s): 80 (http) with context path ''
2024-01-22 14:15:29.064 INFO  [main][org.springframework.boot.StartupInfoLogger:61] - Started BscRobotAppication in 4.16 seconds (JVM running for 11.413)
2024-01-22 14:15:36.753 INFO  [jason665522_bot Telegram Executor][com.yy.bscRobot.service.WalletInfoService:85] - id为8的用户生成地址为0xd37d884437ed236fce87406033f487cfdd0a2af6的新钱包
2024-01-22 14:15:37.704 INFO  [jason665522_bot Telegram Executor][com.yy.bscRobot.service.Web3Service:35] - 当前web3的版本信息是：56
2024-01-22 14:15:37.802 INFO  [jason665522_bot Telegram Executor][com.yy.bscRobot.service.Web3Service:50] - 地址0xd37d884437ed236fce87406033f487cfdd0a2af6的BNB余额为0
2024-01-22 14:15:55.672 INFO  [jason665522_bot Telegram Executor][com.yy.bscRobot.service.Web3Service:35] - 当前web3的版本信息是：56
2024-01-22 14:15:55.764 INFO  [jason665522_bot Telegram Executor][com.yy.bscRobot.service.Web3Service:50] - 地址0x85e3fda60c5b1786b7daf6242c507df8994aebd7的BNB余额为10000000000000
2024-01-22 14:15:55.851 INFO  [jason665522_bot Telegram Executor][com.yy.bscRobot.service.Web3Service:35] - 当前web3的版本信息是：56
2024-01-22 14:15:55.939 INFO  [jason665522_bot Telegram Executor][com.yy.bscRobot.service.Web3Service:50] - 地址0xec7b41b306c222b4bbe1aca2f6fbd08e6be04af1的BNB余额为0
2024-01-22 14:15:56.032 INFO  [jason665522_bot Telegram Executor][com.yy.bscRobot.service.Web3Service:35] - 当前web3的版本信息是：56
2024-01-22 14:15:56.124 INFO  [jason665522_bot Telegram Executor][com.yy.bscRobot.service.Web3Service:50] - 地址0xf9c856699d9c13d99c1ec9a56ccf4126b5255185的BNB余额为0
2024-01-22 14:15:56.214 INFO  [jason665522_bot Telegram Executor][com.yy.bscRobot.service.Web3Service:35] - 当前web3的版本信息是：56
2024-01-22 14:15:56.308 INFO  [jason665522_bot Telegram Executor][com.yy.bscRobot.service.Web3Service:50] - 地址0xa079aae4ff24e746dbda1cb80135dc6830b27d31的BNB余额为0
2024-01-22 14:15:56.398 INFO  [jason665522_bot Telegram Executor][com.yy.bscRobot.service.Web3Service:35] - 当前web3的版本信息是：56
2024-01-22 14:15:56.493 INFO  [jason665522_bot Telegram Executor][com.yy.bscRobot.service.Web3Service:50] - 地址0x143cb8db26cd6764432314a8be86baef252d86fd的BNB余额为0
2024-01-22 14:16:06.314 INFO  [jason665522_bot Telegram Executor][com.yy.bscRobot.service.Web3Service:35] - 当前web3的版本信息是：56
2024-01-22 14:16:06.400 INFO  [jason665522_bot Telegram Executor][com.yy.bscRobot.service.Web3Service:50] - 地址0xd37d884437ed236fce87406033f487cfdd0a2af6的BNB余额为0
2024-01-22 14:16:13.527 INFO  [jason665522_bot Telegram Executor][com.yy.bscRobot.service.WalletInfoService:85] - id为8的用户生成地址为0x5bc24d673f1e2e595d8a272471b6c21749d9587a的新钱包
2024-01-22 14:16:13.795 INFO  [jason665522_bot Telegram Executor][com.yy.bscRobot.service.Web3Service:35] - 当前web3的版本信息是：56
2024-01-22 14:16:13.907 INFO  [jason665522_bot Telegram Executor][com.yy.bscRobot.service.Web3Service:50] - 地址0xd37d884437ed236fce87406033f487cfdd0a2af6的BNB余额为0
2024-01-22 14:16:13.999 INFO  [jason665522_bot Telegram Executor][com.yy.bscRobot.service.Web3Service:35] - 当前web3的版本信息是：56
2024-01-22 14:16:14.116 INFO  [jason665522_bot Telegram Executor][com.yy.bscRobot.service.Web3Service:50] - 地址0x5bc24d673f1e2e595d8a272471b6c21749d9587a的BNB余额为0
2024-01-22 14:16:27.916 INFO  [SpringApplicationShutdownHook][com.alibaba.druid.pool.DruidDataSource:1965] - {dataSource-1} closing ...
2024-01-22 14:16:27.923 INFO  [SpringApplicationShutdownHook][com.alibaba.druid.pool.DruidDataSource:2037] - {dataSource-1} closed
2024-01-22 14:20:22.538 INFO  [main][org.springframework.boot.StartupInfoLogger:55] - Starting BscRobotAppication using Java 1.8.0_201 on PC-20190222MJLK with PID 14220 (D:\Project\TelegramRobot\BscRobot\target\classes started by Administrator in D:\Project\TelegramRobot)
2024-01-22 14:20:22.547 INFO  [main][org.springframework.boot.SpringApplication:646] - The following 1 profile is active: "default"
2024-01-22 14:20:23.842 INFO  [main][org.springframework.boot.web.embedded.tomcat.TomcatWebServer:108] - Tomcat initialized with port(s): 80 (http)
2024-01-22 14:20:23.854 INFO  [main][org.apache.juli.logging.DirectJDKLog:173] - Initializing ProtocolHandler ["http-nio-80"]
2024-01-22 14:20:23.854 INFO  [main][org.apache.juli.logging.DirectJDKLog:173] - Starting service [Tomcat]
2024-01-22 14:20:23.855 INFO  [main][org.apache.juli.logging.DirectJDKLog:173] - Starting Servlet engine: [Apache Tomcat/9.0.60]
2024-01-22 14:20:24.049 INFO  [main][org.apache.juli.logging.DirectJDKLog:173] - Initializing Spring embedded WebApplicationContext
2024-01-22 14:20:24.049 INFO  [main][org.springframework.boot.web.servlet.context.ServletWebServerApplicationContext:290] - Root WebApplicationContext: initialization completed in 1449 ms
2024-01-22 14:20:24.136 INFO  [main][com.alibaba.druid.spring.boot.autoconfigure.DruidDataSourceAutoConfigure:56] - Init DruidDataSource
2024-01-22 14:20:24.262 INFO  [main][com.alibaba.druid.pool.DruidDataSource:1003] - {dataSource-1} inited
2024-01-22 14:20:24.929 INFO  [main][org.apache.juli.logging.DirectJDKLog:173] - Starting ProtocolHandler ["http-nio-80"]
2024-01-22 14:20:24.954 INFO  [main][org.springframework.boot.web.embedded.tomcat.TomcatWebServer:220] - Tomcat started on port(s): 80 (http) with context path ''
2024-01-22 14:20:24.969 INFO  [main][org.springframework.boot.StartupInfoLogger:61] - Started BscRobotAppication in 2.765 seconds (JVM running for 8.257)
2024-01-22 14:20:34.833 INFO  [jason665522_bot Telegram Executor][com.yy.bscRobot.service.Web3Service:35] - 当前web3的版本信息是：56
2024-01-22 14:20:34.931 INFO  [jason665522_bot Telegram Executor][com.yy.bscRobot.service.Web3Service:50] - 地址0x85e3fda60c5b1786b7daf6242c507df8994aebd7的BNB余额为10000000000000
2024-01-22 14:20:35.028 INFO  [jason665522_bot Telegram Executor][com.yy.bscRobot.service.Web3Service:35] - 当前web3的版本信息是：56
2024-01-22 14:20:35.117 INFO  [jason665522_bot Telegram Executor][com.yy.bscRobot.service.Web3Service:50] - 地址0xec7b41b306c222b4bbe1aca2f6fbd08e6be04af1的BNB余额为0
2024-01-22 14:20:35.211 INFO  [jason665522_bot Telegram Executor][com.yy.bscRobot.service.Web3Service:35] - 当前web3的版本信息是：56
2024-01-22 14:20:35.302 INFO  [jason665522_bot Telegram Executor][com.yy.bscRobot.service.Web3Service:50] - 地址0xf9c856699d9c13d99c1ec9a56ccf4126b5255185的BNB余额为0
2024-01-22 14:20:35.390 INFO  [jason665522_bot Telegram Executor][com.yy.bscRobot.service.Web3Service:35] - 当前web3的版本信息是：56
2024-01-22 14:20:35.480 INFO  [jason665522_bot Telegram Executor][com.yy.bscRobot.service.Web3Service:50] - 地址0xa079aae4ff24e746dbda1cb80135dc6830b27d31的BNB余额为0
2024-01-22 14:20:35.569 INFO  [jason665522_bot Telegram Executor][com.yy.bscRobot.service.Web3Service:35] - 当前web3的版本信息是：56
2024-01-22 14:20:35.661 INFO  [jason665522_bot Telegram Executor][com.yy.bscRobot.service.Web3Service:50] - 地址0x143cb8db26cd6764432314a8be86baef252d86fd的BNB余额为0
2024-01-22 14:25:52.050 INFO  [SpringApplicationShutdownHook][com.alibaba.druid.pool.DruidDataSource:1965] - {dataSource-1} closing ...
2024-01-22 14:25:52.056 INFO  [SpringApplicationShutdownHook][com.alibaba.druid.pool.DruidDataSource:2037] - {dataSource-1} closed
2024-01-22 14:26:03.965 INFO  [main][org.springframework.boot.StartupInfoLogger:55] - Starting BscRobotAppication using Java 1.8.0_201 on PC-20190222MJLK with PID 3368 (D:\Project\TelegramRobot\BscRobot\target\classes started by Administrator in D:\Project\TelegramRobot)
2024-01-22 14:26:03.974 INFO  [main][org.springframework.boot.SpringApplication:646] - The following 1 profile is active: "default"
2024-01-22 14:26:04.950 INFO  [main][org.springframework.boot.web.embedded.tomcat.TomcatWebServer:108] - Tomcat initialized with port(s): 80 (http)
2024-01-22 14:26:04.959 INFO  [main][org.apache.juli.logging.DirectJDKLog:173] - Initializing ProtocolHandler ["http-nio-80"]
2024-01-22 14:26:04.959 INFO  [main][org.apache.juli.logging.DirectJDKLog:173] - Starting service [Tomcat]
2024-01-22 14:26:04.960 INFO  [main][org.apache.juli.logging.DirectJDKLog:173] - Starting Servlet engine: [Apache Tomcat/9.0.60]
2024-01-22 14:26:05.106 INFO  [main][org.apache.juli.logging.DirectJDKLog:173] - Initializing Spring embedded WebApplicationContext
2024-01-22 14:26:05.106 INFO  [main][org.springframework.boot.web.servlet.context.ServletWebServerApplicationContext:290] - Root WebApplicationContext: initialization completed in 1095 ms
2024-01-22 14:26:05.185 INFO  [main][com.alibaba.druid.spring.boot.autoconfigure.DruidDataSourceAutoConfigure:56] - Init DruidDataSource
2024-01-22 14:26:05.326 INFO  [main][com.alibaba.druid.pool.DruidDataSource:1003] - {dataSource-1} inited
2024-01-22 14:26:05.937 INFO  [main][org.apache.juli.logging.DirectJDKLog:173] - Starting ProtocolHandler ["http-nio-80"]
2024-01-22 14:26:05.958 INFO  [main][org.springframework.boot.web.embedded.tomcat.TomcatWebServer:220] - Tomcat started on port(s): 80 (http) with context path ''
2024-01-22 14:26:05.969 INFO  [main][org.springframework.boot.StartupInfoLogger:61] - Started BscRobotAppication in 2.306 seconds (JVM running for 6.87)
2024-01-22 14:26:18.480 INFO  [jason665522_bot Telegram Executor][com.yy.bscRobot.service.Web3Service:35] - 当前web3的版本信息是：56
2024-01-22 14:26:18.575 INFO  [jason665522_bot Telegram Executor][com.yy.bscRobot.service.Web3Service:50] - 地址0x85e3fda60c5b1786b7daf6242c507df8994aebd7的BNB余额为10000000000000
2024-01-22 14:26:18.663 INFO  [jason665522_bot Telegram Executor][com.yy.bscRobot.service.Web3Service:35] - 当前web3的版本信息是：56
2024-01-22 14:26:18.760 INFO  [jason665522_bot Telegram Executor][com.yy.bscRobot.service.Web3Service:50] - 地址0xec7b41b306c222b4bbe1aca2f6fbd08e6be04af1的BNB余额为0
2024-01-22 14:26:18.856 INFO  [jason665522_bot Telegram Executor][com.yy.bscRobot.service.Web3Service:35] - 当前web3的版本信息是：56
2024-01-22 14:26:18.948 INFO  [jason665522_bot Telegram Executor][com.yy.bscRobot.service.Web3Service:50] - 地址0xf9c856699d9c13d99c1ec9a56ccf4126b5255185的BNB余额为0
2024-01-22 14:26:19.039 INFO  [jason665522_bot Telegram Executor][com.yy.bscRobot.service.Web3Service:35] - 当前web3的版本信息是：56
2024-01-22 14:26:19.138 INFO  [jason665522_bot Telegram Executor][com.yy.bscRobot.service.Web3Service:50] - 地址0xa079aae4ff24e746dbda1cb80135dc6830b27d31的BNB余额为0
2024-01-22 14:26:19.233 INFO  [jason665522_bot Telegram Executor][com.yy.bscRobot.service.Web3Service:35] - 当前web3的版本信息是：56
2024-01-22 14:26:19.327 INFO  [jason665522_bot Telegram Executor][com.yy.bscRobot.service.Web3Service:50] - 地址0x143cb8db26cd6764432314a8be86baef252d86fd的BNB余额为0
2024-01-22 14:26:22.640 INFO  [jason665522_bot Telegram Executor][com.yy.bscRobot.service.Web3Service:35] - 当前web3的版本信息是：56
2024-01-22 14:26:22.742 INFO  [jason665522_bot Telegram Executor][com.yy.bscRobot.service.Web3Service:50] - 地址0x85e3fda60c5b1786b7daf6242c507df8994aebd7的BNB余额为10000000000000
2024-01-22 14:26:22.830 INFO  [jason665522_bot Telegram Executor][com.yy.bscRobot.service.Web3Service:35] - 当前web3的版本信息是：56
2024-01-22 14:26:22.924 INFO  [jason665522_bot Telegram Executor][com.yy.bscRobot.service.Web3Service:50] - 地址0xec7b41b306c222b4bbe1aca2f6fbd08e6be04af1的BNB余额为0
2024-01-22 14:26:23.011 INFO  [jason665522_bot Telegram Executor][com.yy.bscRobot.service.Web3Service:35] - 当前web3的版本信息是：56
2024-01-22 14:26:23.128 INFO  [jason665522_bot Telegram Executor][com.yy.bscRobot.service.Web3Service:50] - 地址0xf9c856699d9c13d99c1ec9a56ccf4126b5255185的BNB余额为0
2024-01-22 14:26:23.219 INFO  [jason665522_bot Telegram Executor][com.yy.bscRobot.service.Web3Service:35] - 当前web3的版本信息是：56
2024-01-22 14:26:23.312 INFO  [jason665522_bot Telegram Executor][com.yy.bscRobot.service.Web3Service:50] - 地址0xa079aae4ff24e746dbda1cb80135dc6830b27d31的BNB余额为0
2024-01-22 14:26:23.406 INFO  [jason665522_bot Telegram Executor][com.yy.bscRobot.service.Web3Service:35] - 当前web3的版本信息是：56
2024-01-22 14:26:23.497 INFO  [jason665522_bot Telegram Executor][com.yy.bscRobot.service.Web3Service:50] - 地址0x143cb8db26cd6764432314a8be86baef252d86fd的BNB余额为0
2024-01-22 14:29:54.686 INFO  [SpringApplicationShutdownHook][com.alibaba.druid.pool.DruidDataSource:1965] - {dataSource-1} closing ...
2024-01-22 14:29:54.701 INFO  [SpringApplicationShutdownHook][com.alibaba.druid.pool.DruidDataSource:2037] - {dataSource-1} closed
2024-01-22 14:31:58.856 INFO  [main][org.springframework.boot.StartupInfoLogger:55] - Starting BscRobotAppication using Java 1.8.0_201 on PC-20190222MJLK with PID 6268 (D:\Project\TelegramRobot\BscRobot\target\classes started by Administrator in D:\Project\TelegramRobot)
2024-01-22 14:31:58.868 INFO  [main][org.springframework.boot.SpringApplication:646] - The following 1 profile is active: "default"
2024-01-22 14:32:00.236 INFO  [main][org.springframework.boot.web.embedded.tomcat.TomcatWebServer:108] - Tomcat initialized with port(s): 80 (http)
2024-01-22 14:32:00.249 INFO  [main][org.apache.juli.logging.DirectJDKLog:173] - Initializing ProtocolHandler ["http-nio-80"]
2024-01-22 14:32:00.250 INFO  [main][org.apache.juli.logging.DirectJDKLog:173] - Starting service [Tomcat]
2024-01-22 14:32:00.250 INFO  [main][org.apache.juli.logging.DirectJDKLog:173] - Starting Servlet engine: [Apache Tomcat/9.0.60]
2024-01-22 14:32:00.467 INFO  [main][org.apache.juli.logging.DirectJDKLog:173] - Initializing Spring embedded WebApplicationContext
2024-01-22 14:32:00.467 INFO  [main][org.springframework.boot.web.servlet.context.ServletWebServerApplicationContext:290] - Root WebApplicationContext: initialization completed in 1548 ms
2024-01-22 14:32:00.564 INFO  [main][com.alibaba.druid.spring.boot.autoconfigure.DruidDataSourceAutoConfigure:56] - Init DruidDataSource
2024-01-22 14:32:00.696 INFO  [main][com.alibaba.druid.pool.DruidDataSource:1003] - {dataSource-1} inited
2024-01-22 14:32:01.388 INFO  [main][org.apache.juli.logging.DirectJDKLog:173] - Starting ProtocolHandler ["http-nio-80"]
2024-01-22 14:32:01.414 INFO  [main][org.springframework.boot.web.embedded.tomcat.TomcatWebServer:220] - Tomcat started on port(s): 80 (http) with context path ''
2024-01-22 14:32:01.431 INFO  [main][org.springframework.boot.StartupInfoLogger:61] - Started BscRobotAppication in 2.924 seconds (JVM running for 8.791)
2024-01-22 14:32:14.372 INFO  [jason665522_bot Telegram Executor][com.yy.bscRobot.service.Web3Service:35] - 当前web3的版本信息是：56
2024-01-22 14:32:14.468 INFO  [jason665522_bot Telegram Executor][com.yy.bscRobot.service.Web3Service:50] - 地址0x85e3fda60c5b1786b7daf6242c507df8994aebd7的BNB余额为10000000000000
2024-01-22 14:32:14.554 INFO  [jason665522_bot Telegram Executor][com.yy.bscRobot.service.Web3Service:35] - 当前web3的版本信息是：56
2024-01-22 14:32:14.650 INFO  [jason665522_bot Telegram Executor][com.yy.bscRobot.service.Web3Service:50] - 地址0xec7b41b306c222b4bbe1aca2f6fbd08e6be04af1的BNB余额为0
2024-01-22 14:32:14.737 INFO  [jason665522_bot Telegram Executor][com.yy.bscRobot.service.Web3Service:35] - 当前web3的版本信息是：56
2024-01-22 14:32:14.830 INFO  [jason665522_bot Telegram Executor][com.yy.bscRobot.service.Web3Service:50] - 地址0xf9c856699d9c13d99c1ec9a56ccf4126b5255185的BNB余额为0
2024-01-22 14:32:14.917 INFO  [jason665522_bot Telegram Executor][com.yy.bscRobot.service.Web3Service:35] - 当前web3的版本信息是：56
2024-01-22 14:32:15.009 INFO  [jason665522_bot Telegram Executor][com.yy.bscRobot.service.Web3Service:50] - 地址0xa079aae4ff24e746dbda1cb80135dc6830b27d31的BNB余额为0
2024-01-22 14:32:15.095 INFO  [jason665522_bot Telegram Executor][com.yy.bscRobot.service.Web3Service:35] - 当前web3的版本信息是：56
2024-01-22 14:32:15.190 INFO  [jason665522_bot Telegram Executor][com.yy.bscRobot.service.Web3Service:50] - 地址0x143cb8db26cd6764432314a8be86baef252d86fd的BNB余额为0
2024-01-22 14:32:17.750 INFO  [jason665522_bot Telegram Executor][com.yy.bscRobot.service.Web3Service:35] - 当前web3的版本信息是：56
2024-01-22 14:32:17.846 INFO  [jason665522_bot Telegram Executor][com.yy.bscRobot.service.Web3Service:50] - 地址0x85e3fda60c5b1786b7daf6242c507df8994aebd7的BNB余额为10000000000000
2024-01-22 14:32:17.933 INFO  [jason665522_bot Telegram Executor][com.yy.bscRobot.service.Web3Service:35] - 当前web3的版本信息是：56
2024-01-22 14:32:18.024 INFO  [jason665522_bot Telegram Executor][com.yy.bscRobot.service.Web3Service:50] - 地址0xec7b41b306c222b4bbe1aca2f6fbd08e6be04af1的BNB余额为0
2024-01-22 14:32:18.111 INFO  [jason665522_bot Telegram Executor][com.yy.bscRobot.service.Web3Service:35] - 当前web3的版本信息是：56
2024-01-22 14:32:18.205 INFO  [jason665522_bot Telegram Executor][com.yy.bscRobot.service.Web3Service:50] - 地址0xf9c856699d9c13d99c1ec9a56ccf4126b5255185的BNB余额为0
2024-01-22 14:32:18.295 INFO  [jason665522_bot Telegram Executor][com.yy.bscRobot.service.Web3Service:35] - 当前web3的版本信息是：56
2024-01-22 14:32:18.382 INFO  [jason665522_bot Telegram Executor][com.yy.bscRobot.service.Web3Service:50] - 地址0xa079aae4ff24e746dbda1cb80135dc6830b27d31的BNB余额为0
2024-01-22 14:32:18.477 INFO  [jason665522_bot Telegram Executor][com.yy.bscRobot.service.Web3Service:35] - 当前web3的版本信息是：56
2024-01-22 14:32:18.572 INFO  [jason665522_bot Telegram Executor][com.yy.bscRobot.service.Web3Service:50] - 地址0x143cb8db26cd6764432314a8be86baef252d86fd的BNB余额为0
2024-01-22 14:32:18.574 ERROR [jason665522_bot Telegram Executor][org.telegram.telegrambots.updatesreceivers.DefaultBotSession$HandlerThread:322] - null
java.lang.NullPointerException: null
	at com.yy.bscRobot.robot.MyBot.executeSendMessage(MyBot.java:90) ~[classes/:?]
	at com.yy.bscRobot.robot.MyBot.onUpdateReceived(MyBot.java:64) ~[classes/:?]
	at java.util.ArrayList.forEach(ArrayList.java:1257) ~[?:1.8.0_201]
	at org.telegram.telegrambots.meta.generics.LongPollingBot.onUpdatesReceived(LongPollingBot.java:27) ~[telegrambots-meta-6.0.1.jar:?]
	at org.telegram.telegrambots.updatesreceivers.DefaultBotSession$HandlerThread.run(DefaultBotSession.java:317) ~[telegrambots-6.0.1.jar:?]
2024-01-22 14:32:37.701 INFO  [SpringApplicationShutdownHook][com.alibaba.druid.pool.DruidDataSource:1965] - {dataSource-1} closing ...
2024-01-22 14:32:37.717 INFO  [SpringApplicationShutdownHook][com.alibaba.druid.pool.DruidDataSource:2037] - {dataSource-1} closed
2024-01-22 14:38:19.484 INFO  [main][org.springframework.boot.StartupInfoLogger:55] - Starting BscRobotAppication using Java 1.8.0_201 on PC-20190222MJLK with PID 5692 (D:\Project\TelegramRobot\BscRobot\target\classes started by Administrator in D:\Project\TelegramRobot)
2024-01-22 14:38:19.502 INFO  [main][org.springframework.boot.SpringApplication:646] - The following 1 profile is active: "default"
2024-01-22 14:38:21.411 INFO  [main][org.springframework.boot.web.embedded.tomcat.TomcatWebServer:108] - Tomcat initialized with port(s): 80 (http)
2024-01-22 14:38:21.428 INFO  [main][org.apache.juli.logging.DirectJDKLog:173] - Initializing ProtocolHandler ["http-nio-80"]
2024-01-22 14:38:21.429 INFO  [main][org.apache.juli.logging.DirectJDKLog:173] - Starting service [Tomcat]
2024-01-22 14:38:21.430 INFO  [main][org.apache.juli.logging.DirectJDKLog:173] - Starting Servlet engine: [Apache Tomcat/9.0.60]
2024-01-22 14:38:21.713 INFO  [main][org.apache.juli.logging.DirectJDKLog:173] - Initializing Spring embedded WebApplicationContext
2024-01-22 14:38:21.714 INFO  [main][org.springframework.boot.web.servlet.context.ServletWebServerApplicationContext:290] - Root WebApplicationContext: initialization completed in 2132 ms
2024-01-22 14:38:21.849 INFO  [main][com.alibaba.druid.spring.boot.autoconfigure.DruidDataSourceAutoConfigure:56] - Init DruidDataSource
2024-01-22 14:38:22.032 INFO  [main][com.alibaba.druid.pool.DruidDataSource:1003] - {dataSource-1} inited
2024-01-22 14:38:23.138 INFO  [main][org.apache.juli.logging.DirectJDKLog:173] - Starting ProtocolHandler ["http-nio-80"]
2024-01-22 14:38:23.186 INFO  [main][org.springframework.boot.web.embedded.tomcat.TomcatWebServer:220] - Tomcat started on port(s): 80 (http) with context path ''
2024-01-22 14:38:23.214 INFO  [main][org.springframework.boot.StartupInfoLogger:61] - Started BscRobotAppication in 4.252 seconds (JVM running for 12.855)
2024-01-22 14:38:33.944 INFO  [jason665522_bot Telegram Executor][com.yy.bscRobot.service.Web3Service:35] - 当前web3的版本信息是：56
2024-01-22 14:38:34.042 INFO  [jason665522_bot Telegram Executor][com.yy.bscRobot.service.Web3Service:50] - 地址0x85e3fda60c5b1786b7daf6242c507df8994aebd7的BNB余额为10000000000000
2024-01-22 14:38:34.136 INFO  [jason665522_bot Telegram Executor][com.yy.bscRobot.service.Web3Service:35] - 当前web3的版本信息是：56
2024-01-22 14:38:34.229 INFO  [jason665522_bot Telegram Executor][com.yy.bscRobot.service.Web3Service:50] - 地址0xec7b41b306c222b4bbe1aca2f6fbd08e6be04af1的BNB余额为0
2024-01-22 14:38:34.327 INFO  [jason665522_bot Telegram Executor][com.yy.bscRobot.service.Web3Service:35] - 当前web3的版本信息是：56
2024-01-22 14:38:34.428 INFO  [jason665522_bot Telegram Executor][com.yy.bscRobot.service.Web3Service:50] - 地址0xf9c856699d9c13d99c1ec9a56ccf4126b5255185的BNB余额为0
2024-01-22 14:38:34.516 INFO  [jason665522_bot Telegram Executor][com.yy.bscRobot.service.Web3Service:35] - 当前web3的版本信息是：56
2024-01-22 14:38:34.614 INFO  [jason665522_bot Telegram Executor][com.yy.bscRobot.service.Web3Service:50] - 地址0xa079aae4ff24e746dbda1cb80135dc6830b27d31的BNB余额为0
2024-01-22 14:38:34.705 INFO  [jason665522_bot Telegram Executor][com.yy.bscRobot.service.Web3Service:35] - 当前web3的版本信息是：56
2024-01-22 14:38:34.801 INFO  [jason665522_bot Telegram Executor][com.yy.bscRobot.service.Web3Service:50] - 地址0x143cb8db26cd6764432314a8be86baef252d86fd的BNB余额为0
2024-01-22 14:38:47.596 INFO  [jason665522_bot Telegram Executor][com.yy.bscRobot.service.Web3Service:35] - 当前web3的版本信息是：56
2024-01-22 14:38:47.683 INFO  [jason665522_bot Telegram Executor][com.yy.bscRobot.service.Web3Service:50] - 地址0x85e3fda60c5b1786b7daf6242c507df8994aebd7的BNB余额为10000000000000
2024-01-22 14:38:47.772 INFO  [jason665522_bot Telegram Executor][com.yy.bscRobot.service.Web3Service:35] - 当前web3的版本信息是：56
2024-01-22 14:38:47.863 INFO  [jason665522_bot Telegram Executor][com.yy.bscRobot.service.Web3Service:50] - 地址0xec7b41b306c222b4bbe1aca2f6fbd08e6be04af1的BNB余额为0
2024-01-22 14:38:47.952 INFO  [jason665522_bot Telegram Executor][com.yy.bscRobot.service.Web3Service:35] - 当前web3的版本信息是：56
2024-01-22 14:38:48.043 INFO  [jason665522_bot Telegram Executor][com.yy.bscRobot.service.Web3Service:50] - 地址0xf9c856699d9c13d99c1ec9a56ccf4126b5255185的BNB余额为0
2024-01-22 14:38:48.133 INFO  [jason665522_bot Telegram Executor][com.yy.bscRobot.service.Web3Service:35] - 当前web3的版本信息是：56
2024-01-22 14:38:48.224 INFO  [jason665522_bot Telegram Executor][com.yy.bscRobot.service.Web3Service:50] - 地址0xa079aae4ff24e746dbda1cb80135dc6830b27d31的BNB余额为0
2024-01-22 14:38:48.314 INFO  [jason665522_bot Telegram Executor][com.yy.bscRobot.service.Web3Service:35] - 当前web3的版本信息是：56
2024-01-22 14:38:48.404 INFO  [jason665522_bot Telegram Executor][com.yy.bscRobot.service.Web3Service:50] - 地址0x143cb8db26cd6764432314a8be86baef252d86fd的BNB余额为0
2024-01-22 14:39:07.692 INFO  [jason665522_bot Telegram Executor][com.yy.bscRobot.service.Web3Service:35] - 当前web3的版本信息是：56
2024-01-22 14:39:07.784 INFO  [jason665522_bot Telegram Executor][com.yy.bscRobot.service.Web3Service:50] - 地址0x85e3fda60c5b1786b7daf6242c507df8994aebd7的BNB余额为10000000000000
2024-01-22 14:39:07.874 INFO  [jason665522_bot Telegram Executor][com.yy.bscRobot.service.Web3Service:35] - 当前web3的版本信息是：56
2024-01-22 14:39:07.963 INFO  [jason665522_bot Telegram Executor][com.yy.bscRobot.service.Web3Service:50] - 地址0xec7b41b306c222b4bbe1aca2f6fbd08e6be04af1的BNB余额为0
2024-01-22 14:39:08.054 INFO  [jason665522_bot Telegram Executor][com.yy.bscRobot.service.Web3Service:35] - 当前web3的版本信息是：56
2024-01-22 14:39:08.146 INFO  [jason665522_bot Telegram Executor][com.yy.bscRobot.service.Web3Service:50] - 地址0xf9c856699d9c13d99c1ec9a56ccf4126b5255185的BNB余额为0
2024-01-22 14:39:08.234 INFO  [jason665522_bot Telegram Executor][com.yy.bscRobot.service.Web3Service:35] - 当前web3的版本信息是：56
2024-01-22 14:39:08.322 INFO  [jason665522_bot Telegram Executor][com.yy.bscRobot.service.Web3Service:50] - 地址0xa079aae4ff24e746dbda1cb80135dc6830b27d31的BNB余额为0
2024-01-22 14:39:08.414 INFO  [jason665522_bot Telegram Executor][com.yy.bscRobot.service.Web3Service:35] - 当前web3的版本信息是：56
2024-01-22 14:39:08.502 INFO  [jason665522_bot Telegram Executor][com.yy.bscRobot.service.Web3Service:50] - 地址0x143cb8db26cd6764432314a8be86baef252d86fd的BNB余额为0
2024-01-22 14:40:03.268 INFO  [jason665522_bot Telegram Executor][com.yy.bscRobot.service.Web3Service:35] - 当前web3的版本信息是：56
2024-01-22 14:40:03.355 INFO  [jason665522_bot Telegram Executor][com.yy.bscRobot.service.Web3Service:50] - 地址0x85e3fda60c5b1786b7daf6242c507df8994aebd7的BNB余额为110000000000000
2024-01-22 14:40:03.447 INFO  [jason665522_bot Telegram Executor][com.yy.bscRobot.service.Web3Service:35] - 当前web3的版本信息是：56
2024-01-22 14:40:03.542 INFO  [jason665522_bot Telegram Executor][com.yy.bscRobot.service.Web3Service:50] - 地址0xec7b41b306c222b4bbe1aca2f6fbd08e6be04af1的BNB余额为0
2024-01-22 14:40:03.628 INFO  [jason665522_bot Telegram Executor][com.yy.bscRobot.service.Web3Service:35] - 当前web3的版本信息是：56
2024-01-22 14:40:03.722 INFO  [jason665522_bot Telegram Executor][com.yy.bscRobot.service.Web3Service:50] - 地址0xf9c856699d9c13d99c1ec9a56ccf4126b5255185的BNB余额为0
2024-01-22 14:40:03.811 INFO  [jason665522_bot Telegram Executor][com.yy.bscRobot.service.Web3Service:35] - 当前web3的版本信息是：56
2024-01-22 14:40:03.900 INFO  [jason665522_bot Telegram Executor][com.yy.bscRobot.service.Web3Service:50] - 地址0xa079aae4ff24e746dbda1cb80135dc6830b27d31的BNB余额为0
2024-01-22 14:40:03.984 INFO  [jason665522_bot Telegram Executor][com.yy.bscRobot.service.Web3Service:35] - 当前web3的版本信息是：56
2024-01-22 14:40:04.070 INFO  [jason665522_bot Telegram Executor][com.yy.bscRobot.service.Web3Service:50] - 地址0x143cb8db26cd6764432314a8be86baef252d86fd的BNB余额为0
2024-01-22 14:42:51.946 INFO  [SpringApplicationShutdownHook][com.alibaba.druid.pool.DruidDataSource:1965] - {dataSource-1} closing ...
2024-01-22 14:42:51.960 INFO  [SpringApplicationShutdownHook][com.alibaba.druid.pool.DruidDataSource:2037] - {dataSource-1} closed
